#
# A fatal error has been detected by the Java Runtime Environment:
#
#  Internal Error (jvmciRuntime.cpp:1609), pid=230, tid=245
#  fatal error: Fatal exception in JVMCI: Error calling jdk.vm.ci.services.Services.serializeSavedProperties
#
# JRE version: OpenJDK Runtime Environment GraalVM CE 22.3.0 (17.0.5+8) (build 17.0.5+8-jvmci-22.3-b08)
# Java VM: OpenJDK 64-Bit Server VM GraalVM CE 22.3.0 (17.0.5+8-jvmci-22.3-b08, mixed mode, sharing, tiered, jvmci, jvmci compiler, compressed oops, compressed class ptrs, parallel gc, linux-amd64)
# Problematic frame:
# V  [libjvm.so+0x972714]  JVMCIRuntime::fatal_exception(JVMCIEnv*, char const*)+0x74
#
# Core dump will be written. Default location: Core dumps may be processed with "/usr/share/apport/apport -p%p -s%s -c%c -d%d -P%P -u%u -g%g -- %E" (or dumping to /home/runner/ETL-with-git/core.230)
#
# If you would like to submit a bug report, please visit:
#   https://github.com/oracle/graal/issues
#

---------------  S U M M A R Y ------------

Command Line: -XX:ThreadPriorityPolicy=1 -XX:+UnlockExperimentalVMOptions -XX:+EnableJVMCIProduct -XX:JVMCIThreadsPerNativeLibraryRuntime=1 -XX:-UnlockExperimentalVMOptions -Declipse.application=org.eclipse.jdt.ls.core.id1 -Dosgi.bundles.defaultStartLevel=4 -Declipse.product=org.eclipse.jdt.ls.core.product -Dlog.level=ALL -Xverify:none -XX:+UseParallelGC -XX:GCTimeRatio=4 -XX:AdaptiveSizePolicyWeight=90 -Dsun.zip.disableMemoryMapping=true -Xmx512m -Xms100m /nix/store/a7s9klvriqi68xz3qjc0qyfl5h86xc16-jdt-language-server-1.9.0/share/java/plugins/org.eclipse.equinox.launcher_1.6.400.v20210924-0641.jar --add-modules=ALL-SYSTEM --add-opens java.base/java.util=ALL-UNNAMED --add-opens java.base/java.lang=ALL-UNNAMED -configuration /home/runner/.cache/jdt-language-server/config -data /home/runner/.cache/jdt-language-server/data/home/runner/ETL-with-git

Host: Intel(R) Xeon(R) CPU @ 2.20GHz, 8 cores, 1G, Ubuntu 20.04.2 LTS
Time: Sat Sep  2 02:15:18 2023 UTC elapsed time: 844.707635 seconds (0d 0h 14m 4s)

---------------  T H R E A D  ---------------

Current thread (0x00007f01e40b1c10):  JavaThread "JVMCI-native CompilerThread0" daemon [_thread_in_vm, id=245, stack(0x00007f01c9f1a000,0x00007f01ca11a000)]


Current CompileTask:
JVMCI-native: 844708 12986       4       org.eclipse.core.runtime.Assert::isNotNull (29 bytes)

Stack: [0x00007f01c9f1a000,0x00007f01ca11a000],  sp=0x00007f01ca118380,  free space=2040k
Native frames: (J=compiled Java code, j=interpreted, Vv=VM code, C=native code)
V  [libjvm.so+0x972714]  JVMCIRuntime::fatal_exception(JVMCIEnv*, char const*)+0x74
V  [libjvm.so+0x93e2fe]  JVMCIEnv::copy_saved_properties()+0x14e
V  [libjvm.so+0x9732a9]  JVMCIRuntime::initialize(JVMCIEnv*)+0xb19
V  [libjvm.so+0x9738a2]  JVMCIRuntime::get_HotSpotJVMCIRuntime(JVMCIEnv*)+0x12
V  [libjvm.so+0x9749f2]  JVMCIRuntime::compile_method(JVMCIEnv*, JVMCICompiler*, methodHandle const&, int)+0xd2
V  [libjvm.so+0x5b0d20]  CompileBroker::invoke_compiler_on_method(CompileTask*)+0x1470
V  [libjvm.so+0x5b12e8]  CompileBroker::compiler_thread_loop()+0x528
V  [libjvm.so+0xd82460]  JavaThread::thread_main_inner()+0xd0
V  [libjvm.so+0xd85a40]  Thread::call_run()+0xc0
V  [libjvm.so+0xbdb1e1]  thread_native_entry(Thread*)+0xe1

Register to memory mapping:

RAX=0x00007f01e9c55000 points into unknown readable memory: 0x0000000000000058 | 58 00 00 00 00 00 00 00
RBX=0x00007f01ead50398: <offset 0x0000000000ef5398> in /nix/store/gpxl5qgg8kicmcvivwmybwjlpf7wh20l-graalvm17-ce-22.3.0/lib/server/libjvm.so at 0x00007f01e9e5b000
RCX=0x00007f01ead081e8: <offset 0x0000000000ead1e8> in /nix/store/gpxl5qgg8kicmcvivwmybwjlpf7wh20l-graalvm17-ce-22.3.0/lib/server/libjvm.so at 0x00007f01e9e5b000
RDX=0x0000000000000649 is an unknown value
RSP=0x00007f01ca118380 is pointing into the stack for thread: 0x00007f01e40b1c10
RBP=0x00007f01ca1183a0 is pointing into the stack for thread: 0x00007f01e40b1c10
RSI=0x00007f01ead50c48: <offset 0x0000000000ef5c48> in /nix/store/gpxl5qgg8kicmcvivwmybwjlpf7wh20l-graalvm17-ce-22.3.0/lib/server/libjvm.so at 0x00007f01e9e5b000
RDI=0x00000000e0000000 is an oop: java.util.LinkedHashMap 
{0x00000000e0000000} - klass: 'java/util/LinkedHashMap'
 - ---- fields (total size 7 words):
 - transient 'keySet' 'Ljava/util/Set;' @12  NULL (0)
 - transient 'values' 'Ljava/util/Collection;' @16  NULL (0)
 - transient 'size' 'I' @20  1
 - transient 'modCount' 'I' @24  1
 - 'threshold' 'I' @28  1
 - final 'loadFactor' 'F' @32  0.750000 (3f400000)
 - transient 'table' '[Ljava/util/HashMap$Node;' @36  a 'java/util/HashMap$Node'[2] {0x00000000e0000038} (e0000038)
 - transient 'entrySet' 'Ljava/util/Set;' @40  a 'java/util/LinkedHashMap$LinkedEntrySet'{0x00000000e00000d0} (e00000d0)
 - final 'accessOrder' 'Z' @44  false
 - transient 'head' 'Ljava/util/LinkedHashMap$Entry;' @48  a 'java/util/LinkedHashMap$Entry'{0x00000000e0000050} (e0000050)
 - transient 'tail' 'Ljava/util/LinkedHashMap$Entry;' @52  a 'java/util/LinkedHashMap$Entry'{0x00000000e0000050} (e0000050)
R8 =0x00007f01ead50398: <offset 0x0000000000ef5398> in /nix/store/gpxl5qgg8kicmcvivwmybwjlpf7wh20l-graalvm17-ce-22.3.0/lib/server/libjvm.so at 0x00007f01e9e5b000
R9 =0x0000000000000003 is an unknown value
R10=0x00007f01eb0a1da0: <offset 0x0000000001246da0> in /nix/store/gpxl5qgg8kicmcvivwmybwjlpf7wh20l-graalvm17-ce-22.3.0/lib/server/libjvm.so at 0x00007f01e9e5b000
R11=0x000000080044f048 is pointing into metadata
R12=0x0 is NULL
R13=0x00007f01e40b1c10 is a thread
R14=0x00007f01e4000b80 points into unknown readable memory: 0x00007f01eaf81a38 | 38 1a f8 ea 01 7f 00 00
R15=0x00007f01eb08fe40: <offset 0x0000000001234e40> in /nix/store/gpxl5qgg8kicmcvivwmybwjlpf7wh20l-graalvm17-ce-22.3.0/lib/server/libjvm.so at 0x00007f01e9e5b000


Registers:
RAX=0x00007f01e9c55000, RBX=0x00007f01ead50398, RCX=0x00007f01ead081e8, RDX=0x0000000000000649
RSP=0x00007f01ca118380, RBP=0x00007f01ca1183a0, RSI=0x00007f01ead50c48, RDI=0x00000000e0000000
R8 =0x00007f01ead50398, R9 =0x0000000000000003, R10=0x00007f01eb0a1da0, R11=0x000000080044f048
R12=0x0000000000000000, R13=0x00007f01e40b1c10, R14=0x00007f01e4000b80, R15=0x00007f01eb08fe40
RIP=0x00007f01ea7cd714, EFLAGS=0x0000000000010206, CSGSFS=0x002b000000000033, ERR=0x0000000000000006
  TRAPNO=0x000000000000000e

Top of Stack: (sp=0x00007f01ca118380)
0x00007f01ca118380:   00007f01ca118940 00007f01e40b1c10
0x00007f01ca118390:   00007f01e85eb5b8 0000000800c44fd0
0x00007f01ca1183a0:   00007f01ca118500 00007f01ea7992fe
0x00007f01ca1183b0:   00007f01ca1183e0 00007f01ca118440 

Instructions: (pc=0x00007f01ea7cd714)
0x00007f01ea7cd614:   30 e8 f6 cf e8 ff 4c 89 e7 e8 2e 48 d1 ff 84 db
0x00007f01ea7cd624:   75 2a 4d 85 ed 74 04 4d 8b 6d 00 48 83 c4 08 44
0x00007f01ea7cd634:   89 f9 4c 89 f2 4c 89 ee 5b 4c 89 e7 41 5c 41 5d
0x00007f01ea7cd644:   41 5e 41 5f 5d e9 e2 47 d1 ff 66 90 48 83 c4 08
0x00007f01ea7cd654:   5b 41 5c 41 5d 41 5e 41 5f 5d c3 90 31 d2 be 08
0x00007f01ea7cd664:   00 00 00 4c 89 ff e8 b1 78 a3 ff 49 89 c5 e9 37
0x00007f01ea7cd674:   ff ff ff 66 0f 1f 84 00 00 00 00 00 48 8b 7a 08
0x00007f01ea7cd684:   e9 6d ff ff ff 0f 1f 80 00 00 00 00 e8 5b 48 0a
0x00007f01ea7cd694:   00 84 c0 75 89 e9 6a ff ff ff 66 90 55 48 89 e5
0x00007f01ea7cd6a4:   41 56 41 55 41 54 49 89 fc 53 48 89 f3 66 48 8d
0x00007f01ea7cd6b4:   3d 27 5e 85 00 66 66 48 e8 df 43 8d ff 4c 8b 28
0x00007f01ea7cd6c4:   8b 05 be 72 8a 00 85 c0 75 14 ba 01 00 00 00 48
0x00007f01ea7cd6d4:   8d 0d ae 72 8a 00 f0 0f b1 11 85 c0 74 4e be c8
0x00007f01ea7cd6e4:   00 00 00 4c 89 ef e8 01 0b 41 00 48 8d 05 12 ac
0x00007f01ea7cd6f4:   85 00 49 89 d8 48 8d 0d e8 aa 53 00 ba 49 06 00
0x00007f01ea7cd704:   00 48 8d 35 3c 35 58 00 bf 00 00 00 e0 48 8b 00
0x00007f01ea7cd714:   c6 00 58 31 c0 e8 e2 91 c6 ff 5b 41 5c 41 5d 41
0x00007f01ea7cd724:   5e 5d e9 55 34 26 00 0f 1f 44 00 00 48 8d 05 81
0x00007f01ea7cd734:   a3 8b 00 48 89 df 4c 8b 30 e8 9e 43 8d ff 48 89
0x00007f01ea7cd744:   de 48 89 c2 49 8b 06 4c 89 f7 ff 50 08 4c 89 f7
0x00007f01ea7cd754:   e8 a7 5c 27 00 4d 85 e4 74 12 be 01 00 00 00 4c
0x00007f01ea7cd764:   89 e7 e8 35 43 fc ff eb 82 0f 1f 00 be 01 00 00
0x00007f01ea7cd774:   00 4c 89 ef e8 d3 fd ff ff e9 6d ff ff ff 66 66
0x00007f01ea7cd784:   2e 0f 1f 84 00 00 00 00 00 0f 1f 00 55 48 89 e5
0x00007f01ea7cd794:   41 57 41 56 41 55 41 54 53 48 81 ec 08 02 00 00
0x00007f01ea7cd7a4:   64 48 8b 04 25 28 00 00 00 48 89 45 c8 8b 07 83
0x00007f01ea7cd7b4:   f8 02 0f 84 11 04 00 00 4c 8b 6f 18 49 89 ff 49
0x00007f01ea7cd7c4:   89 f4 4d 85 ed 74 14 4c 89 ef e8 5d 57 22 00 41
0x00007f01ea7cd7d4:   8b 07 83 f8 02 0f 84 19 04 00 00 48 8d 1d 9a 06
0x00007f01ea7cd7e4:   8a 00 4c 8d 35 0b 3c 58 00 eb 38 90 48 85 d2 7f
0x00007f01ea7cd7f4:   0d 48 8d 05 b4 c0 85 00 48 83 38 00 7e 0e 41 8b
0x00007f01ea7cd804:   77 2c 4c 89 f7 31 c0 e8 a0 b2 f7 ff 49 8b 7f 18 


Stack slot to memory mapping:
stack at sp + 0 slots: 0x00007f01ca118940 is pointing into the stack for thread: 0x00007f01e40b1c10
stack at sp + 1 slots: 0x00007f01e40b1c10 is a thread
stack at sp + 2 slots: 0x00007f01e85eb5b8 points into unknown readable memory: 0x657300189e56ffff | ff ff 56 9e 18 00 73 65
stack at sp + 3 slots: 0x0000000800c44fd0 is a pointer to class: 
jdk.vm.ci.services.Services {0x0000000800c44fd0}
 - instance size:     2
 - klass size:        65
 - access:            public final synchronized 
 - state:             fully_initialized
 - name:              'jdk/vm/ci/services/Services'
 - super:             'java/lang/Object'
 - sub:               
 - arrays:            NULL
 - methods:           Array<T>(0x00007f01ca860f50)
 - method ordering:   Array<T>(0x0000000800928960)
 - default_methods:   Array<T>(0x0000000000000000)
 - local interfaces:  Array<T>(0x00000008005ce810)
 - trans. interfaces: Array<T>(0x00000008005ce810)
 - constants:         constant pool [427] {0x00007f01ca860030} for 'jdk/vm/ci/services/Services' cache=0x00007f01ca862220
 - class loader data:  loader data: 0x00007f01e4027cc0 of 'bootstrap'
 - source file:       'Services.java'
 - class annotations:       Array<T>(0x0000000000000000)
 - class type annotations:  Array<T>(0x0000000000000000)
 - field annotations:       Array<T>(0x0000000000000000)
 - field type annotations:  Array<T>(0x0000000000000000)
 - inner classes:     Array<T>(0x00007f01ca8621f0)
 - nest members:     Array<T>(0x00007f01ca862210)
 - permitted subclasses:     Array<T>(0x00000008005ce7a0)
 - java mirror:       a 'java/lang/Class'{0x00000000e02a6750} = 'jdk/vm/ci/services/Services'
 - vtable length      5  (start addr: 0x0000000800c451a0)
 - itable length      2 (start addr: 0x0000000800c451c8)
 - ---- static fields (3 words):
 - public static final 'IS_BUILDING_NATIVE_IMAGE' 'Z' @128 
 - public static final 'IS_IN_NATIVE_IMAGE' 'Z' @129 
 - private static volatile 'savedProperties' 'Ljava/util/Map;' @112 
 - static final 'JVMCI_ENABLED' 'Z' @130 
 - private static final 'servicesCache' 'Ljava/util/Map;' @116 
 - private static final 'MAX_UNICODE_IN_UTF8_LENGTH' 'I' @120 
 - private static final 'MAX_UTF8_PROPERTY_STRING_LENGTH' 'I' @124 
 - ---- non-static fields (0 words):
 - non-static oop maps: 
stack at sp + 4 slots: 0x00007f01ca118500 is pointing into the stack for thread: 0x00007f01e40b1c10
stack at sp + 5 slots: 0x00007f01ea7992fe: <offset 0x000000000093e2fe> in /nix/store/gpxl5qgg8kicmcvivwmybwjlpf7wh20l-graalvm17-ce-22.3.0/lib/server/libjvm.so at 0x00007f01e9e5b000
stack at sp + 6 slots: 0x00007f01ca1183e0 is pointing into the stack for thread: 0x00007f01e40b1c10
stack at sp + 7 slots: 0x00007f01ca118440 is pointing into the stack for thread: 0x00007f01e40b1c10


---------------  P R O C E S S  ---------------

Threads class SMR info:
_java_thread_list=0x00007f016c024360, length=26, elements={
0x00007f01e4025f60, 0x00007f01e40a5f00, 0x00007f01e40a7340, 0x00007f01e40ada80,
0x00007f01e40aee30, 0x00007f01e40b0220, 0x00007f01e40b1c10, 0x00007f01e40b3120,
0x00007f01e40b4570, 0x00007f01e40d7110, 0x00007f01e411f5d0, 0x00007f01e430dc40,
0x00007f01e4355fc0, 0x00007f01e4358c50, 0x00007f017802bdd0, 0x00007f0178469e30,
0x00007f0178690ce0, 0x00007f01787db640, 0x00007f01e436db90, 0x00007f01e43fd140,
0x00007f016c002b30, 0x00007f016c23e360, 0x00007f01603e5a20, 0x00007f015c14c220,
0x00007f015c175eb0, 0x00007f015c20baa0
}

Java Threads: ( => current thread )
  0x00007f01e4025f60 JavaThread "main" [_thread_blocked, id=237, stack(0x00007f01e9c76000,0x00007f01e9d76000)]
  0x00007f01e40a5f00 JavaThread "Reference Handler" daemon [_thread_blocked, id=240, stack(0x00007f01cb0e0000,0x00007f01cb1e0000)]
  0x00007f01e40a7340 JavaThread "Finalizer" daemon [_thread_blocked, id=241, stack(0x00007f01ca700000,0x00007f01ca800000)]
  0x00007f01e40ada80 JavaThread "Signal Dispatcher" daemon [_thread_blocked, id=242, stack(0x00007f01ca31a000,0x00007f01ca41a000)]
  0x00007f01e40aee30 JavaThread "Service Thread" daemon [_thread_blocked, id=243, stack(0x00007f01ca21a000,0x00007f01ca31a000)]
  0x00007f01e40b0220 JavaThread "Monitor Deflation Thread" daemon [_thread_blocked, id=244, stack(0x00007f01ca11a000,0x00007f01ca21a000)]
=>0x00007f01e40b1c10 JavaThread "JVMCI-native CompilerThread0" daemon [_thread_in_vm, id=245, stack(0x00007f01c9f1a000,0x00007f01ca11a000)]
  0x00007f01e40b3120 JavaThread "C1 CompilerThread0" daemon [_thread_blocked, id=246, stack(0x00007f01c9d1a000,0x00007f01c9f1a000)]
  0x00007f01e40b4570 JavaThread "Sweeper thread" daemon [_thread_blocked, id=247, stack(0x00007f01c9c1a000,0x00007f01c9d1a000)]
  0x00007f01e40d7110 JavaThread "Common-Cleaner" daemon [_thread_blocked, id=248, stack(0x00007f01c9b1a000,0x00007f01c9c1a000)]
  0x00007f01e411f5d0 JavaThread "Notification Thread" daemon [_thread_blocked, id=249, stack(0x00007f01c9a1a000,0x00007f01c9b1a000)]
  0x00007f01e430dc40 JavaThread "Active Thread: Equinox Container: fff74cb2-3813-4e4c-bce1-17d57fed7991" [_thread_blocked, id=305, stack(0x00007f01c8600000,0x00007f01c8700000)]
  0x00007f01e4355fc0 JavaThread "Framework Event Dispatcher: Equinox Container: fff74cb2-3813-4e4c-bce1-17d57fed7991" daemon [_thread_blocked, id=311, stack(0x00007f01c8400000,0x00007f01c8500000)]
  0x00007f01e4358c50 JavaThread "Start Level: Equinox Container: fff74cb2-3813-4e4c-bce1-17d57fed7991" daemon [_thread_blocked, id=312, stack(0x00007f01c8200000,0x00007f01c8300000)]
  0x00007f017802bdd0 JavaThread "SCR Component Actor" daemon [_thread_blocked, id=317, stack(0x00007f01c8000000,0x00007f01c8100000)]
  0x00007f0178469e30 JavaThread "Worker-JM" [_thread_blocked, id=364, stack(0x00007f0191900000,0x00007f0191a00000)]
  0x00007f0178690ce0 JavaThread "Java indexing" daemon [_thread_blocked, id=387, stack(0x00007f0191100000,0x00007f0191200000)]
  0x00007f01787db640 JavaThread "Bundle File Closer" daemon [_thread_blocked, id=417, stack(0x00007f0191800000,0x00007f0191900000)]
  0x00007f01e436db90 JavaThread "pool-3-thread-1" [_thread_blocked, id=461, stack(0x00007f0191b00000,0x00007f0191c00000)]
  0x00007f01e43fd140 JavaThread "pool-2-thread-1" [_thread_blocked, id=465, stack(0x00007f0191600000,0x00007f0191700000)]
  0x00007f016c002b30 JavaThread "Worker-3: Java indexing... " [_thread_blocked, id=476, stack(0x00007f0190f00000,0x00007f0191000000)]
  0x00007f016c23e360 JavaThread "Worker-4: Periodic workspace save." [_thread_blocked, id=561, stack(0x00007f0190d00000,0x00007f0190e00000)]
  0x00007f01603e5a20 JavaThread "Worker-5: Compacting resource model" [_thread_blocked, id=631, stack(0x00007f01c8500000,0x00007f01c8600000)]
  0x00007f015c14c220 JavaThread "Thread-33" [_thread_blocked, id=1798, stack(0x00007f0191300000,0x00007f0191400000)]
  0x00007f015c175eb0 JavaThread "Thread-35" [_thread_blocked, id=3540, stack(0x00007f0191500000,0x00007f0191600000)]
  0x00007f015c20baa0 JavaThread "Thread-36" [_thread_blocked, id=3954, stack(0x00007f0191700000,0x00007f0191800000)]

Other Threads:
  0x00007f01e40a1640 VMThread "VM Thread" [stack: 0x00007f01cb1e2000,0x00007f01cb2e2000] [id=239] _threads_hazard_ptr=0x00007f016c024360
  0x00007f01e4120f70 WatcherThread [stack: 0x00007f01c991a000,0x00007f01c9a1a000] [id=250]
  0x00007f01e403d860 GCTaskThread "GC Thread#0" [stack: 0x00007f01e9839000,0x00007f01e9939000] [id=238]

Threads with active compile tasks:
JVMCI-native CompilerThread0   844788 12986       4       org.eclipse.core.runtime.Assert::isNotNull (29 bytes)

VM state: synchronizing (normal execution)

VM Mutex/Monitor currently owned by a thread:  ([mutex/lock_event])
[0x00007f01e4023110] Threads_lock - owner thread: 0x00007f01e40a1640
[0x00007f01e40238c0] Heap_lock - owner thread: 0x00007f015c175eb0

OutOfMemory and StackOverflow Exception counts:
OutOfMemoryError java_heap_errors=2
LinkageErrors=61

Heap address: 0x00000000e0000000, size: 512 MB, Compressed Oops mode: 32-bit

CDS archive(s) mapped at: [0x0000000800000000-0x0000000800bc8000-0x0000000800bc8000), size 12353536, SharedBaseAddress: 0x0000000800000000, ArchiveRelocationMode: 0.
Compressed class space mapped at: 0x0000000800c00000-0x0000000840c00000, reserved size: 1073741824
Narrow klass base: 0x0000000800000000, Narrow klass shift: 0, Narrow klass range: 0x100000000

GC Precious Log:
 CPUs: 8 total, 1 available
 Memory: 1024M
 Large Page Support: Disabled
 NUMA Support: Disabled
 Compressed Oops: Enabled (32-bit)
 Alignments: Space 512K, Generation 512K, Heap 2M
 Heap Min Capacity: 100M
 Heap Initial Capacity: 100M
 Heap Max Capacity: 512M
 Pre-touch: Disabled
 Parallel Workers: 1

Heap:
 PSYoungGen      total 69632K, used 49664K [0x00000000f5580000, 0x00000000fae80000, 0x0000000100000000)
  eden space 49664K, 100% used [0x00000000f5580000,0x00000000f8600000,0x00000000f8600000)
  from space 19968K, 0% used [0x00000000f8600000,0x00000000f8600000,0x00000000f9980000)
  to   space 17920K, 0% used [0x00000000f9a80000,0x00000000f9a80000,0x00000000fac00000)
 ParOldGen       total 349696K, used 349695K [0x00000000e0000000, 0x00000000f5580000, 0x00000000f5580000)
  object space 349696K, 99% used [0x00000000e0000000,0x00000000f557fff8,0x00000000f5580000)
 Metaspace       used 59569K, committed 60608K, reserved 1105920K
  class space    used 5425K, committed 5824K, reserved 1048576K

Card table byte_map: [0x00007f01e9939000,0x00007f01e9a3a000] _byte_map_base: 0x00007f01e9239000

Marking Bits: (ParMarkBitMap*) 0x00007f01eb0894c0
 Begin Bits: [0x00007f01e878c000, 0x00007f01e8f8c000)
 End Bits:   [0x00007f01e8f8c000, 0x00007f01e978c000)

Polling page: 0x00007f01e9c53000

Metaspace:

Usage:
  Non-class:     52.88 MB used.
      Class:      5.30 MB used.
       Both:     58.17 MB used.

Virtual space:
  Non-class space:       56.00 MB reserved,      53.50 MB ( 96%) committed,  7 nodes.
      Class space:        1.00 GB reserved,       5.69 MB ( <1%) committed,  1 nodes.
             Both:        1.05 GB reserved,      59.19 MB (  5%) committed. 

Chunk freelists:
   Non-Class:  1.91 MB
       Class:  2.17 MB
        Both:  4.08 MB

MaxMetaspaceSize: unlimited
CompressedClassSpaceSize: 1.00 GB
Initial GC threshold: 21.00 MB
Current GC threshold: 98.44 MB
CDS: on
MetaspaceReclaimPolicy: balanced
 - commit_granule_bytes: 65536.
 - commit_granule_words: 8192.
 - virtual_space_node_default_size: 1048576.
 - enlarge_chunks_in_place: 1.
 - new_chunks_are_fully_committed: 0.
 - uncommit_free_chunks: 1.
 - use_allocation_guard: 0.
 - handle_deallocations: 1.


Internal statistics:

num_allocs_failed_limit: 6.
num_arena_births: 488.
num_arena_deaths: 148.
num_vsnodes_births: 8.
num_vsnodes_deaths: 0.
num_space_committed: 943.
num_space_uncommitted: 0.
num_chunks_returned_to_freelist: 205.
num_chunks_taken_from_freelist: 3072.
num_chunk_merges: 81.
num_chunk_splits: 1953.
num_chunks_enlarged: 1159.
num_purges: 6.
num_inconsistent_stats: 0.

CodeHeap 'non-profiled nmethods': size=120036Kb used=3146Kb max_used=3146Kb free=116889Kb
 bounds [0x00007f01d2f7a000, 0x00007f01d329a000, 0x00007f01da4b3000]
CodeHeap 'profiled nmethods': size=120032Kb used=21275Kb max_used=23814Kb free=98756Kb
 bounds [0x00007f01cba42000, 0x00007f01cd1a2000, 0x00007f01d2f7a000]
CodeHeap 'non-nmethods': size=5692Kb used=1353Kb max_used=1369Kb free=4339Kb
 bounds [0x00007f01cb4b3000, 0x00007f01cb723000, 0x00007f01cba42000]
 total_blobs=9220 nmethods=8536 adapters=587
 compilation: enabled
              stopped_count=0, restarted_count=0
 full_count=0

JVMCI Events (20 events):
Event: 339.885 Thread 0x00007f01e40b1c10 destroyed JavaVM[2]@0x00007f015529e340 for JVMCI runtime 0
Event: 339.885 Thread 0x00007f01e40b1c10 compacted oop handles in JVMCI runtime 0 from 45 to 45
Event: 339.885 Thread 0x00007f01e40b1c10 releasing handles for JVMCI runtime 0: oop handles=45, metadata handles={total=160, live=152, blocks=44}
Event: 339.885 Thread 0x00007f01e40b1c10 detached from JVMCI runtime 0
Event: 354.766 Thread 0x00007f01e40b1c10 attached to JVMCI runtime 0
Event: 354.771 Thread 0x00007f01e40b1c10 created JavaVM[3]@0x00007f015529e340 for JVMCI runtime 0
Event: 359.080 Thread 0x00007f01e40b1c10 initializing JVMCI runtime 0
Event: 359.080 Thread 0x00007f01e40b1c10 done waiting for JavaVM references initialization in JVMCI runtime 0
Event: 505.376 Thread 0x00007f01e40b1c10 initialized JVMCI runtime 0
Event: 544.062 Thread 0x00007f01e40b1c10 detaching from JVMCI runtime 0: releasing idle compiler thread (0 other threads still attached)
Event: 544.062 Thread 0x00007f01e40b1c10 shutting down HotSpotJVMCIRuntime for JVMCI runtime 0
Event: 544.062 Thread 0x00007f01e40b1c10 shut down JVMCI runtime 0
Event: 546.164 Thread 0x00007f01e40b1c10 destroyed JavaVM[3]@0x00007f015529e340 for JVMCI runtime 0
Event: 546.164 Thread 0x00007f01e40b1c10 compacted oop handles in JVMCI runtime 0 from 45 to 45
Event: 546.164 Thread 0x00007f01e40b1c10 releasing handles for JVMCI runtime 0: oop handles=45, metadata handles={total=90, live=79, blocks=44}
Event: 546.164 Thread 0x00007f01e40b1c10 detached from JVMCI runtime 0
Event: 793.903 Thread 0x00007f01e40b1c10 attached to JVMCI runtime 0
Event: 793.906 Thread 0x00007f01e40b1c10 created JavaVM[4]@0x00007f015529e340 for JVMCI runtime 0
Event: 795.885 Thread 0x00007f01e40b1c10 initializing JVMCI runtime 0
Event: 795.885 Thread 0x00007f01e40b1c10 done waiting for JavaVM references initialization in JVMCI runtime 0

Compilation events (20 events):
Event: 361.304 Thread 0x00007f01e40b3120 12973       3       java.util.Collections$UnmodifiableMap$UnmodifiableEntrySet$1::<init> (26 bytes)
Event: 361.304 Thread 0x00007f01e40b3120 nmethod 12973 0x00007f01cc1a1010 code [0x00007f01cc1a11c0, 0x00007f01cc1a1580]
Event: 470.464 Thread 0x00007f01e40b3120 12974       3       sun.security.provider.SHA::resetHashes (41 bytes)
Event: 472.593 Thread 0x00007f01e40b3120 nmethod 12974 0x00007f01cbbe7010 code [0x00007f01cbbe71c0, 0x00007f01cbbe7390]
Event: 472.593 Thread 0x00007f01e40b3120 12975       3       org.eclipse.jdt.core.JavaCore::createCompilationUnitFrom (6 bytes)
Event: 478.254 Thread 0x00007f01e40b3120 nmethod 12975 0x00007f01cbbc8f10 code [0x00007f01cbbc90c0, 0x00007f01cbbc91e0]
Event: 483.989 Thread 0x00007f01e40b3120 12976       3       sun.security.provider.SHA::implDigest (96 bytes)
Event: 487.889 Thread 0x00007f01e40b3120 nmethod 12976 0x00007f01cc665510 code [0x00007f01cc665840, 0x00007f01cc666c80]
Event: 487.890 Thread 0x00007f01e40b3120 12977       3       java.util.concurrent.ThreadPoolExecutor::runStateAtLeast (11 bytes)
Event: 487.890 Thread 0x00007f01e40b3120 nmethod 12977 0x00007f01cbcece90 code [0x00007f01cbced020, 0x00007f01cbced170]
Event: 532.494 Thread 0x00007f01e40b1c10 nmethod 12970% 0x00007f01d328c190 code [0x00007f01d328c320, 0x00007f01d328c678]
Event: 532.494 Thread 0x00007f01e40b1c10 12978       4       java.util.regex.Pattern$$Lambda$15/0x0000000800c5e5d8::is (5 bytes)
Event: 542.067 Thread 0x00007f01e40b1c10 nmethod 12978 0x00007f01d328c890 code [0x00007f01d328ca00, 0x00007f01d328caa0]
Event: 672.774 Thread 0x00007f01e40b3120 12982       3       java.lang.invoke.BoundMethodHandle::rebind (14 bytes)
Event: 674.773 Thread 0x00007f01e40b3120 nmethod 12982 0x00007f01cc1ce490 code [0x00007f01cc1ce6a0, 0x00007f01cc1ceec0]
Event: 705.101 Thread 0x00007f01e40b3120 12984       3       java.text.DecimalFormat::getPositivePrefixFieldPositions (41 bytes)
Event: 705.102 Thread 0x00007f01e40b3120 nmethod 12984 0x00007f01cbee7190 code [0x00007f01cbee7340, 0x00007f01cbee7560]
Event: 705.102 Thread 0x00007f01e40b3120 12985       3       java.text.DecimalFormat::getPositiveSuffixFieldPositions (41 bytes)
Event: 705.102 Thread 0x00007f01e40b3120 nmethod 12985 0x00007f01cc060f90 code [0x00007f01cc061140, 0x00007f01cc061360]
Event: 793.903 Thread 0x00007f01e40b1c10 12986       4       org.eclipse.core.runtime.Assert::isNotNull (29 bytes)

GC Heap History (20 events):
Event: 826.893 GC heap before
{Heap before GC invocations=519 (full 345):
 PSYoungGen      total 69632K, used 49663K [0x00000000f5580000, 0x00000000fae80000, 0x0000000100000000)
  eden space 49664K, 99% used [0x00000000f5580000,0x00000000f85ffff0,0x00000000f8600000)
  from space 19968K, 0% used [0x00000000f8600000,0x00000000f8600000,0x00000000f9980000)
  to   space 17920K, 0% used [0x00000000f9a80000,0x00000000f9a80000,0x00000000fac00000)
 ParOldGen       total 349696K, used 349691K [0x00000000e0000000, 0x00000000f5580000, 0x00000000f5580000)
  object space 349696K, 99% used [0x00000000e0000000,0x00000000f557ef88,0x00000000f5580000)
 Metaspace       used 59569K, committed 60608K, reserved 1105920K
  class space    used 5425K, committed 5824K, reserved 1048576K
}
Event: 828.772 GC heap after
{Heap after GC invocations=519 (full 345):
 PSYoungGen      total 67584K, used 49663K [0x00000000f5580000, 0x00000000fae80000, 0x0000000100000000)
  eden space 49664K, 99% used [0x00000000f5580000,0x00000000f85ffff0,0x00000000f8600000)
  from space 17920K, 0% used [0x00000000f9a80000,0x00000000f9a80000,0x00000000fac00000)
  to   space 19968K, 0% used [0x00000000f8600000,0x00000000f8600000,0x00000000f9980000)
 ParOldGen       total 349696K, used 349689K [0x00000000e0000000, 0x00000000f5580000, 0x00000000f5580000)
  object space 349696K, 99% used [0x00000000e0000000,0x00000000f557e778,0x00000000f5580000)
 Metaspace       used 59569K, committed 60608K, reserved 1105920K
  class space    used 5425K, committed 5824K, reserved 1048576K
}
Event: 828.772 GC heap before
{Heap before GC invocations=520 (full 346):
 PSYoungGen      total 67584K, used 49663K [0x00000000f5580000, 0x00000000fae80000, 0x0000000100000000)
  eden space 49664K, 99% used [0x00000000f5580000,0x00000000f85ffff0,0x00000000f8600000)
  from space 17920K, 0% used [0x00000000f9a80000,0x00000000f9a80000,0x00000000fac00000)
  to   space 19968K, 0% used [0x00000000f8600000,0x00000000f8600000,0x00000000f9980000)
 ParOldGen       total 349696K, used 349691K [0x00000000e0000000, 0x00000000f5580000, 0x00000000f5580000)
  object space 349696K, 99% used [0x00000000e0000000,0x00000000f557ef70,0x00000000f5580000)
 Metaspace       used 59569K, committed 60608K, reserved 1105920K
  class space    used 5425K, committed 5824K, reserved 1048576K
}
Event: 830.460 GC heap after
{Heap after GC invocations=520 (full 346):
 PSYoungGen      total 69632K, used 49663K [0x00000000f5580000, 0x00000000fae80000, 0x0000000100000000)
  eden space 49664K, 99% used [0x00000000f5580000,0x00000000f85ffff0,0x00000000f8600000)
  from space 19968K, 0% used [0x00000000f8600000,0x00000000f8600000,0x00000000f9980000)
  to   space 17920K, 0% used [0x00000000f9a80000,0x00000000f9a80000,0x00000000fac00000)
 ParOldGen       total 349696K, used 349691K [0x00000000e0000000, 0x00000000f5580000, 0x00000000f5580000)
  object space 349696K, 99% used [0x00000000e0000000,0x00000000f557ee10,0x00000000f5580000)
 Metaspace       used 59569K, committed 60608K, reserved 1105920K
  class space    used 5425K, committed 5824K, reserved 1048576K
}
Event: 830.461 GC heap before
{Heap before GC invocations=521 (full 347):
 PSYoungGen      total 69632K, used 49664K [0x00000000f5580000, 0x00000000fae80000, 0x0000000100000000)
  eden space 49664K, 100% used [0x00000000f5580000,0x00000000f8600000,0x00000000f8600000)
  from space 19968K, 0% used [0x00000000f8600000,0x00000000f8600000,0x00000000f9980000)
  to   space 17920K, 0% used [0x00000000f9a80000,0x00000000f9a80000,0x00000000fac00000)
 ParOldGen       total 349696K, used 349694K [0x00000000e0000000, 0x00000000f5580000, 0x00000000f5580000)
  object space 349696K, 99% used [0x00000000e0000000,0x00000000f557f900,0x00000000f5580000)
 Metaspace       used 59569K, committed 60608K, reserved 1105920K
  class space    used 5425K, committed 5824K, reserved 1048576K
}
Event: 832.355 GC heap after
{Heap after GC invocations=521 (full 347):
 PSYoungGen      total 67584K, used 49663K [0x00000000f5580000, 0x00000000fae80000, 0x0000000100000000)
  eden space 49664K, 99% used [0x00000000f5580000,0x00000000f85ffff0,0x00000000f8600000)
  from space 17920K, 0% used [0x00000000f9a80000,0x00000000f9a80000,0x00000000fac00000)
  to   space 19968K, 0% used [0x00000000f8600000,0x00000000f8600000,0x00000000f9980000)
 ParOldGen       total 349696K, used 349691K [0x00000000e0000000, 0x00000000f5580000, 0x00000000f5580000)
  object space 349696K, 99% used [0x00000000e0000000,0x00000000f557ed48,0x00000000f5580000)
 Metaspace       used 59569K, committed 60608K, reserved 1105920K
  class space    used 5425K, committed 5824K, reserved 1048576K
}
Event: 832.356 GC heap before
{Heap before GC invocations=522 (full 348):
 PSYoungGen      total 67584K, used 49664K [0x00000000f5580000, 0x00000000fae80000, 0x0000000100000000)
  eden space 49664K, 100% used [0x00000000f5580000,0x00000000f8600000,0x00000000f8600000)
  from space 17920K, 0% used [0x00000000f9a80000,0x00000000f9a80000,0x00000000fac00000)
  to   space 19968K, 0% used [0x00000000f8600000,0x00000000f8600000,0x00000000f9980000)
 ParOldGen       total 349696K, used 349693K [0x00000000e0000000, 0x00000000f5580000, 0x00000000f5580000)
  object space 349696K, 99% used [0x00000000e0000000,0x00000000f557f480,0x00000000f5580000)
 Metaspace       used 59569K, committed 60608K, reserved 1105920K
  class space    used 5425K, committed 5824K, reserved 1048576K
}
Event: 834.081 GC heap after
{Heap after GC invocations=522 (full 348):
 PSYoungGen      total 69632K, used 49663K [0x00000000f5580000, 0x00000000fae80000, 0x0000000100000000)
  eden space 49664K, 99% used [0x00000000f5580000,0x00000000f85fffa8,0x00000000f8600000)
  from space 19968K, 0% used [0x00000000f8600000,0x00000000f8600000,0x00000000f9980000)
  to   space 17920K, 0% used [0x00000000f9a80000,0x00000000f9a80000,0x00000000fac00000)
 ParOldGen       total 349696K, used 349691K [0x00000000e0000000, 0x00000000f5580000, 0x00000000f5580000)
  object space 349696K, 99% used [0x00000000e0000000,0x00000000f557efa8,0x00000000f5580000)
 Metaspace       used 59569K, committed 60608K, reserved 1105920K
  class space    used 5425K, committed 5824K, reserved 1048576K
}
Event: 834.082 GC heap before
{Heap before GC invocations=523 (full 349):
 PSYoungGen      total 69632K, used 49664K [0x00000000f5580000, 0x00000000fae80000, 0x0000000100000000)
  eden space 49664K, 100% used [0x00000000f5580000,0x00000000f8600000,0x00000000f8600000)
  from space 19968K, 0% used [0x00000000f8600000,0x00000000f8600000,0x00000000f9980000)
  to   space 17920K, 0% used [0x00000000f9a80000,0x00000000f9a80000,0x00000000fac00000)
 ParOldGen       total 349696K, used 349691K [0x00000000e0000000, 0x00000000f5580000, 0x00000000f5580000)
  object space 349696K, 99% used [0x00000000e0000000,0x00000000f557efa8,0x00000000f5580000)
 Metaspace       used 59569K, committed 60608K, reserved 1105920K
  class space    used 5425K, committed 5824K, reserved 1048576K
}
Event: 835.780 GC heap after
{Heap after GC invocations=523 (full 349):
 PSYoungGen      total 67584K, used 49664K [0x00000000f5580000, 0x00000000fae80000, 0x0000000100000000)
  eden space 49664K, 100% used [0x00000000f5580000,0x00000000f8600000,0x00000000f8600000)
  from space 17920K, 0% used [0x00000000f9a80000,0x00000000f9a80000,0x00000000fac00000)
  to   space 19968K, 0% used [0x00000000f8600000,0x00000000f8600000,0x00000000f9980000)
 ParOldGen       total 349696K, used 349691K [0x00000000e0000000, 0x00000000f5580000, 0x00000000f5580000)
  object space 349696K, 99% used [0x00000000e0000000,0x00000000f557efa8,0x00000000f5580000)
 Metaspace       used 59569K, committed 60608K, reserved 1105920K
  class space    used 5425K, committed 5824K, reserved 1048576K
}
Event: 835.780 GC heap before
{Heap before GC invocations=524 (full 350):
 PSYoungGen      total 67584K, used 49664K [0x00000000f5580000, 0x00000000fae80000, 0x0000000100000000)
  eden space 49664K, 100% used [0x00000000f5580000,0x00000000f8600000,0x00000000f8600000)
  from space 17920K, 0% used [0x00000000f9a80000,0x00000000f9a80000,0x00000000fac00000)
  to   space 19968K, 0% used [0x00000000f8600000,0x00000000f8600000,0x00000000f9980000)
 ParOldGen       total 349696K, used 349695K [0x00000000e0000000, 0x00000000f5580000, 0x00000000f5580000)
  object space 349696K, 99% used [0x00000000e0000000,0x00000000f557ffe0,0x00000000f5580000)
 Metaspace       used 59569K, committed 60608K, reserved 1105920K
  class space    used 5425K, committed 5824K, reserved 1048576K
}
Event: 837.388 GC heap after
{Heap after GC invocations=524 (full 350):
 PSYoungGen      total 69632K, used 49664K [0x00000000f5580000, 0x00000000fae80000, 0x0000000100000000)
  eden space 49664K, 100% used [0x00000000f5580000,0x00000000f8600000,0x00000000f8600000)
  from space 19968K, 0% used [0x00000000f8600000,0x00000000f8600000,0x00000000f9980000)
  to   space 17920K, 0% used [0x00000000f9a80000,0x00000000f9a80000,0x00000000fac00000)
 ParOldGen       total 349696K, used 349695K [0x00000000e0000000, 0x00000000f5580000, 0x00000000f5580000)
  object space 349696K, 99% used [0x00000000e0000000,0x00000000f557ff50,0x00000000f5580000)
 Metaspace       used 59569K, committed 60608K, reserved 1105920K
  class space    used 5425K, committed 5824K, reserved 1048576K
}
Event: 837.388 GC heap before
{Heap before GC invocations=525 (full 351):
 PSYoungGen      total 69632K, used 49664K [0x00000000f5580000, 0x00000000fae80000, 0x0000000100000000)
  eden space 49664K, 100% used [0x00000000f5580000,0x00000000f8600000,0x00000000f8600000)
  from space 19968K, 0% used [0x00000000f8600000,0x00000000f8600000,0x00000000f9980000)
  to   space 17920K, 0% used [0x00000000f9a80000,0x00000000f9a80000,0x00000000fac00000)
 ParOldGen       total 349696K, used 349695K [0x00000000e0000000, 0x00000000f5580000, 0x00000000f5580000)
  object space 349696K, 99% used [0x00000000e0000000,0x00000000f557fff0,0x00000000f5580000)
 Metaspace       used 59569K, committed 60608K, reserved 1105920K
  class space    used 5425K, committed 5824K, reserved 1048576K
}
Event: 839.171 GC heap after
{Heap after GC invocations=525 (full 351):
 PSYoungGen      total 67584K, used 49664K [0x00000000f5580000, 0x00000000fae80000, 0x0000000100000000)
  eden space 49664K, 100% used [0x00000000f5580000,0x00000000f8600000,0x00000000f8600000)
  from space 17920K, 0% used [0x00000000f9a80000,0x00000000f9a80000,0x00000000fac00000)
  to   space 19968K, 0% used [0x00000000f8600000,0x00000000f8600000,0x00000000f9980000)
 ParOldGen       total 349696K, used 349695K [0x00000000e0000000, 0x00000000f5580000, 0x00000000f5580000)
  object space 349696K, 99% used [0x00000000e0000000,0x00000000f557ffd0,0x00000000f5580000)
 Metaspace       used 59569K, committed 60608K, reserved 1105920K
  class space    used 5425K, committed 5824K, reserved 1048576K
}
Event: 839.171 GC heap before
{Heap before GC invocations=526 (full 352):
 PSYoungGen      total 67584K, used 49664K [0x00000000f5580000, 0x00000000fae80000, 0x0000000100000000)
  eden space 49664K, 100% used [0x00000000f5580000,0x00000000f8600000,0x00000000f8600000)
  from space 17920K, 0% used [0x00000000f9a80000,0x00000000f9a80000,0x00000000fac00000)
  to   space 19968K, 0% used [0x00000000f8600000,0x00000000f8600000,0x00000000f9980000)
 ParOldGen       total 349696K, used 349695K [0x00000000e0000000, 0x00000000f5580000, 0x00000000f5580000)
  object space 349696K, 99% used [0x00000000e0000000,0x00000000f557ffd0,0x00000000f5580000)
 Metaspace       used 59569K, committed 60608K, reserved 1105920K
  class space    used 5425K, committed 5824K, reserved 1048576K
}
Event: 841.086 GC heap after
{Heap after GC invocations=526 (full 352):
 PSYoungGen      total 69632K, used 49664K [0x00000000f5580000, 0x00000000fae80000, 0x0000000100000000)
  eden space 49664K, 100% used [0x00000000f5580000,0x00000000f8600000,0x00000000f8600000)
  from space 19968K, 0% used [0x00000000f8600000,0x00000000f8600000,0x00000000f9980000)
  to   space 17920K, 0% used [0x00000000f9a80000,0x00000000f9a80000,0x00000000fac00000)
 ParOldGen       total 349696K, used 349695K [0x00000000e0000000, 0x00000000f5580000, 0x00000000f5580000)
  object space 349696K, 99% used [0x00000000e0000000,0x00000000f557fe08,0x00000000f5580000)
 Metaspace       used 59569K, committed 60608K, reserved 1105920K
  class space    used 5425K, committed 5824K, reserved 1048576K
}
Event: 841.087 GC heap before
{Heap before GC invocations=527 (full 353):
 PSYoungGen      total 69632K, used 49664K [0x00000000f5580000, 0x00000000fae80000, 0x0000000100000000)
  eden space 49664K, 100% used [0x00000000f5580000,0x00000000f8600000,0x00000000f8600000)
  from space 19968K, 0% used [0x00000000f8600000,0x00000000f8600000,0x00000000f9980000)
  to   space 17920K, 0% used [0x00000000f9a80000,0x00000000f9a80000,0x00000000fac00000)
 ParOldGen       total 349696K, used 349695K [0x00000000e0000000, 0x00000000f5580000, 0x00000000f5580000)
  object space 349696K, 99% used [0x00000000e0000000,0x00000000f557ffe0,0x00000000f5580000)
 Metaspace       used 59569K, committed 60608K, reserved 1105920K
  class space    used 5425K, committed 5824K, reserved 1048576K
}
Event: 842.860 GC heap after
{Heap after GC invocations=527 (full 353):
 PSYoungGen      total 67584K, used 49664K [0x00000000f5580000, 0x00000000fae80000, 0x0000000100000000)
  eden space 49664K, 100% used [0x00000000f5580000,0x00000000f8600000,0x00000000f8600000)
  from space 17920K, 0% used [0x00000000f9a80000,0x00000000f9a80000,0x00000000fac00000)
  to   space 19968K, 0% used [0x00000000f8600000,0x00000000f8600000,0x00000000f9980000)
 ParOldGen       total 349696K, used 349695K [0x00000000e0000000, 0x00000000f5580000, 0x00000000f5580000)
  object space 349696K, 99% used [0x00000000e0000000,0x00000000f557fef8,0x00000000f5580000)
 Metaspace       used 59569K, committed 60608K, reserved 1105920K
  class space    used 5425K, committed 5824K, reserved 1048576K
}
Event: 842.860 GC heap before
{Heap before GC invocations=528 (full 354):
 PSYoungGen      total 67584K, used 49664K [0x00000000f5580000, 0x00000000fae80000, 0x0000000100000000)
  eden space 49664K, 100% used [0x00000000f5580000,0x00000000f8600000,0x00000000f8600000)
  from space 17920K, 0% used [0x00000000f9a80000,0x00000000f9a80000,0x00000000fac00000)
  to   space 19968K, 0% used [0x00000000f8600000,0x00000000f8600000,0x00000000f9980000)
 ParOldGen       total 349696K, used 349695K [0x00000000e0000000, 0x00000000f5580000, 0x00000000f5580000)
  object space 349696K, 99% used [0x00000000e0000000,0x00000000f557fef8,0x00000000f5580000)
 Metaspace       used 59569K, committed 60608K, reserved 1105920K
  class space    used 5425K, committed 5824K, reserved 1048576K
}
Event: 844.681 GC heap after
{Heap after GC invocations=528 (full 354):
 PSYoungGen      total 69632K, used 49664K [0x00000000f5580000, 0x00000000fae80000, 0x0000000100000000)
  eden space 49664K, 100% used [0x00000000f5580000,0x00000000f8600000,0x00000000f8600000)
  from space 19968K, 0% used [0x00000000f8600000,0x00000000f8600000,0x00000000f9980000)
  to   space 17920K, 0% used [0x00000000f9a80000,0x00000000f9a80000,0x00000000fac00000)
 ParOldGen       total 349696K, used 349695K [0x00000000e0000000, 0x00000000f5580000, 0x00000000f5580000)
  object space 349696K, 99% used [0x00000000e0000000,0x00000000f557fef8,0x00000000f5580000)
 Metaspace       used 59569K, committed 60608K, reserved 1105920K
  class space    used 5425K, committed 5824K, reserved 1048576K
}

Dll operation events (8 events):
Event: 0.002 Loaded shared library /nix/store/gpxl5qgg8kicmcvivwmybwjlpf7wh20l-graalvm17-ce-22.3.0/lib/libjava.so
Event: 0.058 Loaded shared library /nix/store/gpxl5qgg8kicmcvivwmybwjlpf7wh20l-graalvm17-ce-22.3.0/lib/libjsvml.so
Event: 0.256 Loaded shared library /nix/store/gpxl5qgg8kicmcvivwmybwjlpf7wh20l-graalvm17-ce-22.3.0/lib/libnio.so
Event: 0.261 Loaded shared library /nix/store/gpxl5qgg8kicmcvivwmybwjlpf7wh20l-graalvm17-ce-22.3.0/lib/libzip.so
Event: 0.269 Loaded shared library /nix/store/gpxl5qgg8kicmcvivwmybwjlpf7wh20l-graalvm17-ce-22.3.0/lib/libjvmcicompiler.so
Event: 0.666 Loaded shared library /nix/store/gpxl5qgg8kicmcvivwmybwjlpf7wh20l-graalvm17-ce-22.3.0/lib/libjimage.so
Event: 3.164 Loaded shared library /nix/store/gpxl5qgg8kicmcvivwmybwjlpf7wh20l-graalvm17-ce-22.3.0/lib/libnet.so
Event: 4.665 Loaded shared library /home/runner/.cache/jdt-language-server/config/org.eclipse.equinox.launcher/org.eclipse.equinox.launcher.gtk.linux.x86_64_1.2.400.v20211117-0650/eclipse_11600.so

Deoptimization events (20 events):
Event: 138.374 Thread 0x00007f0178690ce0 DEOPT PACKING pc=0x00007f01cbb581ec sp=0x00007f01911fe530
Event: 138.374 Thread 0x00007f0178690ce0 DEOPT UNPACKING pc=0x00007f01cb505325 sp=0x00007f01911fda20 mode 0
Event: 138.376 Thread 0x00007f0178690ce0 DEOPT PACKING pc=0x00007f01cbb5825d sp=0x00007f01911fe530
Event: 138.376 Thread 0x00007f0178690ce0 DEOPT UNPACKING pc=0x00007f01cb505325 sp=0x00007f01911fda20 mode 0
Event: 138.378 Thread 0x00007f0178690ce0 DEOPT PACKING pc=0x00007f01cbb5825d sp=0x00007f01911fe530
Event: 138.378 Thread 0x00007f0178690ce0 DEOPT UNPACKING pc=0x00007f01cb505325 sp=0x00007f01911fda20 mode 0
Event: 138.380 Thread 0x00007f0178690ce0 DEOPT PACKING pc=0x00007f01cbb5825d sp=0x00007f01911fe530
Event: 138.380 Thread 0x00007f0178690ce0 DEOPT UNPACKING pc=0x00007f01cb505325 sp=0x00007f01911fda20 mode 0
Event: 138.382 Thread 0x00007f0178690ce0 DEOPT PACKING pc=0x00007f01cbb5825d sp=0x00007f01911fe530
Event: 138.382 Thread 0x00007f0178690ce0 DEOPT UNPACKING pc=0x00007f01cb505325 sp=0x00007f01911fda20 mode 0
Event: 138.457 Thread 0x00007f0178690ce0 DEOPT PACKING pc=0x00007f01cbb5825d sp=0x00007f01911fe530
Event: 138.457 Thread 0x00007f0178690ce0 DEOPT UNPACKING pc=0x00007f01cb505325 sp=0x00007f01911fda20 mode 0
Event: 138.460 Thread 0x00007f0178690ce0 DEOPT PACKING pc=0x00007f01cbb5825d sp=0x00007f01911fe530
Event: 138.460 Thread 0x00007f0178690ce0 DEOPT UNPACKING pc=0x00007f01cb505325 sp=0x00007f01911fda20 mode 0
Event: 216.458 Thread 0x00007f01e43fd140 Uncommon trap: trap_request=0xffffffed fr.pc=0x00007f01d30a9eef relative=0x000000000000014f
Event: 216.458 Thread 0x00007f01e43fd140 Uncommon trap: reason=null_assert_or_unreached0 action=reinterpret pc=0x00007f01d30a9eef method=java.lang.Class.reflectionData()Ljava/lang/Class$ReflectionData; @ 9 jvmci
Event: 219.088 Thread 0x00007f01e43fd140 DEOPT PACKING pc=0x00007f01d30a9eef sp=0x00007f01916fc760
Event: 219.088 Thread 0x00007f01e43fd140 DEOPT UNPACKING pc=0x00007f01cb505325 sp=0x00007f01916fbbe0 mode 3
Event: 616.883 Thread 0x00007f015c14c220 DEOPT PACKING pc=0x00007f01d301550c sp=0x00007f01913fde20
Event: 616.883 Thread 0x00007f015c14c220 DEOPT UNPACKING pc=0x00007f01cb505325 sp=0x00007f01913fd2a0 mode 1

Classes unloaded (20 events):
Event: 143.801 Thread 0x00007f01e40a1640 Unloading class 0x0000000800cb0000 'java/lang/invoke/LambdaForm$MH+0x0000000800cb0000'
Event: 143.801 Thread 0x00007f01e40a1640 Unloading class 0x0000000800c85000 'jdk/internal/reflect/GeneratedMethodAccessor5'
Event: 143.801 Thread 0x00007f01e40a1640 Unloading class 0x0000000800c84c00 'jdk/internal/reflect/GeneratedMethodAccessor4'
Event: 143.801 Thread 0x00007f01e40a1640 Unloading class 0x0000000800c84800 'jdk/internal/reflect/GeneratedMethodAccessor3'
Event: 143.801 Thread 0x00007f01e40a1640 Unloading class 0x0000000800c84400 'jdk/internal/reflect/GeneratedMethodAccessor2'
Event: 143.801 Thread 0x00007f01e40a1640 Unloading class 0x0000000800c84000 'jdk/internal/reflect/GeneratedMethodAccessor1'
Event: 143.801 Thread 0x00007f01e40a1640 Unloading class 0x0000000800c01c00 'java/lang/invoke/LambdaForm$DMH+0x0000000800c01c00'
Event: 153.055 Thread 0x00007f01e40a1640 Unloading class 0x0000000801169800 'jdk/internal/reflect/GeneratedConstructorAccessor33'
Event: 153.055 Thread 0x00007f01e40a1640 Unloading class 0x0000000801158000 'jdk/internal/reflect/GeneratedConstructorAccessor32'
Event: 153.055 Thread 0x00007f01e40a1640 Unloading class 0x0000000801091400 'jdk/internal/reflect/GeneratedMethodAccessor12'
Event: 153.055 Thread 0x00007f01e40a1640 Unloading class 0x0000000801091000 'jdk/internal/reflect/GeneratedMethodAccessor11'
Event: 153.055 Thread 0x00007f01e40a1640 Unloading class 0x0000000801084400 'jdk/internal/reflect/GeneratedMethodAccessor10'
Event: 153.055 Thread 0x00007f01e40a1640 Unloading class 0x0000000801084000 'jdk/internal/reflect/GeneratedMethodAccessor9'
Event: 153.055 Thread 0x00007f01e40a1640 Unloading class 0x0000000800ff4400 'jdk/internal/reflect/GeneratedSerializationConstructorAccessor33'
Event: 153.055 Thread 0x00007f01e40a1640 Unloading class 0x0000000800ff4000 'jdk/internal/reflect/GeneratedSerializationConstructorAccessor32'
Event: 153.055 Thread 0x00007f01e40a1640 Unloading class 0x0000000800fef400 'jdk/internal/reflect/GeneratedSerializationConstructorAccessor31'
Event: 153.055 Thread 0x00007f01e40a1640 Unloading class 0x0000000800fef000 'jdk/internal/reflect/GeneratedSerializationConstructorAccessor30'
Event: 153.055 Thread 0x00007f01e40a1640 Unloading class 0x0000000800e0dc00 'jdk/internal/reflect/GeneratedMethodAccessor8'
Event: 153.055 Thread 0x00007f01e40a1640 Unloading class 0x0000000800e0cc00 'jdk/internal/reflect/GeneratedMethodAccessor7'
Event: 153.055 Thread 0x00007f01e40a1640 Unloading class 0x0000000800d80000 'jdk/internal/reflect/GeneratedConstructorAccessor3'

Classes redefined (0 events):
No events

Internal exceptions (20 events):
Event: 46.958 Thread 0x00007f016c000ff0 Implicit null exception at 0x00007f01d30cb9a2 to 0x00007f01d30cbd32
Event: 47.369 Thread 0x00007f016c000ff0 Implicit null exception at 0x00007f01d3088ff1 to 0x00007f01d30891a3
Event: 59.455 Thread 0x00007f015c16ee10 Exception <a 'java/io/FileNotFoundException'{0x00000000f5948f40}> (0x00000000f5948f40) 
thrown [src/hotspot/share/prims/jni.cpp, line 516]
Event: 59.755 Thread 0x00007f015c154330 Exception <a 'java/lang/NoSuchMethodError'{0x00000000f5f445e0}: 'java.lang.Object java.lang.invoke.DirectMethodHandle$Holder.newInvokeSpecial(java.lang.Object, java.lang.Object, int, java.lang.Object, java.lang.Object, java.lang.Object, java.lang.Object)'> (0x00000000f5f445e0) 
thrown [src/hotspot/share/interpreter/linkResolver.cpp, line 758]
Event: 59.756 Thread 0x00007f015c208820 Exception <a 'java/lang/NoSuchMethodError'{0x00000000f5f4da10}: 'java.lang.Object java.lang.invoke.DirectMethodHandle$Holder.newInvokeSpecial(java.lang.Object, java.lang.Object, int, java.lang.Object, java.lang.Object, java.lang.Object, java.lang.Object)'> (0x00000000f5f4da10) 
thrown [src/hotspot/share/interpreter/linkResolver.cpp, line 758]
Event: 59.757 Thread 0x00007f015c155300 Exception <a 'java/lang/NoSuchMethodError'{0x00000000f5f7b4f0}: 'java.lang.Object java.lang.invoke.Invokers$Holder.linkToTargetMethod(java.lang.Object, int, java.lang.Object, java.lang.Object, java.lang.Object, java.lang.Object, java.lang.Object)'> (0x00000000f5f7b4f0) 
thrown [src/hotspot/share/interpreter/linkResolver.cpp, line 758]
Event: 59.761 Thread 0x00007f015c1791a0 Exception <a 'java/lang/NoSuchMethodError'{0x00000000f5fe7b58}: 'void java.lang.invoke.DirectMethodHandle$Holder.invokeVirtual(java.lang.Object, java.lang.Object)'> (0x00000000f5fe7b58) 
thrown [src/hotspot/share/interpreter/linkResolver.cpp, line 758]
Event: 60.264 Thread 0x00007f015c155300 Exception <a 'java/lang/NoSuchMethodError'{0x00000000f58e1f08}: 'void java.lang.invoke.DirectMethodHandle$Holder.invokeSpecial(java.lang.Object, java.lang.Object, int)'> (0x00000000f58e1f08) 
thrown [src/hotspot/share/interpreter/linkResolver.cpp, line 758]
Event: 61.257 Thread 0x00007f015c14c220 Exception <a 'java/lang/NoSuchMethodError'{0x00000000f55c66a0}: 'int java.lang.invoke.DirectMethodHandle$Holder.invokeSpecial(java.lang.Object, java.lang.Object, java.lang.Object)'> (0x00000000f55c66a0) 
thrown [src/hotspot/share/interpreter/linkResolver.cpp, line 758]
Event: 61.257 Thread 0x00007f015c208820 Exception <a 'java/lang/NoSuchMethodError'{0x00000000f56d1500}: 'int java.lang.invoke.DirectMethodHandle$Holder.invokeSpecial(java.lang.Object, java.lang.Object, java.lang.Object)'> (0x00000000f56d1500) 
thrown [src/hotspot/share/interpreter/linkResolver.cpp, line 758]
Event: 61.261 Thread 0x00007f015c154330 Exception <a 'java/lang/NoSuchMethodError'{0x00000000f5792588}: 'int java.lang.invoke.DirectMethodHandle$Holder.invokeSpecial(java.lang.Object, java.lang.Object, java.lang.Object)'> (0x00000000f5792588) 
thrown [src/hotspot/share/interpreter/linkResolver.cpp, line 758]
Event: 61.355 Thread 0x00007f015c20d040 Exception <a 'java/lang/NoSuchMethodError'{0x00000000f5838c38}: 'int java.lang.invoke.DirectMethodHandle$Holder.invokeStatic(java.lang.Object, int, int, java.lang.Object)'> (0x00000000f5838c38) 
thrown [src/hotspot/share/interpreter/linkResolver.cpp, line 758]
Event: 61.965 Thread 0x00007f015c209940 Exception <a 'java/lang/NoSuchMethodError'{0x00000000f581ce60}: 'java.lang.Object java.lang.invoke.DirectMethodHandle$Holder.invokeStatic(java.lang.Object, int, java.lang.Object, java.lang.Object, java.lang.Object, java.lang.Object)'> (0x00000000f581ce60) 
thrown [src/hotspot/share/interpreter/linkResolver.cpp, line 758]
Event: 61.966 Thread 0x00007f015c209940 Exception <a 'java/lang/NoSuchMethodError'{0x00000000f584bb48}: 'java.lang.Object java.lang.invoke.DirectMethodHandle$Holder.newInvokeSpecial(java.lang.Object, int, java.lang.Object, java.lang.Object, java.lang.Object)'> (0x00000000f584bb48) 
thrown [src/hotspot/share/interpreter/linkResolver.cpp, line 758]
Event: 63.658 Thread 0x00007f015c1f8670 Exception <a 'java/lang/NoSuchMethodError'{0x00000000f5f1cf98}: 'int java.lang.invoke.DirectMethodHandle$Holder.invokeSpecialIFC(java.lang.Object, java.lang.Object, java.lang.Object, java.lang.Object)'> (0x00000000f5f1cf98) 
thrown [src/hotspot/share/interpreter/linkResolver.cpp, line 758]
Event: 70.475 Thread 0x00007f015c148b50 Implicit null exception at 0x00007f01d3142618 to 0x00007f01d3142959
Event: 125.262 Thread 0x00007f0178690ce0 Implicit null exception at 0x00007f01d322bf06 to 0x00007f01d322f118
Event: 216.458 Thread 0x00007f01e43fd140 Implicit null exception at 0x00007f01d30a9e25 to 0x00007f01d30a9ed4
Event: 614.690 Thread 0x00007f015c14c220 Exception <a 'java/lang/OutOfMemoryError'{0x00000000e00bd160}> (0x00000000e00bd160) 
thrown [src/hotspot/share/gc/shared/memAllocator.cpp, line 136]
Event: 844.681 Thread 0x00007f01e40b1c10 Exception <a 'java/lang/OutOfMemoryError'{0x00000000e00bd430}> (0x00000000e00bd430) 
thrown [src/hotspot/share/gc/shared/memAllocator.cpp, line 136]

VM Operations (20 events):
Event: 823.099 Executing VM operation: ParallelGCFailedAllocation
Event: 824.868 Executing VM operation: ParallelGCFailedAllocation done
Event: 824.868 Executing VM operation: ParallelGCFailedAllocation
Event: 826.892 Executing VM operation: ParallelGCFailedAllocation done
Event: 826.892 Executing VM operation: ParallelGCFailedAllocation
Event: 828.772 Executing VM operation: ParallelGCFailedAllocation done
Event: 828.772 Executing VM operation: ParallelGCFailedAllocation
Event: 830.460 Executing VM operation: ParallelGCFailedAllocation done
Event: 830.461 Executing VM operation: ParallelGCFailedAllocation
Event: 832.355 Executing VM operation: ParallelGCFailedAllocation done
Event: 832.356 Executing VM operation: ParallelGCFailedAllocation
Event: 834.081 Executing VM operation: ParallelGCFailedAllocation done
Event: 834.082 Executing VM operation: ParallelGCFailedAllocation
Event: 835.780 Executing VM operation: ParallelGCFailedAllocation done
Event: 835.780 Executing VM operation: ParallelGCFailedAllocation
Event: 837.388 Executing VM operation: ParallelGCFailedAllocation done
Event: 837.388 Executing VM operation: ParallelGCFailedAllocation
Event: 841.086 Executing VM operation: ParallelGCFailedAllocation done
Event: 841.087 Executing VM operation: ParallelGCFailedAllocation
Event: 844.681 Executing VM operation: ParallelGCFailedAllocation done

Events (20 events):
Event: 634.773 loading class java/util/logging/ConsoleHandler
Event: 634.773 loading class java/util/logging/StreamHandler
Event: 638.673 loading class java/util/logging/StreamHandler done
Event: 638.673 loading class java/util/logging/ConsoleHandler done
Event: 638.673 loading class java/util/logging/SimpleFormatter
Event: 638.673 loading class java/util/logging/Formatter
Event: 638.673 loading class java/util/logging/Formatter done
Event: 638.673 loading class java/util/logging/SimpleFormatter done
Event: 648.586 Thread 0x00007f015c175eb0 Thread added: 0x00007f015c175eb0
Event: 648.586 Protecting memory [0x00007f0191500000,0x00007f0191504000] with protection modes 0
Event: 652.794 loading class jdk/internal/logger/SimpleConsoleLogger$Formatting
Event: 658.990 loading class jdk/internal/logger/SimpleConsoleLogger$Formatting done
Event: 664.563 loading class java/util/logging/ErrorManager
Event: 672.774 loading class java/util/logging/ErrorManager done
Event: 696.171 loading class java/util/logging/Handler$1
Event: 710.576 loading class java/util/logging/Handler$1 done
Event: 712.405 loading class java/util/logging/StreamHandler$1
Event: 744.802 Thread 0x00007f015c20baa0 Thread added: 0x00007f015c20baa0
Event: 744.802 Protecting memory [0x00007f0191700000,0x00007f0191704000] with protection modes 0
Event: 759.000 loading class java/util/logging/StreamHandler$1 done


Dynamic libraries:
e0000000-f3c80000 rw-p 00000000 00:00 0 
f3c80000-fae80000 rw-p 00000000 00:00 0 
fae80000-100000000 ---p 00000000 00:00 0 
800000000-800449000 rw-p 00001000 00:d01 4611686019135357769             /nix/store/gpxl5qgg8kicmcvivwmybwjlpf7wh20l-graalvm17-ce-22.3.0/lib/server/classes.jsa
800449000-800bc8000 r--p 0044a000 00:d01 4611686019135357769             /nix/store/gpxl5qgg8kicmcvivwmybwjlpf7wh20l-graalvm17-ce-22.3.0/lib/server/classes.jsa
800bc8000-800c00000 ---p 00000000 00:00 0 
800c00000-800c10000 rw-p 00000000 00:00 0 
800c10000-800c30000 rw-p 00000000 00:00 0 
800c30000-800cb0000 rw-p 00000000 00:00 0 
800cb0000-800cf0000 rw-p 00000000 00:00 0 
800cf0000-800db0000 rw-p 00000000 00:00 0 
800db0000-800df0000 rw-p 00000000 00:00 0 
800df0000-8011a0000 rw-p 00000000 00:00 0 
8011a0000-8011c0000 ---p 00000000 00:00 0 
8011c0000-8011d0000 rw-p 00000000 00:00 0 
8011d0000-840c00000 ---p 00000000 00:00 0 
564cdc027000-564cdc028000 r-xp 00000000 00:d01 4611686019099417844       /nix/store/gpxl5qgg8kicmcvivwmybwjlpf7wh20l-graalvm17-ce-22.3.0/bin/.java-wrapped
564cdc029000-564cdc02a000 r--p 00001000 00:d01 4611686019099417844       /nix/store/gpxl5qgg8kicmcvivwmybwjlpf7wh20l-graalvm17-ce-22.3.0/bin/.java-wrapped
564cdc02a000-564cdc02b000 rw-p 00002000 00:d01 4611686019099417844       /nix/store/gpxl5qgg8kicmcvivwmybwjlpf7wh20l-graalvm17-ce-22.3.0/bin/.java-wrapped
564cdc02b000-564cdc02c000 rw-p 00004000 00:d01 4611686019099417844       /nix/store/gpxl5qgg8kicmcvivwmybwjlpf7wh20l-graalvm17-ce-22.3.0/bin/.java-wrapped
564cdc02c000-564cdc02d000 rw-p 00005000 00:d01 4611686019099417844       /nix/store/gpxl5qgg8kicmcvivwmybwjlpf7wh20l-graalvm17-ce-22.3.0/bin/.java-wrapped
564cdc06a000-564cdc0b2000 rw-p 00000000 00:00 0                          [heap]
7f00f8000000-7f00f802a000 rw-p 00000000 00:00 0 
7f00f802a000-7f00fc000000 ---p 00000000 00:00 0 
7f00fc000000-7f00fc036000 rw-p 00000000 00:00 0 
7f00fc036000-7f0100000000 ---p 00000000 00:00 0 
7f0100000000-7f0100021000 rw-p 00000000 00:00 0 
7f0100021000-7f0104000000 ---p 00000000 00:00 0 
7f0104000000-7f0104067000 rw-p 00000000 00:00 0 
7f0104067000-7f0108000000 ---p 00000000 00:00 0 
7f0108000000-7f0108025000 rw-p 00000000 00:00 0 
7f0108025000-7f010c000000 ---p 00000000 00:00 0 
7f010c000000-7f010c075000 rw-p 00000000 00:00 0 
7f010c075000-7f0110000000 ---p 00000000 00:00 0 
7f0110000000-7f0110037000 rw-p 00000000 00:00 0 
7f0110037000-7f0114000000 ---p 00000000 00:00 0 
7f0114000000-7f011403a000 rw-p 00000000 00:00 0 
7f011403a000-7f0118000000 ---p 00000000 00:00 0 
7f0118000000-7f0118058000 rw-p 00000000 00:00 0 
7f0118058000-7f011c000000 ---p 00000000 00:00 0 
7f011c000000-7f011c044000 rw-p 00000000 00:00 0 
7f011c044000-7f0120000000 ---p 00000000 00:00 0 
7f0120000000-7f012008a000 rw-p 00000000 00:00 0 
7f012008a000-7f0124000000 ---p 00000000 00:00 0 
7f0124000000-7f0124021000 rw-p 00000000 00:00 0 
7f0124021000-7f0128000000 ---p 00000000 00:00 0 
7f0128000000-7f0128021000 rw-p 00000000 00:00 0 
7f0128021000-7f012c000000 ---p 00000000 00:00 0 
7f012c000000-7f012c021000 rw-p 00000000 00:00 0 
7f012c021000-7f0130000000 ---p 00000000 00:00 0 
7f0130000000-7f0130030000 rw-p 00000000 00:00 0 
7f0130030000-7f0134000000 ---p 00000000 00:00 0 
7f0134000000-7f0134021000 rw-p 00000000 00:00 0 
7f0134021000-7f0138000000 ---p 00000000 00:00 0 
7f0138000000-7f0138021000 rw-p 00000000 00:00 0 
7f0138021000-7f013c000000 ---p 00000000 00:00 0 
7f013c000000-7f013c033000 rw-p 00000000 00:00 0 
7f013c033000-7f0140000000 ---p 00000000 00:00 0 
7f0140000000-7f0140021000 rw-p 00000000 00:00 0 
7f0140021000-7f0144000000 ---p 00000000 00:00 0 
7f01464b3000-7f0150000000 r--s 00000000 00:d01 4611686019135192581       /nix/store/gpxl5qgg8kicmcvivwmybwjlpf7wh20l-graalvm17-ce-22.3.0/lib/modules
7f0150000000-7f0150058000 rw-p 00000000 00:00 0 
7f0150058000-7f0154000000 ---p 00000000 00:00 0 
7f0154600000-7f0154700000 ---p 00000000 00:00 0 
7f0154700000-7f0154caf000 r--p 01122000 00:d01 4611686019135190040       /nix/store/gpxl5qgg8kicmcvivwmybwjlpf7wh20l-graalvm17-ce-22.3.0/lib/libjvmcicompiler.so
7f0154caf000-7f0154e00000 r--p 00000000 00:00 0 
7f0154e00000-7f0154e3d000 rw-p 00000000 00:00 0 
7f0154e3d000-7f015535d000 rw-p 0185f000 00:d01 4611686019135190040       /nix/store/gpxl5qgg8kicmcvivwmybwjlpf7wh20l-graalvm17-ce-22.3.0/lib/libjvmcicompiler.so
7f015535d000-7f0155744000 r--p 01d7f000 00:d01 4611686019135190040       /nix/store/gpxl5qgg8kicmcvivwmybwjlpf7wh20l-graalvm17-ce-22.3.0/lib/libjvmcicompiler.so
7f0155800000-7f0155a70000 rw-p 00000000 00:00 0 
7f0155a70000-7f0155e40000 rw-p 00000000 00:00 0 
7f0155e40000-7f0156000000 ---p 00000000 00:00 0 
7f0156c00000-7f0157240000 rw-p 00000000 00:00 0 
7f0157240000-7f0157300000 ---p 00000000 00:00 0 
7f0157300000-7f01573f0000 rw-p 00000000 00:00 0 
7f01573f0000-7f0157400000 rw-p 00000000 00:00 0 
7f0157700000-7f0157704000 ---p 00000000 00:00 0 
7f0157704000-7f0157a50000 rw-p 00000000 00:00 0 
7f0157a50000-7f0157df0000 rw-p 00000000 00:00 0 
7f0157df0000-7f0158000000 rw-p 00000000 00:00 0 
7f0158000000-7f0158021000 rw-p 00000000 00:00 0 
7f0158021000-7f015c000000 ---p 00000000 00:00 0 
7f015c000000-7f015c242000 rw-p 00000000 00:00 0 
7f015c242000-7f0160000000 ---p 00000000 00:00 0 
7f0160000000-7f0160403000 rw-p 00000000 00:00 0 
7f0160403000-7f0164000000 ---p 00000000 00:00 0 
7f0164000000-7f0164027000 rw-p 00000000 00:00 0 
7f0164027000-7f0168000000 ---p 00000000 00:00 0 
7f0168000000-7f0168127000 rw-p 00000000 00:00 0 
7f0168127000-7f016c000000 ---p 00000000 00:00 0 
7f016c000000-7f016c268000 rw-p 00000000 00:00 0 
7f016c268000-7f0170000000 ---p 00000000 00:00 0 
7f0170000000-7f0170021000 rw-p 00000000 00:00 0 
7f0170021000-7f0174000000 ---p 00000000 00:00 0 
7f0174000000-7f0174021000 rw-p 00000000 00:00 0 
7f0174021000-7f0178000000 ---p 00000000 00:00 0 
7f0178000000-7f01788fd000 rw-p 00000000 00:00 0 
7f01788fd000-7f017c000000 ---p 00000000 00:00 0 
7f017c000000-7f017c021000 rw-p 00000000 00:00 0 
7f017c021000-7f0180000000 ---p 00000000 00:00 0 
7f0180000000-7f0180021000 rw-p 00000000 00:00 0 
7f0180021000-7f0184000000 ---p 00000000 00:00 0 
7f0184000000-7f0184021000 rw-p 00000000 00:00 0 
7f0184021000-7f0188000000 ---p 00000000 00:00 0 
7f0188000000-7f0188021000 rw-p 00000000 00:00 0 
7f0188021000-7f018c000000 ---p 00000000 00:00 0 
7f018c000000-7f018c0f0000 rw-p 00000000 00:00 0 
7f018c0f0000-7f018c1f0000 rw-p 00000000 00:00 0 
7f018c1f0000-7f018c7f0000 rw-p 00000000 00:00 0 
7f018c7f0000-7f018c800000 rw-p 00000000 00:00 0 
7f018c900000-7f018c904000 ---p 00000000 00:00 0 
7f018c904000-7f018ca00000 rw-p 00000000 00:00 0 
7f018cb00000-7f018cb04000 ---p 00000000 00:00 0 
7f018cb04000-7f018cc00000 rw-p 00000000 00:00 0 
7f018cd00000-7f018cd04000 ---p 00000000 00:00 0 
7f018cd04000-7f018ce00000 rw-p 00000000 00:00 0 
7f018cf00000-7f018cf04000 ---p 00000000 00:00 0 
7f018cf04000-7f018d0f0000 rw-p 00000000 00:00 0 
7f018d0f0000-7f018d1f0000 rw-p 00000000 00:00 0 
7f018d1f0000-7f018d7f0000 rw-p 00000000 00:00 0 
7f018d7f0000-7f018d800000 rw-p 00000000 00:00 0 
7f018d900000-7f018d904000 ---p 00000000 00:00 0 
7f018d904000-7f018da00000 rw-p 00000000 00:00 0 
7f018db00000-7f018db04000 ---p 00000000 00:00 0 
7f018db04000-7f018dc00000 rw-p 00000000 00:00 0 
7f018dd00000-7f018dd04000 ---p 00000000 00:00 0 
7f018dd04000-7f018de00000 rw-p 00000000 00:00 0 
7f018df00000-7f018df04000 ---p 00000000 00:00 0 
7f018df04000-7f018e0f0000 rw-p 00000000 00:00 0 
7f018e0f0000-7f018e1f0000 rw-p 00000000 00:00 0 
7f018e1f0000-7f018e7f0000 rw-p 00000000 00:00 0 
7f018e7f0000-7f018e800000 rw-p 00000000 00:00 0 
7f018e900000-7f018e904000 ---p 00000000 00:00 0 
7f018e904000-7f018ea00000 rw-p 00000000 00:00 0 
7f018ea00000-7f018ea10000 r-xp 00000000 00:cfe 363                       /home/runner/.cache/jdt-language-server/config/org.eclipse.equinox.launcher/org.eclipse.equinox.launcher.gtk.linux.x86_64_1.2.400.v20211117-0650/eclipse_11600.so
7f018ea10000-7f018ec0f000 ---p 00010000 00:cfe 363                       /home/runner/.cache/jdt-language-server/config/org.eclipse.equinox.launcher/org.eclipse.equinox.launcher.gtk.linux.x86_64_1.2.400.v20211117-0650/eclipse_11600.so
7f018ec0f000-7f018ec10000 r--p 0000f000 00:cfe 363                       /home/runner/.cache/jdt-language-server/config/org.eclipse.equinox.launcher/org.eclipse.equinox.launcher.gtk.linux.x86_64_1.2.400.v20211117-0650/eclipse_11600.so
7f018ec10000-7f018ec11000 rw-p 00010000 00:cfe 363                       /home/runner/.cache/jdt-language-server/config/org.eclipse.equinox.launcher/org.eclipse.equinox.launcher.gtk.linux.x86_64_1.2.400.v20211117-0650/eclipse_11600.so
7f018ed00000-7f018ed04000 ---p 00000000 00:00 0 
7f018ed04000-7f018ee00000 rw-p 00000000 00:00 0 
7f018ef00000-7f018ef04000 ---p 00000000 00:00 0 
7f018ef04000-7f018f000000 rw-p 00000000 00:00 0 
7f018f100000-7f018f104000 ---p 00000000 00:00 0 
7f018f104000-7f018f200000 rw-p 00000000 00:00 0 
7f018f300000-7f018f304000 ---p 00000000 00:00 0 
7f018f304000-7f018f400000 rw-p 00000000 00:00 0 
7f018f400000-7f018f404000 ---p 00000000 00:00 0 
7f018f404000-7f018f500000 rw-p 00000000 00:00 0 
7f018f500000-7f018f504000 ---p 00000000 00:00 0 
7f018f504000-7f018f600000 rw-p 00000000 00:00 0 
7f018f700000-7f018f704000 ---p 00000000 00:00 0 
7f018f704000-7f018f800000 rw-p 00000000 00:00 0 
7f018f900000-7f018f904000 ---p 00000000 00:00 0 
7f018f904000-7f018fa00000 rw-p 00000000 00:00 0 
7f018fb00000-7f018fb04000 ---p 00000000 00:00 0 
7f018fb04000-7f018fc00000 rw-p 00000000 00:00 0 
7f018fd00000-7f018fd04000 ---p 00000000 00:00 0 
7f018fd04000-7f018fe00000 rw-p 00000000 00:00 0 
7f018ff00000-7f018ff04000 ---p 00000000 00:00 0 
7f018ff04000-7f0190000000 rw-p 00000000 00:00 0 
7f0190100000-7f0190104000 ---p 00000000 00:00 0 
7f0190104000-7f0190200000 rw-p 00000000 00:00 0 
7f0190300000-7f0190304000 ---p 00000000 00:00 0 
7f0190304000-7f0190400000 rw-p 00000000 00:00 0 
7f0190500000-7f0190504000 ---p 00000000 00:00 0 
7f0190504000-7f0190600000 rw-p 00000000 00:00 0 
7f0190700000-7f0190704000 ---p 00000000 00:00 0 
7f0190704000-7f0190800000 rw-p 00000000 00:00 0 
7f0190900000-7f0190904000 ---p 00000000 00:00 0 
7f0190904000-7f0190a00000 rw-p 00000000 00:00 0 
7f0190b00000-7f0190b04000 ---p 00000000 00:00 0 
7f0190b04000-7f0190c00000 rw-p 00000000 00:00 0 
7f0190d00000-7f0190d04000 ---p 00000000 00:00 0 
7f0190d04000-7f0190e00000 rw-p 00000000 00:00 0 
7f0190f00000-7f0190f04000 ---p 00000000 00:00 0 
7f0190f04000-7f0191000000 rw-p 00000000 00:00 0 
7f0191100000-7f0191104000 ---p 00000000 00:00 0 
7f0191104000-7f0191200000 rw-p 00000000 00:00 0 
7f0191300000-7f0191304000 ---p 00000000 00:00 0 
7f0191304000-7f0191400000 rw-p 00000000 00:00 0 
7f0191500000-7f0191504000 ---p 00000000 00:00 0 
7f0191504000-7f0191600000 rw-p 00000000 00:00 0 
7f0191600000-7f0191604000 ---p 00000000 00:00 0 
7f0191604000-7f0191700000 rw-p 00000000 00:00 0 
7f0191700000-7f0191704000 ---p 00000000 00:00 0 
7f0191704000-7f0191800000 rw-p 00000000 00:00 0 
7f0191800000-7f0191804000 ---p 00000000 00:00 0 
7f0191804000-7f0191900000 rw-p 00000000 00:00 0 
7f0191900000-7f0191904000 ---p 00000000 00:00 0 
7f0191904000-7f0191a00000 rw-p 00000000 00:00 0 
7f0191b00000-7f0191b04000 ---p 00000000 00:00 0 
7f0191b04000-7f0191c00000 rw-p 00000000 00:00 0 
7f0191c00000-7f0193d6a000 r-xp 00000000 00:d01 4611686019135190040       /nix/store/gpxl5qgg8kicmcvivwmybwjlpf7wh20l-graalvm17-ce-22.3.0/lib/libjvmcicompiler.so
7f0193d6a000-7f0193f69000 ---p 0216a000 00:d01 4611686019135190040       /nix/store/gpxl5qgg8kicmcvivwmybwjlpf7wh20l-graalvm17-ce-22.3.0/lib/libjvmcicompiler.so
7f0193f69000-7f0193f6a000 r--p 02169000 00:d01 4611686019135190040       /nix/store/gpxl5qgg8kicmcvivwmybwjlpf7wh20l-graalvm17-ce-22.3.0/lib/libjvmcicompiler.so
7f0193f6a000-7f0193f6c000 rw-p 0216a000 00:d01 4611686019135190040       /nix/store/gpxl5qgg8kicmcvivwmybwjlpf7wh20l-graalvm17-ce-22.3.0/lib/libjvmcicompiler.so
7f0193f6c000-7f0193f6d000 rw-p 00000000 00:00 0 
7f0193f6d000-7f0193f72000 rw-p 023c3000 00:d01 4611686019135190040       /nix/store/gpxl5qgg8kicmcvivwmybwjlpf7wh20l-graalvm17-ce-22.3.0/lib/libjvmcicompiler.so
7f0194000000-7f0194021000 rw-p 00000000 00:00 0 
7f0194021000-7f0198000000 ---p 00000000 00:00 0 
7f0198000000-7f0198021000 rw-p 00000000 00:00 0 
7f0198021000-7f019c000000 ---p 00000000 00:00 0 
7f019c000000-7f019c109000 rw-p 00000000 00:00 0 
7f019c109000-7f01a0000000 ---p 00000000 00:00 0 
7f01a0000000-7f01a0021000 rw-p 00000000 00:00 0 
7f01a0021000-7f01a4000000 ---p 00000000 00:00 0 
7f01a4000000-7f01a4118000 rw-p 00000000 00:00 0 
7f01a4118000-7f01a8000000 ---p 00000000 00:00 0 
7f01a8000000-7f01a8b69000 rw-p 00000000 00:00 0 
7f01a8b69000-7f01ac000000 ---p 00000000 00:00 0 
7f01ac000000-7f01ac021000 rw-p 00000000 00:00 0 
7f01ac021000-7f01b0000000 ---p 00000000 00:00 0 
7f01b0000000-7f01b0021000 rw-p 00000000 00:00 0 
7f01b0021000-7f01b4000000 ---p 00000000 00:00 0 
7f01b4000000-7f01b4021000 rw-p 00000000 00:00 0 
7f01b4021000-7f01b8000000 ---p 00000000 00:00 0 
7f01b8000000-7f01b8021000 rw-p 00000000 00:00 0 
7f01b8021000-7f01bc000000 ---p 00000000 00:00 0 
7f01bc000000-7f01bc021000 rw-p 00000000 00:00 0 
7f01bc021000-7f01c0000000 ---p 00000000 00:00 0 
7f01c0000000-7f01c0021000 rw-p 00000000 00:00 0 
7f01c0021000-7f01c4000000 ---p 00000000 00:00 0 
7f01c4000000-7f01c41ea000 rw-p 00000000 00:00 0 
7f01c41ea000-7f01c8000000 ---p 00000000 00:00 0 
7f01c8000000-7f01c8004000 ---p 00000000 00:00 0 
7f01c8004000-7f01c8100000 rw-p 00000000 00:00 0 
7f01c8200000-7f01c8204000 ---p 00000000 00:00 0 
7f01c8204000-7f01c8300000 rw-p 00000000 00:00 0 
7f01c8300000-7f01c8304000 ---p 00000000 00:00 0 
7f01c8304000-7f01c8400000 rw-p 00000000 00:00 0 
7f01c8400000-7f01c8404000 ---p 00000000 00:00 0 
7f01c8404000-7f01c8500000 rw-p 00000000 00:00 0 
7f01c8500000-7f01c8504000 ---p 00000000 00:00 0 
7f01c8504000-7f01c8600000 rw-p 00000000 00:00 0 
7f01c8600000-7f01c8604000 ---p 00000000 00:00 0 
7f01c8604000-7f01c8700000 rw-p 00000000 00:00 0 
7f01c9468000-7f01c9900000 rw-p 00000000 00:00 0 
7f01c9918000-7f01c9919000 ---p 00000000 00:00 0 
7f01c9919000-7f01c9a1a000 rw-p 00000000 00:00 0 
7f01c9a1a000-7f01c9a1e000 ---p 00000000 00:00 0 
7f01c9a1e000-7f01c9b1a000 rw-p 00000000 00:00 0 
7f01c9b1a000-7f01c9b1e000 ---p 00000000 00:00 0 
7f01c9b1e000-7f01c9c1a000 rw-p 00000000 00:00 0 
7f01c9c1a000-7f01c9c1e000 ---p 00000000 00:00 0 
7f01c9c1e000-7f01c9d1a000 rw-p 00000000 00:00 0 
7f01c9d1a000-7f01c9d1e000 ---p 00000000 00:00 0 
7f01c9d1e000-7f01c9f1a000 rw-p 00000000 00:00 0 
7f01c9f1a000-7f01c9f1e000 ---p 00000000 00:00 0 
7f01c9f1e000-7f01ca11a000 rw-p 00000000 00:00 0 
7f01ca11a000-7f01ca11e000 ---p 00000000 00:00 0 
7f01ca11e000-7f01ca21a000 rw-p 00000000 00:00 0 
7f01ca21a000-7f01ca21e000 ---p 00000000 00:00 0 
7f01ca21e000-7f01ca31a000 rw-p 00000000 00:00 0 
7f01ca31a000-7f01ca31e000 ---p 00000000 00:00 0 
7f01ca31e000-7f01ca41a000 rw-p 00000000 00:00 0 
7f01ca41a000-7f01ca700000 r--p 00000000 00:cf3 28444448                  /usr/lib/locale/locale-archive
7f01ca700000-7f01ca704000 ---p 00000000 00:00 0 
7f01ca704000-7f01cabf0000 rw-p 00000000 00:00 0 
7f01cabf0000-7f01caef0000 rw-p 00000000 00:00 0 
7f01caef0000-7f01cb000000 rw-p 00000000 00:00 0 
7f01cb0be000-7f01cb0c2000 ---p 00000000 00:00 0 
7f01cb0c2000-7f01cb0e0000 rw-p 00000000 00:00 0 
7f01cb0e0000-7f01cb0e4000 ---p 00000000 00:00 0 
7f01cb0e4000-7f01cb1e0000 rw-p 00000000 00:00 0 
7f01cb1e0000-7f01cb1e1000 ---p 00000000 00:00 0 
7f01cb1e1000-7f01cb2e2000 rw-p 00000000 00:00 0 
7f01cb2e2000-7f01cb3b0000 r-xp 00000000 00:d01 4611686019135190036       /nix/store/gpxl5qgg8kicmcvivwmybwjlpf7wh20l-graalvm17-ce-22.3.0/lib/libjsvml.so
7f01cb3b0000-7f01cb3b1000 r--p 000cd000 00:d01 4611686019135190036       /nix/store/gpxl5qgg8kicmcvivwmybwjlpf7wh20l-graalvm17-ce-22.3.0/lib/libjsvml.so
7f01cb3b1000-7f01cb3b2000 rw-p 000ce000 00:d01 4611686019135190036       /nix/store/gpxl5qgg8kicmcvivwmybwjlpf7wh20l-graalvm17-ce-22.3.0/lib/libjsvml.so
7f01cb3b2000-7f01cb4b3000 rw-p 00000000 00:00 0 
7f01cb4b3000-7f01cb723000 rwxp 00000000 00:00 0 
7f01cb723000-7f01cba42000 ---p 00000000 00:00 0 
7f01cba42000-7f01cd1a2000 rwxp 00000000 00:00 0 
7f01cd1a2000-7f01d2f7a000 ---p 00000000 00:00 0 
7f01d2f7a000-7f01d329a000 rwxp 00000000 00:00 0 
7f01d329a000-7f01da4b3000 ---p 00000000 00:00 0 
7f01da4b3000-7f01e4000000 r--s 00000000 00:d01 4611686019135192581       /nix/store/gpxl5qgg8kicmcvivwmybwjlpf7wh20l-graalvm17-ce-22.3.0/lib/modules
7f01e4000000-7f01e4402000 rw-p 00000000 00:00 0 
7f01e4402000-7f01e8000000 ---p 00000000 00:00 0 
7f01e801f000-7f01e8026000 r-xp 00000000 00:d01 4611686019135192580       /nix/store/gpxl5qgg8kicmcvivwmybwjlpf7wh20l-graalvm17-ce-22.3.0/lib/libzip.so
7f01e8026000-7f01e8027000 ---p 00007000 00:d01 4611686019135192580       /nix/store/gpxl5qgg8kicmcvivwmybwjlpf7wh20l-graalvm17-ce-22.3.0/lib/libzip.so
7f01e8027000-7f01e8028000 r--p 00007000 00:d01 4611686019135192580       /nix/store/gpxl5qgg8kicmcvivwmybwjlpf7wh20l-graalvm17-ce-22.3.0/lib/libzip.so
7f01e8028000-7f01e8029000 rw-p 00008000 00:d01 4611686019135192580       /nix/store/gpxl5qgg8kicmcvivwmybwjlpf7wh20l-graalvm17-ce-22.3.0/lib/libzip.so
7f01e8029000-7f01e802b000 rw-p 0000b000 00:d01 4611686019135192580       /nix/store/gpxl5qgg8kicmcvivwmybwjlpf7wh20l-graalvm17-ce-22.3.0/lib/libzip.so
7f01e802b000-7f01e8040000 r-xp 00000000 00:d01 4611686019135192570       /nix/store/gpxl5qgg8kicmcvivwmybwjlpf7wh20l-graalvm17-ce-22.3.0/lib/libnet.so
7f01e8040000-7f01e8041000 ---p 00015000 00:d01 4611686019135192570       /nix/store/gpxl5qgg8kicmcvivwmybwjlpf7wh20l-graalvm17-ce-22.3.0/lib/libnet.so
7f01e8041000-7f01e8042000 r--p 00015000 00:d01 4611686019135192570       /nix/store/gpxl5qgg8kicmcvivwmybwjlpf7wh20l-graalvm17-ce-22.3.0/lib/libnet.so
7f01e8042000-7f01e8043000 rw-p 00016000 00:d01 4611686019135192570       /nix/store/gpxl5qgg8kicmcvivwmybwjlpf7wh20l-graalvm17-ce-22.3.0/lib/libnet.so
7f01e8043000-7f01e8046000 rw-p 0001b000 00:d01 4611686019135192570       /nix/store/gpxl5qgg8kicmcvivwmybwjlpf7wh20l-graalvm17-ce-22.3.0/lib/libnet.so
7f01e8046000-7f01e8059000 r-xp 00000000 00:d01 4611686019135192571       /nix/store/gpxl5qgg8kicmcvivwmybwjlpf7wh20l-graalvm17-ce-22.3.0/lib/libnio.so
7f01e8059000-7f01e805a000 r--p 00012000 00:d01 4611686019135192571       /nix/store/gpxl5qgg8kicmcvivwmybwjlpf7wh20l-graalvm17-ce-22.3.0/lib/libnio.so
7f01e805a000-7f01e805b000 rw-p 00013000 00:d01 4611686019135192571       /nix/store/gpxl5qgg8kicmcvivwmybwjlpf7wh20l-graalvm17-ce-22.3.0/lib/libnio.so
7f01e805b000-7f01e8060000 rw-p 00019000 00:d01 4611686019135192571       /nix/store/gpxl5qgg8kicmcvivwmybwjlpf7wh20l-graalvm17-ce-22.3.0/lib/libnio.so
7f01e8060000-7f01e9837000 rw-p 00000000 00:00 0 
7f01e9837000-7f01e9838000 ---p 00000000 00:00 0 
7f01e9838000-7f01e99d8000 rw-p 00000000 00:00 0 
7f01e99d8000-7f01e9a11000 rw-p 00000000 00:00 0 
7f01e9a11000-7f01e9a39000 ---p 00000000 00:00 0 
7f01e9a39000-7f01e9a41000 rw-p 00000000 00:00 0 
7f01e9a41000-7f01e9b25000 ---p 00000000 00:00 0 
7f01e9b25000-7f01e9b54000 rw-p 00000000 00:00 0 
7f01e9b54000-7f01e9c10000 ---p 00000000 00:00 0 
7f01e9c10000-7f01e9c15000 rw-p 00000000 00:00 0 
7f01e9c15000-7f01e9c1c000 ---p 00000000 00:00 0 
7f01e9c1c000-7f01e9c40000 r-xp 00000000 00:d01 4611686019135190028       /nix/store/gpxl5qgg8kicmcvivwmybwjlpf7wh20l-graalvm17-ce-22.3.0/lib/libjava.so
7f01e9c40000-7f01e9c41000 ---p 00024000 00:d01 4611686019135190028       /nix/store/gpxl5qgg8kicmcvivwmybwjlpf7wh20l-graalvm17-ce-22.3.0/lib/libjava.so
7f01e9c41000-7f01e9c42000 r--p 00024000 00:d01 4611686019135190028       /nix/store/gpxl5qgg8kicmcvivwmybwjlpf7wh20l-graalvm17-ce-22.3.0/lib/libjava.so
7f01e9c42000-7f01e9c43000 rw-p 00025000 00:d01 4611686019135190028       /nix/store/gpxl5qgg8kicmcvivwmybwjlpf7wh20l-graalvm17-ce-22.3.0/lib/libjava.so
7f01e9c43000-7f01e9c44000 rw-p 00000000 00:00 0 
7f01e9c44000-7f01e9c4b000 rw-p 0002f000 00:d01 4611686019135190028       /nix/store/gpxl5qgg8kicmcvivwmybwjlpf7wh20l-graalvm17-ce-22.3.0/lib/libjava.so
7f01e9c4b000-7f01e9c53000 rw-s 00000000 00:cf0 661                       /tmp/hsperfdata_runner/230
7f01e9c53000-7f01e9c54000 ---p 00000000 00:00 0 
7f01e9c54000-7f01e9c55000 r--p 00000000 00:00 0 
7f01e9c55000-7f01e9c56000 rwxp 00000000 00:00 0 
7f01e9c56000-7f01e9c71000 r-xp 00000000 00:d01 4611686019135190032       /nix/store/gpxl5qgg8kicmcvivwmybwjlpf7wh20l-graalvm17-ce-22.3.0/lib/libjimage.so
7f01e9c71000-7f01e9c72000 ---p 0001b000 00:d01 4611686019135190032       /nix/store/gpxl5qgg8kicmcvivwmybwjlpf7wh20l-graalvm17-ce-22.3.0/lib/libjimage.so
7f01e9c72000-7f01e9c74000 r--p 0001b000 00:d01 4611686019135190032       /nix/store/gpxl5qgg8kicmcvivwmybwjlpf7wh20l-graalvm17-ce-22.3.0/lib/libjimage.so
7f01e9c74000-7f01e9c75000 rw-p 0001d000 00:d01 4611686019135190032       /nix/store/gpxl5qgg8kicmcvivwmybwjlpf7wh20l-graalvm17-ce-22.3.0/lib/libjimage.so
7f01e9c75000-7f01e9c76000 rw-p 00024000 00:d01 4611686019135190032       /nix/store/gpxl5qgg8kicmcvivwmybwjlpf7wh20l-graalvm17-ce-22.3.0/lib/libjimage.so
7f01e9c76000-7f01e9c7a000 ---p 00000000 00:00 0 
7f01e9c7a000-7f01e9d76000 rw-p 00000000 00:00 0 
7f01e9d76000-7f01e9d84000 r--p 00000000 00:d01 4611686019027979927       /nix/store/4nlgxhb09sdr51nc9hdm8az5b08vzkgx-glibc-2.35-163/lib/libm.so.6
7f01e9d84000-7f01e9df7000 r-xp 0000e000 00:d01 4611686019027979927       /nix/store/4nlgxhb09sdr51nc9hdm8az5b08vzkgx-glibc-2.35-163/lib/libm.so.6
7f01e9df7000-7f01e9e54000 r--p 00081000 00:d01 4611686019027979927       /nix/store/4nlgxhb09sdr51nc9hdm8az5b08vzkgx-glibc-2.35-163/lib/libm.so.6
7f01e9e54000-7f01e9e55000 r--p 000dd000 00:d01 4611686019027979927       /nix/store/4nlgxhb09sdr51nc9hdm8az5b08vzkgx-glibc-2.35-163/lib/libm.so.6
7f01e9e55000-7f01e9e56000 rw-p 000de000 00:d01 4611686019027979927       /nix/store/4nlgxhb09sdr51nc9hdm8az5b08vzkgx-glibc-2.35-163/lib/libm.so.6
7f01e9e56000-7f01e9e57000 r--p 00000000 00:d01 4611686019027979946       /nix/store/4nlgxhb09sdr51nc9hdm8az5b08vzkgx-glibc-2.35-163/lib/librt.so.1
7f01e9e57000-7f01e9e58000 r-xp 00001000 00:d01 4611686019027979946       /nix/store/4nlgxhb09sdr51nc9hdm8az5b08vzkgx-glibc-2.35-163/lib/librt.so.1
7f01e9e58000-7f01e9e59000 r--p 00002000 00:d01 4611686019027979946       /nix/store/4nlgxhb09sdr51nc9hdm8az5b08vzkgx-glibc-2.35-163/lib/librt.so.1
7f01e9e59000-7f01e9e5a000 r--p 00002000 00:d01 4611686019027979946       /nix/store/4nlgxhb09sdr51nc9hdm8az5b08vzkgx-glibc-2.35-163/lib/librt.so.1
7f01e9e5a000-7f01e9e5b000 rw-p 00003000 00:d01 4611686019027979946       /nix/store/4nlgxhb09sdr51nc9hdm8az5b08vzkgx-glibc-2.35-163/lib/librt.so.1
7f01e9e5b000-7f01eaf6e000 r-xp 00000000 00:d01 4611686019135360866       /nix/store/gpxl5qgg8kicmcvivwmybwjlpf7wh20l-graalvm17-ce-22.3.0/lib/server/libjvm.so
7f01eaf6e000-7f01eaf6f000 ---p 01113000 00:d01 4611686019135360866       /nix/store/gpxl5qgg8kicmcvivwmybwjlpf7wh20l-graalvm17-ce-22.3.0/lib/server/libjvm.so
7f01eaf6f000-7f01eb024000 r--p 01113000 00:d01 4611686019135360866       /nix/store/gpxl5qgg8kicmcvivwmybwjlpf7wh20l-graalvm17-ce-22.3.0/lib/server/libjvm.so
7f01eb024000-7f01eb058000 rw-p 011c8000 00:d01 4611686019135360866       /nix/store/gpxl5qgg8kicmcvivwmybwjlpf7wh20l-graalvm17-ce-22.3.0/lib/server/libjvm.so
7f01eb058000-7f01eb0b4000 rw-p 00000000 00:00 0 
7f01eb0b4000-7f01eb0dc000 r--p 00000000 00:d01 4611686019027979918       /nix/store/4nlgxhb09sdr51nc9hdm8az5b08vzkgx-glibc-2.35-163/lib/libc.so.6
7f01eb0dc000-7f01eb252000 r-xp 00028000 00:d01 4611686019027979918       /nix/store/4nlgxhb09sdr51nc9hdm8az5b08vzkgx-glibc-2.35-163/lib/libc.so.6
7f01eb252000-7f01eb2aa000 r--p 0019e000 00:d01 4611686019027979918       /nix/store/4nlgxhb09sdr51nc9hdm8az5b08vzkgx-glibc-2.35-163/lib/libc.so.6
7f01eb2aa000-7f01eb2ae000 r--p 001f6000 00:d01 4611686019027979918       /nix/store/4nlgxhb09sdr51nc9hdm8az5b08vzkgx-glibc-2.35-163/lib/libc.so.6
7f01eb2ae000-7f01eb2b0000 rw-p 001fa000 00:d01 4611686019027979918       /nix/store/4nlgxhb09sdr51nc9hdm8az5b08vzkgx-glibc-2.35-163/lib/libc.so.6
7f01eb2b0000-7f01eb2bf000 rw-p 00000000 00:00 0 
7f01eb2bf000-7f01eb2c0000 r--p 00000000 00:d01 4611686019027979923       /nix/store/4nlgxhb09sdr51nc9hdm8az5b08vzkgx-glibc-2.35-163/lib/libdl.so.2
7f01eb2c0000-7f01eb2c1000 r-xp 00001000 00:d01 4611686019027979923       /nix/store/4nlgxhb09sdr51nc9hdm8az5b08vzkgx-glibc-2.35-163/lib/libdl.so.2
7f01eb2c1000-7f01eb2c2000 r--p 00002000 00:d01 4611686019027979923       /nix/store/4nlgxhb09sdr51nc9hdm8az5b08vzkgx-glibc-2.35-163/lib/libdl.so.2
7f01eb2c2000-7f01eb2c3000 r--p 00002000 00:d01 4611686019027979923       /nix/store/4nlgxhb09sdr51nc9hdm8az5b08vzkgx-glibc-2.35-163/lib/libdl.so.2
7f01eb2c3000-7f01eb2c4000 rw-p 00003000 00:d01 4611686019027979923       /nix/store/4nlgxhb09sdr51nc9hdm8az5b08vzkgx-glibc-2.35-163/lib/libdl.so.2
7f01eb2c4000-7f01eb2c5000 r--p 00000000 00:d01 4611686019027979942       /nix/store/4nlgxhb09sdr51nc9hdm8az5b08vzkgx-glibc-2.35-163/lib/libpthread.so.0
7f01eb2c5000-7f01eb2c6000 r-xp 00001000 00:d01 4611686019027979942       /nix/store/4nlgxhb09sdr51nc9hdm8az5b08vzkgx-glibc-2.35-163/lib/libpthread.so.0
7f01eb2c6000-7f01eb2c7000 r--p 00002000 00:d01 4611686019027979942       /nix/store/4nlgxhb09sdr51nc9hdm8az5b08vzkgx-glibc-2.35-163/lib/libpthread.so.0
7f01eb2c7000-7f01eb2c8000 r--p 00002000 00:d01 4611686019027979942       /nix/store/4nlgxhb09sdr51nc9hdm8az5b08vzkgx-glibc-2.35-163/lib/libpthread.so.0
7f01eb2c8000-7f01eb2c9000 rw-p 00003000 00:d01 4611686019027979942       /nix/store/4nlgxhb09sdr51nc9hdm8az5b08vzkgx-glibc-2.35-163/lib/libpthread.so.0
7f01eb2c9000-7f01eb2d7000 r-xp 00000000 00:d01 4611686019135190033       /nix/store/gpxl5qgg8kicmcvivwmybwjlpf7wh20l-graalvm17-ce-22.3.0/lib/libjli.so
7f01eb2d7000-7f01eb2d8000 ---p 0000e000 00:d01 4611686019135190033       /nix/store/gpxl5qgg8kicmcvivwmybwjlpf7wh20l-graalvm17-ce-22.3.0/lib/libjli.so
7f01eb2d8000-7f01eb2d9000 r--p 0000e000 00:d01 4611686019135190033       /nix/store/gpxl5qgg8kicmcvivwmybwjlpf7wh20l-graalvm17-ce-22.3.0/lib/libjli.so
7f01eb2d9000-7f01eb2da000 rw-p 0000f000 00:d01 4611686019135190033       /nix/store/gpxl5qgg8kicmcvivwmybwjlpf7wh20l-graalvm17-ce-22.3.0/lib/libjli.so
7f01eb2da000-7f01eb2db000 rw-p 00012000 00:d01 4611686019135190033       /nix/store/gpxl5qgg8kicmcvivwmybwjlpf7wh20l-graalvm17-ce-22.3.0/lib/libjli.so
7f01eb2db000-7f01eb2de000 r--p 00000000 00:d01 4611686019106210071       /nix/store/026hln0aq1hyshaxsdvhg0kmcm6yf45r-zlib-1.2.13/lib/libz.so.1.2.13
7f01eb2de000-7f01eb2f0000 r-xp 00003000 00:d01 4611686019106210071       /nix/store/026hln0aq1hyshaxsdvhg0kmcm6yf45r-zlib-1.2.13/lib/libz.so.1.2.13
7f01eb2f0000-7f01eb2f7000 r--p 00015000 00:d01 4611686019106210071       /nix/store/026hln0aq1hyshaxsdvhg0kmcm6yf45r-zlib-1.2.13/lib/libz.so.1.2.13
7f01eb2f7000-7f01eb2f8000 r--p 0001b000 00:d01 4611686019106210071       /nix/store/026hln0aq1hyshaxsdvhg0kmcm6yf45r-zlib-1.2.13/lib/libz.so.1.2.13
7f01eb2f8000-7f01eb2f9000 rw-p 0001c000 00:d01 4611686019106210071       /nix/store/026hln0aq1hyshaxsdvhg0kmcm6yf45r-zlib-1.2.13/lib/libz.so.1.2.13
7f01eb2f9000-7f01eb2fb000 rw-p 00000000 00:00 0 
7f01eb2fb000-7f01eb2fd000 r--p 00000000 00:d01 4611686019027979912       /nix/store/4nlgxhb09sdr51nc9hdm8az5b08vzkgx-glibc-2.35-163/lib/ld-linux-x86-64.so.2
7f01eb2fd000-7f01eb324000 r-xp 00002000 00:d01 4611686019027979912       /nix/store/4nlgxhb09sdr51nc9hdm8az5b08vzkgx-glibc-2.35-163/lib/ld-linux-x86-64.so.2
7f01eb324000-7f01eb330000 r--p 00029000 00:d01 4611686019027979912       /nix/store/4nlgxhb09sdr51nc9hdm8az5b08vzkgx-glibc-2.35-163/lib/ld-linux-x86-64.so.2
7f01eb330000-7f01eb332000 r--p 00034000 00:d01 4611686019027979912       /nix/store/4nlgxhb09sdr51nc9hdm8az5b08vzkgx-glibc-2.35-163/lib/ld-linux-x86-64.so.2
7f01eb332000-7f01eb334000 rw-p 00036000 00:d01 4611686019027979912       /nix/store/4nlgxhb09sdr51nc9hdm8az5b08vzkgx-glibc-2.35-163/lib/ld-linux-x86-64.so.2
7ffc41f0e000-7ffc41f32000 rw-p 00000000 00:00 0                          [stack]
7ffc41f89000-7ffc41f8d000 r--p 00000000 00:00 0                          [vvar]
7ffc41f8d000-7ffc41f8f000 r-xp 00000000 00:00 0                          [vdso]
ffffffffff600000-ffffffffff601000 --xp 00000000 00:00 0                  [vsyscall]


VM Arguments:
jvm_args: -XX:ThreadPriorityPolicy=1 -XX:+UnlockExperimentalVMOptions -XX:+EnableJVMCIProduct -XX:JVMCIThreadsPerNativeLibraryRuntime=1 -XX:-UnlockExperimentalVMOptions -Declipse.application=org.eclipse.jdt.ls.core.id1 -Dosgi.bundles.defaultStartLevel=4 -Declipse.product=org.eclipse.jdt.ls.core.product -Dlog.level=ALL -Xverify:none -XX:+UseParallelGC -XX:GCTimeRatio=4 -XX:AdaptiveSizePolicyWeight=90 -Dsun.zip.disableMemoryMapping=true -Xmx512m -Xms100m 
java_command: /nix/store/a7s9klvriqi68xz3qjc0qyfl5h86xc16-jdt-language-server-1.9.0/share/java/plugins/org.eclipse.equinox.launcher_1.6.400.v20210924-0641.jar --add-modules=ALL-SYSTEM --add-opens java.base/java.util=ALL-UNNAMED --add-opens java.base/java.lang=ALL-UNNAMED -configuration /home/runner/.cache/jdt-language-server/config -data /home/runner/.cache/jdt-language-server/data/home/runner/ETL-with-git
java_class_path (initial): /nix/store/a7s9klvriqi68xz3qjc0qyfl5h86xc16-jdt-language-server-1.9.0/share/java/plugins/org.eclipse.equinox.launcher_1.6.400.v20210924-0641.jar
Launcher Type: SUN_STANDARD

[Global flags]
    uintx AdaptiveSizePolicyWeight                 = 90                                        {product} {command line}
     intx CICompilerCount                          = 2                                         {product} {ergonomic}
     bool EnableJVMCIProduct                       = true                                {JVMCI product} {jimage}
    uintx GCTimeRatio                              = 4                                         {product} {command line}
   size_t InitialHeapSize                          = 104857600                                 {product} {command line}
     uint JVMCIThreadsPerNativeLibraryRuntime      = 1                                   {JVMCI product} {jimage}
   size_t MaxHeapSize                              = 536870912                                 {product} {command line}
   size_t MaxNewSize                               = 178782208                                 {product} {ergonomic}
   size_t MinHeapDeltaBytes                        = 524288                                    {product} {ergonomic}
   size_t MinHeapSize                              = 104857600                                 {product} {command line}
   size_t NewSize                                  = 34603008                                  {product} {ergonomic}
    uintx NonNMethodCodeHeapSize                   = 5826188                                {pd product} {ergonomic}
    uintx NonProfiledCodeHeapSize                  = 122916026                              {pd product} {ergonomic}
   size_t OldSize                                  = 70254592                                  {product} {ergonomic}
    uintx ProfiledCodeHeapSize                     = 122916026                              {pd product} {ergonomic}
    uintx ReservedCodeCacheSize                    = 251658240                              {pd product} {ergonomic}
     bool SegmentedCodeCache                       = true                                      {product} {ergonomic}
   size_t SoftMaxHeapSize                          = 536870912                              {manageable} {ergonomic}
     intx ThreadPriorityPolicy                     = 1                                         {product} {jimage}
     bool UseCompressedClassPointers               = true                           {product lp64_product} {ergonomic}
     bool UseCompressedOops                        = true                           {product lp64_product} {ergonomic}
     bool UseParallelGC                            = true                                      {product} {command line}

Logging:
Log output configuration:
 #0: stdout all=warning uptime,level,tags
 #1: stderr all=off uptime,level,tags

Environment Variables:
JAVA_HOME=/nix/store/gpxl5qgg8kicmcvivwmybwjlpf7wh20l-graalvm17-ce-22.3.0
PATH=/nix/store/1d6ian3r8kdzspw8hacjhl3xkp40g1lj-binutils-wrapper-2.39/bin:/nix/store/dq0xwmsk1g0i2ayg6pb7y87na2knzylh-gcc-wrapper-11.3.0/bin:/nix/store/bap4d0lpcrhpwmpb8ayjcgkmvfj62lnq-bash-interactive-5.1-p16/bin:/nix/store/pr5n59mb4jzmfx6kanwxly0l07p861fg-patchelf-0.15.0/bin:/nix/store/1gf2flfqnpqbr1b4p4qz2f72y42bs56r-gcc-11.3.0/bin:/nix/store/57xv61c5zi8pphjbcwxxjlgc34p61ic9-glibc-2.35-163-bin/bin:/nix/store/a7gvj343m05j2s32xcnwr35v31ynlypr-coreutils-9.1/bin:/nix/store/039g378vc3pc3dvi9dzdlrd0i4q93qwf-binutils-2.39/bin:/nix/store/gpxl5qgg8kicmcvivwmybwjlpf7wh20l-graalvm17-ce-22.3.0/bin:/nix/store/6z9ag3ihc8mq2hzsw48lhbznvzny65nz-apache-maven-3.8.6/bin:/nix/store/a7s9klvriqi68xz3qjc0qyfl5h86xc16-jdt-language-server-1.9.0/bin:/nix/store/48ifl2w60a3zp7yskbpnvn8jp9jdsb7k-java-debug/bin:/nix/store/mydc6f4k2z73xlcz7ilif3v2lcaiqvza-findutils-4.9.0/bin:/nix/store/j9p3g8472iijd50vhdprx0nmk2fqn5gv-diffutils-3.8/bin:/nix/store/89zs7rms6x00xfq4dq6m7mjnhkr8a6r4-gnused-4.8/bin:/nix/store/86bp03jkmsl6f92w0yzg4s59g5mhxwmy-gnugrep-3.7/bin:/nix/store/hwcdqw4jrjnd37wxqgsd47hd0j8bnj09-gawk-5.1.1/bin:/nix/store/cfbhw8r8ags41vwqaz47r583d0p4h4a1-gnutar-1.34/bin:/nix/store/p3m1ndl1lapwrlh698bnb5lvvxh67378-gzip-1.12/bin:/nix/store/a8mhcagrsly7c7mpjrpsnaahk4aax056-bzip2-1.0.8-bin/bin:/nix/store/mblgz65m3zv9x548a3d5m96fj2pbwr09-gnumake-4.3/bin:/nix/store/dsd5gz46hdbdk2rfdimqddhq6m8m8fqs-bash-5.1-p16/bin:/nix/store/v7ljksji50mg3w61dykaa3n3y79n6nil-patch-2.7.6/bin:/nix/store/zlcnmqq14jz5x9439jf937mvayyl63da-xz-5.2.7-bin/bin:/nix/store/y6aj732zm9m87c82fpvf103a1xb22blp-file-5.43/bin:/nix/store/i4kzir3m7mrisxmf5xvlnkw01x4qaqr4-prybar-elisp-0.0.0-e0d9a52/bin:/nix/store/lwwivxf6h7x3cvxp9zv8sj0mv7dak99r-prybar-lua-0.0.0-e0d9a52/bin:/nix/store/gxj28g1cg4hq3qanmjv07156h800qr58-prybar-python3-0.0.0-e0d9a52/bin:/nix/store/hshkjnxrgidigf8x75vg6lqng2xlx9i3-prybar-sqlite-0.0.0-e0d9a52/bin:/nix/store/c4w01bpjgyy5ixmwdk8m1pw87zq4sl26-prybar-tcl-0.0.0-e0d9a52/bin:/nix/store/hpbvrlwd5viqmvcaisb3x0118i913a9n-st
LD_LIBRARY_PATH=/nix/store/a4pff549sk2idnkpzk5nsfps3mdkdnvm-cups-2.4.2-lib/lib:/nix/store/72mqxxhh3cy5yifh92wh2yb8cl2hikyy-cairo-1.16.0/lib:/nix/store/2k366jrbsra97gjfxwvrhvixjfxdach5-glib-2.74.1/lib:/nix/store/2j2znigd8ak37rlwh9khz0ry3clqlw1l-gtk+3-3.24.34/lib:/nix/store/hisqvx32cd57apbpcsnkpx6k3549wql1-libglvnd-1.4.0/lib:/nix/store/p36pgcv991mq5srvg765b78yqpxvk3qs-mesa-21.3.3-drivers/lib:/nix/store/mav4251if1ahjq5vkpwycyyvnmy459c4-pulseaudio-14.2/lib
DISPLAY=:0
LANG=en_US.UTF-8

Signal Handlers:
   SIGSEGV: crash_handler in libjvm.so, mask=11100100010111111101111111111110, flags=SA_RESTART|SA_SIGINFO
    SIGBUS: crash_handler in libjvm.so, mask=11100100010111111101111111111110, flags=SA_RESTART|SA_SIGINFO
    SIGFPE: crash_handler in libjvm.so, mask=11100100010111111101111111111110, flags=SA_RESTART|SA_SIGINFO
   SIGPIPE: IsolateEnterStub_IgnoreSIGPIPEStartupHook_noopSignalHandler_8f19bff2f35b5f630d83b364d6b2339320d4ec70_216e8361c6bc87a8f89f58cc10d3b2fd4415bf87 in libjvmcicompiler.so, mask=00000000000000000000000000000000, flags=SA_RESTART
  *** Handler was modified!
  *** Expected: javaSignalHandler in libjvm.so, mask=11100100110111111111111111111110, flags=SA_RESTART|SA_SIGINFO
   SIGXFSZ: javaSignalHandler in libjvm.so, mask=11100100010111111101111111111110, flags=SA_RESTART|SA_SIGINFO
    SIGILL: crash_handler in libjvm.so, mask=11100100010111111101111111111110, flags=SA_RESTART|SA_SIGINFO
   SIGUSR2: SR_handler in libjvm.so, mask=00000000000000000000000000000000, flags=SA_RESTART|SA_SIGINFO
    SIGHUP: UserHandler in libjvm.so, mask=11100100010111111101111111111110, flags=SA_RESTART|SA_SIGINFO
    SIGINT: UserHandler in libjvm.so, mask=11100100010111111101111111111110, flags=SA_RESTART|SA_SIGINFO
   SIGTERM: UserHandler in libjvm.so, mask=11100100010111111101111111111110, flags=SA_RESTART|SA_SIGINFO
   SIGQUIT: UserHandler in libjvm.so, mask=11100100010111111101111111111110, flags=SA_RESTART|SA_SIGINFO
  *** Handler was modified!
  *** Expected: javaSignalHandler in libjvm.so, mask=11100100110111111111111111111110, flags=SA_RESTART|SA_SIGINFO
   SIGTRAP: crash_handler in libjvm.so, mask=11100100010111111101111111111110, flags=SA_RESTART|SA_SIGINFO


---------------  S Y S T E M  ---------------

OS:
DISTRIB_ID=Ubuntu
DISTRIB_RELEASE=20.04
DISTRIB_CODENAME=focal
DISTRIB_DESCRIPTION="Ubuntu 20.04.2 LTS"
uname: Linux 6.2.0-1012-gcp #12~22.04.1-Ubuntu SMP Mon Aug 21 08:36:27 UTC 2023 x86_64
OS uptime: 0 days 0:39 hours
libc: glibc 2.35 NPTL 2.35 
rlimit (soft/hard): STACK 8192k/infinity , CORE infinity/infinity , NPROC infinity/infinity , NOFILE 5242/5242 , AS infinity/infinity , CPU infinity/infinity , DATA infinity/infinity , FSIZE infinity/infinity , MEMLOCK 8192k/8192k
load average: 9.91 7.55 5.68

/proc/meminfo:
MemTotal:       65835944 kB
MemFree:        44453060 kB
MemAvailable:   55558368 kB
Buffers:         1022128 kB
Cached:         10015176 kB
SwapCached:            0 kB
Active:          3722432 kB
Inactive:       16141256 kB
Active(anon):       8652 kB
Inactive(anon):  8629996 kB
Active(file):    3713780 kB
Inactive(file):  7511260 kB
Unevictable:       28472 kB
Mlocked:           28472 kB
SwapTotal:             0 kB
SwapFree:              0 kB
Zswap:                 0 kB
Zswapped:              0 kB
Dirty:              2868 kB
Writeback:             0 kB
AnonPages:       8768576 kB
Mapped:          1414180 kB
Shmem:             16092 kB
KReclaimable:     606720 kB
Slab:             960716 kB
SReclaimable:     606720 kB
SUnreclaim:       353996 kB
KernelStack:      104288 kB
PageTables:       132944 kB
SecPageTables:         0 kB
NFS_Unstable:          0 kB
Bounce:                0 kB
WritebackTmp:          0 kB
CommitLimit:    32917972 kB
Committed_AS:   36347284 kB
VmallocTotal:   34359738367 kB
VmallocUsed:      128188 kB
VmallocChunk:          0 kB
Percpu:            20448 kB
HardwareCorrupted:     0 kB
AnonHugePages:    217088 kB
ShmemHugePages:        0 kB
ShmemPmdMapped:        0 kB
FileHugePages:         0 kB
FilePmdMapped:         0 kB
HugePages_Total:       0
HugePages_Free:        0
HugePages_Rsvd:        0
HugePages_Surp:        0
Hugepagesize:       2048 kB
Hugetlb:               0 kB
DirectMap4k:      262968 kB
DirectMap2M:     9170944 kB
DirectMap1G:    59768832 kB

/sys/kernel/mm/transparent_hugepage/enabled: always [madvise] never
/sys/kernel/mm/transparent_hugepage/defrag (defrag/compaction efforts parameter): always defer defer+madvise [madvise] never

Process Memory:
Virtual Size: 5465156K (peak: 5537576K)
Resident Set Size: 796524K (peak: 833440K) (anon: 600092K, file: 196432K, shmem: 0K)
Swapped out: 0K
C-Heap outstanding allocations: 40881K, retained: 16298K
glibc malloc tunables: (default)

/proc/sys/kernel/threads-max (system-wide limit on the number of threads): 514277
/proc/sys/vm/max_map_count (maximum number of memory map areas a process may have): 65530
/proc/sys/kernel/pid_max (system-wide limit on number of process identifiers): 4194304

container (cgroup) information:
container_type: cgroupv2
cpu_cpuset_cpus: not supported
cpu_memory_nodes: not supported
active_processor_count: 1
cpu_quota: 50000
cpu_period: 100000
cpu_shares: no shares
memory_limit_in_bytes: 1048576 k
memory_and_swap_limit_in_bytes: unlimited
memory_soft_limit_in_bytes: 524288 k
memory_usage_in_bytes: 679712 k
memory_max_usage_in_bytes: not supported
maximum number of tasks: not supported
current number of tasks: not supported

KVM virtualization detected
Steal ticks since vm start: 768
Steal ticks percentage since vm start:  0.001

CPU: total 8 (initial active 1) (4 cores per cpu, 2 threads per core) family 6 model 79 stepping 0 microcode 0xffffffff, cx8, cmov, fxsr, ht, mmx, 3dnowpref, sse, sse2, sse3, ssse3, sse4.1, sse4.2, popcnt, lzcnt, tsc, tscinvbit, avx, avx2, aes, erms, clmul, bmi1, bmi2, rtm, adx, fma, vzeroupper, clflush, hv
CPU Model and flags from /proc/cpuinfo:
model name	: Intel(R) Xeon(R) CPU @ 2.20GHz
flags		: fpu vme de pse tsc msr pae mce cx8 apic sep mtrr pge mca cmov pat pse36 clflush mmx fxsr sse sse2 ss ht syscall nx pdpe1gb rdtscp lm constant_tsc rep_good nopl xtopology nonstop_tsc cpuid tsc_known_freq pni pclmulqdq ssse3 fma cx16 pcid sse4_1 sse4_2 x2apic movbe popcnt aes xsave avx f16c rdrand hypervisor lahf_lm abm 3dnowprefetch invpcid_single pti ssbd ibrs ibpb stibp fsgsbase tsc_adjust bmi1 hle avx2 smep bmi2 erms invpcid rtm rdseed adx smap xsaveopt arat md_clear arch_capabilities

Online cpus: 0-7
Offline cpus: 
BIOS frequency limitation: <Not Available>
Frequency switch latency (ns): <Not Available>
Available cpu frequencies: <Not Available>
Current governor: <Not Available>
Core performance/turbo boost: <Not Available>

Memory: 4k page, physical 1048576k(368852k free), swap 0k(0k free)
Page Sizes: 4k

vm_info: OpenJDK 64-Bit Server VM (17.0.5+8-jvmci-22.3-b08) for linux-amd64 JRE (17.0.5+8-jvmci-22.3-b08), built on Oct 19 2022 09:01:27 by "buildslave" with gcc 10.3.0

END.
