#
# A fatal error has been detected by the Java Runtime Environment:
#
#  Internal Error (jvmciRuntime.cpp:1609), pid=227, tid=245
#  fatal error: Fatal exception in JVMCI: Error calling jdk.vm.ci.services.Services.serializeSavedProperties
#
# JRE version: OpenJDK Runtime Environment GraalVM CE 22.3.0 (17.0.5+8) (build 17.0.5+8-jvmci-22.3-b08)
# Java VM: OpenJDK 64-Bit Server VM GraalVM CE 22.3.0 (17.0.5+8-jvmci-22.3-b08, mixed mode, sharing, tiered, jvmci, jvmci compiler, compressed oops, compressed class ptrs, parallel gc, linux-amd64)
# Problematic frame:
# V  [libjvm.so+0x972714]  JVMCIRuntime::fatal_exception(JVMCIEnv*, char const*)+0x74
#
# Core dump will be written. Default location: Core dumps may be processed with "/usr/share/apport/apport -p%p -s%s -c%c -d%d -P%P -u%u -g%g -- %E" (or dumping to /home/runner/ETL-with-git/core.227)
#
# If you would like to submit a bug report, please visit:
#   https://github.com/oracle/graal/issues
#

---------------  S U M M A R Y ------------

Command Line: -XX:ThreadPriorityPolicy=1 -XX:+UnlockExperimentalVMOptions -XX:+EnableJVMCIProduct -XX:JVMCIThreadsPerNativeLibraryRuntime=1 -XX:-UnlockExperimentalVMOptions -Declipse.application=org.eclipse.jdt.ls.core.id1 -Dosgi.bundles.defaultStartLevel=4 -Declipse.product=org.eclipse.jdt.ls.core.product -Dlog.level=ALL -Xverify:none -XX:+UseParallelGC -XX:GCTimeRatio=4 -XX:AdaptiveSizePolicyWeight=90 -Dsun.zip.disableMemoryMapping=true -Xmx512m -Xms100m /nix/store/a7s9klvriqi68xz3qjc0qyfl5h86xc16-jdt-language-server-1.9.0/share/java/plugins/org.eclipse.equinox.launcher_1.6.400.v20210924-0641.jar --add-modules=ALL-SYSTEM --add-opens java.base/java.util=ALL-UNNAMED --add-opens java.base/java.lang=ALL-UNNAMED -configuration /home/runner/.cache/jdt-language-server/config -data /home/runner/.cache/jdt-language-server/data/home/runner/ETL-with-git

Host: AMD EPYC 7B12, 4 cores, 1G, Ubuntu 20.04.2 LTS
Time: Fri Sep 15 14:39:54 2023 UTC elapsed time: 1338.131639 seconds (0d 0h 22m 18s)

---------------  T H R E A D  ---------------

Current thread (0x00007f12140b1d10):  JavaThread "JVMCI-native CompilerThread0" daemon [_thread_in_vm, id=245, stack(0x00007f11fa41a000,0x00007f11fa61a000)]


Current CompileTask:
JVMCI-native:1338131 12319  s    4       org.eclipse.jdt.internal.core.search.processing.JobManager::currentJob (35 bytes)

Stack: [0x00007f11fa41a000,0x00007f11fa61a000],  sp=0x00007f11fa618380,  free space=2040k
Native frames: (J=compiled Java code, j=interpreted, Vv=VM code, C=native code)
V  [libjvm.so+0x972714]  JVMCIRuntime::fatal_exception(JVMCIEnv*, char const*)+0x74
V  [libjvm.so+0x93e2fe]  JVMCIEnv::copy_saved_properties()+0x14e
V  [libjvm.so+0x9732a9]  JVMCIRuntime::initialize(JVMCIEnv*)+0xb19
V  [libjvm.so+0x9738a2]  JVMCIRuntime::get_HotSpotJVMCIRuntime(JVMCIEnv*)+0x12
V  [libjvm.so+0x9749f2]  JVMCIRuntime::compile_method(JVMCIEnv*, JVMCICompiler*, methodHandle const&, int)+0xd2
V  [libjvm.so+0x5b0d20]  CompileBroker::invoke_compiler_on_method(CompileTask*)+0x1470
V  [libjvm.so+0x5b12e8]  CompileBroker::compiler_thread_loop()+0x528
V  [libjvm.so+0xd82460]  JavaThread::thread_main_inner()+0xd0
V  [libjvm.so+0xd85a40]  Thread::call_run()+0xc0
V  [libjvm.so+0xbdb1e1]  thread_native_entry(Thread*)+0xe1

Register to memory mapping:

RAX=0x00007f121a164000 points into unknown readable memory: 0x0000000000000058 | 58 00 00 00 00 00 00 00
RBX=0x00007f121b25f398: <offset 0x0000000000ef5398> in /nix/store/gpxl5qgg8kicmcvivwmybwjlpf7wh20l-graalvm17-ce-22.3.0/lib/server/libjvm.so at 0x00007f121a36a000
RCX=0x00007f121b2171e8: <offset 0x0000000000ead1e8> in /nix/store/gpxl5qgg8kicmcvivwmybwjlpf7wh20l-graalvm17-ce-22.3.0/lib/server/libjvm.so at 0x00007f121a36a000
RDX=0x0000000000000649 is an unknown value
RSP=0x00007f11fa618380 is pointing into the stack for thread: 0x00007f12140b1d10
RBP=0x00007f11fa6183a0 is pointing into the stack for thread: 0x00007f12140b1d10
RSI=0x00007f121b25fc48: <offset 0x0000000000ef5c48> in /nix/store/gpxl5qgg8kicmcvivwmybwjlpf7wh20l-graalvm17-ce-22.3.0/lib/server/libjvm.so at 0x00007f121a36a000
RDI=0x00000000e0000000 is an oop: [B 
{0x00000000e0000000} - klass: {type array byte}
 - length: 44
R8 =0x00007f121b25f398: <offset 0x0000000000ef5398> in /nix/store/gpxl5qgg8kicmcvivwmybwjlpf7wh20l-graalvm17-ce-22.3.0/lib/server/libjvm.so at 0x00007f121a36a000
R9 =0x00007f11fa618330 is pointing into the stack for thread: 0x00007f12140b1d10
R10=0x00007f11fa619948 is pointing into the stack for thread: 0x00007f12140b1d10
R11=0x0000000000000293 is an unknown value
R12=0x0 is NULL
R13=0x00007f12140b1d10 is a thread
R14=0x00007f1214000b80 points into unknown readable memory: 0x00007f121b490a38 | 38 0a 49 1b 12 7f 00 00
R15=0x00007f121b59ee40: <offset 0x0000000001234e40> in /nix/store/gpxl5qgg8kicmcvivwmybwjlpf7wh20l-graalvm17-ce-22.3.0/lib/server/libjvm.so at 0x00007f121a36a000


Registers:
RAX=0x00007f121a164000, RBX=0x00007f121b25f398, RCX=0x00007f121b2171e8, RDX=0x0000000000000649
RSP=0x00007f11fa618380, RBP=0x00007f11fa6183a0, RSI=0x00007f121b25fc48, RDI=0x00000000e0000000
R8 =0x00007f121b25f398, R9 =0x00007f11fa618330, R10=0x00007f11fa619948, R11=0x0000000000000293
R12=0x0000000000000000, R13=0x00007f12140b1d10, R14=0x00007f1214000b80, R15=0x00007f121b59ee40
RIP=0x00007f121acdc714, EFLAGS=0x0000000000010206, CSGSFS=0x002b000000000033, ERR=0x0000000000000006
  TRAPNO=0x000000000000000e

Top of Stack: (sp=0x00007f11fa618380)
0x00007f11fa618380:   00007f11fa618940 00007f12140b1d10
0x00007f11fa618390:   00007f1218af58c8 0000000800c417a0
0x00007f11fa6183a0:   00007f11fa618500 00007f121aca82fe
0x00007f11fa6183b0:   00007f11fa6183e0 00007f11fa618440 

Instructions: (pc=0x00007f121acdc714)
0x00007f121acdc614:   30 e8 f6 cf e8 ff 4c 89 e7 e8 2e 48 d1 ff 84 db
0x00007f121acdc624:   75 2a 4d 85 ed 74 04 4d 8b 6d 00 48 83 c4 08 44
0x00007f121acdc634:   89 f9 4c 89 f2 4c 89 ee 5b 4c 89 e7 41 5c 41 5d
0x00007f121acdc644:   41 5e 41 5f 5d e9 e2 47 d1 ff 66 90 48 83 c4 08
0x00007f121acdc654:   5b 41 5c 41 5d 41 5e 41 5f 5d c3 90 31 d2 be 08
0x00007f121acdc664:   00 00 00 4c 89 ff e8 b1 78 a3 ff 49 89 c5 e9 37
0x00007f121acdc674:   ff ff ff 66 0f 1f 84 00 00 00 00 00 48 8b 7a 08
0x00007f121acdc684:   e9 6d ff ff ff 0f 1f 80 00 00 00 00 e8 5b 48 0a
0x00007f121acdc694:   00 84 c0 75 89 e9 6a ff ff ff 66 90 55 48 89 e5
0x00007f121acdc6a4:   41 56 41 55 41 54 49 89 fc 53 48 89 f3 66 48 8d
0x00007f121acdc6b4:   3d 27 5e 85 00 66 66 48 e8 df 43 8d ff 4c 8b 28
0x00007f121acdc6c4:   8b 05 be 72 8a 00 85 c0 75 14 ba 01 00 00 00 48
0x00007f121acdc6d4:   8d 0d ae 72 8a 00 f0 0f b1 11 85 c0 74 4e be c8
0x00007f121acdc6e4:   00 00 00 4c 89 ef e8 01 0b 41 00 48 8d 05 12 ac
0x00007f121acdc6f4:   85 00 49 89 d8 48 8d 0d e8 aa 53 00 ba 49 06 00
0x00007f121acdc704:   00 48 8d 35 3c 35 58 00 bf 00 00 00 e0 48 8b 00
0x00007f121acdc714:   c6 00 58 31 c0 e8 e2 91 c6 ff 5b 41 5c 41 5d 41
0x00007f121acdc724:   5e 5d e9 55 34 26 00 0f 1f 44 00 00 48 8d 05 81
0x00007f121acdc734:   a3 8b 00 48 89 df 4c 8b 30 e8 9e 43 8d ff 48 89
0x00007f121acdc744:   de 48 89 c2 49 8b 06 4c 89 f7 ff 50 08 4c 89 f7
0x00007f121acdc754:   e8 a7 5c 27 00 4d 85 e4 74 12 be 01 00 00 00 4c
0x00007f121acdc764:   89 e7 e8 35 43 fc ff eb 82 0f 1f 00 be 01 00 00
0x00007f121acdc774:   00 4c 89 ef e8 d3 fd ff ff e9 6d ff ff ff 66 66
0x00007f121acdc784:   2e 0f 1f 84 00 00 00 00 00 0f 1f 00 55 48 89 e5
0x00007f121acdc794:   41 57 41 56 41 55 41 54 53 48 81 ec 08 02 00 00
0x00007f121acdc7a4:   64 48 8b 04 25 28 00 00 00 48 89 45 c8 8b 07 83
0x00007f121acdc7b4:   f8 02 0f 84 11 04 00 00 4c 8b 6f 18 49 89 ff 49
0x00007f121acdc7c4:   89 f4 4d 85 ed 74 14 4c 89 ef e8 5d 57 22 00 41
0x00007f121acdc7d4:   8b 07 83 f8 02 0f 84 19 04 00 00 48 8d 1d 9a 06
0x00007f121acdc7e4:   8a 00 4c 8d 35 0b 3c 58 00 eb 38 90 48 85 d2 7f
0x00007f121acdc7f4:   0d 48 8d 05 b4 c0 85 00 48 83 38 00 7e 0e 41 8b
0x00007f121acdc804:   77 2c 4c 89 f7 31 c0 e8 a0 b2 f7 ff 49 8b 7f 18 


Stack slot to memory mapping:
stack at sp + 0 slots: 0x00007f11fa618940 is pointing into the stack for thread: 0x00007f12140b1d10
stack at sp + 1 slots: 0x00007f12140b1d10 is a thread
stack at sp + 2 slots: 0x00007f1218af58c8 points into unknown readable memory: 0x65730018052dffff | ff ff 2d 05 18 00 73 65
stack at sp + 3 slots: 0x0000000800c417a0 is a pointer to class: 
jdk.vm.ci.services.Services {0x0000000800c417a0}
 - instance size:     2
 - klass size:        65
 - access:            public final synchronized 
 - state:             fully_initialized
 - name:              'jdk/vm/ci/services/Services'
 - super:             'java/lang/Object'
 - sub:               
 - arrays:            NULL
 - methods:           Array<T>(0x00007f11fac43790)
 - method ordering:   Array<T>(0x0000000800928960)
 - default_methods:   Array<T>(0x0000000000000000)
 - local interfaces:  Array<T>(0x00000008005ce810)
 - trans. interfaces: Array<T>(0x00000008005ce810)
 - constants:         constant pool [427] {0x00007f11fac42870} for 'jdk/vm/ci/services/Services' cache=0x00007f11fac44bd0
 - class loader data:  loader data: 0x00007f1214027cc0 of 'bootstrap'
 - source file:       'Services.java'
 - class annotations:       Array<T>(0x0000000000000000)
 - class type annotations:  Array<T>(0x0000000000000000)
 - field annotations:       Array<T>(0x0000000000000000)
 - field type annotations:  Array<T>(0x0000000000000000)
 - inner classes:     Array<T>(0x00007f11fac44ba0)
 - nest members:     Array<T>(0x00007f11fac44bc0)
 - permitted subclasses:     Array<T>(0x00000008005ce7a0)
 - java mirror:       a 'java/lang/Class'{0x00000000e02aef88} = 'jdk/vm/ci/services/Services'
 - vtable length      5  (start addr: 0x0000000800c41970)
 - itable length      2 (start addr: 0x0000000800c41998)
 - ---- static fields (3 words):
 - public static final 'IS_BUILDING_NATIVE_IMAGE' 'Z' @128 
 - public static final 'IS_IN_NATIVE_IMAGE' 'Z' @129 
 - private static volatile 'savedProperties' 'Ljava/util/Map;' @112 
 - static final 'JVMCI_ENABLED' 'Z' @130 
 - private static final 'servicesCache' 'Ljava/util/Map;' @116 
 - private static final 'MAX_UNICODE_IN_UTF8_LENGTH' 'I' @120 
 - private static final 'MAX_UTF8_PROPERTY_STRING_LENGTH' 'I' @124 
 - ---- non-static fields (0 words):
 - non-static oop maps: 
stack at sp + 4 slots: 0x00007f11fa618500 is pointing into the stack for thread: 0x00007f12140b1d10
stack at sp + 5 slots: 0x00007f121aca82fe: <offset 0x000000000093e2fe> in /nix/store/gpxl5qgg8kicmcvivwmybwjlpf7wh20l-graalvm17-ce-22.3.0/lib/server/libjvm.so at 0x00007f121a36a000
stack at sp + 6 slots: 0x00007f11fa6183e0 is pointing into the stack for thread: 0x00007f12140b1d10
stack at sp + 7 slots: 0x00007f11fa618440 is pointing into the stack for thread: 0x00007f12140b1d10


---------------  P R O C E S S  ---------------

Threads class SMR info:
_java_thread_list=0x00007f11982db7a0, length=40, elements={
0x00007f1214025f60, 0x00007f12140a5fd0, 0x00007f12140a7410, 0x00007f12140adb80,
0x00007f12140aef30, 0x00007f12140b0320, 0x00007f12140b1d10, 0x00007f12140b3220,
0x00007f12140b4670, 0x00007f12140d7360, 0x00007f121411f7b0, 0x00007f12142e62d0,
0x00007f121432dff0, 0x00007f1214331160, 0x00007f11a802f420, 0x00007f11a840c570,
0x00007f11a846e1d0, 0x00007f11a85d6dd0, 0x00007f11a8786ac0, 0x00007f121437bf10,
0x00007f1214411380, 0x00007f11ac001800, 0x00007f11a4108010, 0x00007f11a0178ae0,
0x00007f11a01799b0, 0x00007f11a017b8d0, 0x00007f11a017c990, 0x00007f11a015da70,
0x00007f11a015eb30, 0x00007f11a015fc70, 0x00007f11a0160d80, 0x00007f11a0161ea0,
0x00007f11a0162fc0, 0x00007f11a0184650, 0x00007f11a0185a10, 0x00007f11a0187e90,
0x00007f11a0189690, 0x00007f11a01749f0, 0x00007f11a0183760, 0x00007f11980074f0
}

Java Threads: ( => current thread )
  0x00007f1214025f60 JavaThread "main" [_thread_blocked, id=233, stack(0x00007f121a185000,0x00007f121a285000)]
  0x00007f12140a5fd0 JavaThread "Reference Handler" daemon [_thread_blocked, id=238, stack(0x00007f121819c000,0x00007f121829c000)]
  0x00007f12140a7410 JavaThread "Finalizer" daemon [_thread_blocked, id=241, stack(0x00007f121809c000,0x00007f121819c000)]
  0x00007f12140adb80 JavaThread "Signal Dispatcher" daemon [_thread_blocked, id=242, stack(0x00007f11fa81a000,0x00007f11fa91a000)]
  0x00007f12140aef30 JavaThread "Service Thread" daemon [_thread_blocked, id=243, stack(0x00007f11fa71a000,0x00007f11fa81a000)]
  0x00007f12140b0320 JavaThread "Monitor Deflation Thread" daemon [_thread_blocked, id=244, stack(0x00007f11fa61a000,0x00007f11fa71a000)]
=>0x00007f12140b1d10 JavaThread "JVMCI-native CompilerThread0" daemon [_thread_in_vm, id=245, stack(0x00007f11fa41a000,0x00007f11fa61a000)]
  0x00007f12140b3220 JavaThread "C1 CompilerThread0" daemon [_thread_blocked, id=246, stack(0x00007f11fa21a000,0x00007f11fa41a000)]
  0x00007f12140b4670 JavaThread "Sweeper thread" daemon [_thread_blocked, id=247, stack(0x00007f11fa11a000,0x00007f11fa21a000)]
  0x00007f12140d7360 JavaThread "Common-Cleaner" daemon [_thread_blocked, id=249, stack(0x00007f11fa01a000,0x00007f11fa11a000)]
  0x00007f121411f7b0 JavaThread "Notification Thread" daemon [_thread_blocked, id=250, stack(0x00007f11f9f1a000,0x00007f11fa01a000)]
  0x00007f12142e62d0 JavaThread "Active Thread: Equinox Container: deb25fbb-8ff5-4c5c-9027-a0ff1660e4ba" [_thread_blocked, id=274, stack(0x00007f11f8b00000,0x00007f11f8c00000)]
  0x00007f121432dff0 JavaThread "Framework Event Dispatcher: Equinox Container: deb25fbb-8ff5-4c5c-9027-a0ff1660e4ba" daemon [_thread_blocked, id=275, stack(0x00007f11f8900000,0x00007f11f8a00000)]
  0x00007f1214331160 JavaThread "Start Level: Equinox Container: deb25fbb-8ff5-4c5c-9027-a0ff1660e4ba" daemon [_thread_blocked, id=276, stack(0x00007f11f8700000,0x00007f11f8800000)]
  0x00007f11a802f420 JavaThread "SCR Component Actor" daemon [_thread_blocked, id=277, stack(0x00007f11f8500000,0x00007f11f8600000)]
  0x00007f11a840c570 JavaThread "Worker-JM" [_thread_blocked, id=283, stack(0x00007f11f8100000,0x00007f11f8200000)]
  0x00007f11a846e1d0 JavaThread "Worker-0" [_thread_blocked, id=288, stack(0x00007f11c1b00000,0x00007f11c1c00000)]
  0x00007f11a85d6dd0 JavaThread "Java indexing" daemon [_thread_blocked, id=290, stack(0x00007f11c1700000,0x00007f11c1800000)]
  0x00007f11a8786ac0 JavaThread "Bundle File Closer" daemon [_thread_blocked, id=291, stack(0x00007f11c1500000,0x00007f11c1600000)]
  0x00007f121437bf10 JavaThread "pool-3-thread-1" [_thread_blocked, id=296, stack(0x00007f11c1300000,0x00007f11c1400000)]
  0x00007f1214411380 JavaThread "pool-2-thread-1" [_thread_blocked, id=302, stack(0x00007f11c0f00000,0x00007f11c1000000)]
  0x00007f11ac001800 JavaThread "Worker-4: Java indexing... " [_thread_blocked, id=304, stack(0x00007f11c0b00000,0x00007f11c0c00000)]
  0x00007f11a4108010 JavaThread "Worker-5: Compacting resource model" [_thread_blocked, id=361, stack(0x00007f11f8300000,0x00007f11f8400000)]
  0x00007f11a0178ae0 JavaThread "Thread-7" [_thread_blocked, id=472, stack(0x00007f11c1a00000,0x00007f11c1b00000)]
  0x00007f11a01799b0 JavaThread "Thread-8" [_thread_blocked, id=473, stack(0x00007f11c1800000,0x00007f11c1900000)]
  0x00007f11a017b8d0 JavaThread "Thread-9" [_thread_blocked, id=474, stack(0x00007f11c1200000,0x00007f11c1300000)]
  0x00007f11a017c990 JavaThread "Thread-10" [_thread_blocked, id=475, stack(0x00007f11c1000000,0x00007f11c1100000)]
  0x00007f11a015da70 JavaThread "Thread-11" [_thread_blocked, id=476, stack(0x00007f11c0e00000,0x00007f11c0f00000)]
  0x00007f11a015eb30 JavaThread "Thread-12" [_thread_blocked, id=477, stack(0x00007f11c0c00000,0x00007f11c0d00000)]
  0x00007f11a015fc70 JavaThread "Thread-13" [_thread_blocked, id=478, stack(0x00007f11c0a00000,0x00007f11c0b00000)]
  0x00007f11a0160d80 JavaThread "Thread-14" [_thread_blocked, id=479, stack(0x00007f11c0800000,0x00007f11c0900000)]
  0x00007f11a0161ea0 JavaThread "Thread-15" [_thread_blocked, id=480, stack(0x00007f11c0600000,0x00007f11c0700000)]
  0x00007f11a0162fc0 JavaThread "Thread-16" [_thread_blocked, id=481, stack(0x00007f11c0300000,0x00007f11c0400000)]
  0x00007f11a0184650 JavaThread "Thread-18" [_thread_blocked, id=483, stack(0x00007f11bff00000,0x00007f11c0000000)]
  0x00007f11a0185a10 JavaThread "Thread-19" [_thread_blocked, id=492, stack(0x00007f11bfd00000,0x00007f11bfe00000)]
  0x00007f11a0187e90 JavaThread "Thread-21" [_thread_blocked, id=494, stack(0x00007f11bf900000,0x00007f11bfa00000)]
  0x00007f11a0189690 JavaThread "Thread-22" [_thread_blocked, id=495, stack(0x00007f11bf700000,0x00007f11bf800000)]
  0x00007f11a01749f0 JavaThread "Thread-23" [_thread_blocked, id=592, stack(0x00007f11f8600000,0x00007f11f8700000)]
  0x00007f11a0183760 JavaThread "Thread-24" [_thread_blocked, id=633, stack(0x00007f11f8800000,0x00007f11f8900000)]
  0x00007f11980074f0 JavaThread "Worker-6: Validate documents" [_thread_blocked, id=1861, stack(0x00007f11c1900000,0x00007f11c1a00000)]

Other Threads:
  0x00007f12140a1710 VMThread "VM Thread" [stack: 0x00007f121829e000,0x00007f121839e000] [id=236] _threads_hazard_ptr=0x00007f11982db7a0
  0x00007f1214121150 WatcherThread [stack: 0x00007f11f9e1a000,0x00007f11f9f1a000] [id=251]
  0x00007f121403d870 GCTaskThread "GC Thread#0" [stack: 0x00007f1219d48000,0x00007f1219e48000] [id=234]

Threads with active compile tasks:
JVMCI-native CompilerThread0  1338240 12319  s    4       org.eclipse.jdt.internal.core.search.processing.JobManager::currentJob (35 bytes)

VM state: synchronizing (normal execution)

VM Mutex/Monitor currently owned by a thread:  ([mutex/lock_event])
[0x00007f1214023110] Threads_lock - owner thread: 0x00007f12140a1710
[0x00007f12140238c0] Heap_lock - owner thread: 0x00007f11a0183760

OutOfMemory and StackOverflow Exception counts:
OutOfMemoryError java_heap_errors=3
LinkageErrors=65

Heap address: 0x00000000e0000000, size: 512 MB, Compressed Oops mode: 32-bit

CDS archive(s) mapped at: [0x0000000800000000-0x0000000800bc8000-0x0000000800bc8000), size 12353536, SharedBaseAddress: 0x0000000800000000, ArchiveRelocationMode: 0.
Compressed class space mapped at: 0x0000000800c00000-0x0000000840c00000, reserved size: 1073741824
Narrow klass base: 0x0000000800000000, Narrow klass shift: 0, Narrow klass range: 0x100000000

GC Precious Log:
 CPUs: 4 total, 1 available
 Memory: 1024M
 Large Page Support: Disabled
 NUMA Support: Disabled
 Compressed Oops: Enabled (32-bit)
 Alignments: Space 512K, Generation 512K, Heap 2M
 Heap Min Capacity: 100M
 Heap Initial Capacity: 100M
 Heap Max Capacity: 512M
 Pre-touch: Disabled
 Parallel Workers: 1

Heap:
 PSYoungGen      total 66048K, used 45567K [0x00000000f5580000, 0x00000000fab00000, 0x0000000100000000)
  eden space 45568K, 99% used [0x00000000f5580000,0x00000000f81ffff0,0x00000000f8200000)
  from space 20480K, 0% used [0x00000000f9600000,0x00000000f9600000,0x00000000faa00000)
  to   space 20480K, 0% used [0x00000000f8200000,0x00000000f8200000,0x00000000f9600000)
 ParOldGen       total 349696K, used 349693K [0x00000000e0000000, 0x00000000f5580000, 0x00000000f5580000)
  object space 349696K, 99% used [0x00000000e0000000,0x00000000f557f700,0x00000000f5580000)
 Metaspace       used 63624K, committed 64640K, reserved 1114112K
  class space    used 5948K, committed 6400K, reserved 1048576K

Card table byte_map: [0x00007f1219e48000,0x00007f1219f49000] _byte_map_base: 0x00007f1219748000

Marking Bits: (ParMarkBitMap*) 0x00007f121b5984c0
 Begin Bits: [0x00007f1218c9b000, 0x00007f121949b000)
 End Bits:   [0x00007f121949b000, 0x00007f1219c9b000)

Polling page: 0x00007f121a162000

Metaspace:

Usage:
  Non-class:     56.32 MB used.
      Class:      5.81 MB used.
       Both:     62.13 MB used.

Virtual space:
  Non-class space:       64.00 MB reserved,      56.88 MB ( 89%) committed,  8 nodes.
      Class space:        1.00 GB reserved,       6.25 MB ( <1%) committed,  1 nodes.
             Both:        1.06 GB reserved,      63.12 MB (  6%) committed. 

Chunk freelists:
   Non-Class:  2.23 MB
       Class:  1.83 MB
        Both:  4.06 MB

MaxMetaspaceSize: unlimited
CompressedClassSpaceSize: 1.00 GB
Initial GC threshold: 21.00 MB
Current GC threshold: 105.00 MB
CDS: on
MetaspaceReclaimPolicy: balanced
 - commit_granule_bytes: 65536.
 - commit_granule_words: 8192.
 - virtual_space_node_default_size: 1048576.
 - enlarge_chunks_in_place: 1.
 - new_chunks_are_fully_committed: 0.
 - uncommit_free_chunks: 1.
 - use_allocation_guard: 0.
 - handle_deallocations: 1.


Internal statistics:

num_allocs_failed_limit: 6.
num_arena_births: 520.
num_arena_deaths: 152.
num_vsnodes_births: 9.
num_vsnodes_deaths: 0.
num_space_committed: 1006.
num_space_uncommitted: 0.
num_chunks_returned_to_freelist: 216.
num_chunks_taken_from_freelist: 3016.
num_chunk_merges: 83.
num_chunk_splits: 1974.
num_chunks_enlarged: 1254.
num_purges: 4.
num_inconsistent_stats: 0.

CodeHeap 'non-profiled nmethods': size=120036Kb used=2888Kb max_used=2888Kb free=117147Kb
 bounds [0x00007f1202f7a000, 0x00007f120325a000, 0x00007f120a4b3000]
CodeHeap 'profiled nmethods': size=120032Kb used=21671Kb max_used=21672Kb free=98360Kb
 bounds [0x00007f11fba42000, 0x00007f11fcf72000, 0x00007f1202f7a000]
CodeHeap 'non-nmethods': size=5692Kb used=1384Kb max_used=1399Kb free=4308Kb
 bounds [0x00007f11fb4b3000, 0x00007f11fb723000, 0x00007f11fba42000]
 total_blobs=9667 nmethods=8952 adapters=622
 compilation: enabled
              stopped_count=0, restarted_count=0
 full_count=0

JVMCI Events (20 events):
Event: 1217.987 Thread 0x00007f12140b1d10 destroyed JavaVM[1]@0x00007f11f989e340 for JVMCI runtime 0
Event: 1217.987 Thread 0x00007f12140b1d10 compacted oop handles in JVMCI runtime 0 from 124 to 124
Event: 1217.987 Thread 0x00007f12140b1d10 releasing handles for JVMCI runtime 0: oop handles=124, metadata handles={total=1696, live=1050, blocks=53}
Event: 1217.987 Thread 0x00007f12140b1d10 detached from JVMCI runtime 0
Event: 1237.600 Thread 0x00007f12140b1d10 attached to JVMCI runtime 0
Event: 1237.601 Thread 0x00007f12140b1d10 created JavaVM[2]@0x00007f118df9e340 for JVMCI runtime 0
Event: 1238.786 Thread 0x00007f12140b1d10 initializing JVMCI runtime 0
Event: 1238.786 Thread 0x00007f12140b1d10 done waiting for JavaVM references initialization in JVMCI runtime 0
Event: 1269.086 Thread 0x00007f12140b1d10 initialized JVMCI runtime 0
Event: 1276.878 Thread 0x00007f12140b1d10 detaching from JVMCI runtime 0: releasing idle compiler thread (0 other threads still attached)
Event: 1276.878 Thread 0x00007f12140b1d10 shutting down HotSpotJVMCIRuntime for JVMCI runtime 0
Event: 1281.396 Thread 0x00007f12140b1d10 shut down JVMCI runtime 0
Event: 1283.090 Thread 0x00007f12140b1d10 destroyed JavaVM[2]@0x00007f118df9e340 for JVMCI runtime 0
Event: 1283.090 Thread 0x00007f12140b1d10 compacted oop handles in JVMCI runtime 0 from 64 to 64
Event: 1283.090 Thread 0x00007f12140b1d10 releasing handles for JVMCI runtime 0: oop handles=64, metadata handles={total=128, live=106, blocks=53}
Event: 1283.090 Thread 0x00007f12140b1d10 detached from JVMCI runtime 0
Event: 1286.294 Thread 0x00007f12140b1d10 attached to JVMCI runtime 0
Event: 1286.295 Thread 0x00007f12140b1d10 created JavaVM[3]@0x00007f118df9e340 for JVMCI runtime 0
Event: 1287.777 Thread 0x00007f12140b1d10 initializing JVMCI runtime 0
Event: 1287.777 Thread 0x00007f12140b1d10 done waiting for JavaVM references initialization in JVMCI runtime 0

Compilation events (20 events):
Event: 1213.571 Thread 0x00007f12140b1d10 nmethod 12090 0x00007f120324a690 code [0x00007f120324a800, 0x00007f120324a858]
Event: 1213.571 Thread 0x00007f12140b1d10 11904       4       org.eclipse.jdt.internal.compiler.lookup.Binding::computeUniqueKey (6 bytes)
Event: 1213.571 Thread 0x00007f12140b1d10 nmethod 11904 0x00007f120324a990 code [0x00007f120324ab00, 0x00007f120324ab68]
Event: 1213.571 Thread 0x00007f12140b1d10 12050       4       org.eclipse.jdt.internal.formatter.linewrap.WrapPreparator::postVisit (11 bytes)
Event: 1213.571 Thread 0x00007f12140b1d10 nmethod 12050 0x00007f120324ac90 code [0x00007f120324ae00, 0x00007f120324ae40]
Event: 1213.571 Thread 0x00007f12140b1d10 11907       4       org.eclipse.jdt.core.dom.SimpleType::internalAnnotationsProperty (4 bytes)
Event: 1213.572 Thread 0x00007f12140b1d10 nmethod 11907 0x00007f120324af90 code [0x00007f120324b100, 0x00007f120324b148]
Event: 1213.572 Thread 0x00007f12140b1d10 4737 %     4       org.eclipse.jdt.core.compiler.CharOperation::contains @ 6 (24 bytes)
Event: 1213.574 Thread 0x00007f12140b1d10 nmethod 4737% 0x00007f120324b290 code [0x00007f120324b420, 0x00007f120324b5c0]
Event: 1237.600 Thread 0x00007f12140b1d10 12314       4       java.util.LinkedList::node (65 bytes)
Event: 1265.093 Thread 0x00007f12140b3220 12317       3       java.util.concurrent.ThreadPoolExecutor::isShutdown (12 bytes)
Event: 1265.094 Thread 0x00007f12140b3220 nmethod 12317 0x00007f11fc938590 code [0x00007f11fc938740, 0x00007f11fc938930]
Event: 1266.588 Thread 0x00007f12140b3220 12318       3       java.util.concurrent.ScheduledThreadPoolExecutor::canRunInCurrentRunState (61 bytes)
Event: 1269.087 Thread 0x00007f12140b3220 nmethod 12318 0x00007f11fcf6c110 code [0x00007f11fcf6c320, 0x00007f11fcf6cdc0]
Event: 1272.001 Thread 0x00007f12140b1d10 nmethod 12314 0x00007f120324b710 code [0x00007f120324b880, 0x00007f120324b938]
Event: 1272.001 Thread 0x00007f12140b1d10 12315  s    4       org.eclipse.jdt.internal.core.search.processing.JobManager::awaitingJobsCount (21 bytes)
Event: 1273.729 Thread 0x00007f12140b1d10 nmethod 12315 0x00007f120324ba10 code [0x00007f120324bba0, 0x00007f120324bdd8]
Event: 1273.729 Thread 0x00007f12140b1d10 12316       4       org.eclipse.jdt.internal.core.JavaModelOperation::isCanceled (17 bytes)
Event: 1275.388 Thread 0x00007f12140b1d10 nmethod 12316 0x00007f120324bf10 code [0x00007f120324c0a0, 0x00007f120324c190]
Event: 1286.294 Thread 0x00007f12140b1d10 12319  s    4       org.eclipse.jdt.internal.core.search.processing.JobManager::currentJob (35 bytes)

GC Heap History (20 events):
Event: 1321.129 GC heap before
{Heap before GC invocations=761 (full 637):
 PSYoungGen      total 66048K, used 45567K [0x00000000f5580000, 0x00000000fab00000, 0x0000000100000000)
  eden space 45568K, 99% used [0x00000000f5580000,0x00000000f81ffff8,0x00000000f8200000)
  from space 20480K, 0% used [0x00000000f9600000,0x00000000f9600000,0x00000000faa00000)
  to   space 20480K, 0% used [0x00000000f8200000,0x00000000f8200000,0x00000000f9600000)
 ParOldGen       total 349696K, used 349695K [0x00000000e0000000, 0x00000000f5580000, 0x00000000f5580000)
  object space 349696K, 99% used [0x00000000e0000000,0x00000000f557fdc8,0x00000000f5580000)
 Metaspace       used 63624K, committed 64640K, reserved 1114112K
  class space    used 5948K, committed 6400K, reserved 1048576K
}
Event: 1322.903 GC heap after
{Heap after GC invocations=761 (full 637):
 PSYoungGen      total 66048K, used 45567K [0x00000000f5580000, 0x00000000fab00000, 0x0000000100000000)
  eden space 45568K, 99% used [0x00000000f5580000,0x00000000f81ffff8,0x00000000f8200000)
  from space 20480K, 0% used [0x00000000f8200000,0x00000000f8200000,0x00000000f9600000)
  to   space 20480K, 0% used [0x00000000f9600000,0x00000000f9600000,0x00000000faa00000)
 ParOldGen       total 349696K, used 349695K [0x00000000e0000000, 0x00000000f5580000, 0x00000000f5580000)
  object space 349696K, 99% used [0x00000000e0000000,0x00000000f557fd18,0x00000000f5580000)
 Metaspace       used 63624K, committed 64640K, reserved 1114112K
  class space    used 5948K, committed 6400K, reserved 1048576K
}
Event: 1322.905 GC heap before
{Heap before GC invocations=762 (full 638):
 PSYoungGen      total 66048K, used 45567K [0x00000000f5580000, 0x00000000fab00000, 0x0000000100000000)
  eden space 45568K, 99% used [0x00000000f5580000,0x00000000f81ffff8,0x00000000f8200000)
  from space 20480K, 0% used [0x00000000f8200000,0x00000000f8200000,0x00000000f9600000)
  to   space 20480K, 0% used [0x00000000f9600000,0x00000000f9600000,0x00000000faa00000)
 ParOldGen       total 349696K, used 349695K [0x00000000e0000000, 0x00000000f5580000, 0x00000000f5580000)
  object space 349696K, 99% used [0x00000000e0000000,0x00000000f557fff0,0x00000000f5580000)
 Metaspace       used 63624K, committed 64640K, reserved 1114112K
  class space    used 5948K, committed 6400K, reserved 1048576K
}
Event: 1324.502 GC heap after
{Heap after GC invocations=762 (full 638):
 PSYoungGen      total 66048K, used 45567K [0x00000000f5580000, 0x00000000fab00000, 0x0000000100000000)
  eden space 45568K, 99% used [0x00000000f5580000,0x00000000f81fffd8,0x00000000f8200000)
  from space 20480K, 0% used [0x00000000f9600000,0x00000000f9600000,0x00000000faa00000)
  to   space 20480K, 0% used [0x00000000f8200000,0x00000000f8200000,0x00000000f9600000)
 ParOldGen       total 349696K, used 349695K [0x00000000e0000000, 0x00000000f5580000, 0x00000000f5580000)
  object space 349696K, 99% used [0x00000000e0000000,0x00000000f557fff0,0x00000000f5580000)
 Metaspace       used 63624K, committed 64640K, reserved 1114112K
  class space    used 5948K, committed 6400K, reserved 1048576K
}
Event: 1324.504 GC heap before
{Heap before GC invocations=763 (full 639):
 PSYoungGen      total 66048K, used 45568K [0x00000000f5580000, 0x00000000fab00000, 0x0000000100000000)
  eden space 45568K, 100% used [0x00000000f5580000,0x00000000f8200000,0x00000000f8200000)
  from space 20480K, 0% used [0x00000000f9600000,0x00000000f9600000,0x00000000faa00000)
  to   space 20480K, 0% used [0x00000000f8200000,0x00000000f8200000,0x00000000f9600000)
 ParOldGen       total 349696K, used 349695K [0x00000000e0000000, 0x00000000f5580000, 0x00000000f5580000)
  object space 349696K, 99% used [0x00000000e0000000,0x00000000f557fff0,0x00000000f5580000)
 Metaspace       used 63624K, committed 64640K, reserved 1114112K
  class space    used 5948K, committed 6400K, reserved 1048576K
}
Event: 1325.981 GC heap after
{Heap after GC invocations=763 (full 639):
 PSYoungGen      total 66048K, used 45568K [0x00000000f5580000, 0x00000000fab00000, 0x0000000100000000)
  eden space 45568K, 100% used [0x00000000f5580000,0x00000000f8200000,0x00000000f8200000)
  from space 20480K, 0% used [0x00000000f8200000,0x00000000f8200000,0x00000000f9600000)
  to   space 20480K, 0% used [0x00000000f9600000,0x00000000f9600000,0x00000000faa00000)
 ParOldGen       total 349696K, used 349695K [0x00000000e0000000, 0x00000000f5580000, 0x00000000f5580000)
  object space 349696K, 99% used [0x00000000e0000000,0x00000000f557fff0,0x00000000f5580000)
 Metaspace       used 63624K, committed 64640K, reserved 1114112K
  class space    used 5948K, committed 6400K, reserved 1048576K
}
Event: 1325.981 GC heap before
{Heap before GC invocations=764 (full 640):
 PSYoungGen      total 66048K, used 45568K [0x00000000f5580000, 0x00000000fab00000, 0x0000000100000000)
  eden space 45568K, 100% used [0x00000000f5580000,0x00000000f8200000,0x00000000f8200000)
  from space 20480K, 0% used [0x00000000f8200000,0x00000000f8200000,0x00000000f9600000)
  to   space 20480K, 0% used [0x00000000f9600000,0x00000000f9600000,0x00000000faa00000)
 ParOldGen       total 349696K, used 349695K [0x00000000e0000000, 0x00000000f5580000, 0x00000000f5580000)
  object space 349696K, 99% used [0x00000000e0000000,0x00000000f557fff0,0x00000000f5580000)
 Metaspace       used 63624K, committed 64640K, reserved 1114112K
  class space    used 5948K, committed 6400K, reserved 1048576K
}
Event: 1327.764 GC heap after
{Heap after GC invocations=764 (full 640):
 PSYoungGen      total 66048K, used 45567K [0x00000000f5580000, 0x00000000fab00000, 0x0000000100000000)
  eden space 45568K, 99% used [0x00000000f5580000,0x00000000f81fff98,0x00000000f8200000)
  from space 20480K, 0% used [0x00000000f9600000,0x00000000f9600000,0x00000000faa00000)
  to   space 20480K, 0% used [0x00000000f8200000,0x00000000f8200000,0x00000000f9600000)
 ParOldGen       total 349696K, used 349693K [0x00000000e0000000, 0x00000000f5580000, 0x00000000f5580000)
  object space 349696K, 99% used [0x00000000e0000000,0x00000000f557f728,0x00000000f5580000)
 Metaspace       used 63624K, committed 64640K, reserved 1114112K
  class space    used 5948K, committed 6400K, reserved 1048576K
}
Event: 1327.768 GC heap before
{Heap before GC invocations=765 (full 641):
 PSYoungGen      total 66048K, used 45568K [0x00000000f5580000, 0x00000000fab00000, 0x0000000100000000)
  eden space 45568K, 100% used [0x00000000f5580000,0x00000000f8200000,0x00000000f8200000)
  from space 20480K, 0% used [0x00000000f9600000,0x00000000f9600000,0x00000000faa00000)
  to   space 20480K, 0% used [0x00000000f8200000,0x00000000f8200000,0x00000000f9600000)
 ParOldGen       total 349696K, used 349695K [0x00000000e0000000, 0x00000000f5580000, 0x00000000f5580000)
  object space 349696K, 99% used [0x00000000e0000000,0x00000000f557fff0,0x00000000f5580000)
 Metaspace       used 63624K, committed 64640K, reserved 1114112K
  class space    used 5948K, committed 6400K, reserved 1048576K
}
Event: 1329.475 GC heap after
{Heap after GC invocations=765 (full 641):
 PSYoungGen      total 66048K, used 45568K [0x00000000f5580000, 0x00000000fab00000, 0x0000000100000000)
  eden space 45568K, 100% used [0x00000000f5580000,0x00000000f8200000,0x00000000f8200000)
  from space 20480K, 0% used [0x00000000f8200000,0x00000000f8200000,0x00000000f9600000)
  to   space 20480K, 0% used [0x00000000f9600000,0x00000000f9600000,0x00000000faa00000)
 ParOldGen       total 349696K, used 349695K [0x00000000e0000000, 0x00000000f5580000, 0x00000000f5580000)
  object space 349696K, 99% used [0x00000000e0000000,0x00000000f557fff0,0x00000000f5580000)
 Metaspace       used 63624K, committed 64640K, reserved 1114112K
  class space    used 5948K, committed 6400K, reserved 1048576K
}
Event: 1329.475 GC heap before
{Heap before GC invocations=766 (full 642):
 PSYoungGen      total 66048K, used 45568K [0x00000000f5580000, 0x00000000fab00000, 0x0000000100000000)
  eden space 45568K, 100% used [0x00000000f5580000,0x00000000f8200000,0x00000000f8200000)
  from space 20480K, 0% used [0x00000000f8200000,0x00000000f8200000,0x00000000f9600000)
  to   space 20480K, 0% used [0x00000000f9600000,0x00000000f9600000,0x00000000faa00000)
 ParOldGen       total 349696K, used 349695K [0x00000000e0000000, 0x00000000f5580000, 0x00000000f5580000)
  object space 349696K, 99% used [0x00000000e0000000,0x00000000f557fff0,0x00000000f5580000)
 Metaspace       used 63624K, committed 64640K, reserved 1114112K
  class space    used 5948K, committed 6400K, reserved 1048576K
}
Event: 1331.007 GC heap after
{Heap after GC invocations=766 (full 642):
 PSYoungGen      total 66048K, used 45567K [0x00000000f5580000, 0x00000000fab00000, 0x0000000100000000)
  eden space 45568K, 99% used [0x00000000f5580000,0x00000000f81ffe08,0x00000000f8200000)
  from space 20480K, 0% used [0x00000000f9600000,0x00000000f9600000,0x00000000faa00000)
  to   space 20480K, 0% used [0x00000000f8200000,0x00000000f8200000,0x00000000f9600000)
 ParOldGen       total 349696K, used 349689K [0x00000000e0000000, 0x00000000f5580000, 0x00000000f5580000)
  object space 349696K, 99% used [0x00000000e0000000,0x00000000f557e6f8,0x00000000f5580000)
 Metaspace       used 63624K, committed 64640K, reserved 1114112K
  class space    used 5948K, committed 6400K, reserved 1048576K
}
Event: 1331.020 GC heap before
{Heap before GC invocations=767 (full 643):
 PSYoungGen      total 66048K, used 45567K [0x00000000f5580000, 0x00000000fab00000, 0x0000000100000000)
  eden space 45568K, 99% used [0x00000000f5580000,0x00000000f81ffff0,0x00000000f8200000)
  from space 20480K, 0% used [0x00000000f9600000,0x00000000f9600000,0x00000000faa00000)
  to   space 20480K, 0% used [0x00000000f8200000,0x00000000f8200000,0x00000000f9600000)
 ParOldGen       total 349696K, used 349690K [0x00000000e0000000, 0x00000000f5580000, 0x00000000f5580000)
  object space 349696K, 99% used [0x00000000e0000000,0x00000000f557e810,0x00000000f5580000)
 Metaspace       used 63624K, committed 64640K, reserved 1114112K
  class space    used 5948K, committed 6400K, reserved 1048576K
}
Event: 1332.779 GC heap after
{Heap after GC invocations=767 (full 643):
 PSYoungGen      total 66048K, used 45567K [0x00000000f5580000, 0x00000000fab00000, 0x0000000100000000)
  eden space 45568K, 99% used [0x00000000f5580000,0x00000000f81ffff0,0x00000000f8200000)
  from space 20480K, 0% used [0x00000000f8200000,0x00000000f8200000,0x00000000f9600000)
  to   space 20480K, 0% used [0x00000000f9600000,0x00000000f9600000,0x00000000faa00000)
 ParOldGen       total 349696K, used 349690K [0x00000000e0000000, 0x00000000f5580000, 0x00000000f5580000)
  object space 349696K, 99% used [0x00000000e0000000,0x00000000f557e810,0x00000000f5580000)
 Metaspace       used 63624K, committed 64640K, reserved 1114112K
  class space    used 5948K, committed 6400K, reserved 1048576K
}
Event: 1332.786 GC heap before
{Heap before GC invocations=768 (full 644):
 PSYoungGen      total 66048K, used 45567K [0x00000000f5580000, 0x00000000fab00000, 0x0000000100000000)
  eden space 45568K, 99% used [0x00000000f5580000,0x00000000f81ffff0,0x00000000f8200000)
  from space 20480K, 0% used [0x00000000f8200000,0x00000000f8200000,0x00000000f9600000)
  to   space 20480K, 0% used [0x00000000f9600000,0x00000000f9600000,0x00000000faa00000)
 ParOldGen       total 349696K, used 349692K [0x00000000e0000000, 0x00000000f5580000, 0x00000000f5580000)
  object space 349696K, 99% used [0x00000000e0000000,0x00000000f557f2d0,0x00000000f5580000)
 Metaspace       used 63624K, committed 64640K, reserved 1114112K
  class space    used 5948K, committed 6400K, reserved 1048576K
}
Event: 1334.504 GC heap after
{Heap after GC invocations=768 (full 644):
 PSYoungGen      total 66048K, used 45567K [0x00000000f5580000, 0x00000000fab00000, 0x0000000100000000)
  eden space 45568K, 99% used [0x00000000f5580000,0x00000000f81ffff0,0x00000000f8200000)
  from space 20480K, 0% used [0x00000000f9600000,0x00000000f9600000,0x00000000faa00000)
  to   space 20480K, 0% used [0x00000000f8200000,0x00000000f8200000,0x00000000f9600000)
 ParOldGen       total 349696K, used 349692K [0x00000000e0000000, 0x00000000f5580000, 0x00000000f5580000)
  object space 349696K, 99% used [0x00000000e0000000,0x00000000f557f2d0,0x00000000f5580000)
 Metaspace       used 63624K, committed 64640K, reserved 1114112K
  class space    used 5948K, committed 6400K, reserved 1048576K
}
Event: 1334.504 GC heap before
{Heap before GC invocations=769 (full 645):
 PSYoungGen      total 66048K, used 45568K [0x00000000f5580000, 0x00000000fab00000, 0x0000000100000000)
  eden space 45568K, 100% used [0x00000000f5580000,0x00000000f8200000,0x00000000f8200000)
  from space 20480K, 0% used [0x00000000f9600000,0x00000000f9600000,0x00000000faa00000)
  to   space 20480K, 0% used [0x00000000f8200000,0x00000000f8200000,0x00000000f9600000)
 ParOldGen       total 349696K, used 349695K [0x00000000e0000000, 0x00000000f5580000, 0x00000000f5580000)
  object space 349696K, 99% used [0x00000000e0000000,0x00000000f557fd78,0x00000000f5580000)
 Metaspace       used 63624K, committed 64640K, reserved 1114112K
  class space    used 5948K, committed 6400K, reserved 1048576K
}
Event: 1336.321 GC heap after
{Heap after GC invocations=769 (full 645):
 PSYoungGen      total 66048K, used 45567K [0x00000000f5580000, 0x00000000fab00000, 0x0000000100000000)
  eden space 45568K, 99% used [0x00000000f5580000,0x00000000f81fff98,0x00000000f8200000)
  from space 20480K, 0% used [0x00000000f8200000,0x00000000f8200000,0x00000000f9600000)
  to   space 20480K, 0% used [0x00000000f9600000,0x00000000f9600000,0x00000000faa00000)
 ParOldGen       total 349696K, used 349693K [0x00000000e0000000, 0x00000000f5580000, 0x00000000f5580000)
  object space 349696K, 99% used [0x00000000e0000000,0x00000000f557f628,0x00000000f5580000)
 Metaspace       used 63624K, committed 64640K, reserved 1114112K
  class space    used 5948K, committed 6400K, reserved 1048576K
}
Event: 1336.321 GC heap before
{Heap before GC invocations=770 (full 646):
 PSYoungGen      total 66048K, used 45567K [0x00000000f5580000, 0x00000000fab00000, 0x0000000100000000)
  eden space 45568K, 99% used [0x00000000f5580000,0x00000000f81fff98,0x00000000f8200000)
  from space 20480K, 0% used [0x00000000f8200000,0x00000000f8200000,0x00000000f9600000)
  to   space 20480K, 0% used [0x00000000f9600000,0x00000000f9600000,0x00000000faa00000)
 ParOldGen       total 349696K, used 349693K [0x00000000e0000000, 0x00000000f5580000, 0x00000000f5580000)
  object space 349696K, 99% used [0x00000000e0000000,0x00000000f557f628,0x00000000f5580000)
 Metaspace       used 63624K, committed 64640K, reserved 1114112K
  class space    used 5948K, committed 6400K, reserved 1048576K
}
Event: 1338.113 GC heap after
{Heap after GC invocations=770 (full 646):
 PSYoungGen      total 66048K, used 45567K [0x00000000f5580000, 0x00000000fab00000, 0x0000000100000000)
  eden space 45568K, 99% used [0x00000000f5580000,0x00000000f81fff98,0x00000000f8200000)
  from space 20480K, 0% used [0x00000000f9600000,0x00000000f9600000,0x00000000faa00000)
  to   space 20480K, 0% used [0x00000000f8200000,0x00000000f8200000,0x00000000f9600000)
 ParOldGen       total 349696K, used 349693K [0x00000000e0000000, 0x00000000f5580000, 0x00000000f5580000)
  object space 349696K, 99% used [0x00000000e0000000,0x00000000f557f628,0x00000000f5580000)
 Metaspace       used 63624K, committed 64640K, reserved 1114112K
  class space    used 5948K, committed 6400K, reserved 1048576K
}

Dll operation events (9 events):
Event: 0.002 Loaded shared library /nix/store/gpxl5qgg8kicmcvivwmybwjlpf7wh20l-graalvm17-ce-22.3.0/lib/libjava.so
Event: 0.009 Loaded shared library /nix/store/gpxl5qgg8kicmcvivwmybwjlpf7wh20l-graalvm17-ce-22.3.0/lib/libjsvml.so
Event: 0.302 Loaded shared library /nix/store/gpxl5qgg8kicmcvivwmybwjlpf7wh20l-graalvm17-ce-22.3.0/lib/libnio.so
Event: 0.308 Loaded shared library /nix/store/gpxl5qgg8kicmcvivwmybwjlpf7wh20l-graalvm17-ce-22.3.0/lib/libzip.so
Event: 0.312 Loaded shared library /nix/store/gpxl5qgg8kicmcvivwmybwjlpf7wh20l-graalvm17-ce-22.3.0/lib/libjvmcicompiler.so
Event: 0.805 Loaded shared library /nix/store/gpxl5qgg8kicmcvivwmybwjlpf7wh20l-graalvm17-ce-22.3.0/lib/libjimage.so
Event: 2.410 Loaded shared library /nix/store/gpxl5qgg8kicmcvivwmybwjlpf7wh20l-graalvm17-ce-22.3.0/lib/libnet.so
Event: 3.967 Loaded shared library /home/runner/.cache/jdt-language-server/config/org.eclipse.equinox.launcher/org.eclipse.equinox.launcher.gtk.linux.x86_64_1.2.400.v20211117-0650/eclipse_11600.so
Event: 12.063 Loaded shared library /nix/store/gpxl5qgg8kicmcvivwmybwjlpf7wh20l-graalvm17-ce-22.3.0/lib/libextnet.so

Deoptimization events (20 events):
Event: 110.890 Thread 0x00007f11a01749f0 Uncommon trap: trap_request=0xffffffcd fr.pc=0x00007f1203206524 relative=0x00000000000008a4
Event: 110.890 Thread 0x00007f11a01749f0 Uncommon trap: reason=intrinsic_or_type_checked_inlining action=reinterpret pc=0x00007f1203206524 method=org.eclipse.jdt.internal.core.util.LRUCache.get(Ljava/lang/Object;)Ljava/lang/Object; @ 8 jvmci
Event: 110.890 Thread 0x00007f11a01749f0 DEOPT PACKING pc=0x00007f1203206524 sp=0x00007f11f86fe320
Event: 110.890 Thread 0x00007f11a01749f0 DEOPT UNPACKING pc=0x00007f11fb505325 sp=0x00007f11f86fd7f8 mode 3
Event: 114.583 Thread 0x00007f11a01749f0 Uncommon trap: trap_request=0xffffffc4 fr.pc=0x00007f12031c93d0 relative=0x00000000000000d0
Event: 114.583 Thread 0x00007f11a01749f0 Uncommon trap: reason=bimorphic_or_optimized_type_check action=make_not_entrant pc=0x00007f12031c93d0 method=org.eclipse.jdt.internal.compiler.parser.Scanner.mayBeAtCasePattern(I)Z @ 0 jvmci
Event: 114.583 Thread 0x00007f11a01749f0 DEOPT PACKING pc=0x00007f12031c93d0 sp=0x00007f11f86fdad0
Event: 114.583 Thread 0x00007f11a01749f0 DEOPT UNPACKING pc=0x00007f11fb505325 sp=0x00007f11f86fcf68 mode 3
Event: 118.158 Thread 0x00007f11a0183760 DEOPT PACKING pc=0x00007f11fc6be88e sp=0x00007f11f88fdfb0
Event: 118.158 Thread 0x00007f11a0183760 DEOPT UNPACKING pc=0x00007f11fb505325 sp=0x00007f11f88fd4a8 mode 0
Event: 600.082 Thread 0x00007f11a846e1d0 DEOPT PACKING pc=0x00007f11fcee5198 sp=0x00007f11c1bfdb90
Event: 600.082 Thread 0x00007f11a846e1d0 DEOPT UNPACKING pc=0x00007f11fb505325 sp=0x00007f11c1bfd0b0 mode 0
Event: 628.968 Thread 0x00007f11a846e1d0 Uncommon trap: trap_request=0xffffff8f fr.pc=0x00007f1202fa1d18 relative=0x00000000000001f8
Event: 628.968 Thread 0x00007f11a846e1d0 Uncommon trap: reason=constraint action=none pc=0x00007f1202fa1d18 method=java.util.Arrays.copyOfRange([BII)[B @ 0 jvmci
Event: 630.460 Thread 0x00007f11a846e1d0 DEOPT PACKING pc=0x00007f1202fa1d18 sp=0x00007f11c1bfdd20
Event: 630.460 Thread 0x00007f11a846e1d0 DEOPT UNPACKING pc=0x00007f11fb505325 sp=0x00007f11c1bfd1b8 mode 3
Event: 1057.583 Thread 0x00007f1214411380 Uncommon trap: trap_request=0xffffffed fr.pc=0x00007f120321d16e relative=0x000000000000022e
Event: 1057.583 Thread 0x00007f1214411380 Uncommon trap: reason=null_assert_or_unreached0 action=reinterpret pc=0x00007f120321d16e method=org.eclipse.jdt.internal.core.util.Util.isJavaLikeFileName(Ljava/lang/String;)Z @ 10 jvmci
Event: 1057.583 Thread 0x00007f1214411380 DEOPT PACKING pc=0x00007f120321d16e sp=0x00007f11c0ffd740
Event: 1057.583 Thread 0x00007f1214411380 DEOPT UNPACKING pc=0x00007f11fb505325 sp=0x00007f11c0ffcc20 mode 3

Classes unloaded (20 events):
Event: 109.992 Thread 0x00007f12140a1710 Unloading class 0x0000000800edc000 'jdk/internal/reflect/GeneratedConstructorAccessor8'
Event: 109.992 Thread 0x00007f12140a1710 Unloading class 0x0000000800d89000 'java/lang/invoke/LambdaForm$MH+0x0000000800d89000'
Event: 109.992 Thread 0x00007f12140a1710 Unloading class 0x0000000800d88c00 'java/lang/invoke/LambdaForm$MH+0x0000000800d88c00'
Event: 109.992 Thread 0x00007f12140a1710 Unloading class 0x0000000800d88800 'java/lang/invoke/LambdaForm$MH+0x0000000800d88800'
Event: 109.992 Thread 0x00007f12140a1710 Unloading class 0x0000000800d88400 'java/lang/invoke/LambdaForm$MH+0x0000000800d88400'
Event: 109.992 Thread 0x00007f12140a1710 Unloading class 0x0000000800d88000 'jdk/internal/reflect/GeneratedConstructorAccessor3'
Event: 109.992 Thread 0x00007f12140a1710 Unloading class 0x0000000800cb2800 'java/lang/invoke/LambdaForm$MH+0x0000000800cb2800'
Event: 109.992 Thread 0x00007f12140a1710 Unloading class 0x0000000800cb2000 'java/lang/invoke/LambdaForm$MH+0x0000000800cb2000'
Event: 109.992 Thread 0x00007f12140a1710 Unloading class 0x0000000800cb1c00 'java/lang/invoke/LambdaForm$MH+0x0000000800cb1c00'
Event: 109.992 Thread 0x00007f12140a1710 Unloading class 0x0000000800cb1800 'java/lang/invoke/LambdaForm$MH+0x0000000800cb1800'
Event: 109.992 Thread 0x00007f12140a1710 Unloading class 0x0000000800cb1000 'java/lang/invoke/LambdaForm$MH+0x0000000800cb1000'
Event: 109.992 Thread 0x00007f12140a1710 Unloading class 0x0000000800cb0c00 'java/lang/invoke/LambdaForm$MH+0x0000000800cb0c00'
Event: 109.992 Thread 0x00007f12140a1710 Unloading class 0x0000000800cb0800 'java/lang/invoke/LambdaForm$MH+0x0000000800cb0800'
Event: 109.992 Thread 0x00007f12140a1710 Unloading class 0x0000000800cb0000 'java/lang/invoke/LambdaForm$MH+0x0000000800cb0000'
Event: 109.992 Thread 0x00007f12140a1710 Unloading class 0x0000000800c85000 'jdk/internal/reflect/GeneratedMethodAccessor5'
Event: 109.992 Thread 0x00007f12140a1710 Unloading class 0x0000000800c84c00 'jdk/internal/reflect/GeneratedMethodAccessor4'
Event: 109.992 Thread 0x00007f12140a1710 Unloading class 0x0000000800c84800 'jdk/internal/reflect/GeneratedMethodAccessor3'
Event: 109.992 Thread 0x00007f12140a1710 Unloading class 0x0000000800c84400 'jdk/internal/reflect/GeneratedMethodAccessor2'
Event: 109.992 Thread 0x00007f12140a1710 Unloading class 0x0000000800c84000 'jdk/internal/reflect/GeneratedMethodAccessor1'
Event: 109.992 Thread 0x00007f12140a1710 Unloading class 0x0000000800c01c00 'java/lang/invoke/LambdaForm$DMH+0x0000000800c01c00'

Classes redefined (0 events):
No events

Internal exceptions (20 events):
Event: 44.469 Thread 0x00007f11980074f0 Exception <a 'java/lang/NoSuchMethodError'{0x00000000f5c43820}: 'java.lang.Object java.lang.invoke.DirectMethodHandle$Holder.invokeSpecial(java.lang.Object, java.lang.Object, java.lang.Object, java.lang.Object, long)'> (0x00000000f5c43820) 
thrown [src/hotspot/share/interpreter/linkResolver.cpp, line 758]
Event: 44.469 Thread 0x00007f11980074f0 Exception <a 'java/lang/NoSuchMethodError'{0x00000000f5c478c8}: 'java.lang.Object java.lang.invoke.Invokers$Holder.linkToTargetMethod(java.lang.Object, java.lang.Object, long, java.lang.Object)'> (0x00000000f5c478c8) 
thrown [src/hotspot/share/interpreter/linkResolver.cpp, line 758]
Event: 44.564 Thread 0x00007f11980074f0 Exception <a 'java/io/FileNotFoundException'{0x00000000f60d4e08}> (0x00000000f60d4e08) 
thrown [src/hotspot/share/prims/jni.cpp, line 516]
Event: 44.799 Thread 0x00007f11a846e1d0 Exception <a 'java/lang/NoSuchMethodError'{0x00000000f68e21d0}: 'java.lang.Object java.lang.invoke.DirectMethodHandle$Holder.newInvokeSpecial(java.lang.Object, java.lang.Object, int, java.lang.Object, java.lang.Object)'> (0x00000000f68e21d0) 
thrown [src/hotspot/share/interpreter/linkResolver.cpp, line 758]
Event: 44.799 Thread 0x00007f11a846e1d0 Exception <a 'java/lang/NoSuchMethodError'{0x00000000f68e7838}: 'java.lang.Object java.lang.invoke.DirectMethodHandle$Holder.invokeSpecial(java.lang.Object, java.lang.Object, java.lang.Object, int, java.lang.Object, java.lang.Object)'> (0x00000000f68e7838) 
thrown [src/hotspot/share/interpreter/linkResolver.cpp, line 758]
Event: 45.080 Thread 0x00007f11a846e1d0 Exception <a 'java/lang/NoSuchMethodError'{0x00000000f64c54e8}: 'java.lang.Object java.lang.invoke.DirectMethodHandle$Holder.newInvokeSpecial(java.lang.Object, java.lang.Object, java.lang.Object, int, java.lang.Object)'> (0x00000000f64c54e8) 
thrown [src/hotspot/share/interpreter/linkResolver.cpp, line 758]
Event: 45.080 Thread 0x00007f11a846e1d0 Exception <a 'java/lang/NoSuchMethodError'{0x00000000f64ca3e0}: 'java.lang.Object java.lang.invoke.DirectMethodHandle$Holder.invokeSpecial(java.lang.Object, java.lang.Object, java.lang.Object, java.lang.Object, int, java.lang.Object)'> (0x00000000f64ca3e0) 
thrown [src/hotspot/share/interpreter/linkResolver.cpp, line 758]
Event: 45.080 Thread 0x00007f11a846e1d0 Exception <a 'java/lang/NoSuchMethodError'{0x00000000f64ced60}: 'java.lang.Object java.lang.invoke.Invokers$Holder.linkToTargetMethod(java.lang.Object, java.lang.Object, int, java.lang.Object, java.lang.Object)'> (0x00000000f64ced60) 
thrown [src/hotspot/share/interpreter/linkResolver.cpp, line 758]
Event: 47.487 Thread 0x00007f11980074f0 Implicit null exception at 0x00007f12030d4569 to 0x00007f12030d471b
Event: 65.171 Thread 0x00007f11a4108010 Exception <a 'java/lang/NoSuchMethodError'{0x00000000f5e4d350}: 'java.lang.Object java.lang.invoke.DirectMethodHandle$Holder.invokeStatic(java.lang.Object, java.lang.Object, int, java.lang.Object)'> (0x00000000f5e4d350) 
thrown [src/hotspot/share/interpreter/linkResolver.cpp, line 758]
Event: 65.172 Thread 0x00007f11a4108010 Exception <a 'java/lang/NoSuchMethodError'{0x00000000f5e56168}: 'java.lang.Object java.lang.invoke.DirectMethodHandle$Holder.newInvokeSpecial(java.lang.Object, java.lang.Object, int)'> (0x00000000f5e56168) 
thrown [src/hotspot/share/interpreter/linkResolver.cpp, line 758]
Event: 74.320 Thread 0x00007f11a0177c10 Exception <a 'java/lang/NoSuchMethodError'{0x00000000f7e76620}: 'java.lang.Object java.lang.invoke.DirectMethodHandle$Holder.newInvokeSpecial(java.lang.Object, java.lang.Object, int, java.lang.Object, java.lang.Object, java.lang.Object, java.lang.Object)'> (0x00000000f7e76620) 
thrown [src/hotspot/share/interpreter/linkResolver.cpp, line 758]
Event: 76.189 Thread 0x00007f11a0175c50 Exception <a 'java/lang/NoSuchMethodError'{0x00000000f649f7d0}: 'void java.lang.invoke.DirectMethodHandle$Holder.invokeSpecial(java.lang.Object, java.lang.Object, int)'> (0x00000000f649f7d0) 
thrown [src/hotspot/share/interpreter/linkResolver.cpp, line 758]
Event: 76.190 Thread 0x00007f11a0176c30 Exception <a 'java/lang/NoSuchMethodError'{0x00000000f64b2a48}: 'void java.lang.invoke.DirectMethodHandle$Holder.invokeSpecial(java.lang.Object, java.lang.Object, int)'> (0x00000000f64b2a48) 
thrown [src/hotspot/share/interpreter/linkResolver.cpp, line 758]
Event: 76.564 Thread 0x00007f11a0175c50 Exception <a 'java/lang/NoSuchMethodError'{0x00000000f6b35a78}: 'int java.lang.invoke.DirectMethodHandle$Holder.invokeSpecial(java.lang.Object, java.lang.Object, java.lang.Object)'> (0x00000000f6b35a78) 
thrown [src/hotspot/share/interpreter/linkResolver.cpp, line 758]
Event: 81.108 Thread 0x00007f11a0175c50 Exception <a 'java/lang/NoSuchMethodError'{0x00000000f63b1670}: 'int java.lang.invoke.DirectMethodHandle$Holder.invokeSpecialIFC(java.lang.Object, java.lang.Object, java.lang.Object, java.lang.Object)'> (0x00000000f63b1670) 
thrown [src/hotspot/share/interpreter/linkResolver.cpp, line 758]
Event: 628.968 Thread 0x00007f11a846e1d0 Exception <a 'java/lang/OutOfMemoryError'{0x00000000e00d0a48}> (0x00000000e00d0a48) 
thrown [src/hotspot/share/gc/shared/memAllocator.cpp, line 138]
Event: 628.968 Thread 0x00007f11a846e1d0 Implicit null exception at 0x00007f1202fa1c6b to 0x00007f1202fa1cfd
Event: 647.904 Thread 0x00007f11a846e1d0 Exception <a 'java/lang/OutOfMemoryError'{0x00000000e00cff08}> (0x00000000e00cff08) 
thrown [src/hotspot/share/gc/shared/memAllocator.cpp, line 136]
Event: 1338.113 Thread 0x00007f12140b1d10 Exception <a 'java/lang/OutOfMemoryError'{0x00000000e00d04f8}> (0x00000000e00d04f8) 
thrown [src/hotspot/share/gc/shared/memAllocator.cpp, line 136]

VM Operations (20 events):
Event: 1317.794 Executing VM operation: ParallelGCFailedAllocation done
Event: 1317.794 Executing VM operation: ParallelGCFailedAllocation
Event: 1319.403 Executing VM operation: ParallelGCFailedAllocation done
Event: 1319.404 Executing VM operation: ParallelGCFailedAllocation
Event: 1321.129 Executing VM operation: ParallelGCFailedAllocation done
Event: 1321.129 Executing VM operation: ParallelGCFailedAllocation
Event: 1322.903 Executing VM operation: ParallelGCFailedAllocation done
Event: 1322.905 Executing VM operation: ParallelGCFailedAllocation
Event: 1324.502 Executing VM operation: ParallelGCFailedAllocation done
Event: 1324.503 Executing VM operation: ParallelGCFailedAllocation
Event: 1327.764 Executing VM operation: ParallelGCFailedAllocation done
Event: 1327.764 Executing VM operation: ParallelGCFailedAllocation
Event: 1331.007 Executing VM operation: ParallelGCFailedAllocation done
Event: 1331.007 Executing VM operation: ParallelGCFailedAllocation
Event: 1332.779 Executing VM operation: ParallelGCFailedAllocation done
Event: 1332.779 Executing VM operation: ParallelGCFailedAllocation
Event: 1334.504 Executing VM operation: ParallelGCFailedAllocation done
Event: 1334.504 Executing VM operation: ParallelGCFailedAllocation
Event: 1338.113 Executing VM operation: ParallelGCFailedAllocation done
Event: 1338.113 Executing VM operation: ParallelGCFailedAllocation

Events (20 events):
Event: 86.874 Thread 0x00007f11a0186d10 Thread exited: 0x00007f11a0186d10
Event: 86.966 Thread 0x00007f11a01749f0 Thread exited: 0x00007f11a01749f0
Event: 87.176 loading class java/util/concurrent/ConcurrentHashMap$TreeNode
Event: 87.176 loading class java/util/concurrent/ConcurrentHashMap$TreeNode done
Event: 87.258 loading class java/util/concurrent/ConcurrentHashMap$TreeBin
Event: 87.258 loading class java/util/concurrent/ConcurrentHashMap$TreeBin done
Event: 95.760 Thread 0x00007f11a01750d0 Thread exited: 0x00007f11a01750d0
Event: 105.491 Thread 0x00007f11a01749f0 Thread added: 0x00007f11a01749f0
Event: 105.491 Protecting memory [0x00007f11f8600000,0x00007f11f8604000] with protection modes 0
Event: 116.461 Thread 0x00007f11a0183760 Thread added: 0x00007f11a0183760
Event: 116.463 Protecting memory [0x00007f11f8800000,0x00007f11f8804000] with protection modes 0
Event: 142.480 Thread 0x00007f11980074f0 Thread exited: 0x00007f11980074f0
Event: 142.481 Thread 0x00007f11a4001af0 Thread exited: 0x00007f11a4001af0
Event: 196.006 Thread 0x00007f11980010d0 Thread exited: 0x00007f11980010d0
Event: 413.050 Thread 0x00007f11980074f0 Thread added: 0x00007f11980074f0
Event: 413.050 Protecting memory [0x00007f11c1900000,0x00007f11c1904000] with protection modes 0
Event: 1151.272 Thread 0x00007f12140b4670 flushing nmethod 0x00007f11fbeadd90
Event: 1154.177 Thread 0x00007f12140b4670 flushing nmethod 0x00007f11fc1a1b10
Event: 1154.180 Thread 0x00007f12140b4670 flushing nmethod 0x00007f11fc48f310
Event: 1154.185 Thread 0x00007f12140b4670 flushing nmethod 0x00007f11fc938590


Dynamic libraries:
e0000000-f2900000 rw-p 00000000 00:00 0 
f2900000-fab00000 rw-p 00000000 00:00 0 
fab00000-100000000 ---p 00000000 00:00 0 
800000000-800449000 rw-p 00001000 00:a4e 4611686019135357769             /nix/store/gpxl5qgg8kicmcvivwmybwjlpf7wh20l-graalvm17-ce-22.3.0/lib/server/classes.jsa
800449000-800bc8000 r--p 0044a000 00:a4e 4611686019135357769             /nix/store/gpxl5qgg8kicmcvivwmybwjlpf7wh20l-graalvm17-ce-22.3.0/lib/server/classes.jsa
800bc8000-800c00000 ---p 00000000 00:00 0 
800c00000-800c10000 rw-p 00000000 00:00 0 
800c10000-800c30000 rw-p 00000000 00:00 0 
800c30000-800cb0000 rw-p 00000000 00:00 0 
800cb0000-800cf0000 rw-p 00000000 00:00 0 
800cf0000-800db0000 rw-p 00000000 00:00 0 
800db0000-800df0000 rw-p 00000000 00:00 0 
800df0000-800f30000 rw-p 00000000 00:00 0 
800f30000-800fb0000 rw-p 00000000 00:00 0 
800fb0000-800ff0000 rw-p 00000000 00:00 0 
800ff0000-801240000 rw-p 00000000 00:00 0 
801240000-840c00000 ---p 00000000 00:00 0 
560ea4c58000-560ea4c59000 r-xp 00000000 00:a4e 4611686019099417844       /nix/store/gpxl5qgg8kicmcvivwmybwjlpf7wh20l-graalvm17-ce-22.3.0/bin/.java-wrapped
560ea4c5a000-560ea4c5b000 r--p 00001000 00:a4e 4611686019099417844       /nix/store/gpxl5qgg8kicmcvivwmybwjlpf7wh20l-graalvm17-ce-22.3.0/bin/.java-wrapped
560ea4c5b000-560ea4c5c000 rw-p 00002000 00:a4e 4611686019099417844       /nix/store/gpxl5qgg8kicmcvivwmybwjlpf7wh20l-graalvm17-ce-22.3.0/bin/.java-wrapped
560ea4c5c000-560ea4c5d000 rw-p 00004000 00:a4e 4611686019099417844       /nix/store/gpxl5qgg8kicmcvivwmybwjlpf7wh20l-graalvm17-ce-22.3.0/bin/.java-wrapped
560ea4c5d000-560ea4c5e000 rw-p 00005000 00:a4e 4611686019099417844       /nix/store/gpxl5qgg8kicmcvivwmybwjlpf7wh20l-graalvm17-ce-22.3.0/bin/.java-wrapped
560ea6978000-560ea6a29000 rw-p 00000000 00:00 0                          [heap]
7f1187400000-7f11874d0000 rw-p 00000000 00:00 0 
7f11874d0000-7f1187500000 ---p 00000000 00:00 0 
7f1187500000-7f1187510000 rw-p 00000000 00:00 0 
7f1187510000-7f1187c00000 ---p 00000000 00:00 0 
7f118a400000-7f118ab30000 rw-p 00000000 00:00 0 
7f118ab30000-7f118abe0000 rw-p 00000000 00:00 0 
7f118abe0000-7f118ac00000 rw-p 00000000 00:00 0 
7f118b800000-7f118b970000 rw-p 00000000 00:00 0 
7f118b970000-7f118b9f0000 rw-p 00000000 00:00 0 
7f118b9f0000-7f118c000000 rw-p 00000000 00:00 0 
7f118d300000-7f118d400000 ---p 00000000 00:00 0 
7f118d400000-7f118d9af000 r--p 01122000 00:a4e 4611686019135190040       /nix/store/gpxl5qgg8kicmcvivwmybwjlpf7wh20l-graalvm17-ce-22.3.0/lib/libjvmcicompiler.so
7f118d9af000-7f118db00000 r--p 00000000 00:00 0 
7f118db00000-7f118db3d000 rw-p 00000000 00:00 0 
7f118db3d000-7f118e05d000 rw-p 0185f000 00:a4e 4611686019135190040       /nix/store/gpxl5qgg8kicmcvivwmybwjlpf7wh20l-graalvm17-ce-22.3.0/lib/libjvmcicompiler.so
7f118e05d000-7f118e444000 r--p 01d7f000 00:a4e 4611686019135190040       /nix/store/gpxl5qgg8kicmcvivwmybwjlpf7wh20l-graalvm17-ce-22.3.0/lib/libjvmcicompiler.so
7f118e4b3000-7f1198000000 r--s 00000000 00:a4e 4611686019135192581       /nix/store/gpxl5qgg8kicmcvivwmybwjlpf7wh20l-graalvm17-ce-22.3.0/lib/modules
7f1198000000-7f1198388000 rw-p 00000000 00:00 0 
7f1198388000-7f119c000000 ---p 00000000 00:00 0 
7f119c000000-7f119c09b000 rw-p 00000000 00:00 0 
7f119c09b000-7f11a0000000 ---p 00000000 00:00 0 
7f11a0000000-7f11a01a6000 rw-p 00000000 00:00 0 
7f11a01a6000-7f11a4000000 ---p 00000000 00:00 0 
7f11a4000000-7f11a41fc000 rw-p 00000000 00:00 0 
7f11a41fc000-7f11a8000000 ---p 00000000 00:00 0 
7f11a8000000-7f11a88bc000 rw-p 00000000 00:00 0 
7f11a88bc000-7f11ac000000 ---p 00000000 00:00 0 
7f11ac000000-7f11ac505000 rw-p 00000000 00:00 0 
7f11ac505000-7f11b0000000 ---p 00000000 00:00 0 
7f11b0000000-7f11b0021000 rw-p 00000000 00:00 0 
7f11b0021000-7f11b4000000 ---p 00000000 00:00 0 
7f11b4000000-7f11b4021000 rw-p 00000000 00:00 0 
7f11b4021000-7f11b8000000 ---p 00000000 00:00 0 
7f11b8000000-7f11b8024000 rw-p 00000000 00:00 0 
7f11b8024000-7f11bc000000 ---p 00000000 00:00 0 
7f11bc800000-7f11bcbf0000 rw-p 00000000 00:00 0 
7f11bcbf0000-7f11bcff0000 rw-p 00000000 00:00 0 
7f11bcff0000-7f11bd000000 rw-p 00000000 00:00 0 
7f11bd400000-7f11bd4f0000 rw-p 00000000 00:00 0 
7f11bd4f0000-7f11bd5b0000 rw-p 00000000 00:00 0 
7f11bd5b0000-7f11bd6f0000 rw-p 00000000 00:00 0 
7f11bd6f0000-7f11bd7f0000 rw-p 00000000 00:00 0 
7f11bd7f0000-7f11bd8f0000 rw-p 00000000 00:00 0 
7f11bd8f0000-7f11bd9f0000 rw-p 00000000 00:00 0 
7f11bd9f0000-7f11bdbf0000 rw-p 00000000 00:00 0 
7f11bdbf0000-7f11be170000 rw-p 00000000 00:00 0 
7f11be170000-7f11be1f0000 rw-p 00000000 00:00 0 
7f11be1f0000-7f11be2f0000 rw-p 00000000 00:00 0 
7f11be2f0000-7f11be3f0000 rw-p 00000000 00:00 0 
7f11be3f0000-7f11be4f0000 rw-p 00000000 00:00 0 
7f11be4f0000-7f11be5f0000 rw-p 00000000 00:00 0 
7f11be5f0000-7f11beaf0000 rw-p 00000000 00:00 0 
7f11beaf0000-7f11bec00000 rw-p 00000000 00:00 0 
7f11bec00000-7f11bec10000 r-xp 00000000 00:a49 365                       /home/runner/.cache/jdt-language-server/config/org.eclipse.equinox.launcher/org.eclipse.equinox.launcher.gtk.linux.x86_64_1.2.400.v20211117-0650/eclipse_11600.so
7f11bec10000-7f11bee0f000 ---p 00010000 00:a49 365                       /home/runner/.cache/jdt-language-server/config/org.eclipse.equinox.launcher/org.eclipse.equinox.launcher.gtk.linux.x86_64_1.2.400.v20211117-0650/eclipse_11600.so
7f11bee0f000-7f11bee10000 r--p 0000f000 00:a49 365                       /home/runner/.cache/jdt-language-server/config/org.eclipse.equinox.launcher/org.eclipse.equinox.launcher.gtk.linux.x86_64_1.2.400.v20211117-0650/eclipse_11600.so
7f11bee10000-7f11bee11000 rw-p 00010000 00:a49 365                       /home/runner/.cache/jdt-language-server/config/org.eclipse.equinox.launcher/org.eclipse.equinox.launcher.gtk.linux.x86_64_1.2.400.v20211117-0650/eclipse_11600.so
7f11bf700000-7f11bf704000 ---p 00000000 00:00 0 
7f11bf704000-7f11bf800000 rw-p 00000000 00:00 0 
7f11bf900000-7f11bf904000 ---p 00000000 00:00 0 
7f11bf904000-7f11bfa00000 rw-p 00000000 00:00 0 
7f11bfb00000-7f11bfb04000 ---p 00000000 00:00 0 
7f11bfb04000-7f11bfc00000 rw-p 00000000 00:00 0 
7f11bfd00000-7f11bfd04000 ---p 00000000 00:00 0 
7f11bfd04000-7f11bfe00000 rw-p 00000000 00:00 0 
7f11bff00000-7f11bff04000 ---p 00000000 00:00 0 
7f11bff04000-7f11c0000000 rw-p 00000000 00:00 0 
7f11c0100000-7f11c0104000 ---p 00000000 00:00 0 
7f11c0104000-7f11c0200000 rw-p 00000000 00:00 0 
7f11c0300000-7f11c0304000 ---p 00000000 00:00 0 
7f11c0304000-7f11c0400000 rw-p 00000000 00:00 0 
7f11c0600000-7f11c0604000 ---p 00000000 00:00 0 
7f11c0604000-7f11c0700000 rw-p 00000000 00:00 0 
7f11c0800000-7f11c0804000 ---p 00000000 00:00 0 
7f11c0804000-7f11c0900000 rw-p 00000000 00:00 0 
7f11c0a00000-7f11c0a04000 ---p 00000000 00:00 0 
7f11c0a04000-7f11c0b00000 rw-p 00000000 00:00 0 
7f11c0b00000-7f11c0b04000 ---p 00000000 00:00 0 
7f11c0b04000-7f11c0c00000 rw-p 00000000 00:00 0 
7f11c0c00000-7f11c0c04000 ---p 00000000 00:00 0 
7f11c0c04000-7f11c0d00000 rw-p 00000000 00:00 0 
7f11c0d00000-7f11c0d04000 ---p 00000000 00:00 0 
7f11c0d04000-7f11c0e00000 rw-p 00000000 00:00 0 
7f11c0e00000-7f11c0e04000 ---p 00000000 00:00 0 
7f11c0e04000-7f11c0f00000 rw-p 00000000 00:00 0 
7f11c0f00000-7f11c0f04000 ---p 00000000 00:00 0 
7f11c0f04000-7f11c1000000 rw-p 00000000 00:00 0 
7f11c1000000-7f11c1004000 ---p 00000000 00:00 0 
7f11c1004000-7f11c1100000 rw-p 00000000 00:00 0 
7f11c1100000-7f11c1104000 ---p 00000000 00:00 0 
7f11c1104000-7f11c1200000 rw-p 00000000 00:00 0 
7f11c1200000-7f11c1204000 ---p 00000000 00:00 0 
7f11c1204000-7f11c1300000 rw-p 00000000 00:00 0 
7f11c1300000-7f11c1304000 ---p 00000000 00:00 0 
7f11c1304000-7f11c1400000 rw-p 00000000 00:00 0 
7f11c1500000-7f11c1504000 ---p 00000000 00:00 0 
7f11c1504000-7f11c1600000 rw-p 00000000 00:00 0 
7f11c1700000-7f11c1704000 ---p 00000000 00:00 0 
7f11c1704000-7f11c1800000 rw-p 00000000 00:00 0 
7f11c1800000-7f11c1804000 ---p 00000000 00:00 0 
7f11c1804000-7f11c1900000 rw-p 00000000 00:00 0 
7f11c1900000-7f11c1904000 ---p 00000000 00:00 0 
7f11c1904000-7f11c1a00000 rw-p 00000000 00:00 0 
7f11c1a00000-7f11c1a04000 ---p 00000000 00:00 0 
7f11c1a04000-7f11c1b00000 rw-p 00000000 00:00 0 
7f11c1b00000-7f11c1b04000 ---p 00000000 00:00 0 
7f11c1b04000-7f11c1c00000 rw-p 00000000 00:00 0 
7f11c1c00000-7f11c3d6a000 r-xp 00000000 00:a4e 4611686019135190040       /nix/store/gpxl5qgg8kicmcvivwmybwjlpf7wh20l-graalvm17-ce-22.3.0/lib/libjvmcicompiler.so
7f11c3d6a000-7f11c3f69000 ---p 0216a000 00:a4e 4611686019135190040       /nix/store/gpxl5qgg8kicmcvivwmybwjlpf7wh20l-graalvm17-ce-22.3.0/lib/libjvmcicompiler.so
7f11c3f69000-7f11c3f6a000 r--p 02169000 00:a4e 4611686019135190040       /nix/store/gpxl5qgg8kicmcvivwmybwjlpf7wh20l-graalvm17-ce-22.3.0/lib/libjvmcicompiler.so
7f11c3f6a000-7f11c3f6c000 rw-p 0216a000 00:a4e 4611686019135190040       /nix/store/gpxl5qgg8kicmcvivwmybwjlpf7wh20l-graalvm17-ce-22.3.0/lib/libjvmcicompiler.so
7f11c3f6c000-7f11c3f6d000 rw-p 00000000 00:00 0 
7f11c3f6d000-7f11c3f72000 rw-p 023c3000 00:a4e 4611686019135190040       /nix/store/gpxl5qgg8kicmcvivwmybwjlpf7wh20l-graalvm17-ce-22.3.0/lib/libjvmcicompiler.so
7f11c4000000-7f11c4024000 rw-p 00000000 00:00 0 
7f11c4024000-7f11c8000000 ---p 00000000 00:00 0 
7f11c8000000-7f11c8021000 rw-p 00000000 00:00 0 
7f11c8021000-7f11cc000000 ---p 00000000 00:00 0 
7f11cc000000-7f11cc04e000 rw-p 00000000 00:00 0 
7f11cc04e000-7f11d0000000 ---p 00000000 00:00 0 
7f11d0000000-7f11d0021000 rw-p 00000000 00:00 0 
7f11d0021000-7f11d4000000 ---p 00000000 00:00 0 
7f11d4000000-7f11d40e5000 rw-p 00000000 00:00 0 
7f11d40e5000-7f11d8000000 ---p 00000000 00:00 0 
7f11d8000000-7f11d8c5f000 rw-p 00000000 00:00 0 
7f11d8c5f000-7f11dc000000 ---p 00000000 00:00 0 
7f11dc000000-7f11dc021000 rw-p 00000000 00:00 0 
7f11dc021000-7f11e0000000 ---p 00000000 00:00 0 
7f11e0000000-7f11e0021000 rw-p 00000000 00:00 0 
7f11e0021000-7f11e4000000 ---p 00000000 00:00 0 
7f11e4000000-7f11e4021000 rw-p 00000000 00:00 0 
7f11e4021000-7f11e8000000 ---p 00000000 00:00 0 
7f11e8000000-7f11e8021000 rw-p 00000000 00:00 0 
7f11e8021000-7f11ec000000 ---p 00000000 00:00 0 
7f11ec000000-7f11ec031000 rw-p 00000000 00:00 0 
7f11ec031000-7f11f0000000 ---p 00000000 00:00 0 
7f11f0000000-7f11f002d000 rw-p 00000000 00:00 0 
7f11f002d000-7f11f4000000 ---p 00000000 00:00 0 
7f11f4000000-7f11f41e6000 rw-p 00000000 00:00 0 
7f11f41e6000-7f11f8004000 ---p 00000000 00:00 0 
7f11f8004000-7f11f8100000 rw-p 00000000 00:00 0 
7f11f8100000-7f11f8104000 ---p 00000000 00:00 0 
7f11f8104000-7f11f8200000 rw-p 00000000 00:00 0 
7f11f8200000-7f11f8204000 ---p 00000000 00:00 0 
7f11f8204000-7f11f8300000 rw-p 00000000 00:00 0 
7f11f8300000-7f11f8304000 ---p 00000000 00:00 0 
7f11f8304000-7f11f8400000 rw-p 00000000 00:00 0 
7f11f8400000-7f11f8404000 ---p 00000000 00:00 0 
7f11f8404000-7f11f8500000 rw-p 00000000 00:00 0 
7f11f8500000-7f11f8504000 ---p 00000000 00:00 0 
7f11f8504000-7f11f8600000 rw-p 00000000 00:00 0 
7f11f8600000-7f11f8604000 ---p 00000000 00:00 0 
7f11f8604000-7f11f8700000 rw-p 00000000 00:00 0 
7f11f8700000-7f11f8704000 ---p 00000000 00:00 0 
7f11f8704000-7f11f8800000 rw-p 00000000 00:00 0 
7f11f8800000-7f11f8804000 ---p 00000000 00:00 0 
7f11f8804000-7f11f8900000 rw-p 00000000 00:00 0 
7f11f8900000-7f11f8904000 ---p 00000000 00:00 0 
7f11f8904000-7f11f8a00000 rw-p 00000000 00:00 0 
7f11f8b00000-7f11f8b04000 ---p 00000000 00:00 0 
7f11f8b04000-7f11f8c00000 rw-p 00000000 00:00 0 
7f11f9968000-7f11f9e00000 rw-p 00000000 00:00 0 
7f11f9e18000-7f11f9e19000 ---p 00000000 00:00 0 
7f11f9e19000-7f11f9f1a000 rw-p 00000000 00:00 0 
7f11f9f1a000-7f11f9f1e000 ---p 00000000 00:00 0 
7f11f9f1e000-7f11fa01a000 rw-p 00000000 00:00 0 
7f11fa01a000-7f11fa01e000 ---p 00000000 00:00 0 
7f11fa01e000-7f11fa11a000 rw-p 00000000 00:00 0 
7f11fa11a000-7f11fa11e000 ---p 00000000 00:00 0 
7f11fa11e000-7f11fa21a000 rw-p 00000000 00:00 0 
7f11fa21a000-7f11fa21e000 ---p 00000000 00:00 0 
7f11fa21e000-7f11fa41a000 rw-p 00000000 00:00 0 
7f11fa41a000-7f11fa41e000 ---p 00000000 00:00 0 
7f11fa41e000-7f11fa61a000 rw-p 00000000 00:00 0 
7f11fa61a000-7f11fa61e000 ---p 00000000 00:00 0 
7f11fa61e000-7f11fa71a000 rw-p 00000000 00:00 0 
7f11fa71a000-7f11fa71e000 ---p 00000000 00:00 0 
7f11fa71e000-7f11fa81a000 rw-p 00000000 00:00 0 
7f11fa81a000-7f11fa81e000 ---p 00000000 00:00 0 
7f11fa81e000-7f11fa91a000 rw-p 00000000 00:00 0 
7f11fa91a000-7f11fac00000 r--p 00000000 00:6f2 28444448                  /usr/lib/locale/locale-archive
7f11fac00000-7f11faff0000 rw-p 00000000 00:00 0 
7f11faff0000-7f11fb2b0000 rw-p 00000000 00:00 0 
7f11fb2b0000-7f11fb2f0000 rw-p 00000000 00:00 0 
7f11fb2f0000-7f11fb400000 rw-p 00000000 00:00 0 
7f11fb4b3000-7f11fb723000 rwxp 00000000 00:00 0 
7f11fb723000-7f11fba42000 ---p 00000000 00:00 0 
7f11fba42000-7f11fcf72000 rwxp 00000000 00:00 0 
7f11fcf72000-7f1202f7a000 ---p 00000000 00:00 0 
7f1202f7a000-7f120325a000 rwxp 00000000 00:00 0 
7f120325a000-7f120a4b3000 ---p 00000000 00:00 0 
7f120a4b3000-7f1214000000 r--s 00000000 00:a4e 4611686019135192581       /nix/store/gpxl5qgg8kicmcvivwmybwjlpf7wh20l-graalvm17-ce-22.3.0/lib/modules
7f1214000000-7f121442e000 rw-p 00000000 00:00 0 
7f121442e000-7f1218000000 ---p 00000000 00:00 0 
7f1218034000-7f1218036000 r-xp 00000000 00:a4e 4611686019135190017       /nix/store/gpxl5qgg8kicmcvivwmybwjlpf7wh20l-graalvm17-ce-22.3.0/lib/libextnet.so
7f1218036000-7f1218037000 r--p 00001000 00:a4e 4611686019135190017       /nix/store/gpxl5qgg8kicmcvivwmybwjlpf7wh20l-graalvm17-ce-22.3.0/lib/libextnet.so
7f1218037000-7f1218038000 rw-p 00002000 00:a4e 4611686019135190017       /nix/store/gpxl5qgg8kicmcvivwmybwjlpf7wh20l-graalvm17-ce-22.3.0/lib/libextnet.so
7f1218038000-7f1218039000 rw-p 00004000 00:a4e 4611686019135190017       /nix/store/gpxl5qgg8kicmcvivwmybwjlpf7wh20l-graalvm17-ce-22.3.0/lib/libextnet.so
7f1218039000-7f121803d000 ---p 00000000 00:00 0 
7f121803d000-7f121805b000 rw-p 00000000 00:00 0 
7f121805b000-7f1218062000 r-xp 00000000 00:a4e 4611686019135192580       /nix/store/gpxl5qgg8kicmcvivwmybwjlpf7wh20l-graalvm17-ce-22.3.0/lib/libzip.so
7f1218062000-7f1218063000 ---p 00007000 00:a4e 4611686019135192580       /nix/store/gpxl5qgg8kicmcvivwmybwjlpf7wh20l-graalvm17-ce-22.3.0/lib/libzip.so
7f1218063000-7f1218064000 r--p 00007000 00:a4e 4611686019135192580       /nix/store/gpxl5qgg8kicmcvivwmybwjlpf7wh20l-graalvm17-ce-22.3.0/lib/libzip.so
7f1218064000-7f1218065000 rw-p 00008000 00:a4e 4611686019135192580       /nix/store/gpxl5qgg8kicmcvivwmybwjlpf7wh20l-graalvm17-ce-22.3.0/lib/libzip.so
7f1218065000-7f1218067000 rw-p 0000b000 00:a4e 4611686019135192580       /nix/store/gpxl5qgg8kicmcvivwmybwjlpf7wh20l-graalvm17-ce-22.3.0/lib/libzip.so
7f1218067000-7f121807c000 r-xp 00000000 00:a4e 4611686019135192570       /nix/store/gpxl5qgg8kicmcvivwmybwjlpf7wh20l-graalvm17-ce-22.3.0/lib/libnet.so
7f121807c000-7f121807d000 ---p 00015000 00:a4e 4611686019135192570       /nix/store/gpxl5qgg8kicmcvivwmybwjlpf7wh20l-graalvm17-ce-22.3.0/lib/libnet.so
7f121807d000-7f121807e000 r--p 00015000 00:a4e 4611686019135192570       /nix/store/gpxl5qgg8kicmcvivwmybwjlpf7wh20l-graalvm17-ce-22.3.0/lib/libnet.so
7f121807e000-7f121807f000 rw-p 00016000 00:a4e 4611686019135192570       /nix/store/gpxl5qgg8kicmcvivwmybwjlpf7wh20l-graalvm17-ce-22.3.0/lib/libnet.so
7f121807f000-7f1218082000 rw-p 0001b000 00:a4e 4611686019135192570       /nix/store/gpxl5qgg8kicmcvivwmybwjlpf7wh20l-graalvm17-ce-22.3.0/lib/libnet.so
7f1218082000-7f1218095000 r-xp 00000000 00:a4e 4611686019135192571       /nix/store/gpxl5qgg8kicmcvivwmybwjlpf7wh20l-graalvm17-ce-22.3.0/lib/libnio.so
7f1218095000-7f1218096000 r--p 00012000 00:a4e 4611686019135192571       /nix/store/gpxl5qgg8kicmcvivwmybwjlpf7wh20l-graalvm17-ce-22.3.0/lib/libnio.so
7f1218096000-7f1218097000 rw-p 00013000 00:a4e 4611686019135192571       /nix/store/gpxl5qgg8kicmcvivwmybwjlpf7wh20l-graalvm17-ce-22.3.0/lib/libnio.so
7f1218097000-7f121809c000 rw-p 00019000 00:a4e 4611686019135192571       /nix/store/gpxl5qgg8kicmcvivwmybwjlpf7wh20l-graalvm17-ce-22.3.0/lib/libnio.so
7f121809c000-7f12180a0000 ---p 00000000 00:00 0 
7f12180a0000-7f121819c000 rw-p 00000000 00:00 0 
7f121819c000-7f12181a0000 ---p 00000000 00:00 0 
7f12181a0000-7f121829c000 rw-p 00000000 00:00 0 
7f121829c000-7f121829d000 ---p 00000000 00:00 0 
7f121829d000-7f121839e000 rw-p 00000000 00:00 0 
7f121839e000-7f121846c000 r-xp 00000000 00:a4e 4611686019135190036       /nix/store/gpxl5qgg8kicmcvivwmybwjlpf7wh20l-graalvm17-ce-22.3.0/lib/libjsvml.so
7f121846c000-7f121846d000 r--p 000cd000 00:a4e 4611686019135190036       /nix/store/gpxl5qgg8kicmcvivwmybwjlpf7wh20l-graalvm17-ce-22.3.0/lib/libjsvml.so
7f121846d000-7f121846e000 rw-p 000ce000 00:a4e 4611686019135190036       /nix/store/gpxl5qgg8kicmcvivwmybwjlpf7wh20l-graalvm17-ce-22.3.0/lib/libjsvml.so
7f121846e000-7f1219d46000 rw-p 00000000 00:00 0 
7f1219d46000-7f1219d47000 ---p 00000000 00:00 0 
7f1219d47000-7f1219edd000 rw-p 00000000 00:00 0 
7f1219edd000-7f1219f1e000 rw-p 00000000 00:00 0 
7f1219f1e000-7f1219f48000 ---p 00000000 00:00 0 
7f1219f48000-7f1219f4f000 rw-p 00000000 00:00 0 
7f1219f4f000-7f121a034000 ---p 00000000 00:00 0 
7f121a034000-7f121a05f000 rw-p 00000000 00:00 0 
7f121a05f000-7f121a11f000 ---p 00000000 00:00 0 
7f121a11f000-7f121a124000 rw-p 00000000 00:00 0 
7f121a124000-7f121a12b000 ---p 00000000 00:00 0 
7f121a12b000-7f121a14f000 r-xp 00000000 00:a4e 4611686019135190028       /nix/store/gpxl5qgg8kicmcvivwmybwjlpf7wh20l-graalvm17-ce-22.3.0/lib/libjava.so
7f121a14f000-7f121a150000 ---p 00024000 00:a4e 4611686019135190028       /nix/store/gpxl5qgg8kicmcvivwmybwjlpf7wh20l-graalvm17-ce-22.3.0/lib/libjava.so
7f121a150000-7f121a151000 r--p 00024000 00:a4e 4611686019135190028       /nix/store/gpxl5qgg8kicmcvivwmybwjlpf7wh20l-graalvm17-ce-22.3.0/lib/libjava.so
7f121a151000-7f121a152000 rw-p 00025000 00:a4e 4611686019135190028       /nix/store/gpxl5qgg8kicmcvivwmybwjlpf7wh20l-graalvm17-ce-22.3.0/lib/libjava.so
7f121a152000-7f121a153000 rw-p 00000000 00:00 0 
7f121a153000-7f121a15a000 rw-p 0002f000 00:a4e 4611686019135190028       /nix/store/gpxl5qgg8kicmcvivwmybwjlpf7wh20l-graalvm17-ce-22.3.0/lib/libjava.so
7f121a15a000-7f121a162000 rw-s 00000000 00:174 551                       /tmp/hsperfdata_runner/227
7f121a162000-7f121a163000 ---p 00000000 00:00 0 
7f121a163000-7f121a164000 r--p 00000000 00:00 0 
7f121a164000-7f121a165000 rwxp 00000000 00:00 0 
7f121a165000-7f121a180000 r-xp 00000000 00:a4e 4611686019135190032       /nix/store/gpxl5qgg8kicmcvivwmybwjlpf7wh20l-graalvm17-ce-22.3.0/lib/libjimage.so
7f121a180000-7f121a181000 ---p 0001b000 00:a4e 4611686019135190032       /nix/store/gpxl5qgg8kicmcvivwmybwjlpf7wh20l-graalvm17-ce-22.3.0/lib/libjimage.so
7f121a181000-7f121a183000 r--p 0001b000 00:a4e 4611686019135190032       /nix/store/gpxl5qgg8kicmcvivwmybwjlpf7wh20l-graalvm17-ce-22.3.0/lib/libjimage.so
7f121a183000-7f121a184000 rw-p 0001d000 00:a4e 4611686019135190032       /nix/store/gpxl5qgg8kicmcvivwmybwjlpf7wh20l-graalvm17-ce-22.3.0/lib/libjimage.so
7f121a184000-7f121a185000 rw-p 00024000 00:a4e 4611686019135190032       /nix/store/gpxl5qgg8kicmcvivwmybwjlpf7wh20l-graalvm17-ce-22.3.0/lib/libjimage.so
7f121a185000-7f121a189000 ---p 00000000 00:00 0 
7f121a189000-7f121a285000 rw-p 00000000 00:00 0 
7f121a285000-7f121a293000 r--p 00000000 00:a4e 4611686019027979927       /nix/store/4nlgxhb09sdr51nc9hdm8az5b08vzkgx-glibc-2.35-163/lib/libm.so.6
7f121a293000-7f121a306000 r-xp 0000e000 00:a4e 4611686019027979927       /nix/store/4nlgxhb09sdr51nc9hdm8az5b08vzkgx-glibc-2.35-163/lib/libm.so.6
7f121a306000-7f121a363000 r--p 00081000 00:a4e 4611686019027979927       /nix/store/4nlgxhb09sdr51nc9hdm8az5b08vzkgx-glibc-2.35-163/lib/libm.so.6
7f121a363000-7f121a364000 r--p 000dd000 00:a4e 4611686019027979927       /nix/store/4nlgxhb09sdr51nc9hdm8az5b08vzkgx-glibc-2.35-163/lib/libm.so.6
7f121a364000-7f121a365000 rw-p 000de000 00:a4e 4611686019027979927       /nix/store/4nlgxhb09sdr51nc9hdm8az5b08vzkgx-glibc-2.35-163/lib/libm.so.6
7f121a365000-7f121a366000 r--p 00000000 00:a4e 4611686019027979946       /nix/store/4nlgxhb09sdr51nc9hdm8az5b08vzkgx-glibc-2.35-163/lib/librt.so.1
7f121a366000-7f121a367000 r-xp 00001000 00:a4e 4611686019027979946       /nix/store/4nlgxhb09sdr51nc9hdm8az5b08vzkgx-glibc-2.35-163/lib/librt.so.1
7f121a367000-7f121a368000 r--p 00002000 00:a4e 4611686019027979946       /nix/store/4nlgxhb09sdr51nc9hdm8az5b08vzkgx-glibc-2.35-163/lib/librt.so.1
7f121a368000-7f121a369000 r--p 00002000 00:a4e 4611686019027979946       /nix/store/4nlgxhb09sdr51nc9hdm8az5b08vzkgx-glibc-2.35-163/lib/librt.so.1
7f121a369000-7f121a36a000 rw-p 00003000 00:a4e 4611686019027979946       /nix/store/4nlgxhb09sdr51nc9hdm8az5b08vzkgx-glibc-2.35-163/lib/librt.so.1
7f121a36a000-7f121b47d000 r-xp 00000000 00:a4e 4611686019135360866       /nix/store/gpxl5qgg8kicmcvivwmybwjlpf7wh20l-graalvm17-ce-22.3.0/lib/server/libjvm.so
7f121b47d000-7f121b47e000 ---p 01113000 00:a4e 4611686019135360866       /nix/store/gpxl5qgg8kicmcvivwmybwjlpf7wh20l-graalvm17-ce-22.3.0/lib/server/libjvm.so
7f121b47e000-7f121b533000 r--p 01113000 00:a4e 4611686019135360866       /nix/store/gpxl5qgg8kicmcvivwmybwjlpf7wh20l-graalvm17-ce-22.3.0/lib/server/libjvm.so
7f121b533000-7f121b567000 rw-p 011c8000 00:a4e 4611686019135360866       /nix/store/gpxl5qgg8kicmcvivwmybwjlpf7wh20l-graalvm17-ce-22.3.0/lib/server/libjvm.so
7f121b567000-7f121b5c3000 rw-p 00000000 00:00 0 
7f121b5c3000-7f121b5eb000 r--p 00000000 00:a4e 4611686019027979918       /nix/store/4nlgxhb09sdr51nc9hdm8az5b08vzkgx-glibc-2.35-163/lib/libc.so.6
7f121b5eb000-7f121b761000 r-xp 00028000 00:a4e 4611686019027979918       /nix/store/4nlgxhb09sdr51nc9hdm8az5b08vzkgx-glibc-2.35-163/lib/libc.so.6
7f121b761000-7f121b7b9000 r--p 0019e000 00:a4e 4611686019027979918       /nix/store/4nlgxhb09sdr51nc9hdm8az5b08vzkgx-glibc-2.35-163/lib/libc.so.6
7f121b7b9000-7f121b7bd000 r--p 001f6000 00:a4e 4611686019027979918       /nix/store/4nlgxhb09sdr51nc9hdm8az5b08vzkgx-glibc-2.35-163/lib/libc.so.6
7f121b7bd000-7f121b7bf000 rw-p 001fa000 00:a4e 4611686019027979918       /nix/store/4nlgxhb09sdr51nc9hdm8az5b08vzkgx-glibc-2.35-163/lib/libc.so.6
7f121b7bf000-7f121b7ce000 rw-p 00000000 00:00 0 
7f121b7ce000-7f121b7cf000 r--p 00000000 00:a4e 4611686019027979923       /nix/store/4nlgxhb09sdr51nc9hdm8az5b08vzkgx-glibc-2.35-163/lib/libdl.so.2
7f121b7cf000-7f121b7d0000 r-xp 00001000 00:a4e 4611686019027979923       /nix/store/4nlgxhb09sdr51nc9hdm8az5b08vzkgx-glibc-2.35-163/lib/libdl.so.2
7f121b7d0000-7f121b7d1000 r--p 00002000 00:a4e 4611686019027979923       /nix/store/4nlgxhb09sdr51nc9hdm8az5b08vzkgx-glibc-2.35-163/lib/libdl.so.2
7f121b7d1000-7f121b7d2000 r--p 00002000 00:a4e 4611686019027979923       /nix/store/4nlgxhb09sdr51nc9hdm8az5b08vzkgx-glibc-2.35-163/lib/libdl.so.2
7f121b7d2000-7f121b7d3000 rw-p 00003000 00:a4e 4611686019027979923       /nix/store/4nlgxhb09sdr51nc9hdm8az5b08vzkgx-glibc-2.35-163/lib/libdl.so.2
7f121b7d3000-7f121b7d4000 r--p 00000000 00:a4e 4611686019027979942       /nix/store/4nlgxhb09sdr51nc9hdm8az5b08vzkgx-glibc-2.35-163/lib/libpthread.so.0
7f121b7d4000-7f121b7d5000 r-xp 00001000 00:a4e 4611686019027979942       /nix/store/4nlgxhb09sdr51nc9hdm8az5b08vzkgx-glibc-2.35-163/lib/libpthread.so.0
7f121b7d5000-7f121b7d6000 r--p 00002000 00:a4e 4611686019027979942       /nix/store/4nlgxhb09sdr51nc9hdm8az5b08vzkgx-glibc-2.35-163/lib/libpthread.so.0
7f121b7d6000-7f121b7d7000 r--p 00002000 00:a4e 4611686019027979942       /nix/store/4nlgxhb09sdr51nc9hdm8az5b08vzkgx-glibc-2.35-163/lib/libpthread.so.0
7f121b7d7000-7f121b7d8000 rw-p 00003000 00:a4e 4611686019027979942       /nix/store/4nlgxhb09sdr51nc9hdm8az5b08vzkgx-glibc-2.35-163/lib/libpthread.so.0
7f121b7d8000-7f121b7e6000 r-xp 00000000 00:a4e 4611686019135190033       /nix/store/gpxl5qgg8kicmcvivwmybwjlpf7wh20l-graalvm17-ce-22.3.0/lib/libjli.so
7f121b7e6000-7f121b7e7000 ---p 0000e000 00:a4e 4611686019135190033       /nix/store/gpxl5qgg8kicmcvivwmybwjlpf7wh20l-graalvm17-ce-22.3.0/lib/libjli.so
7f121b7e7000-7f121b7e8000 r--p 0000e000 00:a4e 4611686019135190033       /nix/store/gpxl5qgg8kicmcvivwmybwjlpf7wh20l-graalvm17-ce-22.3.0/lib/libjli.so
7f121b7e8000-7f121b7e9000 rw-p 0000f000 00:a4e 4611686019135190033       /nix/store/gpxl5qgg8kicmcvivwmybwjlpf7wh20l-graalvm17-ce-22.3.0/lib/libjli.so
7f121b7e9000-7f121b7ea000 rw-p 00012000 00:a4e 4611686019135190033       /nix/store/gpxl5qgg8kicmcvivwmybwjlpf7wh20l-graalvm17-ce-22.3.0/lib/libjli.so
7f121b7ea000-7f121b7ed000 r--p 00000000 00:a4e 4611686019106210071       /nix/store/026hln0aq1hyshaxsdvhg0kmcm6yf45r-zlib-1.2.13/lib/libz.so.1.2.13
7f121b7ed000-7f121b7ff000 r-xp 00003000 00:a4e 4611686019106210071       /nix/store/026hln0aq1hyshaxsdvhg0kmcm6yf45r-zlib-1.2.13/lib/libz.so.1.2.13
7f121b7ff000-7f121b806000 r--p 00015000 00:a4e 4611686019106210071       /nix/store/026hln0aq1hyshaxsdvhg0kmcm6yf45r-zlib-1.2.13/lib/libz.so.1.2.13
7f121b806000-7f121b807000 r--p 0001b000 00:a4e 4611686019106210071       /nix/store/026hln0aq1hyshaxsdvhg0kmcm6yf45r-zlib-1.2.13/lib/libz.so.1.2.13
7f121b807000-7f121b808000 rw-p 0001c000 00:a4e 4611686019106210071       /nix/store/026hln0aq1hyshaxsdvhg0kmcm6yf45r-zlib-1.2.13/lib/libz.so.1.2.13
7f121b808000-7f121b80a000 rw-p 00000000 00:00 0 
7f121b80a000-7f121b80c000 r--p 00000000 00:a4e 4611686019027979912       /nix/store/4nlgxhb09sdr51nc9hdm8az5b08vzkgx-glibc-2.35-163/lib/ld-linux-x86-64.so.2
7f121b80c000-7f121b833000 r-xp 00002000 00:a4e 4611686019027979912       /nix/store/4nlgxhb09sdr51nc9hdm8az5b08vzkgx-glibc-2.35-163/lib/ld-linux-x86-64.so.2
7f121b833000-7f121b83f000 r--p 00029000 00:a4e 4611686019027979912       /nix/store/4nlgxhb09sdr51nc9hdm8az5b08vzkgx-glibc-2.35-163/lib/ld-linux-x86-64.so.2
7f121b83f000-7f121b841000 r--p 00034000 00:a4e 4611686019027979912       /nix/store/4nlgxhb09sdr51nc9hdm8az5b08vzkgx-glibc-2.35-163/lib/ld-linux-x86-64.so.2
7f121b841000-7f121b843000 rw-p 00036000 00:a4e 4611686019027979912       /nix/store/4nlgxhb09sdr51nc9hdm8az5b08vzkgx-glibc-2.35-163/lib/ld-linux-x86-64.so.2
7ffe077bc000-7ffe077e0000 rw-p 00000000 00:00 0                          [stack]
7ffe077ea000-7ffe077ee000 r--p 00000000 00:00 0                          [vvar]
7ffe077ee000-7ffe077f0000 r-xp 00000000 00:00 0                          [vdso]
ffffffffff600000-ffffffffff601000 --xp 00000000 00:00 0                  [vsyscall]


VM Arguments:
jvm_args: -XX:ThreadPriorityPolicy=1 -XX:+UnlockExperimentalVMOptions -XX:+EnableJVMCIProduct -XX:JVMCIThreadsPerNativeLibraryRuntime=1 -XX:-UnlockExperimentalVMOptions -Declipse.application=org.eclipse.jdt.ls.core.id1 -Dosgi.bundles.defaultStartLevel=4 -Declipse.product=org.eclipse.jdt.ls.core.product -Dlog.level=ALL -Xverify:none -XX:+UseParallelGC -XX:GCTimeRatio=4 -XX:AdaptiveSizePolicyWeight=90 -Dsun.zip.disableMemoryMapping=true -Xmx512m -Xms100m 
java_command: /nix/store/a7s9klvriqi68xz3qjc0qyfl5h86xc16-jdt-language-server-1.9.0/share/java/plugins/org.eclipse.equinox.launcher_1.6.400.v20210924-0641.jar --add-modules=ALL-SYSTEM --add-opens java.base/java.util=ALL-UNNAMED --add-opens java.base/java.lang=ALL-UNNAMED -configuration /home/runner/.cache/jdt-language-server/config -data /home/runner/.cache/jdt-language-server/data/home/runner/ETL-with-git
java_class_path (initial): /nix/store/a7s9klvriqi68xz3qjc0qyfl5h86xc16-jdt-language-server-1.9.0/share/java/plugins/org.eclipse.equinox.launcher_1.6.400.v20210924-0641.jar
Launcher Type: SUN_STANDARD

[Global flags]
    uintx AdaptiveSizePolicyWeight                 = 90                                        {product} {command line}
     intx CICompilerCount                          = 2                                         {product} {ergonomic}
     bool EnableJVMCIProduct                       = true                                {JVMCI product} {jimage}
    uintx GCTimeRatio                              = 4                                         {product} {command line}
   size_t InitialHeapSize                          = 104857600                                 {product} {command line}
     uint JVMCIThreadsPerNativeLibraryRuntime      = 1                                   {JVMCI product} {jimage}
   size_t MaxHeapSize                              = 536870912                                 {product} {command line}
   size_t MaxNewSize                               = 178782208                                 {product} {ergonomic}
   size_t MinHeapDeltaBytes                        = 524288                                    {product} {ergonomic}
   size_t MinHeapSize                              = 104857600                                 {product} {command line}
   size_t NewSize                                  = 34603008                                  {product} {ergonomic}
    uintx NonNMethodCodeHeapSize                   = 5826188                                {pd product} {ergonomic}
    uintx NonProfiledCodeHeapSize                  = 122916026                              {pd product} {ergonomic}
   size_t OldSize                                  = 70254592                                  {product} {ergonomic}
    uintx ProfiledCodeHeapSize                     = 122916026                              {pd product} {ergonomic}
    uintx ReservedCodeCacheSize                    = 251658240                              {pd product} {ergonomic}
     bool SegmentedCodeCache                       = true                                      {product} {ergonomic}
   size_t SoftMaxHeapSize                          = 536870912                              {manageable} {ergonomic}
     intx ThreadPriorityPolicy                     = 1                                         {product} {jimage}
     bool UseCompressedClassPointers               = true                           {product lp64_product} {ergonomic}
     bool UseCompressedOops                        = true                           {product lp64_product} {ergonomic}
     bool UseParallelGC                            = true                                      {product} {command line}

Logging:
Log output configuration:
 #0: stdout all=warning uptime,level,tags
 #1: stderr all=off uptime,level,tags

Environment Variables:
JAVA_HOME=/nix/store/gpxl5qgg8kicmcvivwmybwjlpf7wh20l-graalvm17-ce-22.3.0
PATH=/nix/store/1d6ian3r8kdzspw8hacjhl3xkp40g1lj-binutils-wrapper-2.39/bin:/nix/store/dq0xwmsk1g0i2ayg6pb7y87na2knzylh-gcc-wrapper-11.3.0/bin:/nix/store/bap4d0lpcrhpwmpb8ayjcgkmvfj62lnq-bash-interactive-5.1-p16/bin:/nix/store/pr5n59mb4jzmfx6kanwxly0l07p861fg-patchelf-0.15.0/bin:/nix/store/1gf2flfqnpqbr1b4p4qz2f72y42bs56r-gcc-11.3.0/bin:/nix/store/57xv61c5zi8pphjbcwxxjlgc34p61ic9-glibc-2.35-163-bin/bin:/nix/store/a7gvj343m05j2s32xcnwr35v31ynlypr-coreutils-9.1/bin:/nix/store/039g378vc3pc3dvi9dzdlrd0i4q93qwf-binutils-2.39/bin:/nix/store/gpxl5qgg8kicmcvivwmybwjlpf7wh20l-graalvm17-ce-22.3.0/bin:/nix/store/6z9ag3ihc8mq2hzsw48lhbznvzny65nz-apache-maven-3.8.6/bin:/nix/store/a7s9klvriqi68xz3qjc0qyfl5h86xc16-jdt-language-server-1.9.0/bin:/nix/store/48ifl2w60a3zp7yskbpnvn8jp9jdsb7k-java-debug/bin:/nix/store/mydc6f4k2z73xlcz7ilif3v2lcaiqvza-findutils-4.9.0/bin:/nix/store/j9p3g8472iijd50vhdprx0nmk2fqn5gv-diffutils-3.8/bin:/nix/store/89zs7rms6x00xfq4dq6m7mjnhkr8a6r4-gnused-4.8/bin:/nix/store/86bp03jkmsl6f92w0yzg4s59g5mhxwmy-gnugrep-3.7/bin:/nix/store/hwcdqw4jrjnd37wxqgsd47hd0j8bnj09-gawk-5.1.1/bin:/nix/store/cfbhw8r8ags41vwqaz47r583d0p4h4a1-gnutar-1.34/bin:/nix/store/p3m1ndl1lapwrlh698bnb5lvvxh67378-gzip-1.12/bin:/nix/store/a8mhcagrsly7c7mpjrpsnaahk4aax056-bzip2-1.0.8-bin/bin:/nix/store/mblgz65m3zv9x548a3d5m96fj2pbwr09-gnumake-4.3/bin:/nix/store/dsd5gz46hdbdk2rfdimqddhq6m8m8fqs-bash-5.1-p16/bin:/nix/store/v7ljksji50mg3w61dykaa3n3y79n6nil-patch-2.7.6/bin:/nix/store/zlcnmqq14jz5x9439jf937mvayyl63da-xz-5.2.7-bin/bin:/nix/store/y6aj732zm9m87c82fpvf103a1xb22blp-file-5.43/bin:/nix/store/i4kzir3m7mrisxmf5xvlnkw01x4qaqr4-prybar-elisp-0.0.0-e0d9a52/bin:/nix/store/lwwivxf6h7x3cvxp9zv8sj0mv7dak99r-prybar-lua-0.0.0-e0d9a52/bin:/nix/store/gxj28g1cg4hq3qanmjv07156h800qr58-prybar-python3-0.0.0-e0d9a52/bin:/nix/store/hshkjnxrgidigf8x75vg6lqng2xlx9i3-prybar-sqlite-0.0.0-e0d9a52/bin:/nix/store/c4w01bpjgyy5ixmwdk8m1pw87zq4sl26-prybar-tcl-0.0.0-e0d9a52/bin:/nix/store/hpbvrlwd5viqmvcaisb3x0118i913a9n-st
LD_LIBRARY_PATH=/nix/store/a4pff549sk2idnkpzk5nsfps3mdkdnvm-cups-2.4.2-lib/lib:/nix/store/72mqxxhh3cy5yifh92wh2yb8cl2hikyy-cairo-1.16.0/lib:/nix/store/2k366jrbsra97gjfxwvrhvixjfxdach5-glib-2.74.1/lib:/nix/store/2j2znigd8ak37rlwh9khz0ry3clqlw1l-gtk+3-3.24.34/lib:/nix/store/hisqvx32cd57apbpcsnkpx6k3549wql1-libglvnd-1.4.0/lib:/nix/store/p36pgcv991mq5srvg765b78yqpxvk3qs-mesa-21.3.3-drivers/lib:/nix/store/mav4251if1ahjq5vkpwycyyvnmy459c4-pulseaudio-14.2/lib
DISPLAY=:0
LANG=en_US.UTF-8

Signal Handlers:
   SIGSEGV: crash_handler in libjvm.so, mask=11100100010111111101111111111110, flags=SA_RESTART|SA_SIGINFO
    SIGBUS: crash_handler in libjvm.so, mask=11100100010111111101111111111110, flags=SA_RESTART|SA_SIGINFO
    SIGFPE: crash_handler in libjvm.so, mask=11100100010111111101111111111110, flags=SA_RESTART|SA_SIGINFO
   SIGPIPE: IsolateEnterStub_IgnoreSIGPIPEStartupHook_noopSignalHandler_8f19bff2f35b5f630d83b364d6b2339320d4ec70_216e8361c6bc87a8f89f58cc10d3b2fd4415bf87 in libjvmcicompiler.so, mask=00000000000000000000000000000000, flags=SA_RESTART
  *** Handler was modified!
  *** Expected: javaSignalHandler in libjvm.so, mask=11100100110111111111111111111110, flags=SA_RESTART|SA_SIGINFO
   SIGXFSZ: javaSignalHandler in libjvm.so, mask=11100100010111111101111111111110, flags=SA_RESTART|SA_SIGINFO
    SIGILL: crash_handler in libjvm.so, mask=11100100010111111101111111111110, flags=SA_RESTART|SA_SIGINFO
   SIGUSR2: SR_handler in libjvm.so, mask=00000000000000000000000000000000, flags=SA_RESTART|SA_SIGINFO
    SIGHUP: UserHandler in libjvm.so, mask=11100100010111111101111111111110, flags=SA_RESTART|SA_SIGINFO
    SIGINT: UserHandler in libjvm.so, mask=11100100010111111101111111111110, flags=SA_RESTART|SA_SIGINFO
   SIGTERM: UserHandler in libjvm.so, mask=11100100010111111101111111111110, flags=SA_RESTART|SA_SIGINFO
   SIGQUIT: UserHandler in libjvm.so, mask=11100100010111111101111111111110, flags=SA_RESTART|SA_SIGINFO
  *** Handler was modified!
  *** Expected: javaSignalHandler in libjvm.so, mask=11100100110111111111111111111110, flags=SA_RESTART|SA_SIGINFO
   SIGTRAP: crash_handler in libjvm.so, mask=11100100010111111101111111111110, flags=SA_RESTART|SA_SIGINFO


---------------  S Y S T E M  ---------------

OS:
DISTRIB_ID=Ubuntu
DISTRIB_RELEASE=20.04
DISTRIB_CODENAME=focal
DISTRIB_DESCRIPTION="Ubuntu 20.04.2 LTS"
uname: Linux 6.2.0-1013-gcp #13~22.04.1-Ubuntu SMP Wed Aug 30 20:41:15 UTC 2023 x86_64
OS uptime: 0 days 0:41 hours
libc: glibc 2.35 NPTL 2.35 
rlimit (soft/hard): STACK 8192k/infinity , CORE infinity/infinity , NPROC infinity/infinity , NOFILE 5242/5242 , AS infinity/infinity , CPU infinity/infinity , DATA infinity/infinity , FSIZE infinity/infinity , MEMLOCK 8192k/8192k
load average: 8.87 5.94 5.92

/proc/meminfo:
MemTotal:       32856000 kB
MemFree:        15520084 kB
MemAvailable:   25539432 kB
Buffers:          948368 kB
Cached:          8596036 kB
SwapCached:            0 kB
Active:          3000716 kB
Inactive:       12665384 kB
Active(anon):       9268 kB
Inactive(anon):  5875156 kB
Active(file):    2991448 kB
Inactive(file):  6790228 kB
Unevictable:       28888 kB
Mlocked:           28888 kB
SwapTotal:             0 kB
SwapFree:              0 kB
Zswap:                 0 kB
Zswapped:              0 kB
Dirty:             20388 kB
Writeback:           220 kB
AnonPages:       6136160 kB
Mapped:          1454036 kB
Shmem:             21756 kB
KReclaimable:     703364 kB
Slab:            1074512 kB
SReclaimable:     703364 kB
SUnreclaim:       371148 kB
KernelStack:      120488 kB
PageTables:       123080 kB
SecPageTables:         0 kB
NFS_Unstable:          0 kB
Bounce:                0 kB
WritebackTmp:          0 kB
CommitLimit:    16428000 kB
Committed_AS:   35391536 kB
VmallocTotal:   34359738367 kB
VmallocUsed:      143136 kB
VmallocChunk:          0 kB
Percpu:            12064 kB
HardwareCorrupted:     0 kB
AnonHugePages:     71680 kB
ShmemHugePages:        0 kB
ShmemPmdMapped:        0 kB
FileHugePages:         0 kB
FilePmdMapped:         0 kB
HugePages_Total:       0
HugePages_Free:        0
HugePages_Rsvd:        0
HugePages_Surp:        0
Hugepagesize:       2048 kB
Hugetlb:               0 kB
DirectMap4k:      205624 kB
DirectMap2M:     8179712 kB
DirectMap1G:    27262976 kB

/sys/kernel/mm/transparent_hugepage/enabled: always [madvise] never
/sys/kernel/mm/transparent_hugepage/defrag (defrag/compaction efforts parameter): always defer defer+madvise [madvise] never

Process Memory:
Virtual Size: 3893756K (peak: 3956960K)
Resident Set Size: 677624K (peak: 862536K) (anon: 603216K, file: 74408K, shmem: 0K)
Swapped out: 0K
C-Heap outstanding allocations: 43025K, retained: 14818K
glibc malloc tunables: (default)

/proc/sys/kernel/threads-max (system-wide limit on the number of threads): 256622
/proc/sys/vm/max_map_count (maximum number of memory map areas a process may have): 65530
/proc/sys/kernel/pid_max (system-wide limit on number of process identifiers): 4194304

container (cgroup) information:
container_type: cgroupv2
cpu_cpuset_cpus: not supported
cpu_memory_nodes: not supported
active_processor_count: 1
cpu_quota: 50000
cpu_period: 100000
cpu_shares: no shares
memory_limit_in_bytes: 1048576 k
memory_and_swap_limit_in_bytes: unlimited
memory_soft_limit_in_bytes: 524288 k
memory_usage_in_bytes: 857588 k
memory_max_usage_in_bytes: not supported
maximum number of tasks: not supported
current number of tasks: not supported

KVM virtualization detected
Steal ticks since vm start: 0
Steal ticks percentage since vm start:  0.000

CPU: total 4 (initial active 1) (4 cores per cpu, 2 threads per core) family 23 model 49 stepping 0 microcode 0xffffffff, cx8, cmov, fxsr, ht, mmx, 3dnowpref, sse, sse2, sse3, ssse3, sse4a, sse4.1, sse4.2, popcnt, lzcnt, tsc, tscinvbit, avx, avx2, aes, clmul, bmi1, bmi2, adx, sha, fma, vzeroupper, clflush, clflushopt, hv
CPU Model and flags from /proc/cpuinfo:
model name	: AMD EPYC 7B12
flags		: fpu vme de pse tsc msr pae mce cx8 apic sep mtrr pge mca cmov pat pse36 clflush mmx fxsr sse sse2 ht syscall nx mmxext fxsr_opt pdpe1gb rdtscp lm constant_tsc rep_good nopl nonstop_tsc cpuid extd_apicid tsc_known_freq pni pclmulqdq ssse3 fma cx16 sse4_1 sse4_2 movbe popcnt aes xsave avx f16c rdrand hypervisor lahf_lm cmp_legacy cr8_legacy abm sse4a misalignsse 3dnowprefetch osvw topoext ssbd ibrs ibpb stibp vmmcall fsgsbase tsc_adjust bmi1 avx2 smep bmi2 rdseed adx smap clflushopt clwb sha_ni xsaveopt xsavec xgetbv1 clzero xsaveerptr arat npt nrip_save umip rdpid

Online cpus: 0-3
Offline cpus: 
BIOS frequency limitation: <Not Available>
Frequency switch latency (ns): <Not Available>
Available cpu frequencies: <Not Available>
Current governor: <Not Available>
Core performance/turbo boost: <Not Available>

Memory: 4k page, physical 1048576k(190980k free), swap 0k(0k free)
Page Sizes: 4k

vm_info: OpenJDK 64-Bit Server VM (17.0.5+8-jvmci-22.3-b08) for linux-amd64 JRE (17.0.5+8-jvmci-22.3-b08), built on Oct 19 2022 09:01:27 by "buildslave" with gcc 10.3.0

END.
