#
# A fatal error has been detected by the Java Runtime Environment:
#
#  Internal Error (jvmciRuntime.cpp:1609), pid=19, tid=33
#  fatal error: Fatal exception in JVMCI: Error calling jdk.vm.ci.services.Services.serializeSavedProperties
#
# JRE version: OpenJDK Runtime Environment GraalVM CE 22.3.0 (17.0.5+8) (build 17.0.5+8-jvmci-22.3-b08)
# Java VM: OpenJDK 64-Bit Server VM GraalVM CE 22.3.0 (17.0.5+8-jvmci-22.3-b08, mixed mode, sharing, tiered, jvmci, jvmci compiler, compressed oops, compressed class ptrs, parallel gc, linux-amd64)
# Problematic frame:
# V  [libjvm.so+0x972714]  JVMCIRuntime::fatal_exception(JVMCIEnv*, char const*)+0x74
#
# Core dump will be written. Default location: Core dumps may be processed with "/usr/share/apport/apport -p%p -s%s -c%c -d%d -P%P -u%u -g%g -- %E" (or dumping to /home/runner/ETL-Framework/core.19)
#
# If you would like to submit a bug report, please visit:
#   https://github.com/oracle/graal/issues
#

---------------  S U M M A R Y ------------

Command Line: -XX:ThreadPriorityPolicy=1 -XX:+UnlockExperimentalVMOptions -XX:+EnableJVMCIProduct -XX:JVMCIThreadsPerNativeLibraryRuntime=1 -XX:-UnlockExperimentalVMOptions -Declipse.application=org.eclipse.jdt.ls.core.id1 -Dosgi.bundles.defaultStartLevel=4 -Declipse.product=org.eclipse.jdt.ls.core.product -Dlog.level=ALL -Xverify:none -XX:+UseParallelGC -XX:GCTimeRatio=4 -XX:AdaptiveSizePolicyWeight=90 -Dsun.zip.disableMemoryMapping=true -Xmx512m -Xms100m /nix/store/m6gcpi1ii6rghy04cjwjddcavv7i90df-jdt-language-server-1.9.0/share/java/plugins/org.eclipse.equinox.launcher_1.6.400.v20210924-0641.jar --add-modules=ALL-SYSTEM --add-opens java.base/java.util=ALL-UNNAMED --add-opens java.base/java.lang=ALL-UNNAMED -configuration /home/runner/.cache/jdt-language-server/config -data /home/runner/.cache/jdt-language-server/data/home/runner/ETL-Framework

Host: AMD EPYC 7B12, 8 cores, 1G, Ubuntu 20.04.2 LTS
Time: Thu May 11 00:21:48 2023 UTC elapsed time: 396.203365 seconds (0d 0h 6m 36s)

---------------  T H R E A D  ---------------

Current thread (0x00007fb3e80b2210):  JavaThread "JVMCI-native CompilerThread0" daemon [_thread_in_vm, id=33, stack(0x00007fb3ceccd000,0x00007fb3ceecd000)]


Current CompileTask:
JVMCI-native: 396204 11080       4       jdk.internal.misc.Unsafe::getIntUnaligned (12 bytes)

Stack: [0x00007fb3ceccd000,0x00007fb3ceecd000],  sp=0x00007fb3ceecb380,  free space=2040k
Native frames: (J=compiled Java code, j=interpreted, Vv=VM code, C=native code)
V  [libjvm.so+0x972714]  JVMCIRuntime::fatal_exception(JVMCIEnv*, char const*)+0x74
V  [libjvm.so+0x93e2fe]  JVMCIEnv::copy_saved_properties()+0x14e
V  [libjvm.so+0x9732a9]  JVMCIRuntime::initialize(JVMCIEnv*)+0xb19
V  [libjvm.so+0x9738a2]  JVMCIRuntime::get_HotSpotJVMCIRuntime(JVMCIEnv*)+0x12
V  [libjvm.so+0x9749f2]  JVMCIRuntime::compile_method(JVMCIEnv*, JVMCICompiler*, methodHandle const&, int)+0xd2
V  [libjvm.so+0x5b0d20]  CompileBroker::invoke_compiler_on_method(CompileTask*)+0x1470
V  [libjvm.so+0x5b12e8]  CompileBroker::compiler_thread_loop()+0x528
V  [libjvm.so+0xd82460]  JavaThread::thread_main_inner()+0xd0
V  [libjvm.so+0xd85a40]  Thread::call_run()+0xc0
V  [libjvm.so+0xbdb1e1]  thread_native_entry(Thread*)+0xe1

Register to memory mapping:

RAX=0x00007fb3ee918000 points into unknown readable memory: 0x0000000000000058 | 58 00 00 00 00 00 00 00
RBX=0x00007fb3efa13398: <offset 0x0000000000ef5398> in /nix/store/gpxl5qgg8kicmcvivwmybwjlpf7wh20l-graalvm17-ce-22.3.0/lib/server/libjvm.so at 0x00007fb3eeb1e000
RCX=0x00007fb3ef9cb1e8: <offset 0x0000000000ead1e8> in /nix/store/gpxl5qgg8kicmcvivwmybwjlpf7wh20l-graalvm17-ce-22.3.0/lib/server/libjvm.so at 0x00007fb3eeb1e000
RDX=0x0000000000000649 is an unknown value
RSP=0x00007fb3ceecb380 is pointing into the stack for thread: 0x00007fb3e80b2210
RBP=0x00007fb3ceecb3a0 is pointing into the stack for thread: 0x00007fb3e80b2210
RSI=0x00007fb3efa13c48: <offset 0x0000000000ef5c48> in /nix/store/gpxl5qgg8kicmcvivwmybwjlpf7wh20l-graalvm17-ce-22.3.0/lib/server/libjvm.so at 0x00007fb3eeb1e000
RDI=0x00000000e0000000 is an oop: java.lang.String 
{0x00000000e0000000} - klass: 'java/lang/String'
 - string: "org.eclipse.osgi.storage.bundlefile.ZipBundleFile"
R8 =0x00007fb3efa13398: <offset 0x0000000000ef5398> in /nix/store/gpxl5qgg8kicmcvivwmybwjlpf7wh20l-graalvm17-ce-22.3.0/lib/server/libjvm.so at 0x00007fb3eeb1e000
R9 =0x0000000000000003 is an unknown value
R10=0x00007fb3efd64da0: <offset 0x0000000001246da0> in /nix/store/gpxl5qgg8kicmcvivwmybwjlpf7wh20l-graalvm17-ce-22.3.0/lib/server/libjvm.so at 0x00007fb3eeb1e000
R11=0x000000080044f048 is pointing into metadata
R12=0x0 is NULL
R13=0x00007fb3e80b2210 is a thread
R14=0x00007fb3e8000b80 points into unknown readable memory: 0x00007fb3efc44a38 | 38 4a c4 ef b3 7f 00 00
R15=0x00007fb3efd52e40: <offset 0x0000000001234e40> in /nix/store/gpxl5qgg8kicmcvivwmybwjlpf7wh20l-graalvm17-ce-22.3.0/lib/server/libjvm.so at 0x00007fb3eeb1e000


Registers:
RAX=0x00007fb3ee918000, RBX=0x00007fb3efa13398, RCX=0x00007fb3ef9cb1e8, RDX=0x0000000000000649
RSP=0x00007fb3ceecb380, RBP=0x00007fb3ceecb3a0, RSI=0x00007fb3efa13c48, RDI=0x00000000e0000000
R8 =0x00007fb3efa13398, R9 =0x0000000000000003, R10=0x00007fb3efd64da0, R11=0x000000080044f048
R12=0x0000000000000000, R13=0x00007fb3e80b2210, R14=0x00007fb3e8000b80, R15=0x00007fb3efd52e40
RIP=0x00007fb3ef490714, EFLAGS=0x0000000000010206, CSGSFS=0x002b000000000033, ERR=0x0000000000000006
  TRAPNO=0x000000000000000e

Top of Stack: (sp=0x00007fb3ceecb380)
0x00007fb3ceecb380:   00007fb3ceecb940 00007fb3e80b2210
0x00007fb3ceecb390:   00007fb3ed2a98c8 0000000800c417a0
0x00007fb3ceecb3a0:   00007fb3ceecb500 00007fb3ef45c2fe
0x00007fb3ceecb3b0:   00007fb3ceecb3e0 00007fb3ceecb440 

Instructions: (pc=0x00007fb3ef490714)
0x00007fb3ef490614:   30 e8 f6 cf e8 ff 4c 89 e7 e8 2e 48 d1 ff 84 db
0x00007fb3ef490624:   75 2a 4d 85 ed 74 04 4d 8b 6d 00 48 83 c4 08 44
0x00007fb3ef490634:   89 f9 4c 89 f2 4c 89 ee 5b 4c 89 e7 41 5c 41 5d
0x00007fb3ef490644:   41 5e 41 5f 5d e9 e2 47 d1 ff 66 90 48 83 c4 08
0x00007fb3ef490654:   5b 41 5c 41 5d 41 5e 41 5f 5d c3 90 31 d2 be 08
0x00007fb3ef490664:   00 00 00 4c 89 ff e8 b1 78 a3 ff 49 89 c5 e9 37
0x00007fb3ef490674:   ff ff ff 66 0f 1f 84 00 00 00 00 00 48 8b 7a 08
0x00007fb3ef490684:   e9 6d ff ff ff 0f 1f 80 00 00 00 00 e8 5b 48 0a
0x00007fb3ef490694:   00 84 c0 75 89 e9 6a ff ff ff 66 90 55 48 89 e5
0x00007fb3ef4906a4:   41 56 41 55 41 54 49 89 fc 53 48 89 f3 66 48 8d
0x00007fb3ef4906b4:   3d 27 5e 85 00 66 66 48 e8 df 43 8d ff 4c 8b 28
0x00007fb3ef4906c4:   8b 05 be 72 8a 00 85 c0 75 14 ba 01 00 00 00 48
0x00007fb3ef4906d4:   8d 0d ae 72 8a 00 f0 0f b1 11 85 c0 74 4e be c8
0x00007fb3ef4906e4:   00 00 00 4c 89 ef e8 01 0b 41 00 48 8d 05 12 ac
0x00007fb3ef4906f4:   85 00 49 89 d8 48 8d 0d e8 aa 53 00 ba 49 06 00
0x00007fb3ef490704:   00 48 8d 35 3c 35 58 00 bf 00 00 00 e0 48 8b 00
0x00007fb3ef490714:   c6 00 58 31 c0 e8 e2 91 c6 ff 5b 41 5c 41 5d 41
0x00007fb3ef490724:   5e 5d e9 55 34 26 00 0f 1f 44 00 00 48 8d 05 81
0x00007fb3ef490734:   a3 8b 00 48 89 df 4c 8b 30 e8 9e 43 8d ff 48 89
0x00007fb3ef490744:   de 48 89 c2 49 8b 06 4c 89 f7 ff 50 08 4c 89 f7
0x00007fb3ef490754:   e8 a7 5c 27 00 4d 85 e4 74 12 be 01 00 00 00 4c
0x00007fb3ef490764:   89 e7 e8 35 43 fc ff eb 82 0f 1f 00 be 01 00 00
0x00007fb3ef490774:   00 4c 89 ef e8 d3 fd ff ff e9 6d ff ff ff 66 66
0x00007fb3ef490784:   2e 0f 1f 84 00 00 00 00 00 0f 1f 00 55 48 89 e5
0x00007fb3ef490794:   41 57 41 56 41 55 41 54 53 48 81 ec 08 02 00 00
0x00007fb3ef4907a4:   64 48 8b 04 25 28 00 00 00 48 89 45 c8 8b 07 83
0x00007fb3ef4907b4:   f8 02 0f 84 11 04 00 00 4c 8b 6f 18 49 89 ff 49
0x00007fb3ef4907c4:   89 f4 4d 85 ed 74 14 4c 89 ef e8 5d 57 22 00 41
0x00007fb3ef4907d4:   8b 07 83 f8 02 0f 84 19 04 00 00 48 8d 1d 9a 06
0x00007fb3ef4907e4:   8a 00 4c 8d 35 0b 3c 58 00 eb 38 90 48 85 d2 7f
0x00007fb3ef4907f4:   0d 48 8d 05 b4 c0 85 00 48 83 38 00 7e 0e 41 8b
0x00007fb3ef490804:   77 2c 4c 89 f7 31 c0 e8 a0 b2 f7 ff 49 8b 7f 18 


Stack slot to memory mapping:
stack at sp + 0 slots: 0x00007fb3ceecb940 is pointing into the stack for thread: 0x00007fb3e80b2210
stack at sp + 1 slots: 0x00007fb3e80b2210 is a thread
stack at sp + 2 slots: 0x00007fb3ed2a98c8 points into unknown readable memory: 0x65730018052dffff | ff ff 2d 05 18 00 73 65
stack at sp + 3 slots: 0x0000000800c417a0 is a pointer to class: 
jdk.vm.ci.services.Services {0x0000000800c417a0}
 - instance size:     2
 - klass size:        65
 - access:            public final synchronized 
 - state:             fully_initialized
 - name:              'jdk/vm/ci/services/Services'
 - super:             'java/lang/Object'
 - sub:               
 - arrays:            NULL
 - methods:           Array<T>(0x00007fb3ec443e00)
 - method ordering:   Array<T>(0x0000000800928960)
 - default_methods:   Array<T>(0x0000000000000000)
 - local interfaces:  Array<T>(0x00000008005ce810)
 - trans. interfaces: Array<T>(0x00000008005ce810)
 - constants:         constant pool [427] {0x00007fb3ec442ee0} for 'jdk/vm/ci/services/Services' cache=0x00007fb3ec4450d0
 - class loader data:  loader data: 0x00007fb3e80283f0 of 'bootstrap'
 - source file:       'Services.java'
 - class annotations:       Array<T>(0x0000000000000000)
 - class type annotations:  Array<T>(0x0000000000000000)
 - field annotations:       Array<T>(0x0000000000000000)
 - field type annotations:  Array<T>(0x0000000000000000)
 - inner classes:     Array<T>(0x00007fb3ec4450a0)
 - nest members:     Array<T>(0x00007fb3ec4450c0)
 - permitted subclasses:     Array<T>(0x00000008005ce7a0)
 - java mirror:       a 'java/lang/Class'{0x00000000e017c790} = 'jdk/vm/ci/services/Services'
 - vtable length      5  (start addr: 0x0000000800c41970)
 - itable length      2 (start addr: 0x0000000800c41998)
 - ---- static fields (3 words):
 - public static final 'IS_BUILDING_NATIVE_IMAGE' 'Z' @128 
 - public static final 'IS_IN_NATIVE_IMAGE' 'Z' @129 
 - private static volatile 'savedProperties' 'Ljava/util/Map;' @112 
 - static final 'JVMCI_ENABLED' 'Z' @130 
 - private static final 'servicesCache' 'Ljava/util/Map;' @116 
 - private static final 'MAX_UNICODE_IN_UTF8_LENGTH' 'I' @120 
 - private static final 'MAX_UTF8_PROPERTY_STRING_LENGTH' 'I' @124 
 - ---- non-static fields (0 words):
 - non-static oop maps: 
stack at sp + 4 slots: 0x00007fb3ceecb500 is pointing into the stack for thread: 0x00007fb3e80b2210
stack at sp + 5 slots: 0x00007fb3ef45c2fe: <offset 0x000000000093e2fe> in /nix/store/gpxl5qgg8kicmcvivwmybwjlpf7wh20l-graalvm17-ce-22.3.0/lib/server/libjvm.so at 0x00007fb3eeb1e000
stack at sp + 6 slots: 0x00007fb3ceecb3e0 is pointing into the stack for thread: 0x00007fb3e80b2210
stack at sp + 7 slots: 0x00007fb3ceecb440 is pointing into the stack for thread: 0x00007fb3e80b2210


---------------  P R O C E S S  ---------------

Threads class SMR info:
_java_thread_list=0x00007fb33c00bde0, length=27, elements={
0x00007fb3e8026690, 0x00007fb3e80a64d0, 0x00007fb3e80a7910, 0x00007fb3e80ae080,
0x00007fb3e80af430, 0x00007fb3e80b0820, 0x00007fb3e80b2210, 0x00007fb3e80b3720,
0x00007fb3e80b4780, 0x00007fb3e80d7eb0, 0x00007fb3e811f8e0, 0x00007fb3e8302990,
0x00007fb3e8335d80, 0x00007fb3e831cd50, 0x00007fb3e840e910, 0x00007fb37c016ee0,
0x00007fb37c2b2e90, 0x00007fb37c490c10, 0x00007fb37c5fef00, 0x00007fb3e8419970,
0x00007fb3e84a1e10, 0x00007fb3780d7d80, 0x00007fb3780ba730, 0x00007fb354102d20,
0x00007fb354104590, 0x00007fb354107640, 0x00007fb33c033e40
}

Java Threads: ( => current thread )
  0x00007fb3e8026690 JavaThread "main" [_thread_blocked, id=25, stack(0x00007fb3ee939000,0x00007fb3eea39000)]
  0x00007fb3e80a64d0 JavaThread "Reference Handler" daemon [_thread_blocked, id=28, stack(0x00007fb3ec12e000,0x00007fb3ec22e000)]
  0x00007fb3e80a7910 JavaThread "Finalizer" daemon [_thread_blocked, id=29, stack(0x00007fb3ec02e000,0x00007fb3ec12e000)]
  0x00007fb3e80ae080 JavaThread "Signal Dispatcher" daemon [_thread_blocked, id=30, stack(0x00007fb3cf0cd000,0x00007fb3cf1cd000)]
  0x00007fb3e80af430 JavaThread "Service Thread" daemon [_thread_blocked, id=31, stack(0x00007fb3cefcd000,0x00007fb3cf0cd000)]
  0x00007fb3e80b0820 JavaThread "Monitor Deflation Thread" daemon [_thread_blocked, id=32, stack(0x00007fb3ceecd000,0x00007fb3cefcd000)]
=>0x00007fb3e80b2210 JavaThread "JVMCI-native CompilerThread0" daemon [_thread_in_vm, id=33, stack(0x00007fb3ceccd000,0x00007fb3ceecd000)]
  0x00007fb3e80b3720 JavaThread "C1 CompilerThread0" daemon [_thread_blocked, id=34, stack(0x00007fb3ceacd000,0x00007fb3ceccd000)]
  0x00007fb3e80b4780 JavaThread "Sweeper thread" daemon [_thread_blocked, id=35, stack(0x00007fb3ce9cd000,0x00007fb3ceacd000)]
  0x00007fb3e80d7eb0 JavaThread "Common-Cleaner" daemon [_thread_blocked, id=36, stack(0x00007fb3ce8cd000,0x00007fb3ce9cd000)]
  0x00007fb3e811f8e0 JavaThread "Notification Thread" daemon [_thread_blocked, id=37, stack(0x00007fb3ce7cd000,0x00007fb3ce8cd000)]
  0x00007fb3e8302990 JavaThread "Active Thread: Equinox Container: 112c9ff7-b7ff-498b-889b-5003d582dd6b" [_thread_blocked, id=42, stack(0x00007fb3ce5a9000,0x00007fb3ce6a9000)]
  0x00007fb3e8335d80 JavaThread "Framework Event Dispatcher: Equinox Container: 112c9ff7-b7ff-498b-889b-5003d582dd6b" daemon [_thread_blocked, id=43, stack(0x00007fb3cc100000,0x00007fb3cc200000)]
  0x00007fb3e831cd50 JavaThread "Start Level: Equinox Container: 112c9ff7-b7ff-498b-889b-5003d582dd6b" daemon [_thread_blocked, id=44, stack(0x00007fb396d00000,0x00007fb396e00000)]
  0x00007fb3e840e910 JavaThread "Refresh Thread: Equinox Container: 112c9ff7-b7ff-498b-889b-5003d582dd6b" daemon [_thread_blocked, id=45, stack(0x00007fb396b00000,0x00007fb396c00000)]
  0x00007fb37c016ee0 JavaThread "SCR Component Actor" daemon [_thread_blocked, id=46, stack(0x00007fb396900000,0x00007fb396a00000)]
  0x00007fb37c2b2e90 JavaThread "Worker-JM" [_thread_blocked, id=48, stack(0x00007fb396500000,0x00007fb396600000)]
  0x00007fb37c490c10 JavaThread "Java indexing" daemon [_thread_blocked, id=51, stack(0x00007fb395f00000,0x00007fb396000000)]
  0x00007fb37c5fef00 JavaThread "Bundle File Closer" daemon [_thread_blocked, id=52, stack(0x00007fb395d00000,0x00007fb395e00000)]
  0x00007fb3e8419970 JavaThread "pool-3-thread-1" [_thread_blocked, id=54, stack(0x00007fb395c00000,0x00007fb395d00000)]
  0x00007fb3e84a1e10 JavaThread "pool-2-thread-1" [_thread_in_native, id=55, stack(0x00007fb395b00000,0x00007fb395c00000)]
  0x00007fb3780d7d80 JavaThread "Worker-5: Periodic workspace save." [_thread_blocked, id=60, stack(0x00007fb395500000,0x00007fb395600000)]
  0x00007fb3780ba730 JavaThread "Worker-6" [_thread_blocked, id=61, stack(0x00007fb395300000,0x00007fb395400000)]
  0x00007fb354102d20 JavaThread "Thread-2" [_thread_blocked, id=64, stack(0x00007fb395100000,0x00007fb395200000)]
  0x00007fb354104590 JavaThread "Thread-4" [_thread_blocked, id=66, stack(0x00007fb396a00000,0x00007fb396b00000)]
  0x00007fb354107640 JavaThread "Thread-7" [_thread_blocked, id=69, stack(0x00007fb395600000,0x00007fb395700000)]
  0x00007fb33c033e40 JavaThread "Worker-7" [_thread_blocked, id=73, stack(0x00007fb396700000,0x00007fb396800000)]

Other Threads:
  0x00007fb3e80a1c10 VMThread "VM Thread" [stack: 0x00007fb3ec230000,0x00007fb3ec330000] [id=27] _threads_hazard_ptr=0x00007fb33c00bde0
  0x00007fb3e8121280 WatcherThread [stack: 0x00007fb3ce6cd000,0x00007fb3ce7cd000] [id=38]
  0x00007fb3e803df30 GCTaskThread "GC Thread#0" [stack: 0x00007fb3ee4fc000,0x00007fb3ee5fc000] [id=26]

Threads with active compile tasks:
JVMCI-native CompilerThread0   396277 11080       4       jdk.internal.misc.Unsafe::getIntUnaligned (12 bytes)

VM state: synchronizing (normal execution)

VM Mutex/Monitor currently owned by a thread:  ([mutex/lock_event])
[0x00007fb3e8023840] Threads_lock - owner thread: 0x00007fb3e80a1c10
[0x00007fb3e8023ff0] Heap_lock - owner thread: 0x00007fb37c490c10

OutOfMemory and StackOverflow Exception counts:
OutOfMemoryError java_heap_errors=1
LinkageErrors=56

Heap address: 0x00000000e0000000, size: 512 MB, Compressed Oops mode: 32-bit

CDS archive(s) mapped at: [0x0000000800000000-0x0000000800bc8000-0x0000000800bc8000), size 12353536, SharedBaseAddress: 0x0000000800000000, ArchiveRelocationMode: 0.
Compressed class space mapped at: 0x0000000800c00000-0x0000000840c00000, reserved size: 1073741824
Narrow klass base: 0x0000000800000000, Narrow klass shift: 0, Narrow klass range: 0x100000000

GC Precious Log:
 CPUs: 8 total, 1 available
 Memory: 1024M
 Large Page Support: Disabled
 NUMA Support: Disabled
 Compressed Oops: Enabled (32-bit)
 Alignments: Space 512K, Generation 512K, Heap 2M
 Heap Min Capacity: 100M
 Heap Initial Capacity: 100M
 Heap Max Capacity: 512M
 Pre-touch: Disabled
 Parallel Workers: 1

Heap:
 PSYoungGen      total 27136K, used 18943K [0x00000000f5580000, 0x00000000f7880000, 0x0000000100000000)
  eden space 18944K, 99% used [0x00000000f5580000,0x00000000f67ffff0,0x00000000f6800000)
  from space 8192K, 0% used [0x00000000f7000000,0x00000000f7000000,0x00000000f7800000)
  to   space 8192K, 0% used [0x00000000f6800000,0x00000000f6800000,0x00000000f7000000)
 ParOldGen       total 349696K, used 349695K [0x00000000e0000000, 0x00000000f5580000, 0x00000000f5580000)
  object space 349696K, 99% used [0x00000000e0000000,0x00000000f557fff8,0x00000000f5580000)
 Metaspace       used 59541K, committed 60416K, reserved 1105920K
  class space    used 5633K, committed 6016K, reserved 1048576K

Card table byte_map: [0x00007fb3ee5fc000,0x00007fb3ee6fd000] _byte_map_base: 0x00007fb3edefc000

Marking Bits: (ParMarkBitMap*) 0x00007fb3efd4c4c0
 Begin Bits: [0x00007fb3ed44f000, 0x00007fb3edc4f000)
 End Bits:   [0x00007fb3edc4f000, 0x00007fb3ee44f000)

Polling page: 0x00007fb3ee916000

Metaspace:

Usage:
  Non-class:     52.64 MB used.
      Class:      5.50 MB used.
       Both:     58.15 MB used.

Virtual space:
  Non-class space:       56.00 MB reserved,      53.12 MB ( 95%) committed,  7 nodes.
      Class space:        1.00 GB reserved,       5.88 MB ( <1%) committed,  1 nodes.
             Both:        1.05 GB reserved,      59.00 MB (  5%) committed. 

Chunk freelists:
   Non-Class:  2.82 MB
       Class:  2.21 MB
        Both:  5.02 MB

MaxMetaspaceSize: unlimited
CompressedClassSpaceSize: 1.00 GB
Initial GC threshold: 21.00 MB
Current GC threshold: 98.38 MB
CDS: on
MetaspaceReclaimPolicy: balanced
 - commit_granule_bytes: 65536.
 - commit_granule_words: 8192.
 - virtual_space_node_default_size: 1048576.
 - enlarge_chunks_in_place: 1.
 - new_chunks_are_fully_committed: 0.
 - uncommit_free_chunks: 1.
 - use_allocation_guard: 0.
 - handle_deallocations: 1.


Internal statistics:

num_allocs_failed_limit: 6.
num_arena_births: 378.
num_arena_deaths: 70.
num_vsnodes_births: 8.
num_vsnodes_deaths: 0.
num_space_committed: 943.
num_space_uncommitted: 0.
num_chunks_returned_to_freelist: 95.
num_chunks_taken_from_freelist: 2683.
num_chunk_merges: 35.
num_chunk_splits: 1743.
num_chunks_enlarged: 1074.
num_purges: 10.
num_inconsistent_stats: 0.

CodeHeap 'non-profiled nmethods': size=120036Kb used=2515Kb max_used=2515Kb free=117520Kb
 bounds [0x00007fb3d6f7a000, 0x00007fb3d71fa000, 0x00007fb3de4b3000]
CodeHeap 'profiled nmethods': size=120032Kb used=18723Kb max_used=21421Kb free=101308Kb
 bounds [0x00007fb3cfa42000, 0x00007fb3d0f32000, 0x00007fb3d6f7a000]
CodeHeap 'non-nmethods': size=5692Kb used=1380Kb max_used=1398Kb free=4311Kb
 bounds [0x00007fb3cf4b3000, 0x00007fb3cf723000, 0x00007fb3cfa42000]
 total_blobs=8214 nmethods=7505 adapters=620
 compilation: enabled
              stopped_count=0, restarted_count=0
 full_count=0

JVMCI Events (20 events):
Event: 184.795 Thread 0x00007fb3e80b2210 compacted oop handles in JVMCI runtime 0 from 160 to 159
Event: 197.763 Thread 0x00007fb3e80b2210 compacted oop handles in JVMCI runtime 0 from 185 to 117
Event: 207.076 Thread 0x00007fb3e80b2210 compacted oop handles in JVMCI runtime 0 from 128 to 127
Event: 220.152 Thread 0x00007fb3e80b2210 compacted oop handles in JVMCI runtime 0 from 152 to 80
Event: 234.649 Thread 0x00007fb3e80b2210 compacted oop handles in JVMCI runtime 0 from 98 to 95
Event: 252.294 Thread 0x00007fb3e80b2210 compacted oop handles in JVMCI runtime 0 from 168 to 134
Event: 252.294 Thread 0x00007fb3e80b2210 compacted oop handles in JVMCI runtime 0 from 135 to 104
Event: 252.299 Thread 0x00007fb3e80b2210 compacted oop handles in JVMCI runtime 0 from 123 to 122
Event: 252.341 Thread 0x00007fb3e80b2210 compacted oop handles in JVMCI runtime 0 from 143 to 142
Event: 253.591 Thread 0x00007fb3e80b2210 detaching from JVMCI runtime 0: releasing idle compiler thread (0 other threads still attached)
Event: 253.591 Thread 0x00007fb3e80b2210 shutting down HotSpotJVMCIRuntime for JVMCI runtime 0
Event: 253.592 Thread 0x00007fb3e80b2210 shut down JVMCI runtime 0
Event: 253.602 Thread 0x00007fb3e80b2210 destroyed JavaVM[1]@0x00007fb397a9e340 for JVMCI runtime 0
Event: 253.602 Thread 0x00007fb3e80b2210 compacted oop handles in JVMCI runtime 0 from 142 to 142
Event: 253.602 Thread 0x00007fb3e80b2210 releasing handles for JVMCI runtime 0: oop handles=142, metadata handles={total=1184, live=723, blocks=37}
Event: 253.602 Thread 0x00007fb3e80b2210 detached from JVMCI runtime 0
Event: 365.083 Thread 0x00007fb3e80b2210 attached to JVMCI runtime 0
Event: 365.084 Thread 0x00007fb3e80b2210 created JavaVM[2]@0x00007fb39459e340 for JVMCI runtime 0
Event: 367.636 Thread 0x00007fb3e80b2210 initializing JVMCI runtime 0
Event: 367.636 Thread 0x00007fb3e80b2210 done waiting for JavaVM references initialization in JVMCI runtime 0

Compilation events (20 events):
Event: 252.301 Thread 0x00007fb3e80b2210 nmethod 10840 0x00007fb3d71edb10 code [0x00007fb3d71edc80, 0x00007fb3d71edcc0]
Event: 252.301 Thread 0x00007fb3e80b2210 9200       4       org.eclipse.core.internal.events.ResourceDelta::getKind (9 bytes)
Event: 252.302 Thread 0x00007fb3e80b2210 nmethod 9200 0x00007fb3d71ede10 code [0x00007fb3d71edf80, 0x00007fb3d71edfd0]
Event: 252.302 Thread 0x00007fb3e80b2210 10976       4       org.eclipse.jdt.internal.compiler.lookup.TypeSystem::getWildcard (12 bytes)
Event: 252.303 Thread 0x00007fb3e80b2210 nmethod 10976 0x00007fb3d71ee110 code [0x00007fb3d71ee280, 0x00007fb3d71ee2e0]
Event: 252.303 Thread 0x00007fb3e80b2210 7863       4       org.eclipse.jdt.internal.core.util.ReferenceInfoAdapter::acceptUnknownReference (1 bytes)
Event: 252.303 Thread 0x00007fb3e80b2210 nmethod 7863 0x00007fb3d71ee410 code [0x00007fb3d71ee580, 0x00007fb3d71ee5c0]
Event: 252.303 Thread 0x00007fb3e80b2210 5883       4       org.eclipse.jdt.core.search.SearchDocument::addIndexEntry (21 bytes)
Event: 252.341 Thread 0x00007fb3e80b2210 nmethod 5883 0x00007fb3d71ee710 code [0x00007fb3d71ee8a0, 0x00007fb3d71ee9c0]
Event: 252.341 Thread 0x00007fb3e80b2210 5884       4       org.eclipse.jdt.internal.core.index.Index::addIndexEntry (11 bytes)
Event: 252.343 Thread 0x00007fb3e80b2210 nmethod 5884 0x00007fb3d71eeb90 code [0x00007fb3d71eed20, 0x00007fb3d71eedb0]
Event: 353.161 Thread 0x00007fb3e80b3720 11078       3       org.eclipse.core.internal.dtree.AbstractDataTreeNode::storeStrings (42 bytes)
Event: 353.161 Thread 0x00007fb3e80b3720 nmethod 11078 0x00007fb3cfc78b10 code [0x00007fb3cfc78ce0, 0x00007fb3cfc791b0]
Event: 353.161 Thread 0x00007fb3e80b3720 11077       3       org.eclipse.core.internal.dtree.DataTreeNode::storeStrings (28 bytes)
Event: 353.162 Thread 0x00007fb3e80b3720 nmethod 11077 0x00007fb3cfd8ae10 code [0x00007fb3cfd8afe0, 0x00007fb3cfd8b870]
Event: 357.044 Thread 0x00007fb3e80b3720 11079       3       org.eclipse.core.internal.utils.StringPool::add (59 bytes)
Event: 357.046 Thread 0x00007fb3e80b3720 nmethod 11079 0x00007fb3d0994a90 code [0x00007fb3d0994c80, 0x00007fb3d0995650]
Event: 365.083 Thread 0x00007fb3e80b2210 11080       4       jdk.internal.misc.Unsafe::getIntUnaligned (12 bytes)
Event: 383.237 Thread 0x00007fb3e80b3720 11082       3       org.eclipse.core.runtime.SubMonitor::internalWorked (33 bytes)
Event: 383.238 Thread 0x00007fb3e80b3720 nmethod 11082 0x00007fb3cfa8b610 code [0x00007fb3cfa8b800, 0x00007fb3cfa8bda0]

GC Heap History (20 events):
Event: 384.366 GC heap before
{Heap before GC invocations=401 (full 243):
 PSYoungGen      total 27136K, used 18943K [0x00000000f5580000, 0x00000000f7880000, 0x0000000100000000)
  eden space 18944K, 99% used [0x00000000f5580000,0x00000000f67ffff0,0x00000000f6800000)
  from space 8192K, 0% used [0x00000000f7000000,0x00000000f7000000,0x00000000f7800000)
  to   space 8192K, 0% used [0x00000000f6800000,0x00000000f6800000,0x00000000f7000000)
 ParOldGen       total 349696K, used 349683K [0x00000000e0000000, 0x00000000f5580000, 0x00000000f5580000)
  object space 349696K, 99% used [0x00000000e0000000,0x00000000f557cf08,0x00000000f5580000)
 Metaspace       used 59541K, committed 60416K, reserved 1105920K
  class space    used 5633K, committed 6016K, reserved 1048576K
}
Event: 385.652 GC heap after
{Heap after GC invocations=401 (full 243):
 PSYoungGen      total 27136K, used 18943K [0x00000000f5580000, 0x00000000f7880000, 0x0000000100000000)
  eden space 18944K, 99% used [0x00000000f5580000,0x00000000f67ffff0,0x00000000f6800000)
  from space 8192K, 0% used [0x00000000f6800000,0x00000000f6800000,0x00000000f7000000)
  to   space 8192K, 0% used [0x00000000f7000000,0x00000000f7000000,0x00000000f7800000)
 ParOldGen       total 349696K, used 349683K [0x00000000e0000000, 0x00000000f5580000, 0x00000000f5580000)
  object space 349696K, 99% used [0x00000000e0000000,0x00000000f557cf08,0x00000000f5580000)
 Metaspace       used 59541K, committed 60416K, reserved 1105920K
  class space    used 5633K, committed 6016K, reserved 1048576K
}
Event: 385.655 GC heap before
{Heap before GC invocations=402 (full 244):
 PSYoungGen      total 27136K, used 18944K [0x00000000f5580000, 0x00000000f7880000, 0x0000000100000000)
  eden space 18944K, 100% used [0x00000000f5580000,0x00000000f6800000,0x00000000f6800000)
  from space 8192K, 0% used [0x00000000f6800000,0x00000000f6800000,0x00000000f7000000)
  to   space 8192K, 0% used [0x00000000f7000000,0x00000000f7000000,0x00000000f7800000)
 ParOldGen       total 349696K, used 349685K [0x00000000e0000000, 0x00000000f5580000, 0x00000000f5580000)
  object space 349696K, 99% used [0x00000000e0000000,0x00000000f557d568,0x00000000f5580000)
 Metaspace       used 59541K, committed 60416K, reserved 1105920K
  class space    used 5633K, committed 6016K, reserved 1048576K
}
Event: 386.882 GC heap after
{Heap after GC invocations=402 (full 244):
 PSYoungGen      total 27136K, used 18943K [0x00000000f5580000, 0x00000000f7880000, 0x0000000100000000)
  eden space 18944K, 99% used [0x00000000f5580000,0x00000000f67fff60,0x00000000f6800000)
  from space 8192K, 0% used [0x00000000f7000000,0x00000000f7000000,0x00000000f7800000)
  to   space 8192K, 0% used [0x00000000f6800000,0x00000000f6800000,0x00000000f7000000)
 ParOldGen       total 349696K, used 349685K [0x00000000e0000000, 0x00000000f5580000, 0x00000000f5580000)
  object space 349696K, 99% used [0x00000000e0000000,0x00000000f557d498,0x00000000f5580000)
 Metaspace       used 59541K, committed 60416K, reserved 1105920K
  class space    used 5633K, committed 6016K, reserved 1048576K
}
Event: 386.882 GC heap before
{Heap before GC invocations=403 (full 245):
 PSYoungGen      total 27136K, used 18944K [0x00000000f5580000, 0x00000000f7880000, 0x0000000100000000)
  eden space 18944K, 100% used [0x00000000f5580000,0x00000000f6800000,0x00000000f6800000)
  from space 8192K, 0% used [0x00000000f7000000,0x00000000f7000000,0x00000000f7800000)
  to   space 8192K, 0% used [0x00000000f6800000,0x00000000f6800000,0x00000000f7000000)
 ParOldGen       total 349696K, used 349690K [0x00000000e0000000, 0x00000000f5580000, 0x00000000f5580000)
  object space 349696K, 99% used [0x00000000e0000000,0x00000000f557e938,0x00000000f5580000)
 Metaspace       used 59541K, committed 60416K, reserved 1105920K
  class space    used 5633K, committed 6016K, reserved 1048576K
}
Event: 388.035 GC heap after
{Heap after GC invocations=403 (full 245):
 PSYoungGen      total 27136K, used 18943K [0x00000000f5580000, 0x00000000f7880000, 0x0000000100000000)
  eden space 18944K, 99% used [0x00000000f5580000,0x00000000f67fffa8,0x00000000f6800000)
  from space 8192K, 0% used [0x00000000f6800000,0x00000000f6800000,0x00000000f7000000)
  to   space 8192K, 0% used [0x00000000f7000000,0x00000000f7000000,0x00000000f7800000)
 ParOldGen       total 349696K, used 349689K [0x00000000e0000000, 0x00000000f5580000, 0x00000000f5580000)
  object space 349696K, 99% used [0x00000000e0000000,0x00000000f557e478,0x00000000f5580000)
 Metaspace       used 59541K, committed 60416K, reserved 1105920K
  class space    used 5633K, committed 6016K, reserved 1048576K
}
Event: 388.035 GC heap before
{Heap before GC invocations=404 (full 246):
 PSYoungGen      total 27136K, used 18943K [0x00000000f5580000, 0x00000000f7880000, 0x0000000100000000)
  eden space 18944K, 99% used [0x00000000f5580000,0x00000000f67ffff0,0x00000000f6800000)
  from space 8192K, 0% used [0x00000000f6800000,0x00000000f6800000,0x00000000f7000000)
  to   space 8192K, 0% used [0x00000000f7000000,0x00000000f7000000,0x00000000f7800000)
 ParOldGen       total 349696K, used 349689K [0x00000000e0000000, 0x00000000f5580000, 0x00000000f5580000)
  object space 349696K, 99% used [0x00000000e0000000,0x00000000f557e478,0x00000000f5580000)
 Metaspace       used 59541K, committed 60416K, reserved 1105920K
  class space    used 5633K, committed 6016K, reserved 1048576K
}
Event: 389.176 GC heap after
{Heap after GC invocations=404 (full 246):
 PSYoungGen      total 27136K, used 18943K [0x00000000f5580000, 0x00000000f7880000, 0x0000000100000000)
  eden space 18944K, 99% used [0x00000000f5580000,0x00000000f67ffff0,0x00000000f6800000)
  from space 8192K, 0% used [0x00000000f7000000,0x00000000f7000000,0x00000000f7800000)
  to   space 8192K, 0% used [0x00000000f6800000,0x00000000f6800000,0x00000000f7000000)
 ParOldGen       total 349696K, used 349689K [0x00000000e0000000, 0x00000000f5580000, 0x00000000f5580000)
  object space 349696K, 99% used [0x00000000e0000000,0x00000000f557e478,0x00000000f5580000)
 Metaspace       used 59541K, committed 60416K, reserved 1105920K
  class space    used 5633K, committed 6016K, reserved 1048576K
}
Event: 389.177 GC heap before
{Heap before GC invocations=405 (full 247):
 PSYoungGen      total 27136K, used 18943K [0x00000000f5580000, 0x00000000f7880000, 0x0000000100000000)
  eden space 18944K, 99% used [0x00000000f5580000,0x00000000f67ffff0,0x00000000f6800000)
  from space 8192K, 0% used [0x00000000f7000000,0x00000000f7000000,0x00000000f7800000)
  to   space 8192K, 0% used [0x00000000f6800000,0x00000000f6800000,0x00000000f7000000)
 ParOldGen       total 349696K, used 349692K [0x00000000e0000000, 0x00000000f5580000, 0x00000000f5580000)
  object space 349696K, 99% used [0x00000000e0000000,0x00000000f557f040,0x00000000f5580000)
 Metaspace       used 59541K, committed 60416K, reserved 1105920K
  class space    used 5633K, committed 6016K, reserved 1048576K
}
Event: 390.369 GC heap after
{Heap after GC invocations=405 (full 247):
 PSYoungGen      total 27136K, used 18943K [0x00000000f5580000, 0x00000000f7880000, 0x0000000100000000)
  eden space 18944K, 99% used [0x00000000f5580000,0x00000000f67ffcf8,0x00000000f6800000)
  from space 8192K, 0% used [0x00000000f6800000,0x00000000f6800000,0x00000000f7000000)
  to   space 8192K, 0% used [0x00000000f7000000,0x00000000f7000000,0x00000000f7800000)
 ParOldGen       total 349696K, used 349692K [0x00000000e0000000, 0x00000000f5580000, 0x00000000f5580000)
  object space 349696K, 99% used [0x00000000e0000000,0x00000000f557f040,0x00000000f5580000)
 Metaspace       used 59541K, committed 60416K, reserved 1105920K
  class space    used 5633K, committed 6016K, reserved 1048576K
}
Event: 390.369 GC heap before
{Heap before GC invocations=406 (full 248):
 PSYoungGen      total 27136K, used 18943K [0x00000000f5580000, 0x00000000f7880000, 0x0000000100000000)
  eden space 18944K, 99% used [0x00000000f5580000,0x00000000f67ffff0,0x00000000f6800000)
  from space 8192K, 0% used [0x00000000f6800000,0x00000000f6800000,0x00000000f7000000)
  to   space 8192K, 0% used [0x00000000f7000000,0x00000000f7000000,0x00000000f7800000)
 ParOldGen       total 349696K, used 349692K [0x00000000e0000000, 0x00000000f5580000, 0x00000000f5580000)
  object space 349696K, 99% used [0x00000000e0000000,0x00000000f557f040,0x00000000f5580000)
 Metaspace       used 59541K, committed 60416K, reserved 1105920K
  class space    used 5633K, committed 6016K, reserved 1048576K
}
Event: 391.463 GC heap after
{Heap after GC invocations=406 (full 248):
 PSYoungGen      total 27136K, used 18943K [0x00000000f5580000, 0x00000000f7880000, 0x0000000100000000)
  eden space 18944K, 99% used [0x00000000f5580000,0x00000000f67fff00,0x00000000f6800000)
  from space 8192K, 0% used [0x00000000f7000000,0x00000000f7000000,0x00000000f7800000)
  to   space 8192K, 0% used [0x00000000f6800000,0x00000000f6800000,0x00000000f7000000)
 ParOldGen       total 349696K, used 349692K [0x00000000e0000000, 0x00000000f5580000, 0x00000000f5580000)
  object space 349696K, 99% used [0x00000000e0000000,0x00000000f557f040,0x00000000f5580000)
 Metaspace       used 59541K, committed 60416K, reserved 1105920K
  class space    used 5633K, committed 6016K, reserved 1048576K
}
Event: 391.465 GC heap before
{Heap before GC invocations=407 (full 249):
 PSYoungGen      total 27136K, used 18944K [0x00000000f5580000, 0x00000000f7880000, 0x0000000100000000)
  eden space 18944K, 100% used [0x00000000f5580000,0x00000000f6800000,0x00000000f6800000)
  from space 8192K, 0% used [0x00000000f7000000,0x00000000f7000000,0x00000000f7800000)
  to   space 8192K, 0% used [0x00000000f6800000,0x00000000f6800000,0x00000000f7000000)
 ParOldGen       total 349696K, used 349695K [0x00000000e0000000, 0x00000000f5580000, 0x00000000f5580000)
  object space 349696K, 99% used [0x00000000e0000000,0x00000000f557fe68,0x00000000f5580000)
 Metaspace       used 59541K, committed 60416K, reserved 1105920K
  class space    used 5633K, committed 6016K, reserved 1048576K
}
Event: 392.644 GC heap after
{Heap after GC invocations=407 (full 249):
 PSYoungGen      total 27136K, used 18943K [0x00000000f5580000, 0x00000000f7880000, 0x0000000100000000)
  eden space 18944K, 99% used [0x00000000f5580000,0x00000000f67fffd0,0x00000000f6800000)
  from space 8192K, 0% used [0x00000000f6800000,0x00000000f6800000,0x00000000f7000000)
  to   space 8192K, 0% used [0x00000000f7000000,0x00000000f7000000,0x00000000f7800000)
 ParOldGen       total 349696K, used 349694K [0x00000000e0000000, 0x00000000f5580000, 0x00000000f5580000)
  object space 349696K, 99% used [0x00000000e0000000,0x00000000f557fb48,0x00000000f5580000)
 Metaspace       used 59541K, committed 60416K, reserved 1105920K
  class space    used 5633K, committed 6016K, reserved 1048576K
}
Event: 392.644 GC heap before
{Heap before GC invocations=408 (full 250):
 PSYoungGen      total 27136K, used 18943K [0x00000000f5580000, 0x00000000f7880000, 0x0000000100000000)
  eden space 18944K, 99% used [0x00000000f5580000,0x00000000f67ffff0,0x00000000f6800000)
  from space 8192K, 0% used [0x00000000f6800000,0x00000000f6800000,0x00000000f7000000)
  to   space 8192K, 0% used [0x00000000f7000000,0x00000000f7000000,0x00000000f7800000)
 ParOldGen       total 349696K, used 349694K [0x00000000e0000000, 0x00000000f5580000, 0x00000000f5580000)
  object space 349696K, 99% used [0x00000000e0000000,0x00000000f557fb48,0x00000000f5580000)
 Metaspace       used 59541K, committed 60416K, reserved 1105920K
  class space    used 5633K, committed 6016K, reserved 1048576K
}
Event: 393.739 GC heap after
{Heap after GC invocations=408 (full 250):
 PSYoungGen      total 27136K, used 18943K [0x00000000f5580000, 0x00000000f7880000, 0x0000000100000000)
  eden space 18944K, 99% used [0x00000000f5580000,0x00000000f67ffff0,0x00000000f6800000)
  from space 8192K, 0% used [0x00000000f7000000,0x00000000f7000000,0x00000000f7800000)
  to   space 8192K, 0% used [0x00000000f6800000,0x00000000f6800000,0x00000000f7000000)
 ParOldGen       total 349696K, used 349694K [0x00000000e0000000, 0x00000000f5580000, 0x00000000f5580000)
  object space 349696K, 99% used [0x00000000e0000000,0x00000000f557fb48,0x00000000f5580000)
 Metaspace       used 59541K, committed 60416K, reserved 1105920K
  class space    used 5633K, committed 6016K, reserved 1048576K
}
Event: 393.739 GC heap before
{Heap before GC invocations=409 (full 251):
 PSYoungGen      total 27136K, used 18943K [0x00000000f5580000, 0x00000000f7880000, 0x0000000100000000)
  eden space 18944K, 99% used [0x00000000f5580000,0x00000000f67ffff0,0x00000000f6800000)
  from space 8192K, 0% used [0x00000000f7000000,0x00000000f7000000,0x00000000f7800000)
  to   space 8192K, 0% used [0x00000000f6800000,0x00000000f6800000,0x00000000f7000000)
 ParOldGen       total 349696K, used 349695K [0x00000000e0000000, 0x00000000f5580000, 0x00000000f5580000)
  object space 349696K, 99% used [0x00000000e0000000,0x00000000f557fdb0,0x00000000f5580000)
 Metaspace       used 59541K, committed 60416K, reserved 1105920K
  class space    used 5633K, committed 6016K, reserved 1048576K
}
Event: 394.944 GC heap after
{Heap after GC invocations=409 (full 251):
 PSYoungGen      total 27136K, used 18943K [0x00000000f5580000, 0x00000000f7880000, 0x0000000100000000)
  eden space 18944K, 99% used [0x00000000f5580000,0x00000000f67fff28,0x00000000f6800000)
  from space 8192K, 0% used [0x00000000f6800000,0x00000000f6800000,0x00000000f7000000)
  to   space 8192K, 0% used [0x00000000f7000000,0x00000000f7000000,0x00000000f7800000)
 ParOldGen       total 349696K, used 349695K [0x00000000e0000000, 0x00000000f5580000, 0x00000000f5580000)
  object space 349696K, 99% used [0x00000000e0000000,0x00000000f557fdb0,0x00000000f5580000)
 Metaspace       used 59541K, committed 60416K, reserved 1105920K
  class space    used 5633K, committed 6016K, reserved 1048576K
}
Event: 394.944 GC heap before
{Heap before GC invocations=410 (full 252):
 PSYoungGen      total 27136K, used 18943K [0x00000000f5580000, 0x00000000f7880000, 0x0000000100000000)
  eden space 18944K, 99% used [0x00000000f5580000,0x00000000f67fff28,0x00000000f6800000)
  from space 8192K, 0% used [0x00000000f6800000,0x00000000f6800000,0x00000000f7000000)
  to   space 8192K, 0% used [0x00000000f7000000,0x00000000f7000000,0x00000000f7800000)
 ParOldGen       total 349696K, used 349695K [0x00000000e0000000, 0x00000000f5580000, 0x00000000f5580000)
  object space 349696K, 99% used [0x00000000e0000000,0x00000000f557fdb0,0x00000000f5580000)
 Metaspace       used 59541K, committed 60416K, reserved 1105920K
  class space    used 5633K, committed 6016K, reserved 1048576K
}
Event: 396.187 GC heap after
{Heap after GC invocations=410 (full 252):
 PSYoungGen      total 27136K, used 18943K [0x00000000f5580000, 0x00000000f7880000, 0x0000000100000000)
  eden space 18944K, 99% used [0x00000000f5580000,0x00000000f67fff28,0x00000000f6800000)
  from space 8192K, 0% used [0x00000000f7000000,0x00000000f7000000,0x00000000f7800000)
  to   space 8192K, 0% used [0x00000000f6800000,0x00000000f6800000,0x00000000f7000000)
 ParOldGen       total 349696K, used 349695K [0x00000000e0000000, 0x00000000f5580000, 0x00000000f5580000)
  object space 349696K, 99% used [0x00000000e0000000,0x00000000f557fdb0,0x00000000f5580000)
 Metaspace       used 59541K, committed 60416K, reserved 1105920K
  class space    used 5633K, committed 6016K, reserved 1048576K
}

Dll operation events (9 events):
Event: 0.003 Loaded shared library /nix/store/gpxl5qgg8kicmcvivwmybwjlpf7wh20l-graalvm17-ce-22.3.0/lib/libjava.so
Event: 0.013 Loaded shared library /nix/store/gpxl5qgg8kicmcvivwmybwjlpf7wh20l-graalvm17-ce-22.3.0/lib/libjsvml.so
Event: 0.454 Loaded shared library /nix/store/gpxl5qgg8kicmcvivwmybwjlpf7wh20l-graalvm17-ce-22.3.0/lib/libnio.so
Event: 0.458 Loaded shared library /nix/store/gpxl5qgg8kicmcvivwmybwjlpf7wh20l-graalvm17-ce-22.3.0/lib/libzip.so
Event: 0.461 Loaded shared library /nix/store/gpxl5qgg8kicmcvivwmybwjlpf7wh20l-graalvm17-ce-22.3.0/lib/libjvmcicompiler.so
Event: 1.136 Loaded shared library /nix/store/gpxl5qgg8kicmcvivwmybwjlpf7wh20l-graalvm17-ce-22.3.0/lib/libjimage.so
Event: 1.945 Loaded shared library /nix/store/gpxl5qgg8kicmcvivwmybwjlpf7wh20l-graalvm17-ce-22.3.0/lib/libnet.so
Event: 7.163 Loaded shared library /home/runner/.cache/jdt-language-server/config/org.eclipse.equinox.launcher/org.eclipse.equinox.launcher.gtk.linux.x86_64_1.2.400.v20211117-0650/eclipse_11600.so
Event: 22.041 Loaded shared library /nix/store/gpxl5qgg8kicmcvivwmybwjlpf7wh20l-graalvm17-ce-22.3.0/lib/libextnet.so

Deoptimization events (20 events):
Event: 91.057 Thread 0x00007fb37c490c10 DEOPT PACKING pc=0x00007fb3d03dd5e4 sp=0x00007fb395ffdd30
Event: 91.057 Thread 0x00007fb37c490c10 DEOPT UNPACKING pc=0x00007fb3cf505325 sp=0x00007fb395ffd1d8 mode 0
Event: 91.147 Thread 0x00007fb37c490c10 DEOPT PACKING pc=0x00007fb3d03dd5e4 sp=0x00007fb395ffded0
Event: 91.147 Thread 0x00007fb37c490c10 DEOPT UNPACKING pc=0x00007fb3cf505325 sp=0x00007fb395ffd378 mode 0
Event: 96.751 Thread 0x00007fb37c490c10 DEOPT PACKING pc=0x00007fb3d0c2c9b3 sp=0x00007fb395ffe480
Event: 96.751 Thread 0x00007fb37c490c10 DEOPT UNPACKING pc=0x00007fb3cf505325 sp=0x00007fb395ffd940 mode 0
Event: 98.458 Thread 0x00007fb37c490c10 DEOPT PACKING pc=0x00007fb3cfcbb040 sp=0x00007fb395ffe2f0
Event: 98.458 Thread 0x00007fb37c490c10 DEOPT UNPACKING pc=0x00007fb3cf505325 sp=0x00007fb395ffd778 mode 0
Event: 98.839 Thread 0x00007fb37c490c10 Uncommon trap: trap_request=0xffffffed fr.pc=0x00007fb3d71ce531 relative=0x0000000000000491
Event: 98.839 Thread 0x00007fb37c490c10 Uncommon trap: reason=null_assert_or_unreached0 action=reinterpret pc=0x00007fb3d71ce531 method=org.eclipse.jdt.internal.compiler.util.HashtableOfObject.putUnsafely([CLjava/lang/Object;)V @ 39 jvmci
Event: 98.839 Thread 0x00007fb37c490c10 DEOPT PACKING pc=0x00007fb3d71ce531 sp=0x00007fb395ffe4d0
Event: 98.839 Thread 0x00007fb37c490c10 DEOPT UNPACKING pc=0x00007fb3cf505325 sp=0x00007fb395ffd9a8 mode 3
Event: 98.943 Thread 0x00007fb37c490c10 DEOPT PACKING pc=0x00007fb3d016152d sp=0x00007fb395ffe530
Event: 98.943 Thread 0x00007fb37c490c10 DEOPT UNPACKING pc=0x00007fb3cf505325 sp=0x00007fb395ffda20 mode 0
Event: 154.272 Thread 0x00007fb37c490c10 DEOPT PACKING pc=0x00007fb3d0c07794 sp=0x00007fb395ffe530
Event: 154.272 Thread 0x00007fb37c490c10 DEOPT UNPACKING pc=0x00007fb3cf505325 sp=0x00007fb395ffda20 mode 0
Event: 386.882 Thread 0x00007fb3e80b2210 Uncommon trap: trap_request=0xffffffcd fr.pc=0x00007fb3d70e43be relative=0x000000000000037e
Event: 386.882 Thread 0x00007fb3e80b2210 Uncommon trap: reason=intrinsic_or_type_checked_inlining action=reinterpret pc=0x00007fb3d70e43be method=java.io.DataOutputStream.writeInt(I)V @ 0 jvmci
Event: 386.882 Thread 0x00007fb3e80b2210 DEOPT PACKING pc=0x00007fb3d70e43be sp=0x00007fb3ceecb000
Event: 386.882 Thread 0x00007fb3e80b2210 DEOPT UNPACKING pc=0x00007fb3cf505325 sp=0x00007fb3ceeca4d8 mode 3

Classes unloaded (20 events):
Event: 167.747 Thread 0x00007fb3e80a1c10 Unloading class 0x0000000800d04c00 'java/lang/invoke/LambdaForm$MH+0x0000000800d04c00'
Event: 167.747 Thread 0x00007fb3e80a1c10 Unloading class 0x0000000800d04800 'java/lang/invoke/LambdaForm$MH+0x0000000800d04800'
Event: 173.955 Thread 0x00007fb3e80a1c10 Unloading class 0x0000000800f2c000 'jdk/internal/reflect/GeneratedConstructorAccessor15'
Event: 173.955 Thread 0x00007fb3e80a1c10 Unloading class 0x0000000800f25000 'jdk/internal/reflect/GeneratedConstructorAccessor12'
Event: 173.955 Thread 0x00007fb3e80a1c10 Unloading class 0x0000000800f24c00 'jdk/internal/reflect/GeneratedConstructorAccessor11'
Event: 173.955 Thread 0x00007fb3e80a1c10 Unloading class 0x0000000800f24800 'jdk/internal/reflect/GeneratedConstructorAccessor10'
Event: 177.580 Thread 0x00007fb3e80a1c10 Unloading class 0x0000000801059000 'java/lang/invoke/LambdaForm$MH+0x0000000801059000'
Event: 177.580 Thread 0x00007fb3e80a1c10 Unloading class 0x0000000801058c00 'java/lang/invoke/LambdaForm$MH+0x0000000801058c00'
Event: 177.580 Thread 0x00007fb3e80a1c10 Unloading class 0x0000000801058800 'java/lang/invoke/LambdaForm$MH+0x0000000801058800'
Event: 177.580 Thread 0x00007fb3e80a1c10 Unloading class 0x0000000801058400 'java/lang/invoke/LambdaForm$MH+0x0000000801058400'
Event: 177.580 Thread 0x00007fb3e80a1c10 Unloading class 0x0000000801058000 'java/lang/invoke/LambdaForm$MH+0x0000000801058000'
Event: 177.580 Thread 0x00007fb3e80a1c10 Unloading class 0x0000000801052400 'java/lang/invoke/LambdaForm$MH+0x0000000801052400'
Event: 177.580 Thread 0x00007fb3e80a1c10 Unloading class 0x0000000800d98400 'java/lang/invoke/LambdaForm$MH+0x0000000800d98400'
Event: 177.580 Thread 0x00007fb3e80a1c10 Unloading class 0x0000000800d04000 'java/lang/invoke/LambdaForm$MH+0x0000000800d04000'
Event: 181.655 Thread 0x00007fb3e80a1c10 Unloading class 0x00000008011c4000 'jdk/internal/reflect/GeneratedConstructorAccessor35'
Event: 181.655 Thread 0x00007fb3e80a1c10 Unloading class 0x00000008011b0800 'jdk/internal/reflect/GeneratedConstructorAccessor34'
Event: 181.655 Thread 0x00007fb3e80a1c10 Unloading class 0x0000000801081400 'jdk/internal/reflect/GeneratedSerializationConstructorAccessor4'
Event: 181.655 Thread 0x00007fb3e80a1c10 Unloading class 0x0000000801081000 'jdk/internal/reflect/GeneratedSerializationConstructorAccessor3'
Event: 181.655 Thread 0x00007fb3e80a1c10 Unloading class 0x0000000801080c00 'jdk/internal/reflect/GeneratedSerializationConstructorAccessor2'
Event: 181.655 Thread 0x00007fb3e80a1c10 Unloading class 0x0000000801080800 'jdk/internal/reflect/GeneratedSerializationConstructorAccessor1'

Classes redefined (0 events):
No events

Internal exceptions (20 events):
Event: 67.436 Thread 0x00007fb3780ba730 Exception <a 'sun/nio/fs/UnixException'{0x00000000f6ae6db0}> (0x00000000f6ae6db0) 
thrown [src/hotspot/share/prims/jni.cpp, line 516]
Event: 67.471 Thread 0x00007fb3780ba730 Exception <a 'sun/nio/fs/UnixException'{0x00000000f56c4148}> (0x00000000f56c4148) 
thrown [src/hotspot/share/prims/jni.cpp, line 516]
Event: 67.535 Thread 0x00007fb3780ba730 Exception <a 'sun/nio/fs/UnixException'{0x00000000f5706420}> (0x00000000f5706420) 
thrown [src/hotspot/share/prims/jni.cpp, line 516]
Event: 67.536 Thread 0x00007fb3780ba730 Exception <a 'sun/nio/fs/UnixException'{0x00000000f57dce08}> (0x00000000f57dce08) 
thrown [src/hotspot/share/prims/jni.cpp, line 516]
Event: 67.537 Thread 0x00007fb3780ba730 Exception <a 'sun/nio/fs/UnixException'{0x00000000f582ea90}> (0x00000000f582ea90) 
thrown [src/hotspot/share/prims/jni.cpp, line 516]
Event: 68.442 Thread 0x00007fb354105460 Exception <a 'java/lang/NoSuchMethodError'{0x00000000f5f6a618}: 'java.lang.Object java.lang.invoke.DirectMethodHandle$Holder.invokeStatic(java.lang.Object, int, java.lang.Object, java.lang.Object, java.lang.Object, java.lang.Object)'> (0x00000000f5f6a618) 
thrown [src/hotspot/share/interpreter/linkResolver.cpp, line 758]
Event: 68.938 Thread 0x00007fb3541038f0 Exception <a 'java/lang/NoSuchMethodError'{0x00000000f5988008}: 'void java.lang.invoke.DirectMethodHandle$Holder.invokeSpecial(java.lang.Object, java.lang.Object, int)'> (0x00000000f5988008) 
thrown [src/hotspot/share/interpreter/linkResolver.cpp, line 758]
Event: 70.247 Thread 0x00007fb3780ba730 Exception <a 'sun/nio/fs/UnixException'{0x00000000f690a8e0}> (0x00000000f690a8e0) 
thrown [src/hotspot/share/prims/jni.cpp, line 516]
Event: 70.334 Thread 0x00007fb3780ba730 Exception <a 'sun/nio/fs/UnixException'{0x00000000f6918e70}> (0x00000000f6918e70) 
thrown [src/hotspot/share/prims/jni.cpp, line 516]
Event: 70.344 Thread 0x00007fb3780ba730 Exception <a 'sun/nio/fs/UnixException'{0x00000000f6a4dc00}> (0x00000000f6a4dc00) 
thrown [src/hotspot/share/prims/jni.cpp, line 516]
Event: 70.736 Thread 0x00007fb3780ba730 Exception <a 'sun/nio/fs/UnixException'{0x00000000f5c8ae58}> (0x00000000f5c8ae58) 
thrown [src/hotspot/share/prims/jni.cpp, line 516]
Event: 70.746 Thread 0x00007fb354105460 Exception <a 'java/lang/NoSuchMethodError'{0x00000000f5e4ef70}: 'int java.lang.invoke.DirectMethodHandle$Holder.invokeSpecialIFC(java.lang.Object, java.lang.Object, java.lang.Object, java.lang.Object)'> (0x00000000f5e4ef70) 
thrown [src/hotspot/share/interpreter/linkResolver.cpp, line 758]
Event: 70.942 Thread 0x00007fb3700010d0 Exception <a 'java/lang/NoSuchMethodError'{0x00000000f6243bd0}: 'java.lang.Object java.lang.invoke.DirectMethodHandle$Holder.invokeStatic(java.lang.Object, java.lang.Object, java.lang.Object, long)'> (0x00000000f6243bd0) 
thrown [src/hotspot/share/interpreter/linkResolver.cpp, line 758]
Event: 70.944 Thread 0x00007fb3700010d0 Exception <a 'java/lang/NoSuchMethodError'{0x00000000f624db58}: 'java.lang.Object java.lang.invoke.DirectMethodHandle$Holder.newInvokeSpecial(java.lang.Object, java.lang.Object, java.lang.Object, long)'> (0x00000000f624db58) 
thrown [src/hotspot/share/interpreter/linkResolver.cpp, line 758]
Event: 70.945 Thread 0x00007fb3700010d0 Exception <a 'java/lang/NoSuchMethodError'{0x00000000f6252ef0}: 'java.lang.Object java.lang.invoke.DirectMethodHandle$Holder.invokeSpecial(java.lang.Object, java.lang.Object, java.lang.Object, java.lang.Object, long)'> (0x00000000f6252ef0) 
thrown [src/hotspot/share/interpreter/linkResolver.cpp, line 758]
Event: 70.945 Thread 0x00007fb3700010d0 Exception <a 'java/lang/NoSuchMethodError'{0x00000000f6256f30}: 'java.lang.Object java.lang.invoke.Invokers$Holder.linkToTargetMethod(java.lang.Object, java.lang.Object, long, java.lang.Object)'> (0x00000000f6256f30) 
thrown [src/hotspot/share/interpreter/linkResolver.cpp, line 758]
Event: 75.850 Thread 0x00007fb364001300 Implicit null exception at 0x00007fb3d70be13f to 0x00007fb3d70be283
Event: 75.937 Thread 0x00007fb364001300 Implicit null exception at 0x00007fb3d71369ce to 0x00007fb3d7136da8
Event: 75.937 Thread 0x00007fb364001300 Implicit null exception at 0x00007fb3d712c6f2 to 0x00007fb3d712c8d6
Event: 396.188 Thread 0x00007fb3e80b2210 Exception <a 'java/lang/OutOfMemoryError'{0x00000000e0010820}> (0x00000000e0010820) 
thrown [src/hotspot/share/gc/shared/memAllocator.cpp, line 136]

VM Operations (20 events):
Event: 383.238 Executing VM operation: ParallelGCFailedAllocation
Event: 384.366 Executing VM operation: ParallelGCFailedAllocation done
Event: 384.366 Executing VM operation: ParallelGCFailedAllocation
Event: 385.653 Executing VM operation: ParallelGCFailedAllocation done
Event: 385.654 Executing VM operation: ParallelGCFailedAllocation
Event: 386.882 Executing VM operation: ParallelGCFailedAllocation done
Event: 386.882 Executing VM operation: ParallelGCFailedAllocation
Event: 388.035 Executing VM operation: ParallelGCFailedAllocation done
Event: 388.035 Executing VM operation: ParallelGCFailedAllocation
Event: 389.176 Executing VM operation: ParallelGCFailedAllocation done
Event: 389.177 Executing VM operation: ParallelGCFailedAllocation
Event: 390.369 Executing VM operation: ParallelGCFailedAllocation done
Event: 390.369 Executing VM operation: ParallelGCFailedAllocation
Event: 391.463 Executing VM operation: ParallelGCFailedAllocation done
Event: 391.464 Executing VM operation: ParallelGCFailedAllocation
Event: 392.644 Executing VM operation: ParallelGCFailedAllocation done
Event: 392.644 Executing VM operation: ParallelGCFailedAllocation
Event: 393.739 Executing VM operation: ParallelGCFailedAllocation done
Event: 393.739 Executing VM operation: ParallelGCFailedAllocation
Event: 396.187 Executing VM operation: ParallelGCFailedAllocation done

Events (20 events):
Event: 96.845 Thread 0x00007fb3e80b4780 flushing nmethod 0x00007fb3d0d4c710
Event: 96.845 Thread 0x00007fb3e80b4780 flushing nmethod 0x00007fb3d0d4f010
Event: 96.845 Thread 0x00007fb3e80b4780 flushing nmethod 0x00007fb3d0d51890
Event: 96.845 Thread 0x00007fb3e80b4780 flushing nmethod 0x00007fb3d0d58710
Event: 96.845 Thread 0x00007fb3e80b4780 flushing nmethod 0x00007fb3d0d6ac90
Event: 96.845 Thread 0x00007fb3e80b4780 flushing nmethod 0x00007fb3d0d6d610
Event: 96.845 Thread 0x00007fb3e80b4780 flushing nmethod 0x00007fb3d0d7c490
Event: 96.845 Thread 0x00007fb3e80b4780 flushing nmethod 0x00007fb3d0d7d590
Event: 96.845 Thread 0x00007fb3e80b4780 flushing nmethod 0x00007fb3d0d7d910
Event: 96.845 Thread 0x00007fb3e80b4780 flushing nmethod 0x00007fb3d0d88190
Event: 96.845 Thread 0x00007fb3e80b4780 flushing nmethod 0x00007fb3d0d88e10
Event: 96.845 Thread 0x00007fb3e80b4780 flushing nmethod 0x00007fb3d0d89b10
Event: 96.845 Thread 0x00007fb3e80b4780 flushing nmethod 0x00007fb3d0d9bd90
Event: 131.495 Thread 0x00007fb3700010d0 Thread exited: 0x00007fb3700010d0
Event: 131.496 Thread 0x00007fb37c314df0 Thread exited: 0x00007fb37c314df0
Event: 131.496 Thread 0x00007fb378001420 Thread exited: 0x00007fb378001420
Event: 131.496 Thread 0x00007fb358000ff0 Thread exited: 0x00007fb358000ff0
Event: 143.990 Thread 0x00007fb364001300 Thread exited: 0x00007fb364001300
Event: 379.559 Thread 0x00007fb33c033e40 Thread added: 0x00007fb33c033e40
Event: 379.559 Protecting memory [0x00007fb396700000,0x00007fb396704000] with protection modes 0


Dynamic libraries:
e0000000-f5580000 rw-p 00000000 00:00 0 
f5580000-f7880000 rw-p 00000000 00:00 0 
f7880000-100000000 ---p 00000000 00:00 0 
800000000-800449000 rw-p 00001000 00:123f 4611686019135357769            /nix/store/gpxl5qgg8kicmcvivwmybwjlpf7wh20l-graalvm17-ce-22.3.0/lib/server/classes.jsa
800449000-800bc8000 r--p 0044a000 00:123f 4611686019135357769            /nix/store/gpxl5qgg8kicmcvivwmybwjlpf7wh20l-graalvm17-ce-22.3.0/lib/server/classes.jsa
800bc8000-800c00000 ---p 00000000 00:00 0 
800c00000-800c20000 rw-p 00000000 00:00 0 
800c20000-800c40000 rw-p 00000000 00:00 0 
800c40000-800cc0000 rw-p 00000000 00:00 0 
800cc0000-800d00000 rw-p 00000000 00:00 0 
800d00000-800dc0000 rw-p 00000000 00:00 0 
800dc0000-800e00000 rw-p 00000000 00:00 0 
800e00000-800f80000 rw-p 00000000 00:00 0 
800f80000-800fc0000 rw-p 00000000 00:00 0 
800fc0000-801000000 rw-p 00000000 00:00 0 
801000000-8011e0000 rw-p 00000000 00:00 0 
8011e0000-840c00000 ---p 00000000 00:00 0 
563406e76000-563406e77000 r-xp 00000000 00:123f 4611686019099417844      /nix/store/gpxl5qgg8kicmcvivwmybwjlpf7wh20l-graalvm17-ce-22.3.0/bin/.java-wrapped
563406e78000-563406e79000 r--p 00001000 00:123f 4611686019099417844      /nix/store/gpxl5qgg8kicmcvivwmybwjlpf7wh20l-graalvm17-ce-22.3.0/bin/.java-wrapped
563406e79000-563406e7a000 rw-p 00002000 00:123f 4611686019099417844      /nix/store/gpxl5qgg8kicmcvivwmybwjlpf7wh20l-graalvm17-ce-22.3.0/bin/.java-wrapped
563406e7a000-563406e7b000 rw-p 00004000 00:123f 4611686019099417844      /nix/store/gpxl5qgg8kicmcvivwmybwjlpf7wh20l-graalvm17-ce-22.3.0/bin/.java-wrapped
563406e7b000-563406e7c000 rw-p 00005000 00:123f 4611686019099417844      /nix/store/gpxl5qgg8kicmcvivwmybwjlpf7wh20l-graalvm17-ce-22.3.0/bin/.java-wrapped
563408218000-563408260000 rw-p 00000000 00:00 0                          [heap]
7fb314000000-7fb31404e000 rw-p 00000000 00:00 0 
7fb31404e000-7fb318000000 ---p 00000000 00:00 0 
7fb31c000000-7fb31c03a000 rw-p 00000000 00:00 0 
7fb31c03a000-7fb320000000 ---p 00000000 00:00 0 
7fb320000000-7fb32008c000 rw-p 00000000 00:00 0 
7fb32008c000-7fb324000000 ---p 00000000 00:00 0 
7fb324000000-7fb324085000 rw-p 00000000 00:00 0 
7fb324085000-7fb328000000 ---p 00000000 00:00 0 
7fb328000000-7fb32804e000 rw-p 00000000 00:00 0 
7fb32804e000-7fb32c000000 ---p 00000000 00:00 0 
7fb32c000000-7fb32c027000 rw-p 00000000 00:00 0 
7fb32c027000-7fb330000000 ---p 00000000 00:00 0 
7fb330000000-7fb330089000 rw-p 00000000 00:00 0 
7fb330089000-7fb334000000 ---p 00000000 00:00 0 
7fb334000000-7fb334021000 rw-p 00000000 00:00 0 
7fb334021000-7fb338000000 ---p 00000000 00:00 0 
7fb338000000-7fb338042000 rw-p 00000000 00:00 0 
7fb338042000-7fb33c000000 ---p 00000000 00:00 0 
7fb33c000000-7fb33c048000 rw-p 00000000 00:00 0 
7fb33c048000-7fb340000000 ---p 00000000 00:00 0 
7fb340000000-7fb340540000 rw-p 00000000 00:00 0 
7fb340540000-7fb340800000 ---p 00000000 00:00 0 
7fb341c00000-7fb342400000 rw-p 00000000 00:00 0 
7fb3424b3000-7fb34c000000 r--s 00000000 00:123f 4611686019135192581      /nix/store/gpxl5qgg8kicmcvivwmybwjlpf7wh20l-graalvm17-ce-22.3.0/lib/modules
7fb34c000000-7fb34c138000 rw-p 00000000 00:00 0 
7fb34c138000-7fb350000000 ---p 00000000 00:00 0 
7fb350000000-7fb350023000 rw-p 00000000 00:00 0 
7fb350023000-7fb354000000 ---p 00000000 00:00 0 
7fb354000000-7fb35419c000 rw-p 00000000 00:00 0 
7fb35419c000-7fb358000000 ---p 00000000 00:00 0 
7fb358000000-7fb358021000 rw-p 00000000 00:00 0 
7fb358021000-7fb35c000000 ---p 00000000 00:00 0 
7fb35c000000-7fb35c021000 rw-p 00000000 00:00 0 
7fb35c021000-7fb360000000 ---p 00000000 00:00 0 
7fb360000000-7fb360021000 rw-p 00000000 00:00 0 
7fb360021000-7fb364000000 ---p 00000000 00:00 0 
7fb364000000-7fb364318000 rw-p 00000000 00:00 0 
7fb364318000-7fb368000000 ---p 00000000 00:00 0 
7fb368000000-7fb36807d000 rw-p 00000000 00:00 0 
7fb36807d000-7fb36c000000 ---p 00000000 00:00 0 
7fb36c000000-7fb36c021000 rw-p 00000000 00:00 0 
7fb36c021000-7fb370000000 ---p 00000000 00:00 0 
7fb370000000-7fb37005e000 rw-p 00000000 00:00 0 
7fb37005e000-7fb374000000 ---p 00000000 00:00 0 
7fb374000000-7fb374021000 rw-p 00000000 00:00 0 
7fb374021000-7fb378000000 ---p 00000000 00:00 0 
7fb378000000-7fb3780f5000 rw-p 00000000 00:00 0 
7fb3780f5000-7fb37c000000 ---p 00000000 00:00 0 
7fb37c000000-7fb37c8f2000 rw-p 00000000 00:00 0 
7fb37c8f2000-7fb380000000 ---p 00000000 00:00 0 
7fb380000000-7fb380026000 rw-p 00000000 00:00 0 
7fb380026000-7fb384000000 ---p 00000000 00:00 0 
7fb384000000-7fb384021000 rw-p 00000000 00:00 0 
7fb384021000-7fb388000000 ---p 00000000 00:00 0 
7fb388000000-7fb388021000 rw-p 00000000 00:00 0 
7fb388021000-7fb38c000000 ---p 00000000 00:00 0 
7fb38c000000-7fb38c021000 rw-p 00000000 00:00 0 
7fb38c021000-7fb390000000 ---p 00000000 00:00 0 
7fb390400000-7fb390900000 rw-p 00000000 00:00 0 
7fb390900000-7fb3909e0000 rw-p 00000000 00:00 0 
7fb3909e0000-7fb390a00000 ---p 00000000 00:00 0 
7fb390a00000-7fb390c00000 rw-p 00000000 00:00 0 
7fb390c00000-7fb390d00000 rw-p 00000000 00:00 0 
7fb390d00000-7fb390f00000 rw-p 00000000 00:00 0 
7fb390f00000-7fb391000000 rw-p 00000000 00:00 0 
7fb391000000-7fb391100000 rw-p 00000000 00:00 0 
7fb391100000-7fb391200000 rw-p 00000000 00:00 0 
7fb391200000-7fb391300000 rw-p 00000000 00:00 0 
7fb391300000-7fb391400000 rw-p 00000000 00:00 0 
7fb391400000-7fb391500000 rw-p 00000000 00:00 0 
7fb391500000-7fb391600000 rw-p 00000000 00:00 0 
7fb391600000-7fb391c00000 rw-p 00000000 00:00 0 
7fb391c00000-7fb391d00000 rw-p 00000000 00:00 0 
7fb391d00000-7fb391e00000 rw-p 00000000 00:00 0 
7fb391e00000-7fb392380000 rw-p 00000000 00:00 0 
7fb392380000-7fb392400000 rw-p 00000000 00:00 0 
7fb392800000-7fb392810000 r-xp 00000000 00:120a 356                      /home/runner/.cache/jdt-language-server/config/org.eclipse.equinox.launcher/org.eclipse.equinox.launcher.gtk.linux.x86_64_1.2.400.v20211117-0650/eclipse_11600.so
7fb392810000-7fb392a0f000 ---p 00010000 00:120a 356                      /home/runner/.cache/jdt-language-server/config/org.eclipse.equinox.launcher/org.eclipse.equinox.launcher.gtk.linux.x86_64_1.2.400.v20211117-0650/eclipse_11600.so
7fb392a0f000-7fb392a10000 r--p 0000f000 00:120a 356                      /home/runner/.cache/jdt-language-server/config/org.eclipse.equinox.launcher/org.eclipse.equinox.launcher.gtk.linux.x86_64_1.2.400.v20211117-0650/eclipse_11600.so
7fb392a10000-7fb392a11000 rw-p 00010000 00:120a 356                      /home/runner/.cache/jdt-language-server/config/org.eclipse.equinox.launcher/org.eclipse.equinox.launcher.gtk.linux.x86_64_1.2.400.v20211117-0650/eclipse_11600.so
7fb393900000-7fb393a00000 ---p 00000000 00:00 0 
7fb393a00000-7fb393faf000 r--p 01122000 00:123f 4611686019135190040      /nix/store/gpxl5qgg8kicmcvivwmybwjlpf7wh20l-graalvm17-ce-22.3.0/lib/libjvmcicompiler.so
7fb393faf000-7fb394100000 r--p 00000000 00:00 0 
7fb394100000-7fb39413d000 rw-p 00000000 00:00 0 
7fb39413d000-7fb39465d000 rw-p 0185f000 00:123f 4611686019135190040      /nix/store/gpxl5qgg8kicmcvivwmybwjlpf7wh20l-graalvm17-ce-22.3.0/lib/libjvmcicompiler.so
7fb39465d000-7fb394a44000 r--p 01d7f000 00:123f 4611686019135190040      /nix/store/gpxl5qgg8kicmcvivwmybwjlpf7wh20l-graalvm17-ce-22.3.0/lib/libjvmcicompiler.so
7fb394b00000-7fb394b04000 ---p 00000000 00:00 0 
7fb394b04000-7fb394c00000 rw-p 00000000 00:00 0 
7fb394d00000-7fb394d04000 ---p 00000000 00:00 0 
7fb394d04000-7fb394e00000 rw-p 00000000 00:00 0 
7fb394f00000-7fb394f04000 ---p 00000000 00:00 0 
7fb394f04000-7fb395000000 rw-p 00000000 00:00 0 
7fb395100000-7fb395104000 ---p 00000000 00:00 0 
7fb395104000-7fb395200000 rw-p 00000000 00:00 0 
7fb395300000-7fb395304000 ---p 00000000 00:00 0 
7fb395304000-7fb395400000 rw-p 00000000 00:00 0 
7fb395500000-7fb395504000 ---p 00000000 00:00 0 
7fb395504000-7fb395600000 rw-p 00000000 00:00 0 
7fb395600000-7fb395604000 ---p 00000000 00:00 0 
7fb395604000-7fb395700000 rw-p 00000000 00:00 0 
7fb395700000-7fb395704000 ---p 00000000 00:00 0 
7fb395704000-7fb395800000 rw-p 00000000 00:00 0 
7fb395900000-7fb395904000 ---p 00000000 00:00 0 
7fb395904000-7fb395a00000 rw-p 00000000 00:00 0 
7fb395b00000-7fb395b04000 ---p 00000000 00:00 0 
7fb395b04000-7fb395c00000 rw-p 00000000 00:00 0 
7fb395c00000-7fb395c04000 ---p 00000000 00:00 0 
7fb395c04000-7fb395d00000 rw-p 00000000 00:00 0 
7fb395d00000-7fb395d04000 ---p 00000000 00:00 0 
7fb395d04000-7fb395e00000 rw-p 00000000 00:00 0 
7fb395f00000-7fb395f04000 ---p 00000000 00:00 0 
7fb395f04000-7fb396000000 rw-p 00000000 00:00 0 
7fb396100000-7fb396104000 ---p 00000000 00:00 0 
7fb396104000-7fb396200000 rw-p 00000000 00:00 0 
7fb396300000-7fb396304000 ---p 00000000 00:00 0 
7fb396304000-7fb396400000 rw-p 00000000 00:00 0 
7fb396400000-7fb396404000 ---p 00000000 00:00 0 
7fb396404000-7fb396500000 rw-p 00000000 00:00 0 
7fb396500000-7fb396504000 ---p 00000000 00:00 0 
7fb396504000-7fb396600000 rw-p 00000000 00:00 0 
7fb396700000-7fb396704000 ---p 00000000 00:00 0 
7fb396704000-7fb396800000 rw-p 00000000 00:00 0 
7fb396800000-7fb396804000 ---p 00000000 00:00 0 
7fb396804000-7fb396900000 rw-p 00000000 00:00 0 
7fb396900000-7fb396904000 ---p 00000000 00:00 0 
7fb396904000-7fb396a00000 rw-p 00000000 00:00 0 
7fb396a00000-7fb396a04000 ---p 00000000 00:00 0 
7fb396a04000-7fb396b00000 rw-p 00000000 00:00 0 
7fb396b00000-7fb396b04000 ---p 00000000 00:00 0 
7fb396b04000-7fb396c00000 rw-p 00000000 00:00 0 
7fb396c00000-7fb396c04000 ---p 00000000 00:00 0 
7fb396c04000-7fb396d00000 rw-p 00000000 00:00 0 
7fb396d00000-7fb396d04000 ---p 00000000 00:00 0 
7fb396d04000-7fb396e00000 rw-p 00000000 00:00 0 
7fb397a68000-7fb397f00000 rw-p 00000000 00:00 0 
7fb398000000-7fb398021000 rw-p 00000000 00:00 0 
7fb398021000-7fb39c000000 ---p 00000000 00:00 0 
7fb39c000000-7fb39c021000 rw-p 00000000 00:00 0 
7fb39c021000-7fb3a0000000 ---p 00000000 00:00 0 
7fb3a0000000-7fb3a0021000 rw-p 00000000 00:00 0 
7fb3a0021000-7fb3a4000000 ---p 00000000 00:00 0 
7fb3a4000000-7fb3a4021000 rw-p 00000000 00:00 0 
7fb3a4021000-7fb3a8000000 ---p 00000000 00:00 0 
7fb3a8000000-7fb3a80cd000 rw-p 00000000 00:00 0 
7fb3a80cd000-7fb3ac000000 ---p 00000000 00:00 0 
7fb3ac000000-7fb3acbfa000 rw-p 00000000 00:00 0 
7fb3acbfa000-7fb3b0000000 ---p 00000000 00:00 0 
7fb3b0000000-7fb3b0021000 rw-p 00000000 00:00 0 
7fb3b0021000-7fb3b4000000 ---p 00000000 00:00 0 
7fb3b4000000-7fb3b4021000 rw-p 00000000 00:00 0 
7fb3b4021000-7fb3b8000000 ---p 00000000 00:00 0 
7fb3b8000000-7fb3b8021000 rw-p 00000000 00:00 0 
7fb3b8021000-7fb3bc000000 ---p 00000000 00:00 0 
7fb3bc000000-7fb3bc021000 rw-p 00000000 00:00 0 
7fb3bc021000-7fb3c0000000 ---p 00000000 00:00 0 
7fb3c0000000-7fb3c0021000 rw-p 00000000 00:00 0 
7fb3c0021000-7fb3c4000000 ---p 00000000 00:00 0 
7fb3c4000000-7fb3c4021000 rw-p 00000000 00:00 0 
7fb3c4021000-7fb3c8000000 ---p 00000000 00:00 0 
7fb3c8000000-7fb3c81de000 rw-p 00000000 00:00 0 
7fb3c81de000-7fb3cc000000 ---p 00000000 00:00 0 
7fb3cc100000-7fb3cc104000 ---p 00000000 00:00 0 
7fb3cc104000-7fb3cc200000 rw-p 00000000 00:00 0 
7fb3cc200000-7fb3ce36a000 r-xp 00000000 00:123f 4611686019135190040      /nix/store/gpxl5qgg8kicmcvivwmybwjlpf7wh20l-graalvm17-ce-22.3.0/lib/libjvmcicompiler.so
7fb3ce36a000-7fb3ce569000 ---p 0216a000 00:123f 4611686019135190040      /nix/store/gpxl5qgg8kicmcvivwmybwjlpf7wh20l-graalvm17-ce-22.3.0/lib/libjvmcicompiler.so
7fb3ce569000-7fb3ce56a000 r--p 02169000 00:123f 4611686019135190040      /nix/store/gpxl5qgg8kicmcvivwmybwjlpf7wh20l-graalvm17-ce-22.3.0/lib/libjvmcicompiler.so
7fb3ce56a000-7fb3ce56c000 rw-p 0216a000 00:123f 4611686019135190040      /nix/store/gpxl5qgg8kicmcvivwmybwjlpf7wh20l-graalvm17-ce-22.3.0/lib/libjvmcicompiler.so
7fb3ce56c000-7fb3ce56d000 rw-p 00000000 00:00 0 
7fb3ce56d000-7fb3ce572000 rw-p 023c3000 00:123f 4611686019135190040      /nix/store/gpxl5qgg8kicmcvivwmybwjlpf7wh20l-graalvm17-ce-22.3.0/lib/libjvmcicompiler.so
7fb3ce5a9000-7fb3ce5ad000 ---p 00000000 00:00 0 
7fb3ce5ad000-7fb3ce6a9000 rw-p 00000000 00:00 0 
7fb3ce6a9000-7fb3ce6ad000 ---p 00000000 00:00 0 
7fb3ce6ad000-7fb3ce6cb000 rw-p 00000000 00:00 0 
7fb3ce6cb000-7fb3ce6cc000 ---p 00000000 00:00 0 
7fb3ce6cc000-7fb3ce7cd000 rw-p 00000000 00:00 0 
7fb3ce7cd000-7fb3ce7d1000 ---p 00000000 00:00 0 
7fb3ce7d1000-7fb3ce8cd000 rw-p 00000000 00:00 0 
7fb3ce8cd000-7fb3ce8d1000 ---p 00000000 00:00 0 
7fb3ce8d1000-7fb3ce9cd000 rw-p 00000000 00:00 0 
7fb3ce9cd000-7fb3ce9d1000 ---p 00000000 00:00 0 
7fb3ce9d1000-7fb3ceacd000 rw-p 00000000 00:00 0 
7fb3ceacd000-7fb3cead1000 ---p 00000000 00:00 0 
7fb3cead1000-7fb3ceccd000 rw-p 00000000 00:00 0 
7fb3ceccd000-7fb3cecd1000 ---p 00000000 00:00 0 
7fb3cecd1000-7fb3ceecd000 rw-p 00000000 00:00 0 
7fb3ceecd000-7fb3ceed1000 ---p 00000000 00:00 0 
7fb3ceed1000-7fb3cefcd000 rw-p 00000000 00:00 0 
7fb3cefcd000-7fb3cefd1000 ---p 00000000 00:00 0 
7fb3cefd1000-7fb3cf0cd000 rw-p 00000000 00:00 0 
7fb3cf0cd000-7fb3cf0d1000 ---p 00000000 00:00 0 
7fb3cf0d1000-7fb3cf1cd000 rw-p 00000000 00:00 0 
7fb3cf1cd000-7fb3cf4b3000 r--p 00000000 00:1419 28444448                 /usr/lib/locale/locale-archive
7fb3cf4b3000-7fb3cf723000 rwxp 00000000 00:00 0 
7fb3cf723000-7fb3cfa42000 ---p 00000000 00:00 0 
7fb3cfa42000-7fb3d0f32000 rwxp 00000000 00:00 0 
7fb3d0f32000-7fb3d6f7a000 ---p 00000000 00:00 0 
7fb3d6f7a000-7fb3d71fa000 rwxp 00000000 00:00 0 
7fb3d71fa000-7fb3de4b3000 ---p 00000000 00:00 0 
7fb3de4b3000-7fb3e8000000 r--s 00000000 00:123f 4611686019135192581      /nix/store/gpxl5qgg8kicmcvivwmybwjlpf7wh20l-graalvm17-ce-22.3.0/lib/modules
7fb3e8000000-7fb3e8616000 rw-p 00000000 00:00 0 
7fb3e8616000-7fb3ec000000 ---p 00000000 00:00 0 
7fb3ec007000-7fb3ec00e000 r-xp 00000000 00:123f 4611686019135192580      /nix/store/gpxl5qgg8kicmcvivwmybwjlpf7wh20l-graalvm17-ce-22.3.0/lib/libzip.so
7fb3ec00e000-7fb3ec00f000 ---p 00007000 00:123f 4611686019135192580      /nix/store/gpxl5qgg8kicmcvivwmybwjlpf7wh20l-graalvm17-ce-22.3.0/lib/libzip.so
7fb3ec00f000-7fb3ec010000 r--p 00007000 00:123f 4611686019135192580      /nix/store/gpxl5qgg8kicmcvivwmybwjlpf7wh20l-graalvm17-ce-22.3.0/lib/libzip.so
7fb3ec010000-7fb3ec011000 rw-p 00008000 00:123f 4611686019135192580      /nix/store/gpxl5qgg8kicmcvivwmybwjlpf7wh20l-graalvm17-ce-22.3.0/lib/libzip.so
7fb3ec011000-7fb3ec013000 rw-p 0000b000 00:123f 4611686019135192580      /nix/store/gpxl5qgg8kicmcvivwmybwjlpf7wh20l-graalvm17-ce-22.3.0/lib/libzip.so
7fb3ec013000-7fb3ec028000 r-xp 00000000 00:123f 4611686019135192570      /nix/store/gpxl5qgg8kicmcvivwmybwjlpf7wh20l-graalvm17-ce-22.3.0/lib/libnet.so
7fb3ec028000-7fb3ec029000 ---p 00015000 00:123f 4611686019135192570      /nix/store/gpxl5qgg8kicmcvivwmybwjlpf7wh20l-graalvm17-ce-22.3.0/lib/libnet.so
7fb3ec029000-7fb3ec02a000 r--p 00015000 00:123f 4611686019135192570      /nix/store/gpxl5qgg8kicmcvivwmybwjlpf7wh20l-graalvm17-ce-22.3.0/lib/libnet.so
7fb3ec02a000-7fb3ec02b000 rw-p 00016000 00:123f 4611686019135192570      /nix/store/gpxl5qgg8kicmcvivwmybwjlpf7wh20l-graalvm17-ce-22.3.0/lib/libnet.so
7fb3ec02b000-7fb3ec02e000 rw-p 0001b000 00:123f 4611686019135192570      /nix/store/gpxl5qgg8kicmcvivwmybwjlpf7wh20l-graalvm17-ce-22.3.0/lib/libnet.so
7fb3ec02e000-7fb3ec032000 ---p 00000000 00:00 0 
7fb3ec032000-7fb3ec12e000 rw-p 00000000 00:00 0 
7fb3ec12e000-7fb3ec132000 ---p 00000000 00:00 0 
7fb3ec132000-7fb3ec22e000 rw-p 00000000 00:00 0 
7fb3ec22e000-7fb3ec22f000 ---p 00000000 00:00 0 
7fb3ec22f000-7fb3ec330000 rw-p 00000000 00:00 0 
7fb3ec330000-7fb3ec3fe000 r-xp 00000000 00:123f 4611686019135190036      /nix/store/gpxl5qgg8kicmcvivwmybwjlpf7wh20l-graalvm17-ce-22.3.0/lib/libjsvml.so
7fb3ec3fe000-7fb3ec3ff000 r--p 000cd000 00:123f 4611686019135190036      /nix/store/gpxl5qgg8kicmcvivwmybwjlpf7wh20l-graalvm17-ce-22.3.0/lib/libjsvml.so
7fb3ec3ff000-7fb3ec400000 rw-p 000ce000 00:123f 4611686019135190036      /nix/store/gpxl5qgg8kicmcvivwmybwjlpf7wh20l-graalvm17-ce-22.3.0/lib/libjsvml.so
7fb3ec400000-7fb3ec800000 rw-p 00000000 00:00 0 
7fb3ec800000-7fb3eca00000 rw-p 00000000 00:00 0 
7fb3eca00000-7fb3ecb00000 rw-p 00000000 00:00 0 
7fb3ecb00000-7fb3ecc00000 rw-p 00000000 00:00 0 
7fb3ecc03000-7fb3ecc05000 r-xp 00000000 00:123f 4611686019135190017      /nix/store/gpxl5qgg8kicmcvivwmybwjlpf7wh20l-graalvm17-ce-22.3.0/lib/libextnet.so
7fb3ecc05000-7fb3ecc06000 r--p 00001000 00:123f 4611686019135190017      /nix/store/gpxl5qgg8kicmcvivwmybwjlpf7wh20l-graalvm17-ce-22.3.0/lib/libextnet.so
7fb3ecc06000-7fb3ecc07000 rw-p 00002000 00:123f 4611686019135190017      /nix/store/gpxl5qgg8kicmcvivwmybwjlpf7wh20l-graalvm17-ce-22.3.0/lib/libextnet.so
7fb3ecc07000-7fb3ecc08000 rw-p 00004000 00:123f 4611686019135190017      /nix/store/gpxl5qgg8kicmcvivwmybwjlpf7wh20l-graalvm17-ce-22.3.0/lib/libextnet.so
7fb3ecc08000-7fb3ecc1b000 r-xp 00000000 00:123f 4611686019135192571      /nix/store/gpxl5qgg8kicmcvivwmybwjlpf7wh20l-graalvm17-ce-22.3.0/lib/libnio.so
7fb3ecc1b000-7fb3ecc1c000 r--p 00012000 00:123f 4611686019135192571      /nix/store/gpxl5qgg8kicmcvivwmybwjlpf7wh20l-graalvm17-ce-22.3.0/lib/libnio.so
7fb3ecc1c000-7fb3ecc1d000 rw-p 00013000 00:123f 4611686019135192571      /nix/store/gpxl5qgg8kicmcvivwmybwjlpf7wh20l-graalvm17-ce-22.3.0/lib/libnio.so
7fb3ecc1d000-7fb3ecc22000 rw-p 00019000 00:123f 4611686019135192571      /nix/store/gpxl5qgg8kicmcvivwmybwjlpf7wh20l-graalvm17-ce-22.3.0/lib/libnio.so
7fb3ecc22000-7fb3ee4fa000 rw-p 00000000 00:00 0 
7fb3ee4fa000-7fb3ee4fb000 ---p 00000000 00:00 0 
7fb3ee4fb000-7fb3ee6a6000 rw-p 00000000 00:00 0 
7fb3ee6a6000-7fb3ee6b9000 rw-p 00000000 00:00 0 
7fb3ee6b9000-7fb3ee6fc000 ---p 00000000 00:00 0 
7fb3ee6fc000-7fb3ee702000 rw-p 00000000 00:00 0 
7fb3ee702000-7fb3ee7e8000 ---p 00000000 00:00 0 
7fb3ee7e8000-7fb3ee812000 rw-p 00000000 00:00 0 
7fb3ee812000-7fb3ee8d3000 ---p 00000000 00:00 0 
7fb3ee8d3000-7fb3ee8d8000 rw-p 00000000 00:00 0 
7fb3ee8d8000-7fb3ee8df000 ---p 00000000 00:00 0 
7fb3ee8df000-7fb3ee903000 r-xp 00000000 00:123f 4611686019135190028      /nix/store/gpxl5qgg8kicmcvivwmybwjlpf7wh20l-graalvm17-ce-22.3.0/lib/libjava.so
7fb3ee903000-7fb3ee904000 ---p 00024000 00:123f 4611686019135190028      /nix/store/gpxl5qgg8kicmcvivwmybwjlpf7wh20l-graalvm17-ce-22.3.0/lib/libjava.so
7fb3ee904000-7fb3ee905000 r--p 00024000 00:123f 4611686019135190028      /nix/store/gpxl5qgg8kicmcvivwmybwjlpf7wh20l-graalvm17-ce-22.3.0/lib/libjava.so
7fb3ee905000-7fb3ee906000 rw-p 00025000 00:123f 4611686019135190028      /nix/store/gpxl5qgg8kicmcvivwmybwjlpf7wh20l-graalvm17-ce-22.3.0/lib/libjava.so
7fb3ee906000-7fb3ee907000 rw-p 00000000 00:00 0 
7fb3ee907000-7fb3ee90e000 rw-p 0002f000 00:123f 4611686019135190028      /nix/store/gpxl5qgg8kicmcvivwmybwjlpf7wh20l-graalvm17-ce-22.3.0/lib/libjava.so
7fb3ee90e000-7fb3ee916000 rw-s 00000000 00:12fc 353                      /tmp/hsperfdata_runner/19
7fb3ee916000-7fb3ee917000 ---p 00000000 00:00 0 
7fb3ee917000-7fb3ee918000 r--p 00000000 00:00 0 
7fb3ee918000-7fb3ee919000 rwxp 00000000 00:00 0 
7fb3ee919000-7fb3ee934000 r-xp 00000000 00:123f 4611686019135190032      /nix/store/gpxl5qgg8kicmcvivwmybwjlpf7wh20l-graalvm17-ce-22.3.0/lib/libjimage.so
7fb3ee934000-7fb3ee935000 ---p 0001b000 00:123f 4611686019135190032      /nix/store/gpxl5qgg8kicmcvivwmybwjlpf7wh20l-graalvm17-ce-22.3.0/lib/libjimage.so
7fb3ee935000-7fb3ee937000 r--p 0001b000 00:123f 4611686019135190032      /nix/store/gpxl5qgg8kicmcvivwmybwjlpf7wh20l-graalvm17-ce-22.3.0/lib/libjimage.so
7fb3ee937000-7fb3ee938000 rw-p 0001d000 00:123f 4611686019135190032      /nix/store/gpxl5qgg8kicmcvivwmybwjlpf7wh20l-graalvm17-ce-22.3.0/lib/libjimage.so
7fb3ee938000-7fb3ee939000 rw-p 00024000 00:123f 4611686019135190032      /nix/store/gpxl5qgg8kicmcvivwmybwjlpf7wh20l-graalvm17-ce-22.3.0/lib/libjimage.so
7fb3ee939000-7fb3ee93d000 ---p 00000000 00:00 0 
7fb3ee93d000-7fb3eea39000 rw-p 00000000 00:00 0 
7fb3eea39000-7fb3eea47000 r--p 00000000 00:123f 4611686019027979927      /nix/store/4nlgxhb09sdr51nc9hdm8az5b08vzkgx-glibc-2.35-163/lib/libm.so.6
7fb3eea47000-7fb3eeaba000 r-xp 0000e000 00:123f 4611686019027979927      /nix/store/4nlgxhb09sdr51nc9hdm8az5b08vzkgx-glibc-2.35-163/lib/libm.so.6
7fb3eeaba000-7fb3eeb17000 r--p 00081000 00:123f 4611686019027979927      /nix/store/4nlgxhb09sdr51nc9hdm8az5b08vzkgx-glibc-2.35-163/lib/libm.so.6
7fb3eeb17000-7fb3eeb18000 r--p 000dd000 00:123f 4611686019027979927      /nix/store/4nlgxhb09sdr51nc9hdm8az5b08vzkgx-glibc-2.35-163/lib/libm.so.6
7fb3eeb18000-7fb3eeb19000 rw-p 000de000 00:123f 4611686019027979927      /nix/store/4nlgxhb09sdr51nc9hdm8az5b08vzkgx-glibc-2.35-163/lib/libm.so.6
7fb3eeb19000-7fb3eeb1a000 r--p 00000000 00:123f 4611686019027979946      /nix/store/4nlgxhb09sdr51nc9hdm8az5b08vzkgx-glibc-2.35-163/lib/librt.so.1
7fb3eeb1a000-7fb3eeb1b000 r-xp 00001000 00:123f 4611686019027979946      /nix/store/4nlgxhb09sdr51nc9hdm8az5b08vzkgx-glibc-2.35-163/lib/librt.so.1
7fb3eeb1b000-7fb3eeb1c000 r--p 00002000 00:123f 4611686019027979946      /nix/store/4nlgxhb09sdr51nc9hdm8az5b08vzkgx-glibc-2.35-163/lib/librt.so.1
7fb3eeb1c000-7fb3eeb1d000 r--p 00002000 00:123f 4611686019027979946      /nix/store/4nlgxhb09sdr51nc9hdm8az5b08vzkgx-glibc-2.35-163/lib/librt.so.1
7fb3eeb1d000-7fb3eeb1e000 rw-p 00003000 00:123f 4611686019027979946      /nix/store/4nlgxhb09sdr51nc9hdm8az5b08vzkgx-glibc-2.35-163/lib/librt.so.1
7fb3eeb1e000-7fb3efc31000 r-xp 00000000 00:123f 4611686019135360866      /nix/store/gpxl5qgg8kicmcvivwmybwjlpf7wh20l-graalvm17-ce-22.3.0/lib/server/libjvm.so
7fb3efc31000-7fb3efc32000 ---p 01113000 00:123f 4611686019135360866      /nix/store/gpxl5qgg8kicmcvivwmybwjlpf7wh20l-graalvm17-ce-22.3.0/lib/server/libjvm.so
7fb3efc32000-7fb3efce7000 r--p 01113000 00:123f 4611686019135360866      /nix/store/gpxl5qgg8kicmcvivwmybwjlpf7wh20l-graalvm17-ce-22.3.0/lib/server/libjvm.so
7fb3efce7000-7fb3efd1b000 rw-p 011c8000 00:123f 4611686019135360866      /nix/store/gpxl5qgg8kicmcvivwmybwjlpf7wh20l-graalvm17-ce-22.3.0/lib/server/libjvm.so
7fb3efd1b000-7fb3efd77000 rw-p 00000000 00:00 0 
7fb3efd77000-7fb3efd9f000 r--p 00000000 00:123f 4611686019027979918      /nix/store/4nlgxhb09sdr51nc9hdm8az5b08vzkgx-glibc-2.35-163/lib/libc.so.6
7fb3efd9f000-7fb3eff15000 r-xp 00028000 00:123f 4611686019027979918      /nix/store/4nlgxhb09sdr51nc9hdm8az5b08vzkgx-glibc-2.35-163/lib/libc.so.6
7fb3eff15000-7fb3eff6d000 r--p 0019e000 00:123f 4611686019027979918      /nix/store/4nlgxhb09sdr51nc9hdm8az5b08vzkgx-glibc-2.35-163/lib/libc.so.6
7fb3eff6d000-7fb3eff71000 r--p 001f6000 00:123f 4611686019027979918      /nix/store/4nlgxhb09sdr51nc9hdm8az5b08vzkgx-glibc-2.35-163/lib/libc.so.6
7fb3eff71000-7fb3eff73000 rw-p 001fa000 00:123f 4611686019027979918      /nix/store/4nlgxhb09sdr51nc9hdm8az5b08vzkgx-glibc-2.35-163/lib/libc.so.6
7fb3eff73000-7fb3eff82000 rw-p 00000000 00:00 0 
7fb3eff82000-7fb3eff83000 r--p 00000000 00:123f 4611686019027979923      /nix/store/4nlgxhb09sdr51nc9hdm8az5b08vzkgx-glibc-2.35-163/lib/libdl.so.2
7fb3eff83000-7fb3eff84000 r-xp 00001000 00:123f 4611686019027979923      /nix/store/4nlgxhb09sdr51nc9hdm8az5b08vzkgx-glibc-2.35-163/lib/libdl.so.2
7fb3eff84000-7fb3eff85000 r--p 00002000 00:123f 4611686019027979923      /nix/store/4nlgxhb09sdr51nc9hdm8az5b08vzkgx-glibc-2.35-163/lib/libdl.so.2
7fb3eff85000-7fb3eff86000 r--p 00002000 00:123f 4611686019027979923      /nix/store/4nlgxhb09sdr51nc9hdm8az5b08vzkgx-glibc-2.35-163/lib/libdl.so.2
7fb3eff86000-7fb3eff87000 rw-p 00003000 00:123f 4611686019027979923      /nix/store/4nlgxhb09sdr51nc9hdm8az5b08vzkgx-glibc-2.35-163/lib/libdl.so.2
7fb3eff87000-7fb3eff88000 r--p 00000000 00:123f 4611686019027979942      /nix/store/4nlgxhb09sdr51nc9hdm8az5b08vzkgx-glibc-2.35-163/lib/libpthread.so.0
7fb3eff88000-7fb3eff89000 r-xp 00001000 00:123f 4611686019027979942      /nix/store/4nlgxhb09sdr51nc9hdm8az5b08vzkgx-glibc-2.35-163/lib/libpthread.so.0
7fb3eff89000-7fb3eff8a000 r--p 00002000 00:123f 4611686019027979942      /nix/store/4nlgxhb09sdr51nc9hdm8az5b08vzkgx-glibc-2.35-163/lib/libpthread.so.0
7fb3eff8a000-7fb3eff8b000 r--p 00002000 00:123f 4611686019027979942      /nix/store/4nlgxhb09sdr51nc9hdm8az5b08vzkgx-glibc-2.35-163/lib/libpthread.so.0
7fb3eff8b000-7fb3eff8c000 rw-p 00003000 00:123f 4611686019027979942      /nix/store/4nlgxhb09sdr51nc9hdm8az5b08vzkgx-glibc-2.35-163/lib/libpthread.so.0
7fb3eff8c000-7fb3eff9a000 r-xp 00000000 00:123f 4611686019135190033      /nix/store/gpxl5qgg8kicmcvivwmybwjlpf7wh20l-graalvm17-ce-22.3.0/lib/libjli.so
7fb3eff9a000-7fb3eff9b000 ---p 0000e000 00:123f 4611686019135190033      /nix/store/gpxl5qgg8kicmcvivwmybwjlpf7wh20l-graalvm17-ce-22.3.0/lib/libjli.so
7fb3eff9b000-7fb3eff9c000 r--p 0000e000 00:123f 4611686019135190033      /nix/store/gpxl5qgg8kicmcvivwmybwjlpf7wh20l-graalvm17-ce-22.3.0/lib/libjli.so
7fb3eff9c000-7fb3eff9d000 rw-p 0000f000 00:123f 4611686019135190033      /nix/store/gpxl5qgg8kicmcvivwmybwjlpf7wh20l-graalvm17-ce-22.3.0/lib/libjli.so
7fb3eff9d000-7fb3eff9e000 rw-p 00012000 00:123f 4611686019135190033      /nix/store/gpxl5qgg8kicmcvivwmybwjlpf7wh20l-graalvm17-ce-22.3.0/lib/libjli.so
7fb3eff9e000-7fb3effa1000 r--p 00000000 00:123f 4611686019106210071      /nix/store/026hln0aq1hyshaxsdvhg0kmcm6yf45r-zlib-1.2.13/lib/libz.so.1.2.13
7fb3effa1000-7fb3effb3000 r-xp 00003000 00:123f 4611686019106210071      /nix/store/026hln0aq1hyshaxsdvhg0kmcm6yf45r-zlib-1.2.13/lib/libz.so.1.2.13
7fb3effb3000-7fb3effba000 r--p 00015000 00:123f 4611686019106210071      /nix/store/026hln0aq1hyshaxsdvhg0kmcm6yf45r-zlib-1.2.13/lib/libz.so.1.2.13
7fb3effba000-7fb3effbb000 r--p 0001b000 00:123f 4611686019106210071      /nix/store/026hln0aq1hyshaxsdvhg0kmcm6yf45r-zlib-1.2.13/lib/libz.so.1.2.13
7fb3effbb000-7fb3effbc000 rw-p 0001c000 00:123f 4611686019106210071      /nix/store/026hln0aq1hyshaxsdvhg0kmcm6yf45r-zlib-1.2.13/lib/libz.so.1.2.13
7fb3effbc000-7fb3effbe000 rw-p 00000000 00:00 0 
7fb3effbe000-7fb3effc0000 r--p 00000000 00:123f 4611686019027979912      /nix/store/4nlgxhb09sdr51nc9hdm8az5b08vzkgx-glibc-2.35-163/lib/ld-linux-x86-64.so.2
7fb3effc0000-7fb3effe7000 r-xp 00002000 00:123f 4611686019027979912      /nix/store/4nlgxhb09sdr51nc9hdm8az5b08vzkgx-glibc-2.35-163/lib/ld-linux-x86-64.so.2
7fb3effe7000-7fb3efff3000 r--p 00029000 00:123f 4611686019027979912      /nix/store/4nlgxhb09sdr51nc9hdm8az5b08vzkgx-glibc-2.35-163/lib/ld-linux-x86-64.so.2
7fb3efff3000-7fb3efff5000 r--p 00034000 00:123f 4611686019027979912      /nix/store/4nlgxhb09sdr51nc9hdm8az5b08vzkgx-glibc-2.35-163/lib/ld-linux-x86-64.so.2
7fb3efff5000-7fb3efff7000 rw-p 00036000 00:123f 4611686019027979912      /nix/store/4nlgxhb09sdr51nc9hdm8az5b08vzkgx-glibc-2.35-163/lib/ld-linux-x86-64.so.2
7ffd180da000-7ffd180ff000 rw-p 00000000 00:00 0                          [stack]
7ffd18184000-7ffd18188000 r--p 00000000 00:00 0                          [vvar]
7ffd18188000-7ffd1818a000 r-xp 00000000 00:00 0                          [vdso]
ffffffffff600000-ffffffffff601000 --xp 00000000 00:00 0                  [vsyscall]


VM Arguments:
jvm_args: -XX:ThreadPriorityPolicy=1 -XX:+UnlockExperimentalVMOptions -XX:+EnableJVMCIProduct -XX:JVMCIThreadsPerNativeLibraryRuntime=1 -XX:-UnlockExperimentalVMOptions -Declipse.application=org.eclipse.jdt.ls.core.id1 -Dosgi.bundles.defaultStartLevel=4 -Declipse.product=org.eclipse.jdt.ls.core.product -Dlog.level=ALL -Xverify:none -XX:+UseParallelGC -XX:GCTimeRatio=4 -XX:AdaptiveSizePolicyWeight=90 -Dsun.zip.disableMemoryMapping=true -Xmx512m -Xms100m 
java_command: /nix/store/m6gcpi1ii6rghy04cjwjddcavv7i90df-jdt-language-server-1.9.0/share/java/plugins/org.eclipse.equinox.launcher_1.6.400.v20210924-0641.jar --add-modules=ALL-SYSTEM --add-opens java.base/java.util=ALL-UNNAMED --add-opens java.base/java.lang=ALL-UNNAMED -configuration /home/runner/.cache/jdt-language-server/config -data /home/runner/.cache/jdt-language-server/data/home/runner/ETL-Framework
java_class_path (initial): /nix/store/m6gcpi1ii6rghy04cjwjddcavv7i90df-jdt-language-server-1.9.0/share/java/plugins/org.eclipse.equinox.launcher_1.6.400.v20210924-0641.jar
Launcher Type: SUN_STANDARD

[Global flags]
    uintx AdaptiveSizePolicyWeight                 = 90                                        {product} {command line}
     intx CICompilerCount                          = 2                                         {product} {ergonomic}
     bool EnableJVMCIProduct                       = true                                {JVMCI product} {jimage}
    uintx GCTimeRatio                              = 4                                         {product} {command line}
   size_t InitialHeapSize                          = 104857600                                 {product} {command line}
     uint JVMCIThreadsPerNativeLibraryRuntime      = 1                                   {JVMCI product} {jimage}
   size_t MaxHeapSize                              = 536870912                                 {product} {command line}
   size_t MaxNewSize                               = 178782208                                 {product} {ergonomic}
   size_t MinHeapDeltaBytes                        = 524288                                    {product} {ergonomic}
   size_t MinHeapSize                              = 104857600                                 {product} {command line}
   size_t NewSize                                  = 34603008                                  {product} {ergonomic}
    uintx NonNMethodCodeHeapSize                   = 5826188                                {pd product} {ergonomic}
    uintx NonProfiledCodeHeapSize                  = 122916026                              {pd product} {ergonomic}
   size_t OldSize                                  = 70254592                                  {product} {ergonomic}
    uintx ProfiledCodeHeapSize                     = 122916026                              {pd product} {ergonomic}
    uintx ReservedCodeCacheSize                    = 251658240                              {pd product} {ergonomic}
     bool SegmentedCodeCache                       = true                                      {product} {ergonomic}
   size_t SoftMaxHeapSize                          = 536870912                              {manageable} {ergonomic}
     intx ThreadPriorityPolicy                     = 1                                         {product} {jimage}
     bool UseCompressedClassPointers               = true                           {product lp64_product} {ergonomic}
     bool UseCompressedOops                        = true                           {product lp64_product} {ergonomic}
     bool UseParallelGC                            = true                                      {product} {command line}

Logging:
Log output configuration:
 #0: stdout all=warning uptime,level,tags
 #1: stderr all=off uptime,level,tags

Environment Variables:
JAVA_HOME=/nix/store/gpxl5qgg8kicmcvivwmybwjlpf7wh20l-graalvm17-ce-22.3.0
PATH=/nix/store/1d6ian3r8kdzspw8hacjhl3xkp40g1lj-binutils-wrapper-2.39/bin:/nix/store/dq0xwmsk1g0i2ayg6pb7y87na2knzylh-gcc-wrapper-11.3.0/bin:/nix/store/bap4d0lpcrhpwmpb8ayjcgkmvfj62lnq-bash-interactive-5.1-p16/bin:/nix/store/pr5n59mb4jzmfx6kanwxly0l07p861fg-patchelf-0.15.0/bin:/nix/store/1gf2flfqnpqbr1b4p4qz2f72y42bs56r-gcc-11.3.0/bin:/nix/store/57xv61c5zi8pphjbcwxxjlgc34p61ic9-glibc-2.35-163-bin/bin:/nix/store/a7gvj343m05j2s32xcnwr35v31ynlypr-coreutils-9.1/bin:/nix/store/039g378vc3pc3dvi9dzdlrd0i4q93qwf-binutils-2.39/bin:/nix/store/gpxl5qgg8kicmcvivwmybwjlpf7wh20l-graalvm17-ce-22.3.0/bin:/nix/store/6z9ag3ihc8mq2hzsw48lhbznvzny65nz-apache-maven-3.8.6/bin:/nix/store/m6gcpi1ii6rghy04cjwjddcavv7i90df-jdt-language-server-1.9.0/bin:/nix/store/84xs5alhs01zrbr4ywm05kxbjbp5590l-java-debug/bin:/nix/store/mydc6f4k2z73xlcz7ilif3v2lcaiqvza-findutils-4.9.0/bin:/nix/store/j9p3g8472iijd50vhdprx0nmk2fqn5gv-diffutils-3.8/bin:/nix/store/89zs7rms6x00xfq4dq6m7mjnhkr8a6r4-gnused-4.8/bin:/nix/store/86bp03jkmsl6f92w0yzg4s59g5mhxwmy-gnugrep-3.7/bin:/nix/store/hwcdqw4jrjnd37wxqgsd47hd0j8bnj09-gawk-5.1.1/bin:/nix/store/cfbhw8r8ags41vwqaz47r583d0p4h4a1-gnutar-1.34/bin:/nix/store/p3m1ndl1lapwrlh698bnb5lvvxh67378-gzip-1.12/bin:/nix/store/a8mhcagrsly7c7mpjrpsnaahk4aax056-bzip2-1.0.8-bin/bin:/nix/store/mblgz65m3zv9x548a3d5m96fj2pbwr09-gnumake-4.3/bin:/nix/store/dsd5gz46hdbdk2rfdimqddhq6m8m8fqs-bash-5.1-p16/bin:/nix/store/v7ljksji50mg3w61dykaa3n3y79n6nil-patch-2.7.6/bin:/nix/store/zlcnmqq14jz5x9439jf937mvayyl63da-xz-5.2.7-bin/bin:/nix/store/y6aj732zm9m87c82fpvf103a1xb22blp-file-5.43/bin:/nix/store/i4kzir3m7mrisxmf5xvlnkw01x4qaqr4-prybar-elisp-0.0.0-e0d9a52/bin:/nix/store/lwwivxf6h7x3cvxp9zv8sj0mv7dak99r-prybar-lua-0.0.0-e0d9a52/bin:/nix/store/gxj28g1cg4hq3qanmjv07156h800qr58-prybar-python3-0.0.0-e0d9a52/bin:/nix/store/hshkjnxrgidigf8x75vg6lqng2xlx9i3-prybar-sqlite-0.0.0-e0d9a52/bin:/nix/store/c4w01bpjgyy5ixmwdk8m1pw87zq4sl26-prybar-tcl-0.0.0-e0d9a52/bin:/nix/store/hpbvrlwd5viqmvcaisb3x0118i913a9n-st
LD_LIBRARY_PATH=/nix/store/a4pff549sk2idnkpzk5nsfps3mdkdnvm-cups-2.4.2-lib/lib:/nix/store/72mqxxhh3cy5yifh92wh2yb8cl2hikyy-cairo-1.16.0/lib:/nix/store/2k366jrbsra97gjfxwvrhvixjfxdach5-glib-2.74.1/lib:/nix/store/2j2znigd8ak37rlwh9khz0ry3clqlw1l-gtk+3-3.24.34/lib:/nix/store/hisqvx32cd57apbpcsnkpx6k3549wql1-libglvnd-1.4.0/lib:/nix/store/p36pgcv991mq5srvg765b78yqpxvk3qs-mesa-21.3.3-drivers/lib:/nix/store/mav4251if1ahjq5vkpwycyyvnmy459c4-pulseaudio-14.2/lib
DISPLAY=:0
LANG=en_US.UTF-8

Signal Handlers:
   SIGSEGV: crash_handler in libjvm.so, mask=11100100010111111101111111111110, flags=SA_RESTART|SA_SIGINFO
    SIGBUS: crash_handler in libjvm.so, mask=11100100010111111101111111111110, flags=SA_RESTART|SA_SIGINFO
    SIGFPE: crash_handler in libjvm.so, mask=11100100010111111101111111111110, flags=SA_RESTART|SA_SIGINFO
   SIGPIPE: IsolateEnterStub_IgnoreSIGPIPEStartupHook_noopSignalHandler_8f19bff2f35b5f630d83b364d6b2339320d4ec70_216e8361c6bc87a8f89f58cc10d3b2fd4415bf87 in libjvmcicompiler.so, mask=00000000000000000000000000000000, flags=SA_RESTART
  *** Handler was modified!
  *** Expected: javaSignalHandler in libjvm.so, mask=11100100110111111111111111111110, flags=SA_RESTART|SA_SIGINFO
   SIGXFSZ: javaSignalHandler in libjvm.so, mask=11100100010111111101111111111110, flags=SA_RESTART|SA_SIGINFO
    SIGILL: crash_handler in libjvm.so, mask=11100100010111111101111111111110, flags=SA_RESTART|SA_SIGINFO
   SIGUSR2: SR_handler in libjvm.so, mask=00000000000000000000000000000000, flags=SA_RESTART|SA_SIGINFO
    SIGHUP: UserHandler in libjvm.so, mask=11100100010111111101111111111110, flags=SA_RESTART|SA_SIGINFO
    SIGINT: UserHandler in libjvm.so, mask=11100100010111111101111111111110, flags=SA_RESTART|SA_SIGINFO
   SIGTERM: UserHandler in libjvm.so, mask=11100100010111111101111111111110, flags=SA_RESTART|SA_SIGINFO
   SIGQUIT: UserHandler in libjvm.so, mask=11100100010111111101111111111110, flags=SA_RESTART|SA_SIGINFO
  *** Handler was modified!
  *** Expected: javaSignalHandler in libjvm.so, mask=11100100110111111111111111111110, flags=SA_RESTART|SA_SIGINFO
   SIGTRAP: crash_handler in libjvm.so, mask=11100100010111111101111111111110, flags=SA_RESTART|SA_SIGINFO


---------------  S Y S T E M  ---------------

OS:
DISTRIB_ID=Ubuntu
DISTRIB_RELEASE=20.04
DISTRIB_CODENAME=focal
DISTRIB_DESCRIPTION="Ubuntu 20.04.2 LTS"
uname: Linux 5.19.0-1022-gcp #24~22.04.1-Ubuntu SMP Sun Apr 23 09:51:08 UTC 2023 x86_64
OS uptime: 0 days 18:00 hours
libc: glibc 2.35 NPTL 2.35 
rlimit (soft/hard): STACK 8192k/infinity , CORE infinity/infinity , NPROC infinity/infinity , NOFILE 5242/5242 , AS infinity/infinity , CPU infinity/infinity , DATA infinity/infinity , FSIZE infinity/infinity , MEMLOCK 8192k/8192k
load average: 9.73 13.00 13.57

/proc/meminfo:
MemTotal:       65852256 kB
MemFree:        12375256 kB
MemAvailable:   44132008 kB
Buffers:         3814672 kB
Cached:         26017536 kB
SwapCached:            0 kB
Active:         13909020 kB
Inactive:       34608120 kB
Active(anon):      17252 kB
Inactive(anon): 18580464 kB
Active(file):   13891768 kB
Inactive(file): 16027656 kB
Unevictable:       55936 kB
Mlocked:           55936 kB
SwapTotal:             0 kB
SwapFree:              0 kB
Zswap:                 0 kB
Zswapped:              0 kB
Dirty:            269480 kB
Writeback:           188 kB
AnonPages:      17145104 kB
Mapped:          1989472 kB
Shmem:            126368 kB
KReclaimable:    2563928 kB
Slab:            3821120 kB
SReclaimable:    2563928 kB
SUnreclaim:      1257192 kB
KernelStack:      452528 kB
PageTables:       182320 kB
NFS_Unstable:          0 kB
Bounce:                0 kB
WritebackTmp:          0 kB
CommitLimit:    32926128 kB
Committed_AS:   70259980 kB
VmallocTotal:   34359738367 kB
VmallocUsed:      498368 kB
VmallocChunk:          0 kB
Percpu:            65664 kB
HardwareCorrupted:     0 kB
AnonHugePages:   2508800 kB
ShmemHugePages:        0 kB
ShmemPmdMapped:        0 kB
FileHugePages:         0 kB
FilePmdMapped:         0 kB
HugePages_Total:       0
HugePages_Free:        0
HugePages_Rsvd:        0
HugePages_Surp:        0
Hugepagesize:       2048 kB
Hugetlb:               0 kB
DirectMap4k:     6843192 kB
DirectMap2M:    51873792 kB
DirectMap1G:    10485760 kB

/sys/kernel/mm/transparent_hugepage/enabled: always [madvise] never
/sys/kernel/mm/transparent_hugepage/defrag (defrag/compaction efforts parameter): always defer defer+madvise [madvise] never

Process Memory:
Virtual Size: 5054556K (peak: 5149504K)
Resident Set Size: 738192K (peak: 775920K) (anon: 541440K, file: 196752K, shmem: 0K)
Swapped out: 0K
C-Heap outstanding allocations: 41883K, retained: 15972K
glibc malloc tunables: (default)

/proc/sys/kernel/threads-max (system-wide limit on the number of threads): 514406
/proc/sys/vm/max_map_count (maximum number of memory map areas a process may have): 65530
/proc/sys/kernel/pid_max (system-wide limit on number of process identifiers): 4194304

container (cgroup) information:
container_type: cgroupv1
cpu_cpuset_cpus: 2-7
cpu_memory_nodes: 0
active_processor_count: 1
cpu_quota: 50000
cpu_period: 100000
cpu_shares: 512
memory_limit_in_bytes: 1048576 k
memory_and_swap_limit_in_bytes: 1048576 k
memory_soft_limit_in_bytes: 524288 k
memory_usage_in_bytes: 584440 k
memory_max_usage_in_bytes: 635764 k
maximum number of tasks: 1000
current number of tasks: 44

KVM virtualization detected
Steal ticks since vm start: 0
Steal ticks percentage since vm start:  0.000

CPU: total 8 (initial active 1) (8 cores per cpu, 2 threads per core) family 23 model 49 stepping 0 microcode 0xffffffff, cx8, cmov, fxsr, ht, mmx, 3dnowpref, sse, sse2, sse3, ssse3, sse4a, sse4.1, sse4.2, popcnt, lzcnt, tsc, tscinvbit, avx, avx2, aes, clmul, bmi1, bmi2, adx, sha, fma, vzeroupper, clflush, clflushopt, hv
CPU Model and flags from /proc/cpuinfo:
model name	: AMD EPYC 7B12
flags		: fpu vme de pse tsc msr pae mce cx8 apic sep mtrr pge mca cmov pat pse36 clflush mmx fxsr sse sse2 ht syscall nx mmxext fxsr_opt pdpe1gb rdtscp lm constant_tsc rep_good nopl nonstop_tsc cpuid extd_apicid tsc_known_freq pni pclmulqdq ssse3 fma cx16 sse4_1 sse4_2 movbe popcnt aes xsave avx f16c rdrand hypervisor lahf_lm cmp_legacy cr8_legacy abm sse4a misalignsse 3dnowprefetch osvw topoext ssbd ibrs ibpb stibp vmmcall fsgsbase tsc_adjust bmi1 avx2 smep bmi2 rdseed adx smap clflushopt clwb sha_ni xsaveopt xsavec xgetbv1 clzero xsaveerptr arat npt nrip_save umip rdpid

Online cpus: 0-7
Offline cpus: 
BIOS frequency limitation: <Not Available>
Frequency switch latency (ns): <Not Available>
Available cpu frequencies: <Not Available>
Current governor: <Not Available>
Core performance/turbo boost: <Not Available>

Memory: 4k page, physical 1048576k(464128k free), swap 0k(0k free)
Page Sizes: 4k

vm_info: OpenJDK 64-Bit Server VM (17.0.5+8-jvmci-22.3-b08) for linux-amd64 JRE (17.0.5+8-jvmci-22.3-b08), built on Oct 19 2022 09:01:27 by "buildslave" with gcc 10.3.0

END.
