#
# A fatal error has been detected by the Java Runtime Environment:
#
#  Internal Error (jvmciRuntime.cpp:1609), pid=9930, tid=9944
#  fatal error: Fatal exception in JVMCI: Error calling jdk.vm.ci.services.Services.serializeSavedProperties
#
# JRE version: OpenJDK Runtime Environment GraalVM CE 22.3.0 (17.0.5+8) (build 17.0.5+8-jvmci-22.3-b08)
# Java VM: OpenJDK 64-Bit Server VM GraalVM CE 22.3.0 (17.0.5+8-jvmci-22.3-b08, mixed mode, sharing, tiered, jvmci, jvmci compiler, compressed oops, compressed class ptrs, parallel gc, linux-amd64)
# Problematic frame:
# V  [libjvm.so+0x972714]  JVMCIRuntime::fatal_exception(JVMCIEnv*, char const*)+0x74
#
# Core dump will be written. Default location: Core dumps may be processed with "/usr/share/apport/apport -p%p -s%s -c%c -d%d -P%P -u%u -g%g -- %E" (or dumping to /home/runner/ETL-Framework/core.9930)
#
# If you would like to submit a bug report, please visit:
#   https://github.com/oracle/graal/issues
#

---------------  S U M M A R Y ------------

Command Line: -XX:ThreadPriorityPolicy=1 -XX:+UnlockExperimentalVMOptions -XX:+EnableJVMCIProduct -XX:JVMCIThreadsPerNativeLibraryRuntime=1 -XX:-UnlockExperimentalVMOptions -Declipse.application=org.eclipse.jdt.ls.core.id1 -Dosgi.bundles.defaultStartLevel=4 -Declipse.product=org.eclipse.jdt.ls.core.product -Dlog.level=ALL -Xverify:none -XX:+UseParallelGC -XX:GCTimeRatio=4 -XX:AdaptiveSizePolicyWeight=90 -Dsun.zip.disableMemoryMapping=true -Xmx512m -Xms100m /nix/store/m6gcpi1ii6rghy04cjwjddcavv7i90df-jdt-language-server-1.9.0/share/java/plugins/org.eclipse.equinox.launcher_1.6.400.v20210924-0641.jar --add-modules=ALL-SYSTEM --add-opens java.base/java.util=ALL-UNNAMED --add-opens java.base/java.lang=ALL-UNNAMED -configuration /home/runner/.cache/jdt-language-server/config -data /home/runner/.cache/jdt-language-server/data/home/runner/ETL-Framework

Host: AMD EPYC 7B12, 8 cores, 1G, Ubuntu 20.04.2 LTS
Time: Thu May 11 18:04:16 2023 UTC elapsed time: 5307.950008 seconds (0d 1h 28m 27s)

---------------  T H R E A D  ---------------

Current thread (0x00007f71f00b21e0):  JavaThread "JVMCI-native CompilerThread0" daemon [_thread_in_vm, id=9944, stack(0x00007f71d631a000,0x00007f71d651a000)]


Current CompileTask:
JVMCI-native:5307950 15182       4       org.eclipse.core.runtime.Path::initialize (224 bytes)

Stack: [0x00007f71d631a000,0x00007f71d651a000],  sp=0x00007f71d6518380,  free space=2040k
Native frames: (J=compiled Java code, j=interpreted, Vv=VM code, C=native code)
V  [libjvm.so+0x972714]  JVMCIRuntime::fatal_exception(JVMCIEnv*, char const*)+0x74
V  [libjvm.so+0x93e2fe]  JVMCIEnv::copy_saved_properties()+0x14e
V  [libjvm.so+0x9732a9]  JVMCIRuntime::initialize(JVMCIEnv*)+0xb19
V  [libjvm.so+0x9738a2]  JVMCIRuntime::get_HotSpotJVMCIRuntime(JVMCIEnv*)+0x12
V  [libjvm.so+0x9749f2]  JVMCIRuntime::compile_method(JVMCIEnv*, JVMCICompiler*, methodHandle const&, int)+0xd2
V  [libjvm.so+0x5b0d20]  CompileBroker::invoke_compiler_on_method(CompileTask*)+0x1470
V  [libjvm.so+0x5b12e8]  CompileBroker::compiler_thread_loop()+0x528
V  [libjvm.so+0xd82460]  JavaThread::thread_main_inner()+0xd0
V  [libjvm.so+0xd85a40]  Thread::call_run()+0xc0
V  [libjvm.so+0xbdb1e1]  thread_native_entry(Thread*)+0xe1

Register to memory mapping:

RAX=0x00007f71f607f000 points into unknown readable memory: 0x0000000000000058 | 58 00 00 00 00 00 00 00
RBX=0x00007f71f717a398: <offset 0x0000000000ef5398> in /nix/store/gpxl5qgg8kicmcvivwmybwjlpf7wh20l-graalvm17-ce-22.3.0/lib/server/libjvm.so at 0x00007f71f6285000
RCX=0x00007f71f71321e8: <offset 0x0000000000ead1e8> in /nix/store/gpxl5qgg8kicmcvivwmybwjlpf7wh20l-graalvm17-ce-22.3.0/lib/server/libjvm.so at 0x00007f71f6285000
RDX=0x0000000000000649 is an unknown value
RSP=0x00007f71d6518380 is pointing into the stack for thread: 0x00007f71f00b21e0
RBP=0x00007f71d65183a0 is pointing into the stack for thread: 0x00007f71f00b21e0
RSI=0x00007f71f717ac48: <offset 0x0000000000ef5c48> in /nix/store/gpxl5qgg8kicmcvivwmybwjlpf7wh20l-graalvm17-ce-22.3.0/lib/server/libjvm.so at 0x00007f71f6285000
RDI=0x00000000e0000000 is an oop: [B 
{0x00000000e0000000} - klass: {type array byte}
 - length: 54
R8 =0x00007f71f717a398: <offset 0x0000000000ef5398> in /nix/store/gpxl5qgg8kicmcvivwmybwjlpf7wh20l-graalvm17-ce-22.3.0/lib/server/libjvm.so at 0x00007f71f6285000
R9 =0x00007f71d6518330 is pointing into the stack for thread: 0x00007f71f00b21e0
R10=0x00007f71d6519948 is pointing into the stack for thread: 0x00007f71f00b21e0
R11=0x0000000000000293 is an unknown value
R12=0x0 is NULL
R13=0x00007f71f00b21e0 is a thread
R14=0x00007f71f0000b80 points into unknown readable memory: 0x00007f71f73aba38 | 38 ba 3a f7 71 7f 00 00
R15=0x00007f71f74b9e40: <offset 0x0000000001234e40> in /nix/store/gpxl5qgg8kicmcvivwmybwjlpf7wh20l-graalvm17-ce-22.3.0/lib/server/libjvm.so at 0x00007f71f6285000


Registers:
RAX=0x00007f71f607f000, RBX=0x00007f71f717a398, RCX=0x00007f71f71321e8, RDX=0x0000000000000649
RSP=0x00007f71d6518380, RBP=0x00007f71d65183a0, RSI=0x00007f71f717ac48, RDI=0x00000000e0000000
R8 =0x00007f71f717a398, R9 =0x00007f71d6518330, R10=0x00007f71d6519948, R11=0x0000000000000293
R12=0x0000000000000000, R13=0x00007f71f00b21e0, R14=0x00007f71f0000b80, R15=0x00007f71f74b9e40
RIP=0x00007f71f6bf7714, EFLAGS=0x0000000000010206, CSGSFS=0x002b000000000033, ERR=0x0000000000000006
  TRAPNO=0x000000000000000e

Top of Stack: (sp=0x00007f71d6518380)
0x00007f71d6518380:   00007f71d6518940 00007f71f00b21e0
0x00007f71d6518390:   00007f71f4a108c8 0000000800c415a8
0x00007f71d65183a0:   00007f71d6518500 00007f71f6bc32fe
0x00007f71d65183b0:   00007f71d65183e0 00007f71d6518440 

Instructions: (pc=0x00007f71f6bf7714)
0x00007f71f6bf7614:   30 e8 f6 cf e8 ff 4c 89 e7 e8 2e 48 d1 ff 84 db
0x00007f71f6bf7624:   75 2a 4d 85 ed 74 04 4d 8b 6d 00 48 83 c4 08 44
0x00007f71f6bf7634:   89 f9 4c 89 f2 4c 89 ee 5b 4c 89 e7 41 5c 41 5d
0x00007f71f6bf7644:   41 5e 41 5f 5d e9 e2 47 d1 ff 66 90 48 83 c4 08
0x00007f71f6bf7654:   5b 41 5c 41 5d 41 5e 41 5f 5d c3 90 31 d2 be 08
0x00007f71f6bf7664:   00 00 00 4c 89 ff e8 b1 78 a3 ff 49 89 c5 e9 37
0x00007f71f6bf7674:   ff ff ff 66 0f 1f 84 00 00 00 00 00 48 8b 7a 08
0x00007f71f6bf7684:   e9 6d ff ff ff 0f 1f 80 00 00 00 00 e8 5b 48 0a
0x00007f71f6bf7694:   00 84 c0 75 89 e9 6a ff ff ff 66 90 55 48 89 e5
0x00007f71f6bf76a4:   41 56 41 55 41 54 49 89 fc 53 48 89 f3 66 48 8d
0x00007f71f6bf76b4:   3d 27 5e 85 00 66 66 48 e8 df 43 8d ff 4c 8b 28
0x00007f71f6bf76c4:   8b 05 be 72 8a 00 85 c0 75 14 ba 01 00 00 00 48
0x00007f71f6bf76d4:   8d 0d ae 72 8a 00 f0 0f b1 11 85 c0 74 4e be c8
0x00007f71f6bf76e4:   00 00 00 4c 89 ef e8 01 0b 41 00 48 8d 05 12 ac
0x00007f71f6bf76f4:   85 00 49 89 d8 48 8d 0d e8 aa 53 00 ba 49 06 00
0x00007f71f6bf7704:   00 48 8d 35 3c 35 58 00 bf 00 00 00 e0 48 8b 00
0x00007f71f6bf7714:   c6 00 58 31 c0 e8 e2 91 c6 ff 5b 41 5c 41 5d 41
0x00007f71f6bf7724:   5e 5d e9 55 34 26 00 0f 1f 44 00 00 48 8d 05 81
0x00007f71f6bf7734:   a3 8b 00 48 89 df 4c 8b 30 e8 9e 43 8d ff 48 89
0x00007f71f6bf7744:   de 48 89 c2 49 8b 06 4c 89 f7 ff 50 08 4c 89 f7
0x00007f71f6bf7754:   e8 a7 5c 27 00 4d 85 e4 74 12 be 01 00 00 00 4c
0x00007f71f6bf7764:   89 e7 e8 35 43 fc ff eb 82 0f 1f 00 be 01 00 00
0x00007f71f6bf7774:   00 4c 89 ef e8 d3 fd ff ff e9 6d ff ff ff 66 66
0x00007f71f6bf7784:   2e 0f 1f 84 00 00 00 00 00 0f 1f 00 55 48 89 e5
0x00007f71f6bf7794:   41 57 41 56 41 55 41 54 53 48 81 ec 08 02 00 00
0x00007f71f6bf77a4:   64 48 8b 04 25 28 00 00 00 48 89 45 c8 8b 07 83
0x00007f71f6bf77b4:   f8 02 0f 84 11 04 00 00 4c 8b 6f 18 49 89 ff 49
0x00007f71f6bf77c4:   89 f4 4d 85 ed 74 14 4c 89 ef e8 5d 57 22 00 41
0x00007f71f6bf77d4:   8b 07 83 f8 02 0f 84 19 04 00 00 48 8d 1d 9a 06
0x00007f71f6bf77e4:   8a 00 4c 8d 35 0b 3c 58 00 eb 38 90 48 85 d2 7f
0x00007f71f6bf77f4:   0d 48 8d 05 b4 c0 85 00 48 83 38 00 7e 0e 41 8b
0x00007f71f6bf7804:   77 2c 4c 89 f7 31 c0 e8 a0 b2 f7 ff 49 8b 7f 18 


Stack slot to memory mapping:
stack at sp + 0 slots: 0x00007f71d6518940 is pointing into the stack for thread: 0x00007f71f00b21e0
stack at sp + 1 slots: 0x00007f71f00b21e0 is a thread
stack at sp + 2 slots: 0x00007f71f4a108c8 points into unknown readable memory: 0x6573001880c9ffff | ff ff c9 80 18 00 73 65
stack at sp + 3 slots: 0x0000000800c415a8 is a pointer to class: 
jdk.vm.ci.services.Services {0x0000000800c415a8}
 - instance size:     2
 - klass size:        65
 - access:            public final synchronized 
 - state:             fully_initialized
 - name:              'jdk/vm/ci/services/Services'
 - super:             'java/lang/Object'
 - sub:               
 - arrays:            NULL
 - methods:           Array<T>(0x00007f71d6c3ef28)
 - method ordering:   Array<T>(0x0000000800928960)
 - default_methods:   Array<T>(0x0000000000000000)
 - local interfaces:  Array<T>(0x00000008005ce810)
 - trans. interfaces: Array<T>(0x00000008005ce810)
 - constants:         constant pool [427] {0x00007f71d6c3e008} for 'jdk/vm/ci/services/Services' cache=0x00007f71d6c401f8
 - class loader data:  loader data: 0x00007f71f00283f0 of 'bootstrap'
 - source file:       'Services.java'
 - class annotations:       Array<T>(0x0000000000000000)
 - class type annotations:  Array<T>(0x0000000000000000)
 - field annotations:       Array<T>(0x0000000000000000)
 - field type annotations:  Array<T>(0x0000000000000000)
 - inner classes:     Array<T>(0x00007f71d6c401c8)
 - nest members:     Array<T>(0x00007f71d6c401e8)
 - permitted subclasses:     Array<T>(0x00000008005ce7a0)
 - java mirror:       a 'java/lang/Class'{0x00000000e02c12b8} = 'jdk/vm/ci/services/Services'
 - vtable length      5  (start addr: 0x0000000800c41778)
 - itable length      2 (start addr: 0x0000000800c417a0)
 - ---- static fields (3 words):
 - public static final 'IS_BUILDING_NATIVE_IMAGE' 'Z' @128 
 - public static final 'IS_IN_NATIVE_IMAGE' 'Z' @129 
 - private static volatile 'savedProperties' 'Ljava/util/Map;' @112 
 - static final 'JVMCI_ENABLED' 'Z' @130 
 - private static final 'servicesCache' 'Ljava/util/Map;' @116 
 - private static final 'MAX_UNICODE_IN_UTF8_LENGTH' 'I' @120 
 - private static final 'MAX_UTF8_PROPERTY_STRING_LENGTH' 'I' @124 
 - ---- non-static fields (0 words):
 - non-static oop maps: 
stack at sp + 4 slots: 0x00007f71d6518500 is pointing into the stack for thread: 0x00007f71f00b21e0
stack at sp + 5 slots: 0x00007f71f6bc32fe: <offset 0x000000000093e2fe> in /nix/store/gpxl5qgg8kicmcvivwmybwjlpf7wh20l-graalvm17-ce-22.3.0/lib/server/libjvm.so at 0x00007f71f6285000
stack at sp + 6 slots: 0x00007f71d65183e0 is pointing into the stack for thread: 0x00007f71f00b21e0
stack at sp + 7 slots: 0x00007f71d6518440 is pointing into the stack for thread: 0x00007f71f00b21e0


---------------  P R O C E S S  ---------------

Threads class SMR info:
_java_thread_list=0x00007f714800e530, length=34, elements={
0x00007f71f0026690, 0x00007f71f00a64d0, 0x00007f71f00a7910, 0x00007f71f00ae050,
0x00007f71f00af400, 0x00007f71f00b07f0, 0x00007f71f00b21e0, 0x00007f71f00b36f0,
0x00007f71f00b4b40, 0x00007f71f00d7c20, 0x00007f71f01207c0, 0x00007f71f02fe100,
0x00007f71f0344c00, 0x00007f71f034ba00, 0x00007f718402bab0, 0x00007f71843fcfe0,
0x00007f71847a9d00, 0x00007f71f03f76c0, 0x00007f715c10ed80, 0x00007f715c1123f0,
0x00007f715c202990, 0x00007f715c0d3da0, 0x00007f7170008370, 0x00007f7170005fe0,
0x00007f7174251430, 0x00007f715c0d73a0, 0x00007f715c0d6480, 0x00007f715c0d5d40,
0x00007f715c188830, 0x00007f715c189e10, 0x00007f715c18a4d0, 0x00007f715c18af60,
0x00007f715c1b3780, 0x00007f714801d6f0
}

Java Threads: ( => current thread )
  0x00007f71f0026690 JavaThread "main" [_thread_blocked, id=9936, stack(0x00007f71f60a0000,0x00007f71f61a0000)]
  0x00007f71f00a64d0 JavaThread "Reference Handler" daemon [_thread_blocked, id=9939, stack(0x00007f71f40b7000,0x00007f71f41b7000)]
  0x00007f71f00a7910 JavaThread "Finalizer" daemon [_thread_blocked, id=9940, stack(0x00007f71d6b00000,0x00007f71d6c00000)]
  0x00007f71f00ae050 JavaThread "Signal Dispatcher" daemon [_thread_blocked, id=9941, stack(0x00007f71d671a000,0x00007f71d681a000)]
  0x00007f71f00af400 JavaThread "Service Thread" daemon [_thread_blocked, id=9942, stack(0x00007f71d661a000,0x00007f71d671a000)]
  0x00007f71f00b07f0 JavaThread "Monitor Deflation Thread" daemon [_thread_blocked, id=9943, stack(0x00007f71d651a000,0x00007f71d661a000)]
=>0x00007f71f00b21e0 JavaThread "JVMCI-native CompilerThread0" daemon [_thread_in_vm, id=9944, stack(0x00007f71d631a000,0x00007f71d651a000)]
  0x00007f71f00b36f0 JavaThread "C1 CompilerThread0" daemon [_thread_blocked, id=9945, stack(0x00007f71d611a000,0x00007f71d631a000)]
  0x00007f71f00b4b40 JavaThread "Sweeper thread" daemon [_thread_blocked, id=9946, stack(0x00007f71d601a000,0x00007f71d611a000)]
  0x00007f71f00d7c20 JavaThread "Common-Cleaner" daemon [_thread_blocked, id=9948, stack(0x00007f71d5f1a000,0x00007f71d601a000)]
  0x00007f71f01207c0 JavaThread "Notification Thread" daemon [_thread_blocked, id=9950, stack(0x00007f71d5e1a000,0x00007f71d5f1a000)]
  0x00007f71f02fe100 JavaThread "Active Thread: Equinox Container: e339361a-d5fb-4de5-ac1f-05de4e8501df" [_thread_blocked, id=9966, stack(0x00007f71d4a00000,0x00007f71d4b00000)]
  0x00007f71f0344c00 JavaThread "Framework Event Dispatcher: Equinox Container: e339361a-d5fb-4de5-ac1f-05de4e8501df" daemon [_thread_blocked, id=9975, stack(0x00007f71d4800000,0x00007f71d4900000)]
  0x00007f71f034ba00 JavaThread "Start Level: Equinox Container: e339361a-d5fb-4de5-ac1f-05de4e8501df" daemon [_thread_blocked, id=9976, stack(0x00007f71d4600000,0x00007f71d4700000)]
  0x00007f718402bab0 JavaThread "SCR Component Actor" daemon [_thread_blocked, id=9977, stack(0x00007f71d4400000,0x00007f71d4500000)]
  0x00007f71843fcfe0 JavaThread "Worker-JM" [_thread_blocked, id=9987, stack(0x00007f71d4000000,0x00007f71d4100000)]
  0x00007f71847a9d00 JavaThread "Bundle File Closer" daemon [_thread_blocked, id=10000, stack(0x00007f719d300000,0x00007f719d400000)]
  0x00007f71f03f76c0 JavaThread "pool-2-thread-1" [_thread_blocked, id=10010, stack(0x00007f719cf00000,0x00007f719d000000)]
  0x00007f715c10ed80 JavaThread "Thread-4" [_thread_blocked, id=10087, stack(0x00007f719d800000,0x00007f719d900000)]
  0x00007f715c1123f0 JavaThread "Thread-7" [_thread_blocked, id=10090, stack(0x00007f719c900000,0x00007f719ca00000)]
  0x00007f715c202990 JavaThread "Thread-24" [_thread_blocked, id=10229, stack(0x00007f719c600000,0x00007f719c700000)]
  0x00007f715c0d3da0 JavaThread "Thread-25" [_thread_blocked, id=10254, stack(0x00007f719ce00000,0x00007f719cf00000)]
  0x00007f7170008370 JavaThread "Java indexing" daemon [_thread_blocked, id=10802, stack(0x00007f719c300000,0x00007f719c400000)]
  0x00007f7170005fe0 JavaThread "Worker-6" [_thread_blocked, id=10804, stack(0x00007f719c100000,0x00007f719c200000)]
  0x00007f7174251430 JavaThread "Worker-8: Validate documents" [_thread_blocked, id=18724, stack(0x00007f71d4100000,0x00007f71d4200000)]
  0x00007f715c0d73a0 JavaThread "Thread-31" [_thread_blocked, id=18725, stack(0x00007f719d700000,0x00007f719d800000)]
  0x00007f715c0d6480 JavaThread "Thread-32" [_thread_blocked, id=18727, stack(0x00007f719d900000,0x00007f719da00000)]
  0x00007f715c0d5d40 JavaThread "Thread-33" [_thread_blocked, id=18728, stack(0x00007f719cb00000,0x00007f719cc00000)]
  0x00007f715c188830 JavaThread "Thread-34" [_thread_blocked, id=18731, stack(0x00007f719da00000,0x00007f719db00000)]
  0x00007f715c189e10 JavaThread "Thread-36" [_thread_blocked, id=18760, stack(0x00007f719c500000,0x00007f719c600000)]
  0x00007f715c18a4d0 JavaThread "Thread-37" [_thread_blocked, id=18761, stack(0x00007f719d000000,0x00007f719d100000)]
  0x00007f715c18af60 JavaThread "Thread-38" [_thread_blocked, id=18762, stack(0x00007f719c700000,0x00007f719c800000)]
  0x00007f715c1b3780 JavaThread "Thread-39" [_thread_blocked, id=18763, stack(0x00007f71d4900000,0x00007f71d4a00000)]
  0x00007f714801d6f0 JavaThread "Worker-11" [_thread_blocked, id=23208, stack(0x00007f71d4200000,0x00007f71d4300000)]

Other Threads:
  0x00007f71f00a1c10 VMThread "VM Thread" [stack: 0x00007f71f41b9000,0x00007f71f42b9000] [id=9938] _threads_hazard_ptr=0x00007f714800e530
  0x00007f71f0122160 WatcherThread [stack: 0x00007f71d5d1a000,0x00007f71d5e1a000] [id=9951]
  0x00007f71f003df30 GCTaskThread "GC Thread#0" [stack: 0x00007f71f5c63000,0x00007f71f5d63000] [id=9937]

Threads with active compile tasks:
JVMCI-native CompilerThread0  5308091 15182       4       org.eclipse.core.runtime.Path::initialize (224 bytes)

VM state: synchronizing (normal execution)

VM Mutex/Monitor currently owned by a thread:  ([mutex/lock_event])
[0x00007f71f0023840] Threads_lock - owner thread: 0x00007f71f00a1c10
[0x00007f71f0023ff0] Heap_lock - owner thread: 0x00007f7170008370

OutOfMemory and StackOverflow Exception counts:
OutOfMemoryError java_heap_errors=27
LinkageErrors=55

Heap address: 0x00000000e0000000, size: 512 MB, Compressed Oops mode: 32-bit

CDS archive(s) mapped at: [0x0000000800000000-0x0000000800bc8000-0x0000000800bc8000), size 12353536, SharedBaseAddress: 0x0000000800000000, ArchiveRelocationMode: 0.
Compressed class space mapped at: 0x0000000800c00000-0x0000000840c00000, reserved size: 1073741824
Narrow klass base: 0x0000000800000000, Narrow klass shift: 0, Narrow klass range: 0x100000000

GC Precious Log:
 CPUs: 8 total, 1 available
 Memory: 1024M
 Large Page Support: Disabled
 NUMA Support: Disabled
 Compressed Oops: Enabled (32-bit)
 Alignments: Space 512K, Generation 512K, Heap 2M
 Heap Min Capacity: 100M
 Heap Initial Capacity: 100M
 Heap Max Capacity: 512M
 Pre-touch: Disabled
 Parallel Workers: 1

Heap:
 PSYoungGen      total 60928K, used 47615K [0x00000000f5580000, 0x00000000f9f00000, 0x0000000100000000)
  eden space 47616K, 99% used [0x00000000f5580000,0x00000000f83ffff8,0x00000000f8400000)
  from space 13312K, 0% used [0x00000000f8400000,0x00000000f8400000,0x00000000f9100000)
  to   space 13312K, 0% used [0x00000000f9180000,0x00000000f9180000,0x00000000f9e80000)
 ParOldGen       total 349696K, used 349693K [0x00000000e0000000, 0x00000000f5580000, 0x00000000f5580000)
  object space 349696K, 99% used [0x00000000e0000000,0x00000000f557f730,0x00000000f5580000)
 Metaspace       used 59724K, committed 60608K, reserved 1105920K
  class space    used 5225K, committed 5632K, reserved 1048576K

Card table byte_map: [0x00007f71f5d63000,0x00007f71f5e64000] _byte_map_base: 0x00007f71f5663000

Marking Bits: (ParMarkBitMap*) 0x00007f71f74b34c0
 Begin Bits: [0x00007f71f4bb6000, 0x00007f71f53b6000)
 End Bits:   [0x00007f71f53b6000, 0x00007f71f5bb6000)

Polling page: 0x00007f71f607d000

Metaspace:

Usage:
  Non-class:     53.22 MB used.
      Class:      5.10 MB used.
       Both:     58.32 MB used.

Virtual space:
  Non-class space:       56.00 MB reserved,      53.69 MB ( 96%) committed,  7 nodes.
      Class space:        1.00 GB reserved,       5.50 MB ( <1%) committed,  1 nodes.
             Both:        1.05 GB reserved,      59.19 MB (  5%) committed. 

Chunk freelists:
   Non-Class:  1.62 MB
       Class:  2.51 MB
        Both:  4.13 MB

MaxMetaspaceSize: unlimited
CompressedClassSpaceSize: 1.00 GB
Initial GC threshold: 21.00 MB
Current GC threshold: 98.56 MB
CDS: on
MetaspaceReclaimPolicy: balanced
 - commit_granule_bytes: 65536.
 - commit_granule_words: 8192.
 - virtual_space_node_default_size: 1048576.
 - enlarge_chunks_in_place: 1.
 - new_chunks_are_fully_committed: 0.
 - uncommit_free_chunks: 1.
 - use_allocation_guard: 0.
 - handle_deallocations: 1.


Internal statistics:

num_allocs_failed_limit: 6.
num_arena_births: 442.
num_arena_deaths: 108.
num_vsnodes_births: 8.
num_vsnodes_deaths: 0.
num_space_committed: 945.
num_space_uncommitted: 0.
num_chunks_returned_to_freelist: 148.
num_chunks_taken_from_freelist: 2974.
num_chunk_merges: 54.
num_chunk_splits: 1899.
num_chunks_enlarged: 1146.
num_purges: 22.
num_inconsistent_stats: 0.

CodeHeap 'non-profiled nmethods': size=120036Kb used=3580Kb max_used=3581Kb free=116455Kb
 bounds [0x00007f71def7a000, 0x00007f71df2fa000, 0x00007f71e64b3000]
CodeHeap 'profiled nmethods': size=120032Kb used=26456Kb max_used=27273Kb free=93575Kb
 bounds [0x00007f71d7a42000, 0x00007f71d94f2000, 0x00007f71def7a000]
CodeHeap 'non-nmethods': size=5692Kb used=1393Kb max_used=1399Kb free=4298Kb
 bounds [0x00007f71d74b3000, 0x00007f71d7723000, 0x00007f71d7a42000]
 total_blobs=10559 nmethods=9826 adapters=587
 compilation: enabled
              stopped_count=0, restarted_count=0
 full_count=0

JVMCI Events (20 events):
Event: 4922.038 Thread 0x00007f71f00b21e0 detached from JVMCI runtime 0
Event: 5069.758 Thread 0x00007f71f00b21e0 attached to JVMCI runtime 0
Event: 5069.760 Thread 0x00007f71f00b21e0 created JavaVM[12]@0x00007f714f69e340 for JVMCI runtime 0
Event: 5069.760 Thread 0x00007f71f00b21e0 initializing JVMCI runtime 0
Event: 5069.760 Thread 0x00007f71f00b21e0 done waiting for JavaVM references initialization in JVMCI runtime 0
Event: 5081.481 Thread 0x00007f71f00b21e0 initialized JVMCI runtime 0
Event: 5169.363 Thread 0x00007f71f00b21e0 compacted oop handles in JVMCI runtime 0 from 112 to 98
Event: 5199.865 Thread 0x00007f71f00b21e0 compacted oop handles in JVMCI runtime 0 from 108 to 104
Event: 5210.558 Thread 0x00007f71f00b21e0 compacted oop handles in JVMCI runtime 0 from 105 to 44
Event: 5212.452 Thread 0x00007f71f00b21e0 detaching from JVMCI runtime 0: releasing idle compiler thread (0 other threads still attached)
Event: 5212.452 Thread 0x00007f71f00b21e0 shutting down HotSpotJVMCIRuntime for JVMCI runtime 0
Event: 5212.452 Thread 0x00007f71f00b21e0 shut down JVMCI runtime 0
Event: 5214.330 Thread 0x00007f71f00b21e0 destroyed JavaVM[12]@0x00007f714f69e340 for JVMCI runtime 0
Event: 5214.330 Thread 0x00007f71f00b21e0 compacted oop handles in JVMCI runtime 0 from 45 to 45
Event: 5214.330 Thread 0x00007f71f00b21e0 releasing handles for JVMCI runtime 0: oop handles=45, metadata handles={total=236, live=228, blocks=46}
Event: 5214.330 Thread 0x00007f71f00b21e0 detached from JVMCI runtime 0
Event: 5286.257 Thread 0x00007f71f00b21e0 attached to JVMCI runtime 0
Event: 5286.258 Thread 0x00007f71f00b21e0 created JavaVM[13]@0x00007f714f69e340 for JVMCI runtime 0
Event: 5288.030 Thread 0x00007f71f00b21e0 initializing JVMCI runtime 0
Event: 5288.030 Thread 0x00007f71f00b21e0 done waiting for JavaVM references initialization in JVMCI runtime 0

Compilation events (20 events):
Event: 4837.163 Thread 0x00007f71f00b21e0 nmethod 15172 0x00007f71df2f4390 code [0x00007f71df2f4580, 0x00007f71df2f4be0]
Event: 4837.163 Thread 0x00007f71f00b21e0 15173 %     4       java.util.regex.Pattern::compile @ 73 (500 bytes)
Event: 4920.238 Thread 0x00007f71f00b21e0 nmethod 15173% 0x00007f71df2f5190 code [0x00007f71df2f55c0, 0x00007f71df2f7d18]
Event: 5069.758 Thread 0x00007f71f00b36f0 15175       1       sun.util.resources.Bundles$CacheKey::hashCode (5 bytes)
Event: 5069.758 Thread 0x00007f71f00b36f0 nmethod 15175 0x00007f71df163410 code [0x00007f71df1635a0, 0x00007f71df163670]
Event: 5069.758 Thread 0x00007f71f00b21e0 15174 %s    4       org.eclipse.jdt.internal.core.JavaModelManager::putInfos @ 141 (189 bytes)
Event: 5169.363 Thread 0x00007f71f00b21e0 nmethod 15174% 0x00007f71df25ff90 code [0x00007f71df2602c0, 0x00007f71df261f30]
Event: 5169.363 Thread 0x00007f71f00b21e0 15177       4       org.eclipse.core.runtime.Path::computeSegments (169 bytes)
Event: 5199.865 Thread 0x00007f71f00b21e0 nmethod 15177 0x00007f71df25e290 code [0x00007f71df25e4e0, 0x00007f71df25f540]
Event: 5199.865 Thread 0x00007f71f00b21e0 15178       4       org.eclipse.core.runtime.Path::computeSegmentCount (90 bytes)
Event: 5210.557 Thread 0x00007f71f00b21e0 nmethod 15178 0x00007f71df25db10 code [0x00007f71df25dca0, 0x00007f71df25dfb0]
Event: 5210.558 Thread 0x00007f71f00b21e0 15176       4       java.net.URI$Parser::checkChars (44 bytes)
Event: 5210.569 Thread 0x00007f71f00b21e0 nmethod 15176 0x00007f71df25d090 code [0x00007f71df25d240, 0x00007f71df25d6e0]
Event: 5246.975 Thread 0x00007f71f00b36f0 15179   !   3       org.eclipse.lsp4j.jsonrpc.json.StreamMessageProducer::handleMessage (155 bytes)
Event: 5248.775 Thread 0x00007f71f00b36f0 nmethod 15179 0x00007f71d7dd1910 code [0x00007f71d7dd1bc0, 0x00007f71d7dd2ad0]
Event: 5250.658 Thread 0x00007f71f00b36f0 15180       3       org.eclipse.lsp4j.jsonrpc.json.adapters.MessageTypeAdapter::read (6 bytes)
Event: 5252.335 Thread 0x00007f71f00b36f0 nmethod 15180 0x00007f71d7ae0f90 code [0x00007f71d7ae1140, 0x00007f71d7ae1280]
Event: 5255.762 Thread 0x00007f71f00b36f0 15181       3       org.eclipse.lsp4j.jsonrpc.RemoteEndpoint::consume (73 bytes)
Event: 5255.762 Thread 0x00007f71f00b36f0 nmethod 15181 0x00007f71d8803590 code [0x00007f71d88037c0, 0x00007f71d8804b10]
Event: 5286.257 Thread 0x00007f71f00b21e0 15182       4       org.eclipse.core.runtime.Path::initialize (224 bytes)

GC Heap History (20 events):
Event: 5289.846 GC heap before
{Heap before GC invocations=3094 (full 2945):
 PSYoungGen      total 60928K, used 47615K [0x00000000f5580000, 0x00000000f9f00000, 0x0000000100000000)
  eden space 47616K, 99% used [0x00000000f5580000,0x00000000f83fffa0,0x00000000f8400000)
  from space 13312K, 0% used [0x00000000f8400000,0x00000000f8400000,0x00000000f9100000)
  to   space 13312K, 0% used [0x00000000f9180000,0x00000000f9180000,0x00000000f9e80000)
 ParOldGen       total 349696K, used 349684K [0x00000000e0000000, 0x00000000f5580000, 0x00000000f5580000)
  object space 349696K, 99% used [0x00000000e0000000,0x00000000f557d260,0x00000000f5580000)
 Metaspace       used 59724K, committed 60608K, reserved 1105920K
  class space    used 5225K, committed 5632K, reserved 1048576K
}
Event: 5291.480 GC heap after
{Heap after GC invocations=3094 (full 2945):
 PSYoungGen      total 60928K, used 47615K [0x00000000f5580000, 0x00000000f9f00000, 0x0000000100000000)
  eden space 47616K, 99% used [0x00000000f5580000,0x00000000f83fff88,0x00000000f8400000)
  from space 13312K, 0% used [0x00000000f9180000,0x00000000f9180000,0x00000000f9e80000)
  to   space 13312K, 0% used [0x00000000f8400000,0x00000000f8400000,0x00000000f9100000)
 ParOldGen       total 349696K, used 349684K [0x00000000e0000000, 0x00000000f5580000, 0x00000000f5580000)
  object space 349696K, 99% used [0x00000000e0000000,0x00000000f557d260,0x00000000f5580000)
 Metaspace       used 59724K, committed 60608K, reserved 1105920K
  class space    used 5225K, committed 5632K, reserved 1048576K
}
Event: 5291.480 GC heap before
{Heap before GC invocations=3095 (full 2946):
 PSYoungGen      total 60928K, used 47616K [0x00000000f5580000, 0x00000000f9f00000, 0x0000000100000000)
  eden space 47616K, 100% used [0x00000000f5580000,0x00000000f8400000,0x00000000f8400000)
  from space 13312K, 0% used [0x00000000f9180000,0x00000000f9180000,0x00000000f9e80000)
  to   space 13312K, 0% used [0x00000000f8400000,0x00000000f8400000,0x00000000f9100000)
 ParOldGen       total 349696K, used 349689K [0x00000000e0000000, 0x00000000f5580000, 0x00000000f5580000)
  object space 349696K, 99% used [0x00000000e0000000,0x00000000f557e498,0x00000000f5580000)
 Metaspace       used 59724K, committed 60608K, reserved 1105920K
  class space    used 5225K, committed 5632K, reserved 1048576K
}
Event: 5293.351 GC heap after
{Heap after GC invocations=3095 (full 2946):
 PSYoungGen      total 60928K, used 47615K [0x00000000f5580000, 0x00000000f9f00000, 0x0000000100000000)
  eden space 47616K, 99% used [0x00000000f5580000,0x00000000f83fff40,0x00000000f8400000)
  from space 13312K, 0% used [0x00000000f8400000,0x00000000f8400000,0x00000000f9100000)
  to   space 13312K, 0% used [0x00000000f9180000,0x00000000f9180000,0x00000000f9e80000)
 ParOldGen       total 349696K, used 349688K [0x00000000e0000000, 0x00000000f5580000, 0x00000000f5580000)
  object space 349696K, 99% used [0x00000000e0000000,0x00000000f557e138,0x00000000f5580000)
 Metaspace       used 59724K, committed 60608K, reserved 1105920K
  class space    used 5225K, committed 5632K, reserved 1048576K
}
Event: 5293.352 GC heap before
{Heap before GC invocations=3096 (full 2947):
 PSYoungGen      total 60928K, used 47615K [0x00000000f5580000, 0x00000000f9f00000, 0x0000000100000000)
  eden space 47616K, 99% used [0x00000000f5580000,0x00000000f83ffff8,0x00000000f8400000)
  from space 13312K, 0% used [0x00000000f8400000,0x00000000f8400000,0x00000000f9100000)
  to   space 13312K, 0% used [0x00000000f9180000,0x00000000f9180000,0x00000000f9e80000)
 ParOldGen       total 349696K, used 349688K [0x00000000e0000000, 0x00000000f5580000, 0x00000000f5580000)
  object space 349696K, 99% used [0x00000000e0000000,0x00000000f557e138,0x00000000f5580000)
 Metaspace       used 59724K, committed 60608K, reserved 1105920K
  class space    used 5225K, committed 5632K, reserved 1048576K
}
Event: 5295.384 GC heap after
{Heap after GC invocations=3096 (full 2947):
 PSYoungGen      total 60928K, used 47615K [0x00000000f5580000, 0x00000000f9f00000, 0x0000000100000000)
  eden space 47616K, 99% used [0x00000000f5580000,0x00000000f83ffff8,0x00000000f8400000)
  from space 13312K, 0% used [0x00000000f9180000,0x00000000f9180000,0x00000000f9e80000)
  to   space 13312K, 0% used [0x00000000f8400000,0x00000000f8400000,0x00000000f9100000)
 ParOldGen       total 349696K, used 349688K [0x00000000e0000000, 0x00000000f5580000, 0x00000000f5580000)
  object space 349696K, 99% used [0x00000000e0000000,0x00000000f557e138,0x00000000f5580000)
 Metaspace       used 59724K, committed 60608K, reserved 1105920K
  class space    used 5225K, committed 5632K, reserved 1048576K
}
Event: 5295.385 GC heap before
{Heap before GC invocations=3097 (full 2948):
 PSYoungGen      total 60928K, used 47615K [0x00000000f5580000, 0x00000000f9f00000, 0x0000000100000000)
  eden space 47616K, 99% used [0x00000000f5580000,0x00000000f83ffff8,0x00000000f8400000)
  from space 13312K, 0% used [0x00000000f9180000,0x00000000f9180000,0x00000000f9e80000)
  to   space 13312K, 0% used [0x00000000f8400000,0x00000000f8400000,0x00000000f9100000)
 ParOldGen       total 349696K, used 349690K [0x00000000e0000000, 0x00000000f5580000, 0x00000000f5580000)
  object space 349696K, 99% used [0x00000000e0000000,0x00000000f557e938,0x00000000f5580000)
 Metaspace       used 59724K, committed 60608K, reserved 1105920K
  class space    used 5225K, committed 5632K, reserved 1048576K
}
Event: 5297.129 GC heap after
{Heap after GC invocations=3097 (full 2948):
 PSYoungGen      total 60928K, used 47615K [0x00000000f5580000, 0x00000000f9f00000, 0x0000000100000000)
  eden space 47616K, 99% used [0x00000000f5580000,0x00000000f83ffe88,0x00000000f8400000)
  from space 13312K, 0% used [0x00000000f8400000,0x00000000f8400000,0x00000000f9100000)
  to   space 13312K, 0% used [0x00000000f9180000,0x00000000f9180000,0x00000000f9e80000)
 ParOldGen       total 349696K, used 349690K [0x00000000e0000000, 0x00000000f5580000, 0x00000000f5580000)
  object space 349696K, 99% used [0x00000000e0000000,0x00000000f557e938,0x00000000f5580000)
 Metaspace       used 59724K, committed 60608K, reserved 1105920K
  class space    used 5225K, committed 5632K, reserved 1048576K
}
Event: 5297.130 GC heap before
{Heap before GC invocations=3098 (full 2949):
 PSYoungGen      total 60928K, used 47615K [0x00000000f5580000, 0x00000000f9f00000, 0x0000000100000000)
  eden space 47616K, 99% used [0x00000000f5580000,0x00000000f83ffff8,0x00000000f8400000)
  from space 13312K, 0% used [0x00000000f8400000,0x00000000f8400000,0x00000000f9100000)
  to   space 13312K, 0% used [0x00000000f9180000,0x00000000f9180000,0x00000000f9e80000)
 ParOldGen       total 349696K, used 349690K [0x00000000e0000000, 0x00000000f5580000, 0x00000000f5580000)
  object space 349696K, 99% used [0x00000000e0000000,0x00000000f557e938,0x00000000f5580000)
 Metaspace       used 59724K, committed 60608K, reserved 1105920K
  class space    used 5225K, committed 5632K, reserved 1048576K
}
Event: 5298.851 GC heap after
{Heap after GC invocations=3098 (full 2949):
 PSYoungGen      total 60928K, used 47615K [0x00000000f5580000, 0x00000000f9f00000, 0x0000000100000000)
  eden space 47616K, 99% used [0x00000000f5580000,0x00000000f83fffb0,0x00000000f8400000)
  from space 13312K, 0% used [0x00000000f9180000,0x00000000f9180000,0x00000000f9e80000)
  to   space 13312K, 0% used [0x00000000f8400000,0x00000000f8400000,0x00000000f9100000)
 ParOldGen       total 349696K, used 349690K [0x00000000e0000000, 0x00000000f5580000, 0x00000000f5580000)
  object space 349696K, 99% used [0x00000000e0000000,0x00000000f557e938,0x00000000f5580000)
 Metaspace       used 59724K, committed 60608K, reserved 1105920K
  class space    used 5225K, committed 5632K, reserved 1048576K
}
Event: 5298.852 GC heap before
{Heap before GC invocations=3099 (full 2950):
 PSYoungGen      total 60928K, used 47615K [0x00000000f5580000, 0x00000000f9f00000, 0x0000000100000000)
  eden space 47616K, 99% used [0x00000000f5580000,0x00000000f83ffff8,0x00000000f8400000)
  from space 13312K, 0% used [0x00000000f9180000,0x00000000f9180000,0x00000000f9e80000)
  to   space 13312K, 0% used [0x00000000f8400000,0x00000000f8400000,0x00000000f9100000)
 ParOldGen       total 349696K, used 349690K [0x00000000e0000000, 0x00000000f5580000, 0x00000000f5580000)
  object space 349696K, 99% used [0x00000000e0000000,0x00000000f557e938,0x00000000f5580000)
 Metaspace       used 59724K, committed 60608K, reserved 1105920K
  class space    used 5225K, committed 5632K, reserved 1048576K
}
Event: 5300.630 GC heap after
{Heap after GC invocations=3099 (full 2950):
 PSYoungGen      total 60928K, used 47615K [0x00000000f5580000, 0x00000000f9f00000, 0x0000000100000000)
  eden space 47616K, 99% used [0x00000000f5580000,0x00000000f83ffff8,0x00000000f8400000)
  from space 13312K, 0% used [0x00000000f8400000,0x00000000f8400000,0x00000000f9100000)
  to   space 13312K, 0% used [0x00000000f9180000,0x00000000f9180000,0x00000000f9e80000)
 ParOldGen       total 349696K, used 349690K [0x00000000e0000000, 0x00000000f5580000, 0x00000000f5580000)
  object space 349696K, 99% used [0x00000000e0000000,0x00000000f557e938,0x00000000f5580000)
 Metaspace       used 59724K, committed 60608K, reserved 1105920K
  class space    used 5225K, committed 5632K, reserved 1048576K
}
Event: 5300.633 GC heap before
{Heap before GC invocations=3100 (full 2951):
 PSYoungGen      total 60928K, used 47615K [0x00000000f5580000, 0x00000000f9f00000, 0x0000000100000000)
  eden space 47616K, 99% used [0x00000000f5580000,0x00000000f83ffff8,0x00000000f8400000)
  from space 13312K, 0% used [0x00000000f8400000,0x00000000f8400000,0x00000000f9100000)
  to   space 13312K, 0% used [0x00000000f9180000,0x00000000f9180000,0x00000000f9e80000)
 ParOldGen       total 349696K, used 349692K [0x00000000e0000000, 0x00000000f5580000, 0x00000000f5580000)
  object space 349696K, 99% used [0x00000000e0000000,0x00000000f557f2e0,0x00000000f5580000)
 Metaspace       used 59724K, committed 60608K, reserved 1105920K
  class space    used 5225K, committed 5632K, reserved 1048576K
}
Event: 5302.455 GC heap after
{Heap after GC invocations=3100 (full 2951):
 PSYoungGen      total 60928K, used 47615K [0x00000000f5580000, 0x00000000f9f00000, 0x0000000100000000)
  eden space 47616K, 99% used [0x00000000f5580000,0x00000000f83ffdf0,0x00000000f8400000)
  from space 13312K, 0% used [0x00000000f9180000,0x00000000f9180000,0x00000000f9e80000)
  to   space 13312K, 0% used [0x00000000f8400000,0x00000000f8400000,0x00000000f9100000)
 ParOldGen       total 349696K, used 349692K [0x00000000e0000000, 0x00000000f5580000, 0x00000000f5580000)
  object space 349696K, 99% used [0x00000000e0000000,0x00000000f557f2e0,0x00000000f5580000)
 Metaspace       used 59724K, committed 60608K, reserved 1105920K
  class space    used 5225K, committed 5632K, reserved 1048576K
}
Event: 5302.457 GC heap before
{Heap before GC invocations=3101 (full 2952):
 PSYoungGen      total 60928K, used 47615K [0x00000000f5580000, 0x00000000f9f00000, 0x0000000100000000)
  eden space 47616K, 99% used [0x00000000f5580000,0x00000000f83fffd8,0x00000000f8400000)
  from space 13312K, 0% used [0x00000000f9180000,0x00000000f9180000,0x00000000f9e80000)
  to   space 13312K, 0% used [0x00000000f8400000,0x00000000f8400000,0x00000000f9100000)
 ParOldGen       total 349696K, used 349692K [0x00000000e0000000, 0x00000000f5580000, 0x00000000f5580000)
  object space 349696K, 99% used [0x00000000e0000000,0x00000000f557f2e0,0x00000000f5580000)
 Metaspace       used 59724K, committed 60608K, reserved 1105920K
  class space    used 5225K, committed 5632K, reserved 1048576K
}
Event: 5304.181 GC heap after
{Heap after GC invocations=3101 (full 2952):
 PSYoungGen      total 60928K, used 47615K [0x00000000f5580000, 0x00000000f9f00000, 0x0000000100000000)
  eden space 47616K, 99% used [0x00000000f5580000,0x00000000f83fff70,0x00000000f8400000)
  from space 13312K, 0% used [0x00000000f8400000,0x00000000f8400000,0x00000000f9100000)
  to   space 13312K, 0% used [0x00000000f9180000,0x00000000f9180000,0x00000000f9e80000)
 ParOldGen       total 349696K, used 349692K [0x00000000e0000000, 0x00000000f5580000, 0x00000000f5580000)
  object space 349696K, 99% used [0x00000000e0000000,0x00000000f557f2e0,0x00000000f5580000)
 Metaspace       used 59724K, committed 60608K, reserved 1105920K
  class space    used 5225K, committed 5632K, reserved 1048576K
}
Event: 5304.182 GC heap before
{Heap before GC invocations=3102 (full 2953):
 PSYoungGen      total 60928K, used 47615K [0x00000000f5580000, 0x00000000f9f00000, 0x0000000100000000)
  eden space 47616K, 99% used [0x00000000f5580000,0x00000000f83ffff8,0x00000000f8400000)
  from space 13312K, 0% used [0x00000000f8400000,0x00000000f8400000,0x00000000f9100000)
  to   space 13312K, 0% used [0x00000000f9180000,0x00000000f9180000,0x00000000f9e80000)
 ParOldGen       total 349696K, used 349694K [0x00000000e0000000, 0x00000000f5580000, 0x00000000f5580000)
  object space 349696K, 99% used [0x00000000e0000000,0x00000000f557fa68,0x00000000f5580000)
 Metaspace       used 59724K, committed 60608K, reserved 1105920K
  class space    used 5225K, committed 5632K, reserved 1048576K
}
Event: 5306.045 GC heap after
{Heap after GC invocations=3102 (full 2953):
 PSYoungGen      total 60928K, used 47615K [0x00000000f5580000, 0x00000000f9f00000, 0x0000000100000000)
  eden space 47616K, 99% used [0x00000000f5580000,0x00000000f83fff90,0x00000000f8400000)
  from space 13312K, 0% used [0x00000000f9180000,0x00000000f9180000,0x00000000f9e80000)
  to   space 13312K, 0% used [0x00000000f8400000,0x00000000f8400000,0x00000000f9100000)
 ParOldGen       total 349696K, used 349693K [0x00000000e0000000, 0x00000000f5580000, 0x00000000f5580000)
  object space 349696K, 99% used [0x00000000e0000000,0x00000000f557f610,0x00000000f5580000)
 Metaspace       used 59724K, committed 60608K, reserved 1105920K
  class space    used 5225K, committed 5632K, reserved 1048576K
}
Event: 5306.045 GC heap before
{Heap before GC invocations=3103 (full 2954):
 PSYoungGen      total 60928K, used 47615K [0x00000000f5580000, 0x00000000f9f00000, 0x0000000100000000)
  eden space 47616K, 99% used [0x00000000f5580000,0x00000000f83fff90,0x00000000f8400000)
  from space 13312K, 0% used [0x00000000f9180000,0x00000000f9180000,0x00000000f9e80000)
  to   space 13312K, 0% used [0x00000000f8400000,0x00000000f8400000,0x00000000f9100000)
 ParOldGen       total 349696K, used 349693K [0x00000000e0000000, 0x00000000f5580000, 0x00000000f5580000)
  object space 349696K, 99% used [0x00000000e0000000,0x00000000f557f610,0x00000000f5580000)
 Metaspace       used 59724K, committed 60608K, reserved 1105920K
  class space    used 5225K, committed 5632K, reserved 1048576K
}
Event: 5307.875 GC heap after
{Heap after GC invocations=3103 (full 2954):
 PSYoungGen      total 60928K, used 47615K [0x00000000f5580000, 0x00000000f9f00000, 0x0000000100000000)
  eden space 47616K, 99% used [0x00000000f5580000,0x00000000f83fff90,0x00000000f8400000)
  from space 13312K, 0% used [0x00000000f8400000,0x00000000f8400000,0x00000000f9100000)
  to   space 13312K, 0% used [0x00000000f9180000,0x00000000f9180000,0x00000000f9e80000)
 ParOldGen       total 349696K, used 349693K [0x00000000e0000000, 0x00000000f5580000, 0x00000000f5580000)
  object space 349696K, 99% used [0x00000000e0000000,0x00000000f557f610,0x00000000f5580000)
 Metaspace       used 59724K, committed 60608K, reserved 1105920K
  class space    used 5225K, committed 5632K, reserved 1048576K
}

Dll operation events (8 events):
Event: 0.028 Loaded shared library /nix/store/gpxl5qgg8kicmcvivwmybwjlpf7wh20l-graalvm17-ce-22.3.0/lib/libjava.so
Event: 0.036 Loaded shared library /nix/store/gpxl5qgg8kicmcvivwmybwjlpf7wh20l-graalvm17-ce-22.3.0/lib/libjsvml.so
Event: 0.347 Loaded shared library /nix/store/gpxl5qgg8kicmcvivwmybwjlpf7wh20l-graalvm17-ce-22.3.0/lib/libnio.so
Event: 0.428 Loaded shared library /nix/store/gpxl5qgg8kicmcvivwmybwjlpf7wh20l-graalvm17-ce-22.3.0/lib/libjvmcicompiler.so
Event: 0.438 Loaded shared library /nix/store/gpxl5qgg8kicmcvivwmybwjlpf7wh20l-graalvm17-ce-22.3.0/lib/libzip.so
Event: 0.936 Loaded shared library /nix/store/gpxl5qgg8kicmcvivwmybwjlpf7wh20l-graalvm17-ce-22.3.0/lib/libjimage.so
Event: 3.032 Loaded shared library /nix/store/gpxl5qgg8kicmcvivwmybwjlpf7wh20l-graalvm17-ce-22.3.0/lib/libnet.so
Event: 4.845 Loaded shared library /home/runner/.cache/jdt-language-server/config/org.eclipse.equinox.launcher/org.eclipse.equinox.launcher.gtk.linux.x86_64_1.2.400.v20211117-0650/eclipse_11600.so

Deoptimization events (20 events):
Event: 4416.636 Thread 0x00007f7174250b50 DEOPT PACKING pc=0x00007f71df20f3dc sp=0x00007f719bffd1c0
Event: 4416.636 Thread 0x00007f7174250b50 DEOPT UNPACKING pc=0x00007f71d7505325 sp=0x00007f719bffc660 mode 3
Event: 4430.332 Thread 0x00007f7174250b50 DEOPT PACKING pc=0x00007f71df1b93bc sp=0x00007f719bffd210
Event: 4430.332 Thread 0x00007f7174250b50 DEOPT UNPACKING pc=0x00007f71d7505325 sp=0x00007f719bffc538 mode 1
Event: 4430.332 Thread 0x00007f7174250b50 DEOPT PACKING pc=0x00007f71df210cb8 sp=0x00007f719bffdae0
Event: 4430.332 Thread 0x00007f7174250b50 DEOPT UNPACKING pc=0x00007f71d7505325 sp=0x00007f719bffcf78 mode 1
Event: 4430.333 Thread 0x00007f7174250b50 DEOPT PACKING pc=0x00007f71df210d8d sp=0x00007f719bffdb10
Event: 4430.333 Thread 0x00007f7174250b50 DEOPT UNPACKING pc=0x00007f71d7505325 sp=0x00007f719bffcfb0 mode 1
Event: 4430.333 Thread 0x00007f7174250b50 DEOPT PACKING pc=0x00007f71df2a39f1 sp=0x00007f719bffdb40
Event: 4430.333 Thread 0x00007f7174250b50 DEOPT UNPACKING pc=0x00007f71d7505325 sp=0x00007f719bffcf88 mode 1
Event: 4435.176 Thread 0x00007f71680013c0 Uncommon trap: trap_request=0xffffff8f fr.pc=0x00007f71defe947a relative=0x000000000000025a
Event: 4435.176 Thread 0x00007f71680013c0 Uncommon trap: reason=constraint action=none pc=0x00007f71defe947a method=java.io.ByteArrayOutputStream.ensureCapacity(I)V @ 0 jvmci
Event: 4435.176 Thread 0x00007f71680013c0 DEOPT PACKING pc=0x00007f71defe947a sp=0x00007f719d5fe420
Event: 4435.176 Thread 0x00007f71680013c0 DEOPT UNPACKING pc=0x00007f71d7505325 sp=0x00007f719d5fd8b8 mode 3
Event: 4450.540 Thread 0x00007f71f0364080 Uncommon trap: trap_request=0xffffff8f fr.pc=0x00007f71defe947a relative=0x000000000000025a
Event: 4450.540 Thread 0x00007f71f0364080 Uncommon trap: reason=constraint action=none pc=0x00007f71defe947a method=java.io.ByteArrayOutputStream.ensureCapacity(I)V @ 0 jvmci
Event: 4450.540 Thread 0x00007f71f0364080 DEOPT PACKING pc=0x00007f71defe947a sp=0x00007f719d1fe420
Event: 4450.540 Thread 0x00007f71f0364080 DEOPT UNPACKING pc=0x00007f71d7505325 sp=0x00007f719d1fd8b8 mode 3
Event: 4489.458 Thread 0x00007f7170005fe0 DEOPT PACKING pc=0x00007f71d8972011 sp=0x00007f719c1fe4c0
Event: 4489.458 Thread 0x00007f7170005fe0 DEOPT UNPACKING pc=0x00007f71d7505325 sp=0x00007f719c1fd998 mode 0

Classes unloaded (20 events):
Event: 417.767 Thread 0x00007f71f00a1c10 Unloading class 0x0000000800cb1000 'jdk/internal/reflect/GeneratedConstructorAccessor38'
Event: 417.767 Thread 0x00007f71f00a1c10 Unloading class 0x0000000800cb2000 'jdk/internal/reflect/GeneratedConstructorAccessor37'
Event: 417.767 Thread 0x00007f71f00a1c10 Unloading class 0x0000000800cb2800 'jdk/internal/reflect/GeneratedConstructorAccessor36'
Event: 417.767 Thread 0x00007f71f00a1c10 Unloading class 0x000000080110c400 'jdk/internal/reflect/GeneratedConstructorAccessor35'
Event: 432.564 Thread 0x00007f71f00a1c10 Unloading class 0x0000000800fd4400 'jdk/internal/reflect/GeneratedConstructorAccessor34'
Event: 2560.547 Thread 0x00007f71f00a1c10 Unloading class 0x000000080114f400 'java/lang/invoke/LambdaForm$MH+0x000000080114f400'
Event: 2560.547 Thread 0x00007f71f00a1c10 Unloading class 0x000000080114f000 'java/lang/invoke/LambdaForm$MH+0x000000080114f000'
Event: 2560.547 Thread 0x00007f71f00a1c10 Unloading class 0x000000080114ec00 'java/lang/invoke/LambdaForm$MH+0x000000080114ec00'
Event: 2560.547 Thread 0x00007f71f00a1c10 Unloading class 0x000000080114e800 'java/lang/invoke/LambdaForm$MH+0x000000080114e800'
Event: 2560.547 Thread 0x00007f71f00a1c10 Unloading class 0x000000080114e400 'java/lang/invoke/LambdaForm$MH+0x000000080114e400'
Event: 2560.547 Thread 0x00007f71f00a1c10 Unloading class 0x000000080114e000 'java/lang/invoke/LambdaForm$MH+0x000000080114e000'
Event: 2560.547 Thread 0x00007f71f00a1c10 Unloading class 0x000000080114cc00 'jdk/internal/reflect/GeneratedSerializationConstructorAccessor7'
Event: 2560.547 Thread 0x00007f71f00a1c10 Unloading class 0x000000080114c800 'jdk/internal/reflect/GeneratedSerializationConstructorAccessor6'
Event: 2560.547 Thread 0x00007f71f00a1c10 Unloading class 0x000000080114c400 'jdk/internal/reflect/GeneratedSerializationConstructorAccessor5'
Event: 2560.547 Thread 0x00007f71f00a1c10 Unloading class 0x000000080114c000 'jdk/internal/reflect/GeneratedSerializationConstructorAccessor4'
Event: 2638.333 Thread 0x00007f71f00a1c10 Unloading class 0x000000080114fc00 'jdk/internal/reflect/GeneratedConstructorAccessor40'
Event: 4600.751 Thread 0x00007f71f00a1c10 Unloading class 0x000000080114f400 'jdk/internal/reflect/GeneratedSerializationConstructorAccessor10'
Event: 4600.751 Thread 0x00007f71f00a1c10 Unloading class 0x000000080114f000 'jdk/internal/reflect/GeneratedSerializationConstructorAccessor9'
Event: 4600.751 Thread 0x00007f71f00a1c10 Unloading class 0x000000080114fc00 'jdk/internal/reflect/GeneratedSerializationConstructorAccessor8'
Event: 4602.557 Thread 0x00007f71f00a1c10 Unloading class 0x000000080114e000 'jdk/internal/reflect/GeneratedSerializationConstructorAccessor11'

Classes redefined (0 events):
No events

Internal exceptions (20 events):
Event: 4401.928 Thread 0x00007f71680013c0 Exception <a 'java/lang/OutOfMemoryError'{0x00000000e00ce540}> (0x00000000e00ce540) 
thrown [src/hotspot/share/gc/shared/memAllocator.cpp, line 136]
Event: 4405.147 Thread 0x00007f71843fcfe0 Exception <a 'java/lang/OutOfMemoryError'{0x00000000e00ce220}> (0x00000000e00ce220) 
thrown [src/hotspot/share/gc/shared/memAllocator.cpp, line 138]
Event: 4405.147 Thread 0x00007f71843fcfe0 Implicit null exception at 0x00007f71df0556d8 to 0x00007f71df0556dc
Event: 4410.361 Thread 0x00007f71f0364080 Exception <a 'java/lang/OutOfMemoryError'{0x00000000e00ce220}> (0x00000000e00ce220) 
thrown [src/hotspot/share/gc/shared/memAllocator.cpp, line 138]
Event: 4410.361 Thread 0x00007f71f0364080 Implicit null exception at 0x00007f71defc32e3 to 0x00007f71defc3439
Event: 4413.438 Thread 0x00007f71f0364080 Exception <a 'java/lang/OutOfMemoryError'{0x00000000e00ce220}> (0x00000000e00ce220) 
thrown [src/hotspot/share/gc/shared/memAllocator.cpp, line 138]
Event: 4413.438 Thread 0x00007f71f0364080 Implicit null exception at 0x00007f71defc44e6 to 0x00007f71defc4653
Event: 4416.636 Thread 0x00007f7174250b50 Exception <a 'java/lang/OutOfMemoryError'{0x00000000e00ce220}> (0x00000000e00ce220) 
thrown [src/hotspot/share/gc/shared/memAllocator.cpp, line 138]
Event: 4416.636 Thread 0x00007f7174250b50 Implicit null exception at 0x00007f71df20efcf to 0x00007f71df20f3c1
Event: 4419.672 Thread 0x00007f71680013c0 Exception <a 'java/lang/OutOfMemoryError'{0x00000000e00ce540}> (0x00000000e00ce540) 
thrown [src/hotspot/share/gc/shared/memAllocator.cpp, line 136]
Event: 4422.544 Thread 0x00007f717c001570 Exception <a 'java/lang/OutOfMemoryError'{0x00000000e00ce540}> (0x00000000e00ce540) 
thrown [src/hotspot/share/gc/shared/memAllocator.cpp, line 136]
Event: 4430.332 Thread 0x00007f7174250b50 Exception <a 'java/lang/OutOfMemoryError'{0x00000000e00ce540}> (0x00000000e00ce540) 
thrown [src/hotspot/share/gc/shared/memAllocator.cpp, line 136]
Event: 4435.176 Thread 0x00007f71680013c0 Exception <a 'java/lang/OutOfMemoryError'{0x00000000e00ce220}> (0x00000000e00ce220) 
thrown [src/hotspot/share/gc/shared/memAllocator.cpp, line 138]
Event: 4435.176 Thread 0x00007f71680013c0 Implicit null exception at 0x00007f71defe93d3 to 0x00007f71defe945f
Event: 4438.561 Thread 0x00007f71680013c0 Exception <a 'java/lang/OutOfMemoryError'{0x00000000e00ce540}> (0x00000000e00ce540) 
thrown [src/hotspot/share/gc/shared/memAllocator.cpp, line 136]
Event: 4450.540 Thread 0x00007f71f0364080 Exception <a 'java/lang/OutOfMemoryError'{0x00000000e00ce220}> (0x00000000e00ce220) 
thrown [src/hotspot/share/gc/shared/memAllocator.cpp, line 138]
Event: 4450.540 Thread 0x00007f71f0364080 Implicit null exception at 0x00007f71defe93d3 to 0x00007f71defe945f
Event: 4453.732 Thread 0x00007f71f0364080 Exception <a 'java/lang/OutOfMemoryError'{0x00000000e00ce540}> (0x00000000e00ce540) 
thrown [src/hotspot/share/gc/shared/memAllocator.cpp, line 136]
Event: 5275.931 Thread 0x00007f71f03f76c0 Exception <a 'java/lang/OutOfMemoryError'{0x00000000e00ce540}> (0x00000000e00ce540) 
thrown [src/hotspot/share/gc/shared/memAllocator.cpp, line 136]
Event: 5307.875 Thread 0x00007f71f00b21e0 Exception <a 'java/lang/OutOfMemoryError'{0x00000000e00ce540}> (0x00000000e00ce540) 
thrown [src/hotspot/share/gc/shared/memAllocator.cpp, line 136]

VM Operations (20 events):
Event: 5288.031 Executing VM operation: ParallelGCFailedAllocation
Event: 5289.845 Executing VM operation: ParallelGCFailedAllocation done
Event: 5289.845 Executing VM operation: ParallelGCFailedAllocation
Event: 5291.480 Executing VM operation: ParallelGCFailedAllocation done
Event: 5291.480 Executing VM operation: ParallelGCFailedAllocation
Event: 5293.351 Executing VM operation: ParallelGCFailedAllocation done
Event: 5293.352 Executing VM operation: ParallelGCFailedAllocation
Event: 5295.384 Executing VM operation: ParallelGCFailedAllocation done
Event: 5295.385 Executing VM operation: ParallelGCFailedAllocation
Event: 5297.129 Executing VM operation: ParallelGCFailedAllocation done
Event: 5297.130 Executing VM operation: ParallelGCFailedAllocation
Event: 5298.851 Executing VM operation: ParallelGCFailedAllocation done
Event: 5298.852 Executing VM operation: ParallelGCFailedAllocation
Event: 5300.630 Executing VM operation: ParallelGCFailedAllocation done
Event: 5300.632 Executing VM operation: ParallelGCFailedAllocation
Event: 5302.455 Executing VM operation: ParallelGCFailedAllocation done
Event: 5302.456 Executing VM operation: ParallelGCFailedAllocation
Event: 5304.182 Executing VM operation: ParallelGCFailedAllocation done
Event: 5304.182 Executing VM operation: ParallelGCFailedAllocation
Event: 5307.875 Executing VM operation: ParallelGCFailedAllocation done

Events (20 events):
Event: 4924.033 Thread 0x00007f71f00b4b40 flushing nmethod 0x00007f71d8ec8710
Event: 4924.033 Thread 0x00007f71f00b4b40 flushing nmethod 0x00007f71d8eca090
Event: 4924.033 Thread 0x00007f71f00b4b40 flushing nmethod 0x00007f71d8ed9190
Event: 4924.033 Thread 0x00007f71f00b4b40 flushing nmethod 0x00007f71d8eed690
Event: 4924.033 Thread 0x00007f71f00b4b40 flushing nmethod 0x00007f71d8ef7c10
Event: 4924.033 Thread 0x00007f71f00b4b40 flushing nmethod 0x00007f71d8f0c910
Event: 4924.033 Thread 0x00007f71f00b4b40 flushing nmethod 0x00007f71d8f1bb90
Event: 4924.033 Thread 0x00007f71f00b4b40 flushing nmethod 0x00007f71d8f39b90
Event: 4924.034 Thread 0x00007f71f00b4b40 flushing nmethod 0x00007f71d8f67c10
Event: 4924.034 Thread 0x00007f71f00b4b40 flushing nmethod 0x00007f71d8f9a610
Event: 4924.034 Thread 0x00007f71f00b4b40 flushing nmethod 0x00007f71d9043a90
Event: 4924.035 Thread 0x00007f71f00b4b40 flushing nmethod 0x00007f71d90db290
Event: 4924.035 Thread 0x00007f71f00b4b40 flushing nmethod 0x00007f71d9155a10
Event: 4924.035 Thread 0x00007f71f00b4b40 flushing nmethod 0x00007f71d91b3890
Event: 4924.037 Thread 0x00007f71f00b4b40 flushing nmethod 0x00007f71d9288390
Event: 4924.037 Thread 0x00007f71f00b4b40 flushing nmethod 0x00007f71d9295990
Event: 4924.037 Thread 0x00007f71f00b4b40 flushing nmethod 0x00007f71d92be190
Event: 5077.872 Thread 0x00007f714801d6f0 Thread exited: 0x00007f714801d6f0
Event: 5257.550 Thread 0x00007f714801d6f0 Thread added: 0x00007f714801d6f0
Event: 5257.550 Protecting memory [0x00007f71d4200000,0x00007f71d4204000] with protection modes 0


Dynamic libraries:
e0000000-f5580000 rw-p 00000000 00:00 0 
f5580000-f9f00000 rw-p 00000000 00:00 0 
f9f00000-100000000 ---p 00000000 00:00 0 
800000000-800449000 rw-p 00001000 00:17eb 4611686019135357769            /nix/store/gpxl5qgg8kicmcvivwmybwjlpf7wh20l-graalvm17-ce-22.3.0/lib/server/classes.jsa
800449000-800bc8000 r--p 0044a000 00:17eb 4611686019135357769            /nix/store/gpxl5qgg8kicmcvivwmybwjlpf7wh20l-graalvm17-ce-22.3.0/lib/server/classes.jsa
800bc8000-800c00000 ---p 00000000 00:00 0 
800c00000-800c20000 rw-p 00000000 00:00 0 
800c20000-800c40000 rw-p 00000000 00:00 0 
800c40000-800cc0000 rw-p 00000000 00:00 0 
800cc0000-800d00000 rw-p 00000000 00:00 0 
800d00000-800dc0000 rw-p 00000000 00:00 0 
800dc0000-800e00000 rw-p 00000000 00:00 0 
800e00000-801160000 rw-p 00000000 00:00 0 
801160000-801170000 rw-p 00000000 00:00 0 
801170000-801180000 ---p 00000000 00:00 0 
801180000-801190000 rw-p 00000000 00:00 0 
801190000-840c00000 ---p 00000000 00:00 0 
55e3b9474000-55e3b9475000 r-xp 00000000 00:17eb 4611686019099417844      /nix/store/gpxl5qgg8kicmcvivwmybwjlpf7wh20l-graalvm17-ce-22.3.0/bin/.java-wrapped
55e3b9476000-55e3b9477000 r--p 00001000 00:17eb 4611686019099417844      /nix/store/gpxl5qgg8kicmcvivwmybwjlpf7wh20l-graalvm17-ce-22.3.0/bin/.java-wrapped
55e3b9477000-55e3b9478000 rw-p 00002000 00:17eb 4611686019099417844      /nix/store/gpxl5qgg8kicmcvivwmybwjlpf7wh20l-graalvm17-ce-22.3.0/bin/.java-wrapped
55e3b9478000-55e3b9479000 rw-p 00004000 00:17eb 4611686019099417844      /nix/store/gpxl5qgg8kicmcvivwmybwjlpf7wh20l-graalvm17-ce-22.3.0/bin/.java-wrapped
55e3b9479000-55e3b947a000 rw-p 00005000 00:17eb 4611686019099417844      /nix/store/gpxl5qgg8kicmcvivwmybwjlpf7wh20l-graalvm17-ce-22.3.0/bin/.java-wrapped
55e3b9f67000-55e3b9faf000 rw-p 00000000 00:00 0                          [heap]
7f7110000000-7f7110021000 rw-p 00000000 00:00 0 
7f7110021000-7f7114000000 ---p 00000000 00:00 0 
7f7118000000-7f7118024000 rw-p 00000000 00:00 0 
7f7118024000-7f711c000000 ---p 00000000 00:00 0 
7f711c000000-7f711c02e000 rw-p 00000000 00:00 0 
7f711c02e000-7f7120000000 ---p 00000000 00:00 0 
7f7120000000-7f7120033000 rw-p 00000000 00:00 0 
7f7120033000-7f7124000000 ---p 00000000 00:00 0 
7f7124000000-7f712406f000 rw-p 00000000 00:00 0 
7f712406f000-7f7128000000 ---p 00000000 00:00 0 
7f7128000000-7f7128047000 rw-p 00000000 00:00 0 
7f7128047000-7f712c000000 ---p 00000000 00:00 0 
7f712c000000-7f712c05a000 rw-p 00000000 00:00 0 
7f712c05a000-7f7130000000 ---p 00000000 00:00 0 
7f7130000000-7f7130021000 rw-p 00000000 00:00 0 
7f7130021000-7f7134000000 ---p 00000000 00:00 0 
7f7134000000-7f7134057000 rw-p 00000000 00:00 0 
7f7134057000-7f7138000000 ---p 00000000 00:00 0 
7f7138000000-7f713809b000 rw-p 00000000 00:00 0 
7f713809b000-7f713c000000 ---p 00000000 00:00 0 
7f713c000000-7f713c0dc000 rw-p 00000000 00:00 0 
7f713c0dc000-7f7140000000 ---p 00000000 00:00 0 
7f7140000000-7f7140079000 rw-p 00000000 00:00 0 
7f7140079000-7f7144000000 ---p 00000000 00:00 0 
7f7144000000-7f7144029000 rw-p 00000000 00:00 0 
7f7144029000-7f7148000000 ---p 00000000 00:00 0 
7f7148000000-7f714803a000 rw-p 00000000 00:00 0 
7f714803a000-7f714c000000 ---p 00000000 00:00 0 
7f714ea00000-7f714eb00000 ---p 00000000 00:00 0 
7f714eb00000-7f714f0af000 r--p 01122000 00:17eb 4611686019135190040      /nix/store/gpxl5qgg8kicmcvivwmybwjlpf7wh20l-graalvm17-ce-22.3.0/lib/libjvmcicompiler.so
7f714f0af000-7f714f200000 r--p 00000000 00:00 0 
7f714f200000-7f714f23d000 rw-p 00000000 00:00 0 
7f714f23d000-7f714f75d000 rw-p 0185f000 00:17eb 4611686019135190040      /nix/store/gpxl5qgg8kicmcvivwmybwjlpf7wh20l-graalvm17-ce-22.3.0/lib/libjvmcicompiler.so
7f714f75d000-7f714fb44000 r--p 01d7f000 00:17eb 4611686019135190040      /nix/store/gpxl5qgg8kicmcvivwmybwjlpf7wh20l-graalvm17-ce-22.3.0/lib/libjvmcicompiler.so
7f714fc00000-7f7150040000 rw-p 00000000 00:00 0 
7f7150040000-7f7150100000 ---p 00000000 00:00 0 
7f7150100000-7f7150270000 rw-p 00000000 00:00 0 
7f7150270000-7f7150400000 ---p 00000000 00:00 0 
7f7151000000-7f7151800000 rw-p 00000000 00:00 0 
7f71524b3000-7f715c000000 r--s 00000000 00:17eb 4611686019135192581      /nix/store/gpxl5qgg8kicmcvivwmybwjlpf7wh20l-graalvm17-ce-22.3.0/lib/modules
7f715c000000-7f715c224000 rw-p 00000000 00:00 0 
7f715c224000-7f7160000000 ---p 00000000 00:00 0 
7f7160000000-7f71600e9000 rw-p 00000000 00:00 0 
7f71600e9000-7f7164000000 ---p 00000000 00:00 0 
7f7164000000-7f7164021000 rw-p 00000000 00:00 0 
7f7164021000-7f7168000000 ---p 00000000 00:00 0 
7f7168000000-7f7168021000 rw-p 00000000 00:00 0 
7f7168021000-7f716c000000 ---p 00000000 00:00 0 
7f716c000000-7f716c03b000 rw-p 00000000 00:00 0 
7f716c03b000-7f7170000000 ---p 00000000 00:00 0 
7f7170000000-7f7170029000 rw-p 00000000 00:00 0 
7f7170029000-7f7174000000 ---p 00000000 00:00 0 
7f7174000000-7f7174357000 rw-p 00000000 00:00 0 
7f7174357000-7f7178000000 ---p 00000000 00:00 0 
7f7178000000-7f7178067000 rw-p 00000000 00:00 0 
7f7178067000-7f717c000000 ---p 00000000 00:00 0 
7f717c000000-7f717c0b1000 rw-p 00000000 00:00 0 
7f717c0b1000-7f7180000000 ---p 00000000 00:00 0 
7f7180000000-7f7180021000 rw-p 00000000 00:00 0 
7f7180021000-7f7184000000 ---p 00000000 00:00 0 
7f7184000000-7f7184933000 rw-p 00000000 00:00 0 
7f7184933000-7f7188000000 ---p 00000000 00:00 0 
7f7188000000-7f7188021000 rw-p 00000000 00:00 0 
7f7188021000-7f718c000000 ---p 00000000 00:00 0 
7f718c000000-7f718c021000 rw-p 00000000 00:00 0 
7f718c021000-7f7190000000 ---p 00000000 00:00 0 
7f7190000000-7f7190021000 rw-p 00000000 00:00 0 
7f7190021000-7f7194000000 ---p 00000000 00:00 0 
7f7194000000-7f7194031000 rw-p 00000000 00:00 0 
7f7194031000-7f7198000000 ---p 00000000 00:00 0 
7f7198400000-7f7198700000 rw-p 00000000 00:00 0 
7f7198700000-7f7198800000 rw-p 00000000 00:00 0 
7f7198800000-7f7198c00000 rw-p 00000000 00:00 0 
7f7199000000-7f7199580000 rw-p 00000000 00:00 0 
7f7199580000-7f7199600000 rw-p 00000000 00:00 0 
7f7199600000-7f7199800000 rw-p 00000000 00:00 0 
7f7199800000-7f7199900000 rw-p 00000000 00:00 0 
7f7199900000-7f7199a00000 rw-p 00000000 00:00 0 
7f7199a00000-7f7199f80000 rw-p 00000000 00:00 0 
7f7199f80000-7f719a000000 rw-p 00000000 00:00 0 
7f719a400000-7f719a500000 rw-p 00000000 00:00 0 
7f719a500000-7f719a600000 rw-p 00000000 00:00 0 
7f719a600000-7f719ab80000 rw-p 00000000 00:00 0 
7f719ab80000-7f719ac00000 rw-p 00000000 00:00 0 
7f719ae00000-7f719ae10000 r-xp 00000000 00:17c7 356                      /home/runner/.cache/jdt-language-server/config/org.eclipse.equinox.launcher/org.eclipse.equinox.launcher.gtk.linux.x86_64_1.2.400.v20211117-0650/eclipse_11600.so
7f719ae10000-7f719b00f000 ---p 00010000 00:17c7 356                      /home/runner/.cache/jdt-language-server/config/org.eclipse.equinox.launcher/org.eclipse.equinox.launcher.gtk.linux.x86_64_1.2.400.v20211117-0650/eclipse_11600.so
7f719b00f000-7f719b010000 r--p 0000f000 00:17c7 356                      /home/runner/.cache/jdt-language-server/config/org.eclipse.equinox.launcher/org.eclipse.equinox.launcher.gtk.linux.x86_64_1.2.400.v20211117-0650/eclipse_11600.so
7f719b010000-7f719b011000 rw-p 00010000 00:17c7 356                      /home/runner/.cache/jdt-language-server/config/org.eclipse.equinox.launcher/org.eclipse.equinox.launcher.gtk.linux.x86_64_1.2.400.v20211117-0650/eclipse_11600.so
7f719bf00000-7f719bf04000 ---p 00000000 00:00 0 
7f719bf04000-7f719c000000 rw-p 00000000 00:00 0 
7f719c100000-7f719c104000 ---p 00000000 00:00 0 
7f719c104000-7f719c200000 rw-p 00000000 00:00 0 
7f719c300000-7f719c304000 ---p 00000000 00:00 0 
7f719c304000-7f719c400000 rw-p 00000000 00:00 0 
7f719c500000-7f719c504000 ---p 00000000 00:00 0 
7f719c504000-7f719c600000 rw-p 00000000 00:00 0 
7f719c600000-7f719c604000 ---p 00000000 00:00 0 
7f719c604000-7f719c700000 rw-p 00000000 00:00 0 
7f719c700000-7f719c704000 ---p 00000000 00:00 0 
7f719c704000-7f719c800000 rw-p 00000000 00:00 0 
7f719c900000-7f719c904000 ---p 00000000 00:00 0 
7f719c904000-7f719ca00000 rw-p 00000000 00:00 0 
7f719cb00000-7f719cb04000 ---p 00000000 00:00 0 
7f719cb04000-7f719cc00000 rw-p 00000000 00:00 0 
7f719cd00000-7f719cd04000 ---p 00000000 00:00 0 
7f719cd04000-7f719ce00000 rw-p 00000000 00:00 0 
7f719ce00000-7f719ce04000 ---p 00000000 00:00 0 
7f719ce04000-7f719cf00000 rw-p 00000000 00:00 0 
7f719cf00000-7f719cf04000 ---p 00000000 00:00 0 
7f719cf04000-7f719d000000 rw-p 00000000 00:00 0 
7f719d000000-7f719d004000 ---p 00000000 00:00 0 
7f719d004000-7f719d100000 rw-p 00000000 00:00 0 
7f719d100000-7f719d104000 ---p 00000000 00:00 0 
7f719d104000-7f719d200000 rw-p 00000000 00:00 0 
7f719d300000-7f719d304000 ---p 00000000 00:00 0 
7f719d304000-7f719d400000 rw-p 00000000 00:00 0 
7f719d500000-7f719d504000 ---p 00000000 00:00 0 
7f719d504000-7f719d600000 rw-p 00000000 00:00 0 
7f719d700000-7f719d704000 ---p 00000000 00:00 0 
7f719d704000-7f719d800000 rw-p 00000000 00:00 0 
7f719d800000-7f719d804000 ---p 00000000 00:00 0 
7f719d804000-7f719d900000 rw-p 00000000 00:00 0 
7f719d900000-7f719d904000 ---p 00000000 00:00 0 
7f719d904000-7f719da00000 rw-p 00000000 00:00 0 
7f719da00000-7f719da04000 ---p 00000000 00:00 0 
7f719da04000-7f719db00000 rw-p 00000000 00:00 0 
7f719db00000-7f719db04000 ---p 00000000 00:00 0 
7f719db04000-7f719dc00000 rw-p 00000000 00:00 0 
7f719dc00000-7f719fd6a000 r-xp 00000000 00:17eb 4611686019135190040      /nix/store/gpxl5qgg8kicmcvivwmybwjlpf7wh20l-graalvm17-ce-22.3.0/lib/libjvmcicompiler.so
7f719fd6a000-7f719ff69000 ---p 0216a000 00:17eb 4611686019135190040      /nix/store/gpxl5qgg8kicmcvivwmybwjlpf7wh20l-graalvm17-ce-22.3.0/lib/libjvmcicompiler.so
7f719ff69000-7f719ff6a000 r--p 02169000 00:17eb 4611686019135190040      /nix/store/gpxl5qgg8kicmcvivwmybwjlpf7wh20l-graalvm17-ce-22.3.0/lib/libjvmcicompiler.so
7f719ff6a000-7f719ff6c000 rw-p 0216a000 00:17eb 4611686019135190040      /nix/store/gpxl5qgg8kicmcvivwmybwjlpf7wh20l-graalvm17-ce-22.3.0/lib/libjvmcicompiler.so
7f719ff6c000-7f719ff6d000 rw-p 00000000 00:00 0 
7f719ff6d000-7f719ff72000 rw-p 023c3000 00:17eb 4611686019135190040      /nix/store/gpxl5qgg8kicmcvivwmybwjlpf7wh20l-graalvm17-ce-22.3.0/lib/libjvmcicompiler.so
7f71a0000000-7f71a0021000 rw-p 00000000 00:00 0 
7f71a0021000-7f71a4000000 ---p 00000000 00:00 0 
7f71a4000000-7f71a4021000 rw-p 00000000 00:00 0 
7f71a4021000-7f71a8000000 ---p 00000000 00:00 0 
7f71a8000000-7f71a8089000 rw-p 00000000 00:00 0 
7f71a8089000-7f71ac000000 ---p 00000000 00:00 0 
7f71ac000000-7f71ac021000 rw-p 00000000 00:00 0 
7f71ac021000-7f71b0000000 ---p 00000000 00:00 0 
7f71b0000000-7f71b00ff000 rw-p 00000000 00:00 0 
7f71b00ff000-7f71b4000000 ---p 00000000 00:00 0 
7f71b4000000-7f71b4c4a000 rw-p 00000000 00:00 0 
7f71b4c4a000-7f71b8000000 ---p 00000000 00:00 0 
7f71b8000000-7f71b8021000 rw-p 00000000 00:00 0 
7f71b8021000-7f71bc000000 ---p 00000000 00:00 0 
7f71bc000000-7f71bc021000 rw-p 00000000 00:00 0 
7f71bc021000-7f71c0000000 ---p 00000000 00:00 0 
7f71c0000000-7f71c0021000 rw-p 00000000 00:00 0 
7f71c0021000-7f71c4000000 ---p 00000000 00:00 0 
7f71c4000000-7f71c4021000 rw-p 00000000 00:00 0 
7f71c4021000-7f71c8000000 ---p 00000000 00:00 0 
7f71c8000000-7f71c8021000 rw-p 00000000 00:00 0 
7f71c8021000-7f71cc000000 ---p 00000000 00:00 0 
7f71cc000000-7f71cc021000 rw-p 00000000 00:00 0 
7f71cc021000-7f71d0000000 ---p 00000000 00:00 0 
7f71d0000000-7f71d0102000 rw-p 00000000 00:00 0 
7f71d0102000-7f71d4000000 ---p 00000000 00:00 0 
7f71d4000000-7f71d4004000 ---p 00000000 00:00 0 
7f71d4004000-7f71d4100000 rw-p 00000000 00:00 0 
7f71d4100000-7f71d4104000 ---p 00000000 00:00 0 
7f71d4104000-7f71d4200000 rw-p 00000000 00:00 0 
7f71d4200000-7f71d4204000 ---p 00000000 00:00 0 
7f71d4204000-7f71d4300000 rw-p 00000000 00:00 0 
7f71d4400000-7f71d4404000 ---p 00000000 00:00 0 
7f71d4404000-7f71d4500000 rw-p 00000000 00:00 0 
7f71d4600000-7f71d4604000 ---p 00000000 00:00 0 
7f71d4604000-7f71d4700000 rw-p 00000000 00:00 0 
7f71d4800000-7f71d4804000 ---p 00000000 00:00 0 
7f71d4804000-7f71d4900000 rw-p 00000000 00:00 0 
7f71d4900000-7f71d4904000 ---p 00000000 00:00 0 
7f71d4904000-7f71d4a00000 rw-p 00000000 00:00 0 
7f71d4a00000-7f71d4a04000 ---p 00000000 00:00 0 
7f71d4a04000-7f71d4b00000 rw-p 00000000 00:00 0 
7f71d5568000-7f71d5a00000 rw-p 00000000 00:00 0 
7f71d5b00000-7f71d5b04000 ---p 00000000 00:00 0 
7f71d5b04000-7f71d5c00000 rw-p 00000000 00:00 0 
7f71d5d18000-7f71d5d19000 ---p 00000000 00:00 0 
7f71d5d19000-7f71d5e1a000 rw-p 00000000 00:00 0 
7f71d5e1a000-7f71d5e1e000 ---p 00000000 00:00 0 
7f71d5e1e000-7f71d5f1a000 rw-p 00000000 00:00 0 
7f71d5f1a000-7f71d5f1e000 ---p 00000000 00:00 0 
7f71d5f1e000-7f71d601a000 rw-p 00000000 00:00 0 
7f71d601a000-7f71d601e000 ---p 00000000 00:00 0 
7f71d601e000-7f71d611a000 rw-p 00000000 00:00 0 
7f71d611a000-7f71d611e000 ---p 00000000 00:00 0 
7f71d611e000-7f71d631a000 rw-p 00000000 00:00 0 
7f71d631a000-7f71d631e000 ---p 00000000 00:00 0 
7f71d631e000-7f71d651a000 rw-p 00000000 00:00 0 
7f71d651a000-7f71d651e000 ---p 00000000 00:00 0 
7f71d651e000-7f71d661a000 rw-p 00000000 00:00 0 
7f71d661a000-7f71d661e000 ---p 00000000 00:00 0 
7f71d661e000-7f71d671a000 rw-p 00000000 00:00 0 
7f71d671a000-7f71d671e000 ---p 00000000 00:00 0 
7f71d671e000-7f71d681a000 rw-p 00000000 00:00 0 
7f71d681a000-7f71d6b00000 r--p 00000000 00:1457 28444448                 /usr/lib/locale/locale-archive
7f71d6b00000-7f71d6b04000 ---p 00000000 00:00 0 
7f71d6b04000-7f71d7000000 rw-p 00000000 00:00 0 
7f71d7000000-7f71d72c0000 rw-p 00000000 00:00 0 
7f71d72c0000-7f71d7300000 rw-p 00000000 00:00 0 
7f71d7300000-7f71d7400000 rw-p 00000000 00:00 0 
7f71d74b3000-7f71d7723000 rwxp 00000000 00:00 0 
7f71d7723000-7f71d7a42000 ---p 00000000 00:00 0 
7f71d7a42000-7f71d94f2000 rwxp 00000000 00:00 0 
7f71d94f2000-7f71def7a000 ---p 00000000 00:00 0 
7f71def7a000-7f71df2fa000 rwxp 00000000 00:00 0 
7f71df2fa000-7f71e64b3000 ---p 00000000 00:00 0 
7f71e64b3000-7f71f0000000 r--s 00000000 00:17eb 4611686019135192581      /nix/store/gpxl5qgg8kicmcvivwmybwjlpf7wh20l-graalvm17-ce-22.3.0/lib/modules
7f71f0000000-7f71f03fc000 rw-p 00000000 00:00 0 
7f71f03fc000-7f71f4000000 ---p 00000000 00:00 0 
7f71f4054000-7f71f4058000 ---p 00000000 00:00 0 
7f71f4058000-7f71f4076000 rw-p 00000000 00:00 0 
7f71f4076000-7f71f407d000 r-xp 00000000 00:17eb 4611686019135192580      /nix/store/gpxl5qgg8kicmcvivwmybwjlpf7wh20l-graalvm17-ce-22.3.0/lib/libzip.so
7f71f407d000-7f71f407e000 ---p 00007000 00:17eb 4611686019135192580      /nix/store/gpxl5qgg8kicmcvivwmybwjlpf7wh20l-graalvm17-ce-22.3.0/lib/libzip.so
7f71f407e000-7f71f407f000 r--p 00007000 00:17eb 4611686019135192580      /nix/store/gpxl5qgg8kicmcvivwmybwjlpf7wh20l-graalvm17-ce-22.3.0/lib/libzip.so
7f71f407f000-7f71f4080000 rw-p 00008000 00:17eb 4611686019135192580      /nix/store/gpxl5qgg8kicmcvivwmybwjlpf7wh20l-graalvm17-ce-22.3.0/lib/libzip.so
7f71f4080000-7f71f4082000 rw-p 0000b000 00:17eb 4611686019135192580      /nix/store/gpxl5qgg8kicmcvivwmybwjlpf7wh20l-graalvm17-ce-22.3.0/lib/libzip.so
7f71f4082000-7f71f4097000 r-xp 00000000 00:17eb 4611686019135192570      /nix/store/gpxl5qgg8kicmcvivwmybwjlpf7wh20l-graalvm17-ce-22.3.0/lib/libnet.so
7f71f4097000-7f71f4098000 ---p 00015000 00:17eb 4611686019135192570      /nix/store/gpxl5qgg8kicmcvivwmybwjlpf7wh20l-graalvm17-ce-22.3.0/lib/libnet.so
7f71f4098000-7f71f4099000 r--p 00015000 00:17eb 4611686019135192570      /nix/store/gpxl5qgg8kicmcvivwmybwjlpf7wh20l-graalvm17-ce-22.3.0/lib/libnet.so
7f71f4099000-7f71f409a000 rw-p 00016000 00:17eb 4611686019135192570      /nix/store/gpxl5qgg8kicmcvivwmybwjlpf7wh20l-graalvm17-ce-22.3.0/lib/libnet.so
7f71f409a000-7f71f409d000 rw-p 0001b000 00:17eb 4611686019135192570      /nix/store/gpxl5qgg8kicmcvivwmybwjlpf7wh20l-graalvm17-ce-22.3.0/lib/libnet.so
7f71f409d000-7f71f40b0000 r-xp 00000000 00:17eb 4611686019135192571      /nix/store/gpxl5qgg8kicmcvivwmybwjlpf7wh20l-graalvm17-ce-22.3.0/lib/libnio.so
7f71f40b0000-7f71f40b1000 r--p 00012000 00:17eb 4611686019135192571      /nix/store/gpxl5qgg8kicmcvivwmybwjlpf7wh20l-graalvm17-ce-22.3.0/lib/libnio.so
7f71f40b1000-7f71f40b2000 rw-p 00013000 00:17eb 4611686019135192571      /nix/store/gpxl5qgg8kicmcvivwmybwjlpf7wh20l-graalvm17-ce-22.3.0/lib/libnio.so
7f71f40b2000-7f71f40b7000 rw-p 00019000 00:17eb 4611686019135192571      /nix/store/gpxl5qgg8kicmcvivwmybwjlpf7wh20l-graalvm17-ce-22.3.0/lib/libnio.so
7f71f40b7000-7f71f40bb000 ---p 00000000 00:00 0 
7f71f40bb000-7f71f41b7000 rw-p 00000000 00:00 0 
7f71f41b7000-7f71f41b8000 ---p 00000000 00:00 0 
7f71f41b8000-7f71f42b9000 rw-p 00000000 00:00 0 
7f71f42b9000-7f71f4387000 r-xp 00000000 00:17eb 4611686019135190036      /nix/store/gpxl5qgg8kicmcvivwmybwjlpf7wh20l-graalvm17-ce-22.3.0/lib/libjsvml.so
7f71f4387000-7f71f4388000 r--p 000cd000 00:17eb 4611686019135190036      /nix/store/gpxl5qgg8kicmcvivwmybwjlpf7wh20l-graalvm17-ce-22.3.0/lib/libjsvml.so
7f71f4388000-7f71f4389000 rw-p 000ce000 00:17eb 4611686019135190036      /nix/store/gpxl5qgg8kicmcvivwmybwjlpf7wh20l-graalvm17-ce-22.3.0/lib/libjsvml.so
7f71f4389000-7f71f5c61000 rw-p 00000000 00:00 0 
7f71f5c61000-7f71f5c62000 ---p 00000000 00:00 0 
7f71f5c62000-7f71f5e0d000 rw-p 00000000 00:00 0 
7f71f5e0d000-7f71f5e33000 rw-p 00000000 00:00 0 
7f71f5e33000-7f71f5e63000 ---p 00000000 00:00 0 
7f71f5e63000-7f71f5e6b000 rw-p 00000000 00:00 0 
7f71f5e6b000-7f71f5f4f000 ---p 00000000 00:00 0 
7f71f5f4f000-7f71f5f85000 rw-p 00000000 00:00 0 
7f71f5f85000-7f71f603a000 ---p 00000000 00:00 0 
7f71f603a000-7f71f603f000 rw-p 00000000 00:00 0 
7f71f603f000-7f71f6046000 ---p 00000000 00:00 0 
7f71f6046000-7f71f606a000 r-xp 00000000 00:17eb 4611686019135190028      /nix/store/gpxl5qgg8kicmcvivwmybwjlpf7wh20l-graalvm17-ce-22.3.0/lib/libjava.so
7f71f606a000-7f71f606b000 ---p 00024000 00:17eb 4611686019135190028      /nix/store/gpxl5qgg8kicmcvivwmybwjlpf7wh20l-graalvm17-ce-22.3.0/lib/libjava.so
7f71f606b000-7f71f606c000 r--p 00024000 00:17eb 4611686019135190028      /nix/store/gpxl5qgg8kicmcvivwmybwjlpf7wh20l-graalvm17-ce-22.3.0/lib/libjava.so
7f71f606c000-7f71f606d000 rw-p 00025000 00:17eb 4611686019135190028      /nix/store/gpxl5qgg8kicmcvivwmybwjlpf7wh20l-graalvm17-ce-22.3.0/lib/libjava.so
7f71f606d000-7f71f606e000 rw-p 00000000 00:00 0 
7f71f606e000-7f71f6075000 rw-p 0002f000 00:17eb 4611686019135190028      /nix/store/gpxl5qgg8kicmcvivwmybwjlpf7wh20l-graalvm17-ce-22.3.0/lib/libjava.so
7f71f6075000-7f71f607d000 rw-s 00000000 00:928 1975                      /tmp/hsperfdata_runner/9930
7f71f607d000-7f71f607e000 ---p 00000000 00:00 0 
7f71f607e000-7f71f607f000 r--p 00000000 00:00 0 
7f71f607f000-7f71f6080000 rwxp 00000000 00:00 0 
7f71f6080000-7f71f609b000 r-xp 00000000 00:17eb 4611686019135190032      /nix/store/gpxl5qgg8kicmcvivwmybwjlpf7wh20l-graalvm17-ce-22.3.0/lib/libjimage.so
7f71f609b000-7f71f609c000 ---p 0001b000 00:17eb 4611686019135190032      /nix/store/gpxl5qgg8kicmcvivwmybwjlpf7wh20l-graalvm17-ce-22.3.0/lib/libjimage.so
7f71f609c000-7f71f609e000 r--p 0001b000 00:17eb 4611686019135190032      /nix/store/gpxl5qgg8kicmcvivwmybwjlpf7wh20l-graalvm17-ce-22.3.0/lib/libjimage.so
7f71f609e000-7f71f609f000 rw-p 0001d000 00:17eb 4611686019135190032      /nix/store/gpxl5qgg8kicmcvivwmybwjlpf7wh20l-graalvm17-ce-22.3.0/lib/libjimage.so
7f71f609f000-7f71f60a0000 rw-p 00024000 00:17eb 4611686019135190032      /nix/store/gpxl5qgg8kicmcvivwmybwjlpf7wh20l-graalvm17-ce-22.3.0/lib/libjimage.so
7f71f60a0000-7f71f60a4000 ---p 00000000 00:00 0 
7f71f60a4000-7f71f61a0000 rw-p 00000000 00:00 0 
7f71f61a0000-7f71f61ae000 r--p 00000000 00:17eb 4611686019027979927      /nix/store/4nlgxhb09sdr51nc9hdm8az5b08vzkgx-glibc-2.35-163/lib/libm.so.6
7f71f61ae000-7f71f6221000 r-xp 0000e000 00:17eb 4611686019027979927      /nix/store/4nlgxhb09sdr51nc9hdm8az5b08vzkgx-glibc-2.35-163/lib/libm.so.6
7f71f6221000-7f71f627e000 r--p 00081000 00:17eb 4611686019027979927      /nix/store/4nlgxhb09sdr51nc9hdm8az5b08vzkgx-glibc-2.35-163/lib/libm.so.6
7f71f627e000-7f71f627f000 r--p 000dd000 00:17eb 4611686019027979927      /nix/store/4nlgxhb09sdr51nc9hdm8az5b08vzkgx-glibc-2.35-163/lib/libm.so.6
7f71f627f000-7f71f6280000 rw-p 000de000 00:17eb 4611686019027979927      /nix/store/4nlgxhb09sdr51nc9hdm8az5b08vzkgx-glibc-2.35-163/lib/libm.so.6
7f71f6280000-7f71f6281000 r--p 00000000 00:17eb 4611686019027979946      /nix/store/4nlgxhb09sdr51nc9hdm8az5b08vzkgx-glibc-2.35-163/lib/librt.so.1
7f71f6281000-7f71f6282000 r-xp 00001000 00:17eb 4611686019027979946      /nix/store/4nlgxhb09sdr51nc9hdm8az5b08vzkgx-glibc-2.35-163/lib/librt.so.1
7f71f6282000-7f71f6283000 r--p 00002000 00:17eb 4611686019027979946      /nix/store/4nlgxhb09sdr51nc9hdm8az5b08vzkgx-glibc-2.35-163/lib/librt.so.1
7f71f6283000-7f71f6284000 r--p 00002000 00:17eb 4611686019027979946      /nix/store/4nlgxhb09sdr51nc9hdm8az5b08vzkgx-glibc-2.35-163/lib/librt.so.1
7f71f6284000-7f71f6285000 rw-p 00003000 00:17eb 4611686019027979946      /nix/store/4nlgxhb09sdr51nc9hdm8az5b08vzkgx-glibc-2.35-163/lib/librt.so.1
7f71f6285000-7f71f7398000 r-xp 00000000 00:17eb 4611686019135360866      /nix/store/gpxl5qgg8kicmcvivwmybwjlpf7wh20l-graalvm17-ce-22.3.0/lib/server/libjvm.so
7f71f7398000-7f71f7399000 ---p 01113000 00:17eb 4611686019135360866      /nix/store/gpxl5qgg8kicmcvivwmybwjlpf7wh20l-graalvm17-ce-22.3.0/lib/server/libjvm.so
7f71f7399000-7f71f744e000 r--p 01113000 00:17eb 4611686019135360866      /nix/store/gpxl5qgg8kicmcvivwmybwjlpf7wh20l-graalvm17-ce-22.3.0/lib/server/libjvm.so
7f71f744e000-7f71f7482000 rw-p 011c8000 00:17eb 4611686019135360866      /nix/store/gpxl5qgg8kicmcvivwmybwjlpf7wh20l-graalvm17-ce-22.3.0/lib/server/libjvm.so
7f71f7482000-7f71f74de000 rw-p 00000000 00:00 0 
7f71f74de000-7f71f7506000 r--p 00000000 00:17eb 4611686019027979918      /nix/store/4nlgxhb09sdr51nc9hdm8az5b08vzkgx-glibc-2.35-163/lib/libc.so.6
7f71f7506000-7f71f767c000 r-xp 00028000 00:17eb 4611686019027979918      /nix/store/4nlgxhb09sdr51nc9hdm8az5b08vzkgx-glibc-2.35-163/lib/libc.so.6
7f71f767c000-7f71f76d4000 r--p 0019e000 00:17eb 4611686019027979918      /nix/store/4nlgxhb09sdr51nc9hdm8az5b08vzkgx-glibc-2.35-163/lib/libc.so.6
7f71f76d4000-7f71f76d8000 r--p 001f6000 00:17eb 4611686019027979918      /nix/store/4nlgxhb09sdr51nc9hdm8az5b08vzkgx-glibc-2.35-163/lib/libc.so.6
7f71f76d8000-7f71f76da000 rw-p 001fa000 00:17eb 4611686019027979918      /nix/store/4nlgxhb09sdr51nc9hdm8az5b08vzkgx-glibc-2.35-163/lib/libc.so.6
7f71f76da000-7f71f76e9000 rw-p 00000000 00:00 0 
7f71f76e9000-7f71f76ea000 r--p 00000000 00:17eb 4611686019027979923      /nix/store/4nlgxhb09sdr51nc9hdm8az5b08vzkgx-glibc-2.35-163/lib/libdl.so.2
7f71f76ea000-7f71f76eb000 r-xp 00001000 00:17eb 4611686019027979923      /nix/store/4nlgxhb09sdr51nc9hdm8az5b08vzkgx-glibc-2.35-163/lib/libdl.so.2
7f71f76eb000-7f71f76ec000 r--p 00002000 00:17eb 4611686019027979923      /nix/store/4nlgxhb09sdr51nc9hdm8az5b08vzkgx-glibc-2.35-163/lib/libdl.so.2
7f71f76ec000-7f71f76ed000 r--p 00002000 00:17eb 4611686019027979923      /nix/store/4nlgxhb09sdr51nc9hdm8az5b08vzkgx-glibc-2.35-163/lib/libdl.so.2
7f71f76ed000-7f71f76ee000 rw-p 00003000 00:17eb 4611686019027979923      /nix/store/4nlgxhb09sdr51nc9hdm8az5b08vzkgx-glibc-2.35-163/lib/libdl.so.2
7f71f76ee000-7f71f76ef000 r--p 00000000 00:17eb 4611686019027979942      /nix/store/4nlgxhb09sdr51nc9hdm8az5b08vzkgx-glibc-2.35-163/lib/libpthread.so.0
7f71f76ef000-7f71f76f0000 r-xp 00001000 00:17eb 4611686019027979942      /nix/store/4nlgxhb09sdr51nc9hdm8az5b08vzkgx-glibc-2.35-163/lib/libpthread.so.0
7f71f76f0000-7f71f76f1000 r--p 00002000 00:17eb 4611686019027979942      /nix/store/4nlgxhb09sdr51nc9hdm8az5b08vzkgx-glibc-2.35-163/lib/libpthread.so.0
7f71f76f1000-7f71f76f2000 r--p 00002000 00:17eb 4611686019027979942      /nix/store/4nlgxhb09sdr51nc9hdm8az5b08vzkgx-glibc-2.35-163/lib/libpthread.so.0
7f71f76f2000-7f71f76f3000 rw-p 00003000 00:17eb 4611686019027979942      /nix/store/4nlgxhb09sdr51nc9hdm8az5b08vzkgx-glibc-2.35-163/lib/libpthread.so.0
7f71f76f3000-7f71f7701000 r-xp 00000000 00:17eb 4611686019135190033      /nix/store/gpxl5qgg8kicmcvivwmybwjlpf7wh20l-graalvm17-ce-22.3.0/lib/libjli.so
7f71f7701000-7f71f7702000 ---p 0000e000 00:17eb 4611686019135190033      /nix/store/gpxl5qgg8kicmcvivwmybwjlpf7wh20l-graalvm17-ce-22.3.0/lib/libjli.so
7f71f7702000-7f71f7703000 r--p 0000e000 00:17eb 4611686019135190033      /nix/store/gpxl5qgg8kicmcvivwmybwjlpf7wh20l-graalvm17-ce-22.3.0/lib/libjli.so
7f71f7703000-7f71f7704000 rw-p 0000f000 00:17eb 4611686019135190033      /nix/store/gpxl5qgg8kicmcvivwmybwjlpf7wh20l-graalvm17-ce-22.3.0/lib/libjli.so
7f71f7704000-7f71f7705000 rw-p 00012000 00:17eb 4611686019135190033      /nix/store/gpxl5qgg8kicmcvivwmybwjlpf7wh20l-graalvm17-ce-22.3.0/lib/libjli.so
7f71f7705000-7f71f7708000 r--p 00000000 00:17eb 4611686019106210071      /nix/store/026hln0aq1hyshaxsdvhg0kmcm6yf45r-zlib-1.2.13/lib/libz.so.1.2.13
7f71f7708000-7f71f771a000 r-xp 00003000 00:17eb 4611686019106210071      /nix/store/026hln0aq1hyshaxsdvhg0kmcm6yf45r-zlib-1.2.13/lib/libz.so.1.2.13
7f71f771a000-7f71f7721000 r--p 00015000 00:17eb 4611686019106210071      /nix/store/026hln0aq1hyshaxsdvhg0kmcm6yf45r-zlib-1.2.13/lib/libz.so.1.2.13
7f71f7721000-7f71f7722000 r--p 0001b000 00:17eb 4611686019106210071      /nix/store/026hln0aq1hyshaxsdvhg0kmcm6yf45r-zlib-1.2.13/lib/libz.so.1.2.13
7f71f7722000-7f71f7723000 rw-p 0001c000 00:17eb 4611686019106210071      /nix/store/026hln0aq1hyshaxsdvhg0kmcm6yf45r-zlib-1.2.13/lib/libz.so.1.2.13
7f71f7723000-7f71f7725000 rw-p 00000000 00:00 0 
7f71f7725000-7f71f7727000 r--p 00000000 00:17eb 4611686019027979912      /nix/store/4nlgxhb09sdr51nc9hdm8az5b08vzkgx-glibc-2.35-163/lib/ld-linux-x86-64.so.2
7f71f7727000-7f71f774e000 r-xp 00002000 00:17eb 4611686019027979912      /nix/store/4nlgxhb09sdr51nc9hdm8az5b08vzkgx-glibc-2.35-163/lib/ld-linux-x86-64.so.2
7f71f774e000-7f71f775a000 r--p 00029000 00:17eb 4611686019027979912      /nix/store/4nlgxhb09sdr51nc9hdm8az5b08vzkgx-glibc-2.35-163/lib/ld-linux-x86-64.so.2
7f71f775a000-7f71f775c000 r--p 00034000 00:17eb 4611686019027979912      /nix/store/4nlgxhb09sdr51nc9hdm8az5b08vzkgx-glibc-2.35-163/lib/ld-linux-x86-64.so.2
7f71f775c000-7f71f775e000 rw-p 00036000 00:17eb 4611686019027979912      /nix/store/4nlgxhb09sdr51nc9hdm8az5b08vzkgx-glibc-2.35-163/lib/ld-linux-x86-64.so.2
7ffc593b7000-7ffc593dc000 rw-p 00000000 00:00 0                          [stack]
7ffc593f2000-7ffc593f6000 r--p 00000000 00:00 0                          [vvar]
7ffc593f6000-7ffc593f8000 r-xp 00000000 00:00 0                          [vdso]
ffffffffff600000-ffffffffff601000 --xp 00000000 00:00 0                  [vsyscall]


VM Arguments:
jvm_args: -XX:ThreadPriorityPolicy=1 -XX:+UnlockExperimentalVMOptions -XX:+EnableJVMCIProduct -XX:JVMCIThreadsPerNativeLibraryRuntime=1 -XX:-UnlockExperimentalVMOptions -Declipse.application=org.eclipse.jdt.ls.core.id1 -Dosgi.bundles.defaultStartLevel=4 -Declipse.product=org.eclipse.jdt.ls.core.product -Dlog.level=ALL -Xverify:none -XX:+UseParallelGC -XX:GCTimeRatio=4 -XX:AdaptiveSizePolicyWeight=90 -Dsun.zip.disableMemoryMapping=true -Xmx512m -Xms100m 
java_command: /nix/store/m6gcpi1ii6rghy04cjwjddcavv7i90df-jdt-language-server-1.9.0/share/java/plugins/org.eclipse.equinox.launcher_1.6.400.v20210924-0641.jar --add-modules=ALL-SYSTEM --add-opens java.base/java.util=ALL-UNNAMED --add-opens java.base/java.lang=ALL-UNNAMED -configuration /home/runner/.cache/jdt-language-server/config -data /home/runner/.cache/jdt-language-server/data/home/runner/ETL-Framework
java_class_path (initial): /nix/store/m6gcpi1ii6rghy04cjwjddcavv7i90df-jdt-language-server-1.9.0/share/java/plugins/org.eclipse.equinox.launcher_1.6.400.v20210924-0641.jar
Launcher Type: SUN_STANDARD

[Global flags]
    uintx AdaptiveSizePolicyWeight                 = 90                                        {product} {command line}
     intx CICompilerCount                          = 2                                         {product} {ergonomic}
     bool EnableJVMCIProduct                       = true                                {JVMCI product} {jimage}
    uintx GCTimeRatio                              = 4                                         {product} {command line}
   size_t InitialHeapSize                          = 104857600                                 {product} {command line}
     uint JVMCIThreadsPerNativeLibraryRuntime      = 1                                   {JVMCI product} {jimage}
   size_t MaxHeapSize                              = 536870912                                 {product} {command line}
   size_t MaxNewSize                               = 178782208                                 {product} {ergonomic}
   size_t MinHeapDeltaBytes                        = 524288                                    {product} {ergonomic}
   size_t MinHeapSize                              = 104857600                                 {product} {command line}
   size_t NewSize                                  = 34603008                                  {product} {ergonomic}
    uintx NonNMethodCodeHeapSize                   = 5826188                                {pd product} {ergonomic}
    uintx NonProfiledCodeHeapSize                  = 122916026                              {pd product} {ergonomic}
   size_t OldSize                                  = 70254592                                  {product} {ergonomic}
    uintx ProfiledCodeHeapSize                     = 122916026                              {pd product} {ergonomic}
    uintx ReservedCodeCacheSize                    = 251658240                              {pd product} {ergonomic}
     bool SegmentedCodeCache                       = true                                      {product} {ergonomic}
   size_t SoftMaxHeapSize                          = 536870912                              {manageable} {ergonomic}
     intx ThreadPriorityPolicy                     = 1                                         {product} {jimage}
     bool UseCompressedClassPointers               = true                           {product lp64_product} {ergonomic}
     bool UseCompressedOops                        = true                           {product lp64_product} {ergonomic}
     bool UseParallelGC                            = true                                      {product} {command line}

Logging:
Log output configuration:
 #0: stdout all=warning uptime,level,tags
 #1: stderr all=off uptime,level,tags

Environment Variables:
JAVA_HOME=/nix/store/gpxl5qgg8kicmcvivwmybwjlpf7wh20l-graalvm17-ce-22.3.0
PATH=/nix/store/1d6ian3r8kdzspw8hacjhl3xkp40g1lj-binutils-wrapper-2.39/bin:/nix/store/dq0xwmsk1g0i2ayg6pb7y87na2knzylh-gcc-wrapper-11.3.0/bin:/nix/store/bap4d0lpcrhpwmpb8ayjcgkmvfj62lnq-bash-interactive-5.1-p16/bin:/nix/store/pr5n59mb4jzmfx6kanwxly0l07p861fg-patchelf-0.15.0/bin:/nix/store/1gf2flfqnpqbr1b4p4qz2f72y42bs56r-gcc-11.3.0/bin:/nix/store/57xv61c5zi8pphjbcwxxjlgc34p61ic9-glibc-2.35-163-bin/bin:/nix/store/a7gvj343m05j2s32xcnwr35v31ynlypr-coreutils-9.1/bin:/nix/store/039g378vc3pc3dvi9dzdlrd0i4q93qwf-binutils-2.39/bin:/nix/store/gpxl5qgg8kicmcvivwmybwjlpf7wh20l-graalvm17-ce-22.3.0/bin:/nix/store/6z9ag3ihc8mq2hzsw48lhbznvzny65nz-apache-maven-3.8.6/bin:/nix/store/m6gcpi1ii6rghy04cjwjddcavv7i90df-jdt-language-server-1.9.0/bin:/nix/store/84xs5alhs01zrbr4ywm05kxbjbp5590l-java-debug/bin:/nix/store/mydc6f4k2z73xlcz7ilif3v2lcaiqvza-findutils-4.9.0/bin:/nix/store/j9p3g8472iijd50vhdprx0nmk2fqn5gv-diffutils-3.8/bin:/nix/store/89zs7rms6x00xfq4dq6m7mjnhkr8a6r4-gnused-4.8/bin:/nix/store/86bp03jkmsl6f92w0yzg4s59g5mhxwmy-gnugrep-3.7/bin:/nix/store/hwcdqw4jrjnd37wxqgsd47hd0j8bnj09-gawk-5.1.1/bin:/nix/store/cfbhw8r8ags41vwqaz47r583d0p4h4a1-gnutar-1.34/bin:/nix/store/p3m1ndl1lapwrlh698bnb5lvvxh67378-gzip-1.12/bin:/nix/store/a8mhcagrsly7c7mpjrpsnaahk4aax056-bzip2-1.0.8-bin/bin:/nix/store/mblgz65m3zv9x548a3d5m96fj2pbwr09-gnumake-4.3/bin:/nix/store/dsd5gz46hdbdk2rfdimqddhq6m8m8fqs-bash-5.1-p16/bin:/nix/store/v7ljksji50mg3w61dykaa3n3y79n6nil-patch-2.7.6/bin:/nix/store/zlcnmqq14jz5x9439jf937mvayyl63da-xz-5.2.7-bin/bin:/nix/store/y6aj732zm9m87c82fpvf103a1xb22blp-file-5.43/bin:/nix/store/i4kzir3m7mrisxmf5xvlnkw01x4qaqr4-prybar-elisp-0.0.0-e0d9a52/bin:/nix/store/lwwivxf6h7x3cvxp9zv8sj0mv7dak99r-prybar-lua-0.0.0-e0d9a52/bin:/nix/store/gxj28g1cg4hq3qanmjv07156h800qr58-prybar-python3-0.0.0-e0d9a52/bin:/nix/store/hshkjnxrgidigf8x75vg6lqng2xlx9i3-prybar-sqlite-0.0.0-e0d9a52/bin:/nix/store/c4w01bpjgyy5ixmwdk8m1pw87zq4sl26-prybar-tcl-0.0.0-e0d9a52/bin:/nix/store/hpbvrlwd5viqmvcaisb3x0118i913a9n-st
LD_LIBRARY_PATH=/nix/store/a4pff549sk2idnkpzk5nsfps3mdkdnvm-cups-2.4.2-lib/lib:/nix/store/72mqxxhh3cy5yifh92wh2yb8cl2hikyy-cairo-1.16.0/lib:/nix/store/2k366jrbsra97gjfxwvrhvixjfxdach5-glib-2.74.1/lib:/nix/store/2j2znigd8ak37rlwh9khz0ry3clqlw1l-gtk+3-3.24.34/lib:/nix/store/hisqvx32cd57apbpcsnkpx6k3549wql1-libglvnd-1.4.0/lib:/nix/store/p36pgcv991mq5srvg765b78yqpxvk3qs-mesa-21.3.3-drivers/lib:/nix/store/mav4251if1ahjq5vkpwycyyvnmy459c4-pulseaudio-14.2/lib
DISPLAY=:0
LANG=en_US.UTF-8

Signal Handlers:
   SIGSEGV: crash_handler in libjvm.so, mask=11100100010111111101111111111110, flags=SA_RESTART|SA_SIGINFO
    SIGBUS: crash_handler in libjvm.so, mask=11100100010111111101111111111110, flags=SA_RESTART|SA_SIGINFO
    SIGFPE: crash_handler in libjvm.so, mask=11100100010111111101111111111110, flags=SA_RESTART|SA_SIGINFO
   SIGPIPE: IsolateEnterStub_IgnoreSIGPIPEStartupHook_noopSignalHandler_8f19bff2f35b5f630d83b364d6b2339320d4ec70_216e8361c6bc87a8f89f58cc10d3b2fd4415bf87 in libjvmcicompiler.so, mask=00000000000000000000000000000000, flags=SA_RESTART
  *** Handler was modified!
  *** Expected: javaSignalHandler in libjvm.so, mask=11100100110111111111111111111110, flags=SA_RESTART|SA_SIGINFO
   SIGXFSZ: javaSignalHandler in libjvm.so, mask=11100100010111111101111111111110, flags=SA_RESTART|SA_SIGINFO
    SIGILL: crash_handler in libjvm.so, mask=11100100010111111101111111111110, flags=SA_RESTART|SA_SIGINFO
   SIGUSR2: SR_handler in libjvm.so, mask=00000000000000000000000000000000, flags=SA_RESTART|SA_SIGINFO
    SIGHUP: UserHandler in libjvm.so, mask=11100100010111111101111111111110, flags=SA_RESTART|SA_SIGINFO
    SIGINT: UserHandler in libjvm.so, mask=11100100010111111101111111111110, flags=SA_RESTART|SA_SIGINFO
   SIGTERM: UserHandler in libjvm.so, mask=11100100010111111101111111111110, flags=SA_RESTART|SA_SIGINFO
   SIGQUIT: UserHandler in libjvm.so, mask=11100100010111111101111111111110, flags=SA_RESTART|SA_SIGINFO
  *** Handler was modified!
  *** Expected: javaSignalHandler in libjvm.so, mask=11100100110111111111111111111110, flags=SA_RESTART|SA_SIGINFO
   SIGTRAP: crash_handler in libjvm.so, mask=11100100010111111101111111111110, flags=SA_RESTART|SA_SIGINFO


---------------  S Y S T E M  ---------------

OS:
DISTRIB_ID=Ubuntu
DISTRIB_RELEASE=20.04
DISTRIB_CODENAME=focal
DISTRIB_DESCRIPTION="Ubuntu 20.04.2 LTS"
uname: Linux 5.19.0-1022-gcp #24~22.04.1-Ubuntu SMP Sun Apr 23 09:51:08 UTC 2023 x86_64
OS uptime: 0 days 9:29 hours
libc: glibc 2.35 NPTL 2.35 
rlimit (soft/hard): STACK 8192k/infinity , CORE infinity/infinity , NPROC infinity/infinity , NOFILE 5242/5242 , AS infinity/infinity , CPU infinity/infinity , DATA infinity/infinity , FSIZE infinity/infinity , MEMLOCK 8192k/8192k
load average: 13.82 13.08 12.97

/proc/meminfo:
MemTotal:       65852256 kB
MemFree:        17354124 kB
MemAvailable:   43592496 kB
Buffers:         3093344 kB
Cached:         21664980 kB
SwapCached:            0 kB
Active:         12811660 kB
Inactive:       31505244 kB
Active(anon):      15996 kB
Inactive(anon): 19269384 kB
Active(file):   12795664 kB
Inactive(file): 12235860 kB
Unevictable:       55484 kB
Mlocked:           55484 kB
SwapTotal:             0 kB
SwapFree:              0 kB
Zswap:                 0 kB
Zswapped:              0 kB
Dirty:              7212 kB
Writeback:            76 kB
AnonPages:      18375240 kB
Mapped:          1858692 kB
Shmem:             26928 kB
KReclaimable:    1933448 kB
Slab:            3087248 kB
SReclaimable:    1933448 kB
SUnreclaim:      1153800 kB
KernelStack:      439264 kB
PageTables:       192612 kB
NFS_Unstable:          0 kB
Bounce:                0 kB
WritebackTmp:          0 kB
CommitLimit:    32926128 kB
Committed_AS:   66952232 kB
VmallocTotal:   34359738367 kB
VmallocUsed:      482528 kB
VmallocChunk:          0 kB
Percpu:            59104 kB
HardwareCorrupted:     0 kB
AnonHugePages:   3076096 kB
ShmemHugePages:        0 kB
ShmemPmdMapped:        0 kB
FileHugePages:         0 kB
FilePmdMapped:         0 kB
HugePages_Total:       0
HugePages_Free:        0
HugePages_Rsvd:        0
HugePages_Surp:        0
Hugepagesize:       2048 kB
Hugetlb:               0 kB
DirectMap4k:     5718840 kB
DirectMap2M:    47755264 kB
DirectMap1G:    15728640 kB

/sys/kernel/mm/transparent_hugepage/enabled: always [madvise] never
/sys/kernel/mm/transparent_hugepage/defrag (defrag/compaction efforts parameter): always defer defer+madvise [madvise] never

Process Memory:
Virtual Size: 5188680K (peak: 5281580K)
Resident Set Size: 785828K (peak: 861632K) (anon: 589772K, file: 196056K, shmem: 0K)
Swapped out: 0K
C-Heap outstanding allocations: 39929K, retained: 17134K
glibc malloc tunables: (default)

/proc/sys/kernel/threads-max (system-wide limit on the number of threads): 514406
/proc/sys/vm/max_map_count (maximum number of memory map areas a process may have): 65530
/proc/sys/kernel/pid_max (system-wide limit on number of process identifiers): 4194304

container (cgroup) information:
container_type: cgroupv1
cpu_cpuset_cpus: 2-7
cpu_memory_nodes: 0
active_processor_count: 1
cpu_quota: 50000
cpu_period: 100000
cpu_shares: 512
memory_limit_in_bytes: 1048576 k
memory_and_swap_limit_in_bytes: 1048576 k
memory_soft_limit_in_bytes: 524288 k
memory_usage_in_bytes: 664180 k
memory_max_usage_in_bytes: 1048576 k
maximum number of tasks: 1000
current number of tasks: 54

KVM virtualization detected
Steal ticks since vm start: 0
Steal ticks percentage since vm start:  0.000

CPU: total 8 (initial active 1) (8 cores per cpu, 2 threads per core) family 23 model 49 stepping 0 microcode 0xffffffff, cx8, cmov, fxsr, ht, mmx, 3dnowpref, sse, sse2, sse3, ssse3, sse4a, sse4.1, sse4.2, popcnt, lzcnt, tsc, tscinvbit, avx, avx2, aes, clmul, bmi1, bmi2, adx, sha, fma, vzeroupper, clflush, clflushopt, hv
CPU Model and flags from /proc/cpuinfo:
model name	: AMD EPYC 7B12
flags		: fpu vme de pse tsc msr pae mce cx8 apic sep mtrr pge mca cmov pat pse36 clflush mmx fxsr sse sse2 ht syscall nx mmxext fxsr_opt pdpe1gb rdtscp lm constant_tsc rep_good nopl nonstop_tsc cpuid extd_apicid tsc_known_freq pni pclmulqdq ssse3 fma cx16 sse4_1 sse4_2 movbe popcnt aes xsave avx f16c rdrand hypervisor lahf_lm cmp_legacy cr8_legacy abm sse4a misalignsse 3dnowprefetch osvw topoext ssbd ibrs ibpb stibp vmmcall fsgsbase tsc_adjust bmi1 avx2 smep bmi2 rdseed adx smap clflushopt clwb sha_ni xsaveopt xsavec xgetbv1 clzero xsaveerptr arat npt nrip_save umip rdpid

Online cpus: 0-7
Offline cpus: 
BIOS frequency limitation: <Not Available>
Frequency switch latency (ns): <Not Available>
Available cpu frequencies: <Not Available>
Current governor: <Not Available>
Core performance/turbo boost: <Not Available>

Memory: 4k page, physical 1048576k(384384k free), swap 0k(0k free)
Page Sizes: 4k

vm_info: OpenJDK 64-Bit Server VM (17.0.5+8-jvmci-22.3-b08) for linux-amd64 JRE (17.0.5+8-jvmci-22.3-b08), built on Oct 19 2022 09:01:27 by "buildslave" with gcc 10.3.0

END.
