#
# A fatal error has been detected by the Java Runtime Environment:
#
#  Internal Error (jvmciRuntime.cpp:1609), pid=23278, tid=23292
#  fatal error: Fatal exception in JVMCI: Error calling jdk.vm.ci.services.Services.serializeSavedProperties
#
# JRE version: OpenJDK Runtime Environment GraalVM CE 22.3.0 (17.0.5+8) (build 17.0.5+8-jvmci-22.3-b08)
# Java VM: OpenJDK 64-Bit Server VM GraalVM CE 22.3.0 (17.0.5+8-jvmci-22.3-b08, mixed mode, sharing, tiered, jvmci, jvmci compiler, compressed oops, compressed class ptrs, parallel gc, linux-amd64)
# Problematic frame:
# V  [libjvm.so+0x972714]  JVMCIRuntime::fatal_exception(JVMCIEnv*, char const*)+0x74
#
# Core dump will be written. Default location: Core dumps may be processed with "/usr/share/apport/apport -p%p -s%s -c%c -d%d -P%P -u%u -g%g -- %E" (or dumping to /home/runner/ETL-Framework/core.23278)
#
# If you would like to submit a bug report, please visit:
#   https://github.com/oracle/graal/issues
#

---------------  S U M M A R Y ------------

Command Line: -XX:ThreadPriorityPolicy=1 -XX:+UnlockExperimentalVMOptions -XX:+EnableJVMCIProduct -XX:JVMCIThreadsPerNativeLibraryRuntime=1 -XX:-UnlockExperimentalVMOptions -Declipse.application=org.eclipse.jdt.ls.core.id1 -Dosgi.bundles.defaultStartLevel=4 -Declipse.product=org.eclipse.jdt.ls.core.product -Dlog.level=ALL -Xverify:none -XX:+UseParallelGC -XX:GCTimeRatio=4 -XX:AdaptiveSizePolicyWeight=90 -Dsun.zip.disableMemoryMapping=true -Xmx512m -Xms100m /nix/store/m6gcpi1ii6rghy04cjwjddcavv7i90df-jdt-language-server-1.9.0/share/java/plugins/org.eclipse.equinox.launcher_1.6.400.v20210924-0641.jar --add-modules=ALL-SYSTEM --add-opens java.base/java.util=ALL-UNNAMED --add-opens java.base/java.lang=ALL-UNNAMED -configuration /home/runner/.cache/jdt-language-server/config -data /home/runner/.cache/jdt-language-server/data/home/runner/ETL-Framework

Host: AMD EPYC 7B12, 8 cores, 1G, Ubuntu 20.04.2 LTS
Time: Thu May 11 18:56:37 2023 UTC elapsed time: 3140.474425 seconds (0d 0h 52m 20s)

---------------  T H R E A D  ---------------

Current thread (0x00007feeb40b21e0):  JavaThread "JVMCI-native CompilerThread0" daemon [_thread_in_vm, id=23292, stack(0x00007fee9afb3000,0x00007fee9b1b3000)]


Current CompileTask:
JVMCI-native:3140474 10774  s    4       org.eclipse.jdt.internal.core.search.processing.JobManager::currentJob (35 bytes)

Stack: [0x00007fee9afb3000,0x00007fee9b1b3000],  sp=0x00007fee9b1b1380,  free space=2040k
Native frames: (J=compiled Java code, j=interpreted, Vv=VM code, C=native code)
V  [libjvm.so+0x972714]  JVMCIRuntime::fatal_exception(JVMCIEnv*, char const*)+0x74
V  [libjvm.so+0x93e2fe]  JVMCIEnv::copy_saved_properties()+0x14e
V  [libjvm.so+0x9732a9]  JVMCIRuntime::initialize(JVMCIEnv*)+0xb19
V  [libjvm.so+0x9738a2]  JVMCIRuntime::get_HotSpotJVMCIRuntime(JVMCIEnv*)+0x12
V  [libjvm.so+0x9749f2]  JVMCIRuntime::compile_method(JVMCIEnv*, JVMCICompiler*, methodHandle const&, int)+0xd2
V  [libjvm.so+0x5b0d20]  CompileBroker::invoke_compiler_on_method(CompileTask*)+0x1470
V  [libjvm.so+0x5b12e8]  CompileBroker::compiler_thread_loop()+0x528
V  [libjvm.so+0xd82460]  JavaThread::thread_main_inner()+0xd0
V  [libjvm.so+0xd85a40]  Thread::call_run()+0xc0
V  [libjvm.so+0xbdb1e1]  thread_native_entry(Thread*)+0xe1

Register to memory mapping:

RAX=0x00007feebaca1000 points into unknown readable memory: 0x0000000000000058 | 58 00 00 00 00 00 00 00
RBX=0x00007feebbd9c398: <offset 0x0000000000ef5398> in /nix/store/gpxl5qgg8kicmcvivwmybwjlpf7wh20l-graalvm17-ce-22.3.0/lib/server/libjvm.so at 0x00007feebaea7000
RCX=0x00007feebbd541e8: <offset 0x0000000000ead1e8> in /nix/store/gpxl5qgg8kicmcvivwmybwjlpf7wh20l-graalvm17-ce-22.3.0/lib/server/libjvm.so at 0x00007feebaea7000
RDX=0x0000000000000649 is an unknown value
RSP=0x00007fee9b1b1380 is pointing into the stack for thread: 0x00007feeb40b21e0
RBP=0x00007fee9b1b13a0 is pointing into the stack for thread: 0x00007feeb40b21e0
RSI=0x00007feebbd9cc48: <offset 0x0000000000ef5c48> in /nix/store/gpxl5qgg8kicmcvivwmybwjlpf7wh20l-graalvm17-ce-22.3.0/lib/server/libjvm.so at 0x00007feebaea7000
RDI=0x00000000e0000000 is an oop: [B 
{0x00000000e0000000} - klass: {type array byte}
 - length: 55
R8 =0x00007feebbd9c398: <offset 0x0000000000ef5398> in /nix/store/gpxl5qgg8kicmcvivwmybwjlpf7wh20l-graalvm17-ce-22.3.0/lib/server/libjvm.so at 0x00007feebaea7000
R9 =0x0000000000000003 is an unknown value
R10=0x00007feebc0edda0: <offset 0x0000000001246da0> in /nix/store/gpxl5qgg8kicmcvivwmybwjlpf7wh20l-graalvm17-ce-22.3.0/lib/server/libjvm.so at 0x00007feebaea7000
R11=0x000000080044f048 is pointing into metadata
R12=0x0 is NULL
R13=0x00007feeb40b21e0 is a thread
R14=0x00007feeb4000b80 points into unknown readable memory: 0x00007feebbfcda38 | 38 da fc bb ee 7f 00 00
R15=0x00007feebc0dbe40: <offset 0x0000000001234e40> in /nix/store/gpxl5qgg8kicmcvivwmybwjlpf7wh20l-graalvm17-ce-22.3.0/lib/server/libjvm.so at 0x00007feebaea7000


Registers:
RAX=0x00007feebaca1000, RBX=0x00007feebbd9c398, RCX=0x00007feebbd541e8, RDX=0x0000000000000649
RSP=0x00007fee9b1b1380, RBP=0x00007fee9b1b13a0, RSI=0x00007feebbd9cc48, RDI=0x00000000e0000000
R8 =0x00007feebbd9c398, R9 =0x0000000000000003, R10=0x00007feebc0edda0, R11=0x000000080044f048
R12=0x0000000000000000, R13=0x00007feeb40b21e0, R14=0x00007feeb4000b80, R15=0x00007feebc0dbe40
RIP=0x00007feebb819714, EFLAGS=0x0000000000010206, CSGSFS=0x002b000000000033, ERR=0x0000000000000006
  TRAPNO=0x000000000000000e

Top of Stack: (sp=0x00007fee9b1b1380)
0x00007fee9b1b1380:   00007fee9b1b1940 00007feeb40b21e0
0x00007fee9b1b1390:   00007feeb96328c8 0000000800c417a0
0x00007fee9b1b13a0:   00007fee9b1b1500 00007feebb7e52fe
0x00007fee9b1b13b0:   00007fee9b1b13e0 00007fee9b1b1440 

Instructions: (pc=0x00007feebb819714)
0x00007feebb819614:   30 e8 f6 cf e8 ff 4c 89 e7 e8 2e 48 d1 ff 84 db
0x00007feebb819624:   75 2a 4d 85 ed 74 04 4d 8b 6d 00 48 83 c4 08 44
0x00007feebb819634:   89 f9 4c 89 f2 4c 89 ee 5b 4c 89 e7 41 5c 41 5d
0x00007feebb819644:   41 5e 41 5f 5d e9 e2 47 d1 ff 66 90 48 83 c4 08
0x00007feebb819654:   5b 41 5c 41 5d 41 5e 41 5f 5d c3 90 31 d2 be 08
0x00007feebb819664:   00 00 00 4c 89 ff e8 b1 78 a3 ff 49 89 c5 e9 37
0x00007feebb819674:   ff ff ff 66 0f 1f 84 00 00 00 00 00 48 8b 7a 08
0x00007feebb819684:   e9 6d ff ff ff 0f 1f 80 00 00 00 00 e8 5b 48 0a
0x00007feebb819694:   00 84 c0 75 89 e9 6a ff ff ff 66 90 55 48 89 e5
0x00007feebb8196a4:   41 56 41 55 41 54 49 89 fc 53 48 89 f3 66 48 8d
0x00007feebb8196b4:   3d 27 5e 85 00 66 66 48 e8 df 43 8d ff 4c 8b 28
0x00007feebb8196c4:   8b 05 be 72 8a 00 85 c0 75 14 ba 01 00 00 00 48
0x00007feebb8196d4:   8d 0d ae 72 8a 00 f0 0f b1 11 85 c0 74 4e be c8
0x00007feebb8196e4:   00 00 00 4c 89 ef e8 01 0b 41 00 48 8d 05 12 ac
0x00007feebb8196f4:   85 00 49 89 d8 48 8d 0d e8 aa 53 00 ba 49 06 00
0x00007feebb819704:   00 48 8d 35 3c 35 58 00 bf 00 00 00 e0 48 8b 00
0x00007feebb819714:   c6 00 58 31 c0 e8 e2 91 c6 ff 5b 41 5c 41 5d 41
0x00007feebb819724:   5e 5d e9 55 34 26 00 0f 1f 44 00 00 48 8d 05 81
0x00007feebb819734:   a3 8b 00 48 89 df 4c 8b 30 e8 9e 43 8d ff 48 89
0x00007feebb819744:   de 48 89 c2 49 8b 06 4c 89 f7 ff 50 08 4c 89 f7
0x00007feebb819754:   e8 a7 5c 27 00 4d 85 e4 74 12 be 01 00 00 00 4c
0x00007feebb819764:   89 e7 e8 35 43 fc ff eb 82 0f 1f 00 be 01 00 00
0x00007feebb819774:   00 4c 89 ef e8 d3 fd ff ff e9 6d ff ff ff 66 66
0x00007feebb819784:   2e 0f 1f 84 00 00 00 00 00 0f 1f 00 55 48 89 e5
0x00007feebb819794:   41 57 41 56 41 55 41 54 53 48 81 ec 08 02 00 00
0x00007feebb8197a4:   64 48 8b 04 25 28 00 00 00 48 89 45 c8 8b 07 83
0x00007feebb8197b4:   f8 02 0f 84 11 04 00 00 4c 8b 6f 18 49 89 ff 49
0x00007feebb8197c4:   89 f4 4d 85 ed 74 14 4c 89 ef e8 5d 57 22 00 41
0x00007feebb8197d4:   8b 07 83 f8 02 0f 84 19 04 00 00 48 8d 1d 9a 06
0x00007feebb8197e4:   8a 00 4c 8d 35 0b 3c 58 00 eb 38 90 48 85 d2 7f
0x00007feebb8197f4:   0d 48 8d 05 b4 c0 85 00 48 83 38 00 7e 0e 41 8b
0x00007feebb819804:   77 2c 4c 89 f7 31 c0 e8 a0 b2 f7 ff 49 8b 7f 18 


Stack slot to memory mapping:
stack at sp + 0 slots: 0x00007fee9b1b1940 is pointing into the stack for thread: 0x00007feeb40b21e0
stack at sp + 1 slots: 0x00007feeb40b21e0 is a thread
stack at sp + 2 slots: 0x00007feeb96328c8 points into unknown readable memory: 0x6573001880c9ffff | ff ff c9 80 18 00 73 65
stack at sp + 3 slots: 0x0000000800c417a0 is a pointer to class: 
jdk.vm.ci.services.Services {0x0000000800c417a0}
 - instance size:     2
 - klass size:        65
 - access:            public final synchronized 
 - state:             fully_initialized
 - name:              'jdk/vm/ci/services/Services'
 - super:             'java/lang/Object'
 - sub:               
 - arrays:            NULL
 - methods:           Array<T>(0x00007feeb8443440)
 - method ordering:   Array<T>(0x0000000800928960)
 - default_methods:   Array<T>(0x0000000000000000)
 - local interfaces:  Array<T>(0x00000008005ce810)
 - trans. interfaces: Array<T>(0x00000008005ce810)
 - constants:         constant pool [427] {0x00007feeb8442520} for 'jdk/vm/ci/services/Services' cache=0x00007feeb8444710
 - class loader data:  loader data: 0x00007feeb40283f0 of 'bootstrap'
 - source file:       'Services.java'
 - class annotations:       Array<T>(0x0000000000000000)
 - class type annotations:  Array<T>(0x0000000000000000)
 - field annotations:       Array<T>(0x0000000000000000)
 - field type annotations:  Array<T>(0x0000000000000000)
 - inner classes:     Array<T>(0x00007feeb84446e0)
 - nest members:     Array<T>(0x00007feeb8444700)
 - permitted subclasses:     Array<T>(0x00000008005ce7a0)
 - java mirror:       a 'java/lang/Class'{0x00000000e02b1a00} = 'jdk/vm/ci/services/Services'
 - vtable length      5  (start addr: 0x0000000800c41970)
 - itable length      2 (start addr: 0x0000000800c41998)
 - ---- static fields (3 words):
 - public static final 'IS_BUILDING_NATIVE_IMAGE' 'Z' @128 
 - public static final 'IS_IN_NATIVE_IMAGE' 'Z' @129 
 - private static volatile 'savedProperties' 'Ljava/util/Map;' @112 
 - static final 'JVMCI_ENABLED' 'Z' @130 
 - private static final 'servicesCache' 'Ljava/util/Map;' @116 
 - private static final 'MAX_UNICODE_IN_UTF8_LENGTH' 'I' @120 
 - private static final 'MAX_UTF8_PROPERTY_STRING_LENGTH' 'I' @124 
 - ---- non-static fields (0 words):
 - non-static oop maps: 
stack at sp + 4 slots: 0x00007fee9b1b1500 is pointing into the stack for thread: 0x00007feeb40b21e0
stack at sp + 5 slots: 0x00007feebb7e52fe: <offset 0x000000000093e2fe> in /nix/store/gpxl5qgg8kicmcvivwmybwjlpf7wh20l-graalvm17-ce-22.3.0/lib/server/libjvm.so at 0x00007feebaea7000
stack at sp + 6 slots: 0x00007fee9b1b13e0 is pointing into the stack for thread: 0x00007feeb40b21e0
stack at sp + 7 slots: 0x00007fee9b1b1440 is pointing into the stack for thread: 0x00007feeb40b21e0


---------------  P R O C E S S  ---------------

Threads class SMR info:
_java_thread_list=0x00007fee2400d120, length=26, elements={
0x00007feeb4026690, 0x00007feeb40a64d0, 0x00007feeb40a7910, 0x00007feeb40ae050,
0x00007feeb40af400, 0x00007feeb40b07f0, 0x00007feeb40b21e0, 0x00007feeb40b36f0,
0x00007feeb40b4b40, 0x00007feeb40dfd20, 0x00007feeb41279b0, 0x00007feeb42fd130,
0x00007feeb43451e0, 0x00007feeb43480d0, 0x00007fee48032f30, 0x00007fee48414ac0,
0x00007fee380010d0, 0x00007fee3c0010d0, 0x00007fee4863fa00, 0x00007fee487c7840,
0x00007feeb43604d0, 0x00007feeb4400180, 0x00007fee24001f00, 0x00007fee401252b0,
0x00007fee40127200, 0x00007fee4012ab50
}

Java Threads: ( => current thread )
  0x00007feeb4026690 JavaThread "main" [_thread_blocked, id=23284, stack(0x00007feebacc2000,0x00007feebadc2000)]
  0x00007feeb40a64d0 JavaThread "Reference Handler" daemon [_thread_blocked, id=23287, stack(0x00007feeb8cd9000,0x00007feeb8dd9000)]
  0x00007feeb40a7910 JavaThread "Finalizer" daemon [_thread_blocked, id=23288, stack(0x00007feeb8300000,0x00007feeb8400000)]
  0x00007feeb40ae050 JavaThread "Signal Dispatcher" daemon [_thread_blocked, id=23289, stack(0x00007fee9b3b3000,0x00007fee9b4b3000)]
  0x00007feeb40af400 JavaThread "Service Thread" daemon [_thread_blocked, id=23290, stack(0x00007fee9b2b3000,0x00007fee9b3b3000)]
  0x00007feeb40b07f0 JavaThread "Monitor Deflation Thread" daemon [_thread_blocked, id=23291, stack(0x00007fee9b1b3000,0x00007fee9b2b3000)]
=>0x00007feeb40b21e0 JavaThread "JVMCI-native CompilerThread0" daemon [_thread_in_vm, id=23292, stack(0x00007fee9afb3000,0x00007fee9b1b3000)]
  0x00007feeb40b36f0 JavaThread "C1 CompilerThread0" daemon [_thread_blocked, id=23293, stack(0x00007fee9adb3000,0x00007fee9afb3000)]
  0x00007feeb40b4b40 JavaThread "Sweeper thread" daemon [_thread_blocked, id=23294, stack(0x00007fee9acb3000,0x00007fee9adb3000)]
  0x00007feeb40dfd20 JavaThread "Common-Cleaner" daemon [_thread_blocked, id=23296, stack(0x00007fee9abb3000,0x00007fee9acb3000)]
  0x00007feeb41279b0 JavaThread "Notification Thread" daemon [_thread_blocked, id=23297, stack(0x00007fee9aab3000,0x00007fee9abb3000)]
  0x00007feeb42fd130 JavaThread "Active Thread: Equinox Container: 4913f02d-1724-4df9-b253-c958c5344b3c" [_thread_blocked, id=23309, stack(0x00007fee98500000,0x00007fee98600000)]
  0x00007feeb43451e0 JavaThread "Framework Event Dispatcher: Equinox Container: 4913f02d-1724-4df9-b253-c958c5344b3c" daemon [_thread_blocked, id=23310, stack(0x00007fee98400000,0x00007fee98500000)]
  0x00007feeb43480d0 JavaThread "Start Level: Equinox Container: 4913f02d-1724-4df9-b253-c958c5344b3c" daemon [_thread_blocked, id=23311, stack(0x00007fee98300000,0x00007fee98400000)]
  0x00007fee48032f30 JavaThread "SCR Component Actor" daemon [_thread_blocked, id=23312, stack(0x00007fee98200000,0x00007fee98300000)]
  0x00007fee48414ac0 JavaThread "Worker-JM" [_thread_blocked, id=23318, stack(0x00007fee62d00000,0x00007fee62e00000)]
  0x00007fee380010d0 JavaThread "Worker-1: Java indexing... " [_thread_blocked, id=23320, stack(0x00007fee62900000,0x00007fee62a00000)]
  0x00007fee3c0010d0 JavaThread "Worker-2: Periodic workspace save." [_thread_blocked, id=23321, stack(0x00007fee62800000,0x00007fee62900000)]
  0x00007fee4863fa00 JavaThread "Java indexing" daemon [_thread_blocked, id=23326, stack(0x00007fee62700000,0x00007fee62800000)]
  0x00007fee487c7840 JavaThread "Bundle File Closer" daemon [_thread_blocked, id=23327, stack(0x00007fee62500000,0x00007fee62600000)]
  0x00007feeb43604d0 JavaThread "pool-3-thread-1" [_thread_blocked, id=23328, stack(0x00007fee62300000,0x00007fee62400000)]
  0x00007feeb4400180 JavaThread "pool-2-thread-1" [_thread_in_native, id=23333, stack(0x00007fee98100000,0x00007fee98200000)]
  0x00007fee24001f00 JavaThread "Worker-5: Compacting resource model" [_thread_blocked, id=23352, stack(0x00007fee61d00000,0x00007fee61e00000)]
  0x00007fee401252b0 JavaThread "Thread-2" [_thread_blocked, id=23368, stack(0x00007fee62400000,0x00007fee62500000)]
  0x00007fee40127200 JavaThread "Thread-4" [_thread_blocked, id=23370, stack(0x00007fee62000000,0x00007fee62100000)]
  0x00007fee4012ab50 JavaThread "Thread-7" [_thread_blocked, id=23373, stack(0x00007fee61700000,0x00007fee61800000)]

Other Threads:
  0x00007feeb40a1c10 VMThread "VM Thread" [stack: 0x00007feeb8ddb000,0x00007feeb8edb000] [id=23286] _threads_hazard_ptr=0x00007fee2400d120
  0x00007feeb4129350 WatcherThread [stack: 0x00007fee9a9b3000,0x00007fee9aab3000] [id=23298]
  0x00007feeb403df30 GCTaskThread "GC Thread#0" [stack: 0x00007feeba885000,0x00007feeba985000] [id=23285]

Threads with active compile tasks:
JVMCI-native CompilerThread0  3140584 10774  s    4       org.eclipse.jdt.internal.core.search.processing.JobManager::currentJob (35 bytes)

VM state: synchronizing (normal execution)

VM Mutex/Monitor currently owned by a thread:  ([mutex/lock_event])
[0x00007feeb4023840] Threads_lock - owner thread: 0x00007feeb40a1c10
[0x00007feeb4023ff0] Heap_lock - owner thread: 0x00007fee3c0010d0

OutOfMemory and StackOverflow Exception counts:
OutOfMemoryError java_heap_errors=2
LinkageErrors=53

Heap address: 0x00000000e0000000, size: 512 MB, Compressed Oops mode: 32-bit

CDS archive(s) mapped at: [0x0000000800000000-0x0000000800bc8000-0x0000000800bc8000), size 12353536, SharedBaseAddress: 0x0000000800000000, ArchiveRelocationMode: 0.
Compressed class space mapped at: 0x0000000800c00000-0x0000000840c00000, reserved size: 1073741824
Narrow klass base: 0x0000000800000000, Narrow klass shift: 0, Narrow klass range: 0x100000000

GC Precious Log:
 CPUs: 8 total, 1 available
 Memory: 1024M
 Large Page Support: Disabled
 NUMA Support: Disabled
 Compressed Oops: Enabled (32-bit)
 Alignments: Space 512K, Generation 512K, Heap 2M
 Heap Min Capacity: 100M
 Heap Initial Capacity: 100M
 Heap Max Capacity: 512M
 Pre-touch: Disabled
 Parallel Workers: 1

Heap:
 PSYoungGen      total 41984K, used 27135K [0x00000000f5580000, 0x00000000f8f00000, 0x0000000100000000)
  eden space 27136K, 99% used [0x00000000f5580000,0x00000000f6fffff8,0x00000000f7000000)
  from space 14848K, 0% used [0x00000000f7000000,0x00000000f7000000,0x00000000f7e80000)
  to   space 14848K, 0% used [0x00000000f7e80000,0x00000000f7e80000,0x00000000f8d00000)
 ParOldGen       total 349696K, used 349695K [0x00000000e0000000, 0x00000000f5580000, 0x00000000f5580000)
  object space 349696K, 99% used [0x00000000e0000000,0x00000000f557ffe0,0x00000000f5580000)
 Metaspace       used 53982K, committed 54784K, reserved 1105920K
  class space    used 4957K, committed 5312K, reserved 1048576K

Card table byte_map: [0x00007feeba985000,0x00007feebaa86000] _byte_map_base: 0x00007feeba285000

Marking Bits: (ParMarkBitMap*) 0x00007feebc0d54c0
 Begin Bits: [0x00007feeb97d8000, 0x00007feeb9fd8000)
 End Bits:   [0x00007feeb9fd8000, 0x00007feeba7d8000)

Polling page: 0x00007feebac9f000

Metaspace:

Usage:
  Non-class:     47.88 MB used.
      Class:      4.84 MB used.
       Both:     52.72 MB used.

Virtual space:
  Non-class space:       56.00 MB reserved,      48.31 MB ( 86%) committed,  7 nodes.
      Class space:        1.00 GB reserved,       5.19 MB ( <1%) committed,  1 nodes.
             Both:        1.05 GB reserved,      53.50 MB (  5%) committed. 

Chunk freelists:
   Non-Class:  3.05 MB
       Class:  2.87 MB
        Both:  5.92 MB

MaxMetaspaceSize: unlimited
CompressedClassSpaceSize: 1.00 GB
Initial GC threshold: 21.00 MB
Current GC threshold: 89.06 MB
CDS: on
MetaspaceReclaimPolicy: balanced
 - commit_granule_bytes: 65536.
 - commit_granule_words: 8192.
 - virtual_space_node_default_size: 1048576.
 - enlarge_chunks_in_place: 1.
 - new_chunks_are_fully_committed: 0.
 - uncommit_free_chunks: 1.
 - use_allocation_guard: 0.
 - handle_deallocations: 1.


Internal statistics:

num_allocs_failed_limit: 6.
num_arena_births: 392.
num_arena_deaths: 76.
num_vsnodes_births: 8.
num_vsnodes_deaths: 0.
num_space_committed: 855.
num_space_uncommitted: 0.
num_chunks_returned_to_freelist: 103.
num_chunks_taken_from_freelist: 2677.
num_chunk_merges: 30.
num_chunk_splits: 1698.
num_chunks_enlarged: 1029.
num_purges: 18.
num_inconsistent_stats: 0.

CodeHeap 'non-profiled nmethods': size=120036Kb used=2804Kb max_used=2804Kb free=117231Kb
 bounds [0x00007feea2f7a000, 0x00007feea323a000, 0x00007feeaa4b3000]
CodeHeap 'profiled nmethods': size=120032Kb used=18954Kb max_used=18954Kb free=101077Kb
 bounds [0x00007fee9ba42000, 0x00007fee9ccd2000, 0x00007feea2f7a000]
CodeHeap 'non-nmethods': size=5692Kb used=1364Kb max_used=1366Kb free=4327Kb
 bounds [0x00007fee9b4b3000, 0x00007fee9b723000, 0x00007fee9ba42000]
 total_blobs=8582 nmethods=7876 adapters=578
 compilation: enabled
              stopped_count=0, restarted_count=0
 full_count=0

JVMCI Events (20 events):
Event: 2690.319 Thread 0x00007feeb40b21e0 destroyed JavaVM[19]@0x00007fee6099e340 for JVMCI runtime 0
Event: 2690.319 Thread 0x00007feeb40b21e0 compacted oop handles in JVMCI runtime 0 from 42 to 42
Event: 2690.319 Thread 0x00007feeb40b21e0 releasing handles for JVMCI runtime 0: oop handles=42, metadata handles={total=87, live=76, blocks=37}
Event: 2690.319 Thread 0x00007feeb40b21e0 detached from JVMCI runtime 0
Event: 2711.994 Thread 0x00007feeb40b21e0 attached to JVMCI runtime 0
Event: 2711.997 Thread 0x00007feeb40b21e0 created JavaVM[20]@0x00007fee6099e340 for JVMCI runtime 0
Event: 2711.997 Thread 0x00007feeb40b21e0 initializing JVMCI runtime 0
Event: 2711.997 Thread 0x00007feeb40b21e0 done waiting for JavaVM references initialization in JVMCI runtime 0
Event: 2739.894 Thread 0x00007feeb40b21e0 initialized JVMCI runtime 0
Event: 2754.212 Thread 0x00007feeb40b21e0 detaching from JVMCI runtime 0: releasing idle compiler thread (0 other threads still attached)
Event: 2754.212 Thread 0x00007feeb40b21e0 shutting down HotSpotJVMCIRuntime for JVMCI runtime 0
Event: 2757.621 Thread 0x00007feeb40b21e0 shut down JVMCI runtime 0
Event: 2759.395 Thread 0x00007feeb40b21e0 destroyed JavaVM[20]@0x00007fee6099e340 for JVMCI runtime 0
Event: 2759.395 Thread 0x00007feeb40b21e0 compacted oop handles in JVMCI runtime 0 from 49 to 49
Event: 2759.395 Thread 0x00007feeb40b21e0 releasing handles for JVMCI runtime 0: oop handles=49, metadata handles={total=96, live=93, blocks=37}
Event: 2759.395 Thread 0x00007feeb40b21e0 detached from JVMCI runtime 0
Event: 3093.499 Thread 0x00007feeb40b21e0 attached to JVMCI runtime 0
Event: 3093.500 Thread 0x00007feeb40b21e0 created JavaVM[21]@0x00007fee6099e340 for JVMCI runtime 0
Event: 3095.683 Thread 0x00007feeb40b21e0 initializing JVMCI runtime 0
Event: 3095.683 Thread 0x00007feeb40b21e0 done waiting for JavaVM references initialization in JVMCI runtime 0

Compilation events (20 events):
Event: 2700.743 Thread 0x00007feeb40b36f0 nmethod 10764 0x00007fee9ccbfb10 code [0x00007fee9ccbfce0, 0x00007fee9ccc00f0]
Event: 2711.994 Thread 0x00007feeb40b21e0 10765       4       java.lang.AbstractStringBuilder::append (63 bytes)
Event: 2752.512 Thread 0x00007feeb40b21e0 nmethod 10765 0x00007feea3236110 code [0x00007feea32362a0, 0x00007feea3236808]
Event: 2805.432 Thread 0x00007feeb40b36f0 10767       3       org.eclipse.core.internal.resources.MarkerManager::isPersistent (49 bytes)
Event: 2805.436 Thread 0x00007feeb40b36f0 nmethod 10767 0x00007fee9ccc0210 code [0x00007fee9ccc0420, 0x00007fee9ccc13f0]
Event: 2805.436 Thread 0x00007feeb40b36f0 10766       3       java.io.DataOutputStream::writeInt (62 bytes)
Event: 2805.437 Thread 0x00007feeb40b36f0 nmethod 10766 0x00007fee9ccc1610 code [0x00007fee9ccc17e0, 0x00007fee9ccc1c80]
Event: 2830.899 Thread 0x00007feeb40b36f0 10768  s    3       java.io.BufferedOutputStream::write (67 bytes)
Event: 2830.900 Thread 0x00007feeb40b36f0 nmethod 10768 0x00007fee9ccc1e10 code [0x00007fee9ccc2020, 0x00007fee9ccc2b90]
Event: 2830.900 Thread 0x00007feeb40b36f0 10769  s    3       java.io.BufferedOutputStream::write (35 bytes)
Event: 2830.900 Thread 0x00007feeb40b36f0 nmethod 10769 0x00007fee9ccc2d90 code [0x00007fee9ccc2f60, 0x00007fee9ccc3480]
Event: 2867.997 Thread 0x00007feeb40b36f0 10770       3       java.io.DataOutputStream::writeLong (118 bytes)
Event: 2873.086 Thread 0x00007feeb40b36f0 nmethod 10770 0x00007fee9ccc3610 code [0x00007fee9ccc37e0, 0x00007fee9ccc3d60]
Event: 2879.382 Thread 0x00007feeb40b36f0 10771       1       org.eclipse.core.internal.resources.MarkerAttributeMap::size (5 bytes)
Event: 2879.382 Thread 0x00007feeb40b36f0 nmethod 10771 0x00007feea3236a90 code [0x00007feea3236c20, 0x00007feea3236cf0]
Event: 3052.092 Thread 0x00007feeb40b36f0 10772       3       org.eclipse.core.internal.resources.MarkerInfo::getAttributes (32 bytes)
Event: 3054.110 Thread 0x00007feeb40b36f0 nmethod 10772 0x00007fee9ccc3f90 code [0x00007fee9ccc4180, 0x00007fee9ccc46e0]
Event: 3054.110 Thread 0x00007feeb40b36f0 10773       1       org.eclipse.core.internal.resources.MarkerInfo::getCreationTime (5 bytes)
Event: 3054.110 Thread 0x00007feeb40b36f0 nmethod 10773 0x00007feea3236d90 code [0x00007feea3236f20, 0x00007feea3236ff0]
Event: 3093.499 Thread 0x00007feeb40b21e0 10774  s    4       org.eclipse.jdt.internal.core.search.processing.JobManager::currentJob (35 bytes)

GC Heap History (20 events):
Event: 3116.368 GC heap before
{Heap before GC invocations=1898 (full 1790):
 PSYoungGen      total 41984K, used 27136K [0x00000000f5580000, 0x00000000f8f00000, 0x0000000100000000)
  eden space 27136K, 100% used [0x00000000f5580000,0x00000000f7000000,0x00000000f7000000)
  from space 14848K, 0% used [0x00000000f7000000,0x00000000f7000000,0x00000000f7e80000)
  to   space 14848K, 0% used [0x00000000f7e80000,0x00000000f7e80000,0x00000000f8d00000)
 ParOldGen       total 349696K, used 349526K [0x00000000e0000000, 0x00000000f5580000, 0x00000000f5580000)
  object space 349696K, 99% used [0x00000000e0000000,0x00000000f55559e0,0x00000000f5580000)
 Metaspace       used 53982K, committed 54784K, reserved 1105920K
  class space    used 4957K, committed 5312K, reserved 1048576K
}
Event: 3118.784 GC heap after
{Heap after GC invocations=1898 (full 1790):
 PSYoungGen      total 41984K, used 27135K [0x00000000f5580000, 0x00000000f8f00000, 0x0000000100000000)
  eden space 27136K, 99% used [0x00000000f5580000,0x00000000f6fffdf8,0x00000000f7000000)
  from space 14848K, 0% used [0x00000000f7e80000,0x00000000f7e80000,0x00000000f8d00000)
  to   space 14848K, 0% used [0x00000000f7000000,0x00000000f7000000,0x00000000f7e80000)
 ParOldGen       total 349696K, used 349526K [0x00000000e0000000, 0x00000000f5580000, 0x00000000f5580000)
  object space 349696K, 99% used [0x00000000e0000000,0x00000000f55559e0,0x00000000f5580000)
 Metaspace       used 53982K, committed 54784K, reserved 1105920K
  class space    used 4957K, committed 5312K, reserved 1048576K
}
Event: 3118.785 GC heap before
{Heap before GC invocations=1899 (full 1791):
 PSYoungGen      total 41984K, used 27135K [0x00000000f5580000, 0x00000000f8f00000, 0x0000000100000000)
  eden space 27136K, 99% used [0x00000000f5580000,0x00000000f6fffff8,0x00000000f7000000)
  from space 14848K, 0% used [0x00000000f7e80000,0x00000000f7e80000,0x00000000f8d00000)
  to   space 14848K, 0% used [0x00000000f7000000,0x00000000f7000000,0x00000000f7e80000)
 ParOldGen       total 349696K, used 349526K [0x00000000e0000000, 0x00000000f5580000, 0x00000000f5580000)
  object space 349696K, 99% used [0x00000000e0000000,0x00000000f55559e0,0x00000000f5580000)
 Metaspace       used 53982K, committed 54784K, reserved 1105920K
  class space    used 4957K, committed 5312K, reserved 1048576K
}
Event: 3121.289 GC heap after
{Heap after GC invocations=1899 (full 1791):
 PSYoungGen      total 41984K, used 27135K [0x00000000f5580000, 0x00000000f8f00000, 0x0000000100000000)
  eden space 27136K, 99% used [0x00000000f5580000,0x00000000f6ffff78,0x00000000f7000000)
  from space 14848K, 0% used [0x00000000f7000000,0x00000000f7000000,0x00000000f7e80000)
  to   space 14848K, 0% used [0x00000000f7e80000,0x00000000f7e80000,0x00000000f8d00000)
 ParOldGen       total 349696K, used 349526K [0x00000000e0000000, 0x00000000f5580000, 0x00000000f5580000)
  object space 349696K, 99% used [0x00000000e0000000,0x00000000f55559e0,0x00000000f5580000)
 Metaspace       used 53982K, committed 54784K, reserved 1105920K
  class space    used 4957K, committed 5312K, reserved 1048576K
}
Event: 3121.290 GC heap before
{Heap before GC invocations=1900 (full 1792):
 PSYoungGen      total 41984K, used 27135K [0x00000000f5580000, 0x00000000f8f00000, 0x0000000100000000)
  eden space 27136K, 99% used [0x00000000f5580000,0x00000000f6fffff8,0x00000000f7000000)
  from space 14848K, 0% used [0x00000000f7000000,0x00000000f7000000,0x00000000f7e80000)
  to   space 14848K, 0% used [0x00000000f7e80000,0x00000000f7e80000,0x00000000f8d00000)
 ParOldGen       total 349696K, used 349526K [0x00000000e0000000, 0x00000000f5580000, 0x00000000f5580000)
  object space 349696K, 99% used [0x00000000e0000000,0x00000000f55559e0,0x00000000f5580000)
 Metaspace       used 53982K, committed 54784K, reserved 1105920K
  class space    used 4957K, committed 5312K, reserved 1048576K
}
Event: 3123.728 GC heap after
{Heap after GC invocations=1900 (full 1792):
 PSYoungGen      total 41984K, used 27135K [0x00000000f5580000, 0x00000000f8f00000, 0x0000000100000000)
  eden space 27136K, 99% used [0x00000000f5580000,0x00000000f6ffffc0,0x00000000f7000000)
  from space 14848K, 0% used [0x00000000f7e80000,0x00000000f7e80000,0x00000000f8d00000)
  to   space 14848K, 0% used [0x00000000f7000000,0x00000000f7000000,0x00000000f7e80000)
 ParOldGen       total 349696K, used 349526K [0x00000000e0000000, 0x00000000f5580000, 0x00000000f5580000)
  object space 349696K, 99% used [0x00000000e0000000,0x00000000f55559c0,0x00000000f5580000)
 Metaspace       used 53982K, committed 54784K, reserved 1105920K
  class space    used 4957K, committed 5312K, reserved 1048576K
}
Event: 3123.732 GC heap before
{Heap before GC invocations=1901 (full 1793):
 PSYoungGen      total 41984K, used 27135K [0x00000000f5580000, 0x00000000f8f00000, 0x0000000100000000)
  eden space 27136K, 99% used [0x00000000f5580000,0x00000000f6fffff8,0x00000000f7000000)
  from space 14848K, 0% used [0x00000000f7e80000,0x00000000f7e80000,0x00000000f8d00000)
  to   space 14848K, 0% used [0x00000000f7000000,0x00000000f7000000,0x00000000f7e80000)
 ParOldGen       total 349696K, used 349526K [0x00000000e0000000, 0x00000000f5580000, 0x00000000f5580000)
  object space 349696K, 99% used [0x00000000e0000000,0x00000000f55559c0,0x00000000f5580000)
 Metaspace       used 53982K, committed 54784K, reserved 1105920K
  class space    used 4957K, committed 5312K, reserved 1048576K
}
Event: 3126.278 GC heap after
{Heap after GC invocations=1901 (full 1793):
 PSYoungGen      total 41984K, used 27135K [0x00000000f5580000, 0x00000000f8f00000, 0x0000000100000000)
  eden space 27136K, 99% used [0x00000000f5580000,0x00000000f6ffffd8,0x00000000f7000000)
  from space 14848K, 0% used [0x00000000f7000000,0x00000000f7000000,0x00000000f7e80000)
  to   space 14848K, 0% used [0x00000000f7e80000,0x00000000f7e80000,0x00000000f8d00000)
 ParOldGen       total 349696K, used 349526K [0x00000000e0000000, 0x00000000f5580000, 0x00000000f5580000)
  object space 349696K, 99% used [0x00000000e0000000,0x00000000f55559c0,0x00000000f5580000)
 Metaspace       used 53982K, committed 54784K, reserved 1105920K
  class space    used 4957K, committed 5312K, reserved 1048576K
}
Event: 3126.278 GC heap before
{Heap before GC invocations=1902 (full 1794):
 PSYoungGen      total 41984K, used 27135K [0x00000000f5580000, 0x00000000f8f00000, 0x0000000100000000)
  eden space 27136K, 99% used [0x00000000f5580000,0x00000000f6fffff0,0x00000000f7000000)
  from space 14848K, 0% used [0x00000000f7000000,0x00000000f7000000,0x00000000f7e80000)
  to   space 14848K, 0% used [0x00000000f7e80000,0x00000000f7e80000,0x00000000f8d00000)
 ParOldGen       total 349696K, used 349526K [0x00000000e0000000, 0x00000000f5580000, 0x00000000f5580000)
  object space 349696K, 99% used [0x00000000e0000000,0x00000000f55559c0,0x00000000f5580000)
 Metaspace       used 53982K, committed 54784K, reserved 1105920K
  class space    used 4957K, committed 5312K, reserved 1048576K
}
Event: 3128.637 GC heap after
{Heap after GC invocations=1902 (full 1794):
 PSYoungGen      total 41984K, used 27135K [0x00000000f5580000, 0x00000000f8f00000, 0x0000000100000000)
  eden space 27136K, 99% used [0x00000000f5580000,0x00000000f6fffff0,0x00000000f7000000)
  from space 14848K, 0% used [0x00000000f7e80000,0x00000000f7e80000,0x00000000f8d00000)
  to   space 14848K, 0% used [0x00000000f7000000,0x00000000f7000000,0x00000000f7e80000)
 ParOldGen       total 349696K, used 349526K [0x00000000e0000000, 0x00000000f5580000, 0x00000000f5580000)
  object space 349696K, 99% used [0x00000000e0000000,0x00000000f55559c0,0x00000000f5580000)
 Metaspace       used 53982K, committed 54784K, reserved 1105920K
  class space    used 4957K, committed 5312K, reserved 1048576K
}
Event: 3128.637 GC heap before
{Heap before GC invocations=1903 (full 1795):
 PSYoungGen      total 41984K, used 27135K [0x00000000f5580000, 0x00000000f8f00000, 0x0000000100000000)
  eden space 27136K, 99% used [0x00000000f5580000,0x00000000f6fffff0,0x00000000f7000000)
  from space 14848K, 0% used [0x00000000f7e80000,0x00000000f7e80000,0x00000000f8d00000)
  to   space 14848K, 0% used [0x00000000f7000000,0x00000000f7000000,0x00000000f7e80000)
 ParOldGen       total 349696K, used 349695K [0x00000000e0000000, 0x00000000f5580000, 0x00000000f5580000)
  object space 349696K, 99% used [0x00000000e0000000,0x00000000f557fe98,0x00000000f5580000)
 Metaspace       used 53982K, committed 54784K, reserved 1105920K
  class space    used 4957K, committed 5312K, reserved 1048576K
}
Event: 3131.099 GC heap after
{Heap after GC invocations=1903 (full 1795):
 PSYoungGen      total 41984K, used 27135K [0x00000000f5580000, 0x00000000f8f00000, 0x0000000100000000)
  eden space 27136K, 99% used [0x00000000f5580000,0x00000000f6ffff30,0x00000000f7000000)
  from space 14848K, 0% used [0x00000000f7000000,0x00000000f7000000,0x00000000f7e80000)
  to   space 14848K, 0% used [0x00000000f7e80000,0x00000000f7e80000,0x00000000f8d00000)
 ParOldGen       total 349696K, used 349695K [0x00000000e0000000, 0x00000000f5580000, 0x00000000f5580000)
  object space 349696K, 99% used [0x00000000e0000000,0x00000000f557fe98,0x00000000f5580000)
 Metaspace       used 53982K, committed 54784K, reserved 1105920K
  class space    used 4957K, committed 5312K, reserved 1048576K
}
Event: 3131.099 GC heap before
{Heap before GC invocations=1904 (full 1796):
 PSYoungGen      total 41984K, used 27135K [0x00000000f5580000, 0x00000000f8f00000, 0x0000000100000000)
  eden space 27136K, 99% used [0x00000000f5580000,0x00000000f6ffff30,0x00000000f7000000)
  from space 14848K, 0% used [0x00000000f7000000,0x00000000f7000000,0x00000000f7e80000)
  to   space 14848K, 0% used [0x00000000f7e80000,0x00000000f7e80000,0x00000000f8d00000)
 ParOldGen       total 349696K, used 349695K [0x00000000e0000000, 0x00000000f5580000, 0x00000000f5580000)
  object space 349696K, 99% used [0x00000000e0000000,0x00000000f557fe98,0x00000000f5580000)
 Metaspace       used 53982K, committed 54784K, reserved 1105920K
  class space    used 4957K, committed 5312K, reserved 1048576K
}
Event: 3133.469 GC heap after
{Heap after GC invocations=1904 (full 1796):
 PSYoungGen      total 41984K, used 27135K [0x00000000f5580000, 0x00000000f8f00000, 0x0000000100000000)
  eden space 27136K, 99% used [0x00000000f5580000,0x00000000f6ffff30,0x00000000f7000000)
  from space 14848K, 0% used [0x00000000f7e80000,0x00000000f7e80000,0x00000000f8d00000)
  to   space 14848K, 0% used [0x00000000f7000000,0x00000000f7000000,0x00000000f7e80000)
 ParOldGen       total 349696K, used 349695K [0x00000000e0000000, 0x00000000f5580000, 0x00000000f5580000)
  object space 349696K, 99% used [0x00000000e0000000,0x00000000f557fe98,0x00000000f5580000)
 Metaspace       used 53982K, committed 54784K, reserved 1105920K
  class space    used 4957K, committed 5312K, reserved 1048576K
}
Event: 3133.472 GC heap before
{Heap before GC invocations=1905 (full 1797):
 PSYoungGen      total 41984K, used 27136K [0x00000000f5580000, 0x00000000f8f00000, 0x0000000100000000)
  eden space 27136K, 100% used [0x00000000f5580000,0x00000000f7000000,0x00000000f7000000)
  from space 14848K, 0% used [0x00000000f7e80000,0x00000000f7e80000,0x00000000f8d00000)
  to   space 14848K, 0% used [0x00000000f7000000,0x00000000f7000000,0x00000000f7e80000)
 ParOldGen       total 349696K, used 349695K [0x00000000e0000000, 0x00000000f5580000, 0x00000000f5580000)
  object space 349696K, 99% used [0x00000000e0000000,0x00000000f557ffe8,0x00000000f5580000)
 Metaspace       used 53982K, committed 54784K, reserved 1105920K
  class space    used 4957K, committed 5312K, reserved 1048576K
}
Event: 3135.824 GC heap after
{Heap after GC invocations=1905 (full 1797):
 PSYoungGen      total 41984K, used 27135K [0x00000000f5580000, 0x00000000f8f00000, 0x0000000100000000)
  eden space 27136K, 99% used [0x00000000f5580000,0x00000000f6ffff50,0x00000000f7000000)
  from space 14848K, 0% used [0x00000000f7000000,0x00000000f7000000,0x00000000f7e80000)
  to   space 14848K, 0% used [0x00000000f7e80000,0x00000000f7e80000,0x00000000f8d00000)
 ParOldGen       total 349696K, used 349694K [0x00000000e0000000, 0x00000000f5580000, 0x00000000f5580000)
  object space 349696K, 99% used [0x00000000e0000000,0x00000000f557f8f8,0x00000000f5580000)
 Metaspace       used 53982K, committed 54784K, reserved 1105920K
  class space    used 4957K, committed 5312K, reserved 1048576K
}
Event: 3135.825 GC heap before
{Heap before GC invocations=1906 (full 1798):
 PSYoungGen      total 41984K, used 27135K [0x00000000f5580000, 0x00000000f8f00000, 0x0000000100000000)
  eden space 27136K, 99% used [0x00000000f5580000,0x00000000f6ffff88,0x00000000f7000000)
  from space 14848K, 0% used [0x00000000f7000000,0x00000000f7000000,0x00000000f7e80000)
  to   space 14848K, 0% used [0x00000000f7e80000,0x00000000f7e80000,0x00000000f8d00000)
 ParOldGen       total 349696K, used 349694K [0x00000000e0000000, 0x00000000f5580000, 0x00000000f5580000)
  object space 349696K, 99% used [0x00000000e0000000,0x00000000f557f8f8,0x00000000f5580000)
 Metaspace       used 53982K, committed 54784K, reserved 1105920K
  class space    used 4957K, committed 5312K, reserved 1048576K
}
Event: 3138.085 GC heap after
{Heap after GC invocations=1906 (full 1798):
 PSYoungGen      total 41984K, used 27135K [0x00000000f5580000, 0x00000000f8f00000, 0x0000000100000000)
  eden space 27136K, 99% used [0x00000000f5580000,0x00000000f6ffff68,0x00000000f7000000)
  from space 14848K, 0% used [0x00000000f7e80000,0x00000000f7e80000,0x00000000f8d00000)
  to   space 14848K, 0% used [0x00000000f7000000,0x00000000f7000000,0x00000000f7e80000)
 ParOldGen       total 349696K, used 349694K [0x00000000e0000000, 0x00000000f5580000, 0x00000000f5580000)
  object space 349696K, 99% used [0x00000000e0000000,0x00000000f557f8f8,0x00000000f5580000)
 Metaspace       used 53982K, committed 54784K, reserved 1105920K
  class space    used 4957K, committed 5312K, reserved 1048576K
}
Event: 3138.085 GC heap before
{Heap before GC invocations=1907 (full 1799):
 PSYoungGen      total 41984K, used 27135K [0x00000000f5580000, 0x00000000f8f00000, 0x0000000100000000)
  eden space 27136K, 99% used [0x00000000f5580000,0x00000000f6ffff68,0x00000000f7000000)
  from space 14848K, 0% used [0x00000000f7e80000,0x00000000f7e80000,0x00000000f8d00000)
  to   space 14848K, 0% used [0x00000000f7000000,0x00000000f7000000,0x00000000f7e80000)
 ParOldGen       total 349696K, used 349694K [0x00000000e0000000, 0x00000000f5580000, 0x00000000f5580000)
  object space 349696K, 99% used [0x00000000e0000000,0x00000000f557f8f8,0x00000000f5580000)
 Metaspace       used 53982K, committed 54784K, reserved 1105920K
  class space    used 4957K, committed 5312K, reserved 1048576K
}
Event: 3140.444 GC heap after
{Heap after GC invocations=1907 (full 1799):
 PSYoungGen      total 41984K, used 27135K [0x00000000f5580000, 0x00000000f8f00000, 0x0000000100000000)
  eden space 27136K, 99% used [0x00000000f5580000,0x00000000f6ffff68,0x00000000f7000000)
  from space 14848K, 0% used [0x00000000f7000000,0x00000000f7000000,0x00000000f7e80000)
  to   space 14848K, 0% used [0x00000000f7e80000,0x00000000f7e80000,0x00000000f8d00000)
 ParOldGen       total 349696K, used 349694K [0x00000000e0000000, 0x00000000f5580000, 0x00000000f5580000)
  object space 349696K, 99% used [0x00000000e0000000,0x00000000f557f8f8,0x00000000f5580000)
 Metaspace       used 53982K, committed 54784K, reserved 1105920K
  class space    used 4957K, committed 5312K, reserved 1048576K
}

Dll operation events (8 events):
Event: 0.002 Loaded shared library /nix/store/gpxl5qgg8kicmcvivwmybwjlpf7wh20l-graalvm17-ce-22.3.0/lib/libjava.so
Event: 0.009 Loaded shared library /nix/store/gpxl5qgg8kicmcvivwmybwjlpf7wh20l-graalvm17-ce-22.3.0/lib/libjsvml.so
Event: 0.294 Loaded shared library /nix/store/gpxl5qgg8kicmcvivwmybwjlpf7wh20l-graalvm17-ce-22.3.0/lib/libnio.so
Event: 0.297 Loaded shared library /nix/store/gpxl5qgg8kicmcvivwmybwjlpf7wh20l-graalvm17-ce-22.3.0/lib/libzip.so
Event: 0.301 Loaded shared library /nix/store/gpxl5qgg8kicmcvivwmybwjlpf7wh20l-graalvm17-ce-22.3.0/lib/libjvmcicompiler.so
Event: 0.734 Loaded shared library /nix/store/gpxl5qgg8kicmcvivwmybwjlpf7wh20l-graalvm17-ce-22.3.0/lib/libjimage.so
Event: 3.444 Loaded shared library /nix/store/gpxl5qgg8kicmcvivwmybwjlpf7wh20l-graalvm17-ce-22.3.0/lib/libnet.so
Event: 5.066 Loaded shared library /home/runner/.cache/jdt-language-server/config/org.eclipse.equinox.launcher/org.eclipse.equinox.launcher.gtk.linux.x86_64_1.2.400.v20211117-0650/eclipse_11600.so

Deoptimization events (20 events):
Event: 91.969 Thread 0x00007fee4863fa00 DEOPT PACKING pc=0x00007fee9cc6da5d sp=0x00007fee627fe530
Event: 91.969 Thread 0x00007fee4863fa00 DEOPT UNPACKING pc=0x00007fee9b505325 sp=0x00007fee627fda20 mode 0
Event: 91.980 Thread 0x00007fee4863fa00 DEOPT PACKING pc=0x00007fee9cc6da5d sp=0x00007fee627fe530
Event: 91.980 Thread 0x00007fee4863fa00 DEOPT UNPACKING pc=0x00007fee9b505325 sp=0x00007fee627fda20 mode 0
Event: 91.982 Thread 0x00007fee4863fa00 DEOPT PACKING pc=0x00007fee9cc6da5d sp=0x00007fee627fe530
Event: 91.982 Thread 0x00007fee4863fa00 DEOPT UNPACKING pc=0x00007fee9b505325 sp=0x00007fee627fda20 mode 0
Event: 91.988 Thread 0x00007fee4863fa00 DEOPT PACKING pc=0x00007fee9cc6da5d sp=0x00007fee627fe530
Event: 91.988 Thread 0x00007fee4863fa00 DEOPT UNPACKING pc=0x00007fee9b505325 sp=0x00007fee627fda20 mode 0
Event: 91.991 Thread 0x00007fee4863fa00 DEOPT PACKING pc=0x00007fee9cc6da5d sp=0x00007fee627fe530
Event: 91.991 Thread 0x00007fee4863fa00 DEOPT UNPACKING pc=0x00007fee9b505325 sp=0x00007fee627fda20 mode 0
Event: 91.994 Thread 0x00007fee4863fa00 DEOPT PACKING pc=0x00007fee9cc6da5d sp=0x00007fee627fe530
Event: 91.994 Thread 0x00007fee4863fa00 DEOPT UNPACKING pc=0x00007fee9b505325 sp=0x00007fee627fda20 mode 0
Event: 92.068 Thread 0x00007fee4863fa00 DEOPT PACKING pc=0x00007fee9cc6da5d sp=0x00007fee627fe530
Event: 92.068 Thread 0x00007fee4863fa00 DEOPT UNPACKING pc=0x00007fee9b505325 sp=0x00007fee627fda20 mode 0
Event: 92.071 Thread 0x00007fee4863fa00 DEOPT PACKING pc=0x00007fee9cc6da5d sp=0x00007fee627fe530
Event: 92.071 Thread 0x00007fee4863fa00 DEOPT UNPACKING pc=0x00007fee9b505325 sp=0x00007fee627fda20 mode 0
Event: 92.074 Thread 0x00007fee4863fa00 DEOPT PACKING pc=0x00007fee9cc6da5d sp=0x00007fee627fe530
Event: 92.074 Thread 0x00007fee4863fa00 DEOPT UNPACKING pc=0x00007fee9b505325 sp=0x00007fee627fda20 mode 0
Event: 3133.469 Thread 0x00007fee4863fa00 Uncommon trap: trap_request=0xffffff8f fr.pc=0x00007feea31b3942 relative=0x0000000000000642
Event: 3133.469 Thread 0x00007fee4863fa00 Uncommon trap: reason=constraint action=none pc=0x00007feea31b3942 method=org.eclipse.jdt.internal.compiler.util.HashtableOfObject.<init>(I)V @ 65 jvmci

Classes unloaded (20 events):
Event: 155.515 Thread 0x00007feeb40a1c10 Unloading class 0x0000000800d91000 'java/lang/invoke/LambdaForm$MH+0x0000000800d91000'
Event: 155.515 Thread 0x00007feeb40a1c10 Unloading class 0x0000000800d90c00 'java/lang/invoke/LambdaForm$MH+0x0000000800d90c00'
Event: 155.515 Thread 0x00007feeb40a1c10 Unloading class 0x0000000800d90800 'java/lang/invoke/LambdaForm$MH+0x0000000800d90800'
Event: 155.515 Thread 0x00007feeb40a1c10 Unloading class 0x0000000800d90400 'java/lang/invoke/LambdaForm$MH+0x0000000800d90400'
Event: 155.515 Thread 0x00007feeb40a1c10 Unloading class 0x0000000800d90000 'java/lang/invoke/LambdaForm$MH+0x0000000800d90000'
Event: 155.515 Thread 0x00007feeb40a1c10 Unloading class 0x0000000800cb2800 'java/lang/invoke/LambdaForm$MH+0x0000000800cb2800'
Event: 155.515 Thread 0x00007feeb40a1c10 Unloading class 0x0000000800cb2000 'java/lang/invoke/LambdaForm$MH+0x0000000800cb2000'
Event: 155.515 Thread 0x00007feeb40a1c10 Unloading class 0x0000000800cb1c00 'java/lang/invoke/LambdaForm$MH+0x0000000800cb1c00'
Event: 155.515 Thread 0x00007feeb40a1c10 Unloading class 0x0000000800cb1800 'java/lang/invoke/LambdaForm$MH+0x0000000800cb1800'
Event: 155.515 Thread 0x00007feeb40a1c10 Unloading class 0x0000000800cb1000 'java/lang/invoke/LambdaForm$MH+0x0000000800cb1000'
Event: 155.515 Thread 0x00007feeb40a1c10 Unloading class 0x0000000800cb0c00 'java/lang/invoke/LambdaForm$MH+0x0000000800cb0c00'
Event: 155.515 Thread 0x00007feeb40a1c10 Unloading class 0x0000000800cb0800 'java/lang/invoke/LambdaForm$MH+0x0000000800cb0800'
Event: 155.515 Thread 0x00007feeb40a1c10 Unloading class 0x0000000800cb0000 'java/lang/invoke/LambdaForm$MH+0x0000000800cb0000'
Event: 182.796 Thread 0x00007feeb40a1c10 Unloading class 0x0000000800d7c000 'jdk/internal/reflect/GeneratedConstructorAccessor3'
Event: 192.177 Thread 0x00007feeb40a1c10 Unloading class 0x000000080110c000 'jdk/internal/reflect/GeneratedConstructorAccessor30'
Event: 193.975 Thread 0x00007feeb40a1c10 Unloading class 0x0000000801100800 'jdk/internal/reflect/GeneratedConstructorAccessor29'
Event: 1632.788 Thread 0x00007feeb40a1c10 Unloading class 0x000000080110c000 'jdk/internal/reflect/GeneratedSerializationConstructorAccessor5'
Event: 1632.788 Thread 0x00007feeb40a1c10 Unloading class 0x0000000801100800 'jdk/internal/reflect/GeneratedSerializationConstructorAccessor4'
Event: 1667.685 Thread 0x00007feeb40a1c10 Unloading class 0x0000000800d7c000 'jdk/internal/reflect/GeneratedSerializationConstructorAccessor6'
Event: 1776.194 Thread 0x00007feeb40a1c10 Unloading class 0x0000000800dbc400 'jdk/internal/reflect/GeneratedSerializationConstructorAccessor7'

Classes redefined (0 events):
No events

Internal exceptions (20 events):
Event: 43.585 Thread 0x00007fee3c0010d0 Exception <a 'sun/nio/fs/UnixException'{0x00000000f5cbeef8}> (0x00000000f5cbeef8) 
thrown [src/hotspot/share/prims/jni.cpp, line 516]
Event: 43.585 Thread 0x00007fee3c0010d0 Exception <a 'sun/nio/fs/UnixException'{0x00000000f5cc22a0}> (0x00000000f5cc22a0) 
thrown [src/hotspot/share/prims/jni.cpp, line 516]
Event: 43.586 Thread 0x00007fee3c0010d0 Exception <a 'sun/nio/fs/UnixException'{0x00000000f5cc5c50}> (0x00000000f5cc5c50) 
thrown [src/hotspot/share/prims/jni.cpp, line 516]
Event: 44.669 Thread 0x00007fee401285d0 Exception <a 'java/lang/NoSuchMethodError'{0x00000000f603ce20}: 'int java.lang.invoke.DirectMethodHandle$Holder.invokeSpecialIFC(java.lang.Object, java.lang.Object, java.lang.Object, java.lang.Object)'> (0x00000000f603ce20) 
thrown [src/hotspot/share/interpreter/linkResolver.cpp, line 758]
Event: 48.971 Thread 0x00007fee4863fa00 Exception <a 'sun/nio/fs/UnixException'{0x00000000f60bd288}> (0x00000000f60bd288) 
thrown [src/hotspot/share/prims/jni.cpp, line 516]
Event: 49.069 Thread 0x00007fee3c0010d0 Exception <a 'sun/nio/fs/UnixException'{0x00000000f64ff358}> (0x00000000f64ff358) 
thrown [src/hotspot/share/prims/jni.cpp, line 516]
Event: 49.069 Thread 0x00007fee3c0010d0 Exception <a 'sun/nio/fs/UnixException'{0x00000000f651b9a8}> (0x00000000f651b9a8) 
thrown [src/hotspot/share/prims/jni.cpp, line 516]
Event: 49.190 Thread 0x00007fee3c0010d0 Exception <a 'sun/nio/fs/UnixException'{0x00000000f6538598}> (0x00000000f6538598) 
thrown [src/hotspot/share/prims/jni.cpp, line 516]
Event: 49.568 Thread 0x00007fee3c0010d0 Exception <a 'sun/nio/fs/UnixException'{0x00000000f5723628}> (0x00000000f5723628) 
thrown [src/hotspot/share/prims/jni.cpp, line 516]
Event: 49.877 Thread 0x00007fee484975b0 Exception <a 'java/lang/NoSuchMethodError'{0x00000000f5986208}: 'java.lang.Object java.lang.invoke.DirectMethodHandle$Holder.invokeStatic(java.lang.Object, java.lang.Object, java.lang.Object, long)'> (0x00000000f5986208) 
thrown [src/hotspot/share/interpreter/linkResolver.cpp, line 758]
Event: 49.881 Thread 0x00007fee484975b0 Exception <a 'java/lang/NoSuchMethodError'{0x00000000f598f758}: 'java.lang.Object java.lang.invoke.DirectMethodHandle$Holder.newInvokeSpecial(java.lang.Object, java.lang.Object, java.lang.Object, long)'> (0x00000000f598f758) 
thrown [src/hotspot/share/interpreter/linkResolver.cpp, line 758]
Event: 49.881 Thread 0x00007fee484975b0 Exception <a 'java/lang/NoSuchMethodError'{0x00000000f5994af0}: 'java.lang.Object java.lang.invoke.DirectMethodHandle$Holder.invokeSpecial(java.lang.Object, java.lang.Object, java.lang.Object, java.lang.Object, long)'> (0x00000000f5994af0) 
thrown [src/hotspot/share/interpreter/linkResolver.cpp, line 758]
Event: 49.882 Thread 0x00007fee484975b0 Exception <a 'java/lang/NoSuchMethodError'{0x00000000f5998b30}: 'java.lang.Object java.lang.invoke.Invokers$Holder.linkToTargetMethod(java.lang.Object, java.lang.Object, long, java.lang.Object)'> (0x00000000f5998b30) 
thrown [src/hotspot/share/interpreter/linkResolver.cpp, line 758]
Event: 53.281 Thread 0x00007fee20000ff0 Implicit null exception at 0x00007feea2fd9039 to 0x00007feea2fd90bc
Event: 2387.772 Thread 0x00007fee3c0010d0 Exception <a 'java/lang/NoSuchMethodError'{0x00000000f6fffbe0}: 'java.lang.Object java.lang.invoke.DirectMethodHandle$Holder.newInvokeSpecial(java.lang.Object, java.lang.Object, java.lang.Object, java.lang.Object, java.lang.Object, java.lang.Object, java.lang.Object, java.lang.Object)'> (0x00000000f6fffbe0) 
thrown [src/hotspot/share/interpreter/linkResolver.cpp, line 758]
Event: 2524.709 Thread 0x00007fee3c0010d0 Exception <a 'java/lang/NoSuchMethodError'{0x00000000f5541ca0}: 'java.lang.Object java.lang.invoke.DirectMethodHandle$Holder.invokeSpecial(java.lang.Object, java.lang.Object, java.lang.Object, java.lang.Object, java.lang.Object, java.lang.Object, java.lang.Object, java.lang.Object, java.lang.Object)'> (0x00000000f5541ca0) 
thrown [src/hotspot/share/interpreter/linkResolver.cpp, line 758]
Event: 2585.821 Thread 0x00007fee3c0010d0 Exception <a 'java/lang/NoSuchMethodError'{0x00000000f5544290}: 'java.lang.Object java.lang.invoke.Invokers$Holder.linkToTargetMethod(java.lang.Object, java.lang.Object, java.lang.Object, java.lang.Object, java.lang.Object, java.lang.Object, java.lang.Object, java.lang.Object)'> (0x00000000f5544290) 
thrown [src/hotspot/share/interpreter/linkResolver.cpp, line 758]
Event: 3133.469 Thread 0x00007fee4863fa00 Exception <a 'java/lang/OutOfMemoryError'{0x00000000e00c6c58}> (0x00000000e00c6c58) 
thrown [src/hotspot/share/gc/shared/memAllocator.cpp, line 138]
Event: 3133.469 Thread 0x00007fee4863fa00 Implicit null exception at 0x00007feea31b3740 to 0x00007feea31b3927
Event: 3140.445 Thread 0x00007feeb40b21e0 Exception <a 'java/lang/OutOfMemoryError'{0x00000000e00c6118}> (0x00000000e00c6118) 
thrown [src/hotspot/share/gc/shared/memAllocator.cpp, line 136]

VM Operations (20 events):
Event: 3111.578 Executing VM operation: ParallelGCFailedAllocation
Event: 3113.996 Executing VM operation: ParallelGCFailedAllocation done
Event: 3113.996 Executing VM operation: ParallelGCFailedAllocation
Event: 3116.368 Executing VM operation: ParallelGCFailedAllocation done
Event: 3116.368 Executing VM operation: ParallelGCFailedAllocation
Event: 3118.784 Executing VM operation: ParallelGCFailedAllocation done
Event: 3118.784 Executing VM operation: ParallelGCFailedAllocation
Event: 3121.289 Executing VM operation: ParallelGCFailedAllocation done
Event: 3121.289 Executing VM operation: ParallelGCFailedAllocation
Event: 3123.729 Executing VM operation: ParallelGCFailedAllocation done
Event: 3123.732 Executing VM operation: ParallelGCFailedAllocation
Event: 3126.278 Executing VM operation: ParallelGCFailedAllocation done
Event: 3126.278 Executing VM operation: ParallelGCFailedAllocation
Event: 3128.637 Executing VM operation: ParallelGCFailedAllocation done
Event: 3128.637 Executing VM operation: ParallelGCFailedAllocation
Event: 3133.469 Executing VM operation: ParallelGCFailedAllocation done
Event: 3133.469 Executing VM operation: ParallelGCFailedAllocation
Event: 3135.824 Executing VM operation: ParallelGCFailedAllocation done
Event: 3135.824 Executing VM operation: ParallelGCFailedAllocation
Event: 3140.445 Executing VM operation: ParallelGCFailedAllocation done

Events (20 events):
Event: 1076.180 loading class java/util/function/LongFunction done
Event: 1154.968 loading class java/util/stream/Nodes$ConcNode
Event: 1154.968 loading class java/util/stream/Nodes$AbstractConcNode
Event: 1154.968 loading class java/util/stream/Nodes$AbstractConcNode done
Event: 1156.507 loading class java/util/stream/Nodes$ConcNode done
Event: 1203.585 loading class java/util/stream/Nodes$ToArrayTask$OfRef
Event: 1203.585 loading class java/util/stream/Nodes$ToArrayTask
Event: 1203.585 loading class java/util/stream/Nodes$ToArrayTask done
Event: 1203.585 loading class java/util/stream/Nodes$ToArrayTask$OfRef done
Event: 1241.820 Thread 0x00007fee3035c280 Thread exited: 0x00007fee3035c280
Event: 1253.266 loading class java/io/ObjectOutputStream$BlockDataOutputStream
Event: 1253.266 loading class java/io/ObjectOutputStream$BlockDataOutputStream done
Event: 1253.266 loading class java/io/ObjectOutputStream$HandleTable
Event: 1253.267 loading class java/io/ObjectOutputStream$HandleTable done
Event: 1253.267 loading class java/io/ObjectOutputStream$ReplaceTable
Event: 1253.267 loading class java/io/ObjectOutputStream$ReplaceTable done
Event: 1487.610 loading class java/io/UnsupportedEncodingException
Event: 1487.610 loading class java/io/UnsupportedEncodingException done
Event: 1515.683 loading class java/nio/charset/CharacterCodingException
Event: 1515.684 loading class java/nio/charset/CharacterCodingException done


Dynamic libraries:
e0000000-f5580000 rw-p 00000000 00:00 0 
f5580000-f8f00000 rw-p 00000000 00:00 0 
f8f00000-100000000 ---p 00000000 00:00 0 
800000000-800449000 rw-p 00001000 00:17eb 4611686019135357769            /nix/store/gpxl5qgg8kicmcvivwmybwjlpf7wh20l-graalvm17-ce-22.3.0/lib/server/classes.jsa
800449000-800bc8000 r--p 0044a000 00:17eb 4611686019135357769            /nix/store/gpxl5qgg8kicmcvivwmybwjlpf7wh20l-graalvm17-ce-22.3.0/lib/server/classes.jsa
800bc8000-800c00000 ---p 00000000 00:00 0 
800c00000-800c20000 rw-p 00000000 00:00 0 
800c20000-800c40000 rw-p 00000000 00:00 0 
800c40000-800cc0000 rw-p 00000000 00:00 0 
800cc0000-800d00000 rw-p 00000000 00:00 0 
800d00000-800dc0000 rw-p 00000000 00:00 0 
800dc0000-800e00000 rw-p 00000000 00:00 0 
800e00000-801130000 rw-p 00000000 00:00 0 
801130000-840c00000 ---p 00000000 00:00 0 
55c78ba97000-55c78ba98000 r-xp 00000000 00:17eb 4611686019099417844      /nix/store/gpxl5qgg8kicmcvivwmybwjlpf7wh20l-graalvm17-ce-22.3.0/bin/.java-wrapped
55c78ba99000-55c78ba9a000 r--p 00001000 00:17eb 4611686019099417844      /nix/store/gpxl5qgg8kicmcvivwmybwjlpf7wh20l-graalvm17-ce-22.3.0/bin/.java-wrapped
55c78ba9a000-55c78ba9b000 rw-p 00002000 00:17eb 4611686019099417844      /nix/store/gpxl5qgg8kicmcvivwmybwjlpf7wh20l-graalvm17-ce-22.3.0/bin/.java-wrapped
55c78ba9b000-55c78ba9c000 rw-p 00004000 00:17eb 4611686019099417844      /nix/store/gpxl5qgg8kicmcvivwmybwjlpf7wh20l-graalvm17-ce-22.3.0/bin/.java-wrapped
55c78ba9c000-55c78ba9d000 rw-p 00005000 00:17eb 4611686019099417844      /nix/store/gpxl5qgg8kicmcvivwmybwjlpf7wh20l-graalvm17-ce-22.3.0/bin/.java-wrapped
55c78d8b1000-55c78d8f9000 rw-p 00000000 00:00 0                          [heap]
7fede7400000-7fede7500000 rw-p 00000000 00:00 0 
7fede7500000-7fede7c00000 ---p 00000000 00:00 0 
7fede8000000-7fede8021000 rw-p 00000000 00:00 0 
7fede8021000-7fedec000000 ---p 00000000 00:00 0 
7fedec000000-7fedec021000 rw-p 00000000 00:00 0 
7fedec021000-7fedf0000000 ---p 00000000 00:00 0 
7fedf0000000-7fedf0053000 rw-p 00000000 00:00 0 
7fedf0053000-7fedf4000000 ---p 00000000 00:00 0 
7fedf4000000-7fedf403a000 rw-p 00000000 00:00 0 
7fedf403a000-7fedf8000000 ---p 00000000 00:00 0 
7fedf8000000-7fedf8077000 rw-p 00000000 00:00 0 
7fedf8077000-7fedfc000000 ---p 00000000 00:00 0 
7fedfc000000-7fedfc037000 rw-p 00000000 00:00 0 
7fedfc037000-7fee00000000 ---p 00000000 00:00 0 
7fee00000000-7fee00026000 rw-p 00000000 00:00 0 
7fee00026000-7fee04000000 ---p 00000000 00:00 0 
7fee04000000-7fee04168000 rw-p 00000000 00:00 0 
7fee04168000-7fee08000000 ---p 00000000 00:00 0 
7fee08000000-7fee08050000 rw-p 00000000 00:00 0 
7fee08050000-7fee0c000000 ---p 00000000 00:00 0 
7fee0c000000-7fee0c070000 rw-p 00000000 00:00 0 
7fee0c070000-7fee10000000 ---p 00000000 00:00 0 
7fee10000000-7fee10021000 rw-p 00000000 00:00 0 
7fee10021000-7fee14000000 ---p 00000000 00:00 0 
7fee15400000-7fee15950000 rw-p 00000000 00:00 0 
7fee15950000-7fee15a00000 ---p 00000000 00:00 0 
7fee15a00000-7fee15c00000 rw-p 00000000 00:00 0 
7fee164b3000-7fee20000000 r--s 00000000 00:17eb 4611686019135192581      /nix/store/gpxl5qgg8kicmcvivwmybwjlpf7wh20l-graalvm17-ce-22.3.0/lib/modules
7fee20000000-7fee200ab000 rw-p 00000000 00:00 0 
7fee200ab000-7fee24000000 ---p 00000000 00:00 0 
7fee24000000-7fee24023000 rw-p 00000000 00:00 0 
7fee24023000-7fee28000000 ---p 00000000 00:00 0 
7fee28000000-7fee28021000 rw-p 00000000 00:00 0 
7fee28021000-7fee2c000000 ---p 00000000 00:00 0 
7fee2c000000-7fee2c021000 rw-p 00000000 00:00 0 
7fee2c021000-7fee30000000 ---p 00000000 00:00 0 
7fee30000000-7fee303cf000 rw-p 00000000 00:00 0 
7fee303cf000-7fee34000000 ---p 00000000 00:00 0 
7fee34000000-7fee34029000 rw-p 00000000 00:00 0 
7fee34029000-7fee38000000 ---p 00000000 00:00 0 
7fee38000000-7fee38060000 rw-p 00000000 00:00 0 
7fee38060000-7fee3c000000 ---p 00000000 00:00 0 
7fee3c000000-7fee3c04c000 rw-p 00000000 00:00 0 
7fee3c04c000-7fee40000000 ---p 00000000 00:00 0 
7fee40000000-7fee4016e000 rw-p 00000000 00:00 0 
7fee4016e000-7fee44000000 ---p 00000000 00:00 0 
7fee44000000-7fee44021000 rw-p 00000000 00:00 0 
7fee44021000-7fee48000000 ---p 00000000 00:00 0 
7fee48000000-7fee488b2000 rw-p 00000000 00:00 0 
7fee488b2000-7fee4c000000 ---p 00000000 00:00 0 
7fee4c000000-7fee4c021000 rw-p 00000000 00:00 0 
7fee4c021000-7fee50000000 ---p 00000000 00:00 0 
7fee50000000-7fee50021000 rw-p 00000000 00:00 0 
7fee50021000-7fee54000000 ---p 00000000 00:00 0 
7fee54000000-7fee54021000 rw-p 00000000 00:00 0 
7fee54021000-7fee58000000 ---p 00000000 00:00 0 
7fee58000000-7fee58021000 rw-p 00000000 00:00 0 
7fee58021000-7fee5c000000 ---p 00000000 00:00 0 
7fee5c400000-7fee5c5a0000 rw-p 00000000 00:00 0 
7fee5c5a0000-7fee5cc00000 rw-p 00000000 00:00 0 
7fee5cc00000-7fee5d100000 rw-p 00000000 00:00 0 
7fee5d100000-7fee5d200000 rw-p 00000000 00:00 0 
7fee5d200000-7fee5d400000 rw-p 00000000 00:00 0 
7fee5d400000-7fee5d500000 rw-p 00000000 00:00 0 
7fee5d500000-7fee5d9c0000 rw-p 00000000 00:00 0 
7fee5d9c0000-7fee5da00000 rw-p 00000000 00:00 0 
7fee5da00000-7fee5db80000 rw-p 00000000 00:00 0 
7fee5db80000-7fee5dc00000 rw-p 00000000 00:00 0 
7fee5dc00000-7fee5dd00000 rw-p 00000000 00:00 0 
7fee5dd00000-7fee5de00000 rw-p 00000000 00:00 0 
7fee5de00000-7fee5e360000 rw-p 00000000 00:00 0 
7fee5e360000-7fee5e380000 rw-p 00000000 00:00 0 
7fee5e380000-7fee5e400000 rw-p 00000000 00:00 0 
7fee5e400000-7fee5e410000 r-xp 00000000 00:17c7 356                      /home/runner/.cache/jdt-language-server/config/org.eclipse.equinox.launcher/org.eclipse.equinox.launcher.gtk.linux.x86_64_1.2.400.v20211117-0650/eclipse_11600.so
7fee5e410000-7fee5e60f000 ---p 00010000 00:17c7 356                      /home/runner/.cache/jdt-language-server/config/org.eclipse.equinox.launcher/org.eclipse.equinox.launcher.gtk.linux.x86_64_1.2.400.v20211117-0650/eclipse_11600.so
7fee5e60f000-7fee5e610000 r--p 0000f000 00:17c7 356                      /home/runner/.cache/jdt-language-server/config/org.eclipse.equinox.launcher/org.eclipse.equinox.launcher.gtk.linux.x86_64_1.2.400.v20211117-0650/eclipse_11600.so
7fee5e610000-7fee5e611000 rw-p 00010000 00:17c7 356                      /home/runner/.cache/jdt-language-server/config/org.eclipse.equinox.launcher/org.eclipse.equinox.launcher.gtk.linux.x86_64_1.2.400.v20211117-0650/eclipse_11600.so
7fee5fd00000-7fee5fe00000 ---p 00000000 00:00 0 
7fee5fe00000-7fee603af000 r--p 01122000 00:17eb 4611686019135190040      /nix/store/gpxl5qgg8kicmcvivwmybwjlpf7wh20l-graalvm17-ce-22.3.0/lib/libjvmcicompiler.so
7fee603af000-7fee60500000 r--p 00000000 00:00 0 
7fee60500000-7fee6053d000 rw-p 00000000 00:00 0 
7fee6053d000-7fee60a5d000 rw-p 0185f000 00:17eb 4611686019135190040      /nix/store/gpxl5qgg8kicmcvivwmybwjlpf7wh20l-graalvm17-ce-22.3.0/lib/libjvmcicompiler.so
7fee60a5d000-7fee60e44000 r--p 01d7f000 00:17eb 4611686019135190040      /nix/store/gpxl5qgg8kicmcvivwmybwjlpf7wh20l-graalvm17-ce-22.3.0/lib/libjvmcicompiler.so
7fee60f00000-7fee60f04000 ---p 00000000 00:00 0 
7fee60f04000-7fee61000000 rw-p 00000000 00:00 0 
7fee61100000-7fee61104000 ---p 00000000 00:00 0 
7fee61104000-7fee61200000 rw-p 00000000 00:00 0 
7fee61300000-7fee61304000 ---p 00000000 00:00 0 
7fee61304000-7fee61400000 rw-p 00000000 00:00 0 
7fee61500000-7fee61504000 ---p 00000000 00:00 0 
7fee61504000-7fee61600000 rw-p 00000000 00:00 0 
7fee61700000-7fee61704000 ---p 00000000 00:00 0 
7fee61704000-7fee61800000 rw-p 00000000 00:00 0 
7fee61900000-7fee61904000 ---p 00000000 00:00 0 
7fee61904000-7fee61a00000 rw-p 00000000 00:00 0 
7fee61b00000-7fee61b04000 ---p 00000000 00:00 0 
7fee61b04000-7fee61c00000 rw-p 00000000 00:00 0 
7fee61d00000-7fee61d04000 ---p 00000000 00:00 0 
7fee61d04000-7fee61e00000 rw-p 00000000 00:00 0 
7fee61f00000-7fee61f04000 ---p 00000000 00:00 0 
7fee61f04000-7fee62000000 rw-p 00000000 00:00 0 
7fee62000000-7fee62004000 ---p 00000000 00:00 0 
7fee62004000-7fee62100000 rw-p 00000000 00:00 0 
7fee62100000-7fee62104000 ---p 00000000 00:00 0 
7fee62104000-7fee62200000 rw-p 00000000 00:00 0 
7fee62200000-7fee62204000 ---p 00000000 00:00 0 
7fee62204000-7fee62300000 rw-p 00000000 00:00 0 
7fee62300000-7fee62304000 ---p 00000000 00:00 0 
7fee62304000-7fee62400000 rw-p 00000000 00:00 0 
7fee62400000-7fee62404000 ---p 00000000 00:00 0 
7fee62404000-7fee62500000 rw-p 00000000 00:00 0 
7fee62500000-7fee62504000 ---p 00000000 00:00 0 
7fee62504000-7fee62600000 rw-p 00000000 00:00 0 
7fee62700000-7fee62704000 ---p 00000000 00:00 0 
7fee62704000-7fee62800000 rw-p 00000000 00:00 0 
7fee62800000-7fee62804000 ---p 00000000 00:00 0 
7fee62804000-7fee62900000 rw-p 00000000 00:00 0 
7fee62900000-7fee62904000 ---p 00000000 00:00 0 
7fee62904000-7fee62a00000 rw-p 00000000 00:00 0 
7fee62b00000-7fee62b04000 ---p 00000000 00:00 0 
7fee62b04000-7fee62c00000 rw-p 00000000 00:00 0 
7fee62d00000-7fee62d04000 ---p 00000000 00:00 0 
7fee62d04000-7fee62e00000 rw-p 00000000 00:00 0 
7fee63a68000-7fee63f00000 rw-p 00000000 00:00 0 
7fee64000000-7fee64021000 rw-p 00000000 00:00 0 
7fee64021000-7fee68000000 ---p 00000000 00:00 0 
7fee68000000-7fee68021000 rw-p 00000000 00:00 0 
7fee68021000-7fee6c000000 ---p 00000000 00:00 0 
7fee6c000000-7fee6c021000 rw-p 00000000 00:00 0 
7fee6c021000-7fee70000000 ---p 00000000 00:00 0 
7fee70000000-7fee70021000 rw-p 00000000 00:00 0 
7fee70021000-7fee74000000 ---p 00000000 00:00 0 
7fee74000000-7fee74102000 rw-p 00000000 00:00 0 
7fee74102000-7fee78000000 ---p 00000000 00:00 0 
7fee78000000-7fee78aef000 rw-p 00000000 00:00 0 
7fee78aef000-7fee7c000000 ---p 00000000 00:00 0 
7fee7c000000-7fee7c021000 rw-p 00000000 00:00 0 
7fee7c021000-7fee80000000 ---p 00000000 00:00 0 
7fee80000000-7fee80021000 rw-p 00000000 00:00 0 
7fee80021000-7fee84000000 ---p 00000000 00:00 0 
7fee84000000-7fee84021000 rw-p 00000000 00:00 0 
7fee84021000-7fee88000000 ---p 00000000 00:00 0 
7fee88000000-7fee88021000 rw-p 00000000 00:00 0 
7fee88021000-7fee8c000000 ---p 00000000 00:00 0 
7fee8c000000-7fee8c021000 rw-p 00000000 00:00 0 
7fee8c021000-7fee90000000 ---p 00000000 00:00 0 
7fee90000000-7fee90021000 rw-p 00000000 00:00 0 
7fee90021000-7fee94000000 ---p 00000000 00:00 0 
7fee94000000-7fee94107000 rw-p 00000000 00:00 0 
7fee94107000-7fee98000000 ---p 00000000 00:00 0 
7fee98100000-7fee98104000 ---p 00000000 00:00 0 
7fee98104000-7fee98200000 rw-p 00000000 00:00 0 
7fee98200000-7fee98204000 ---p 00000000 00:00 0 
7fee98204000-7fee98300000 rw-p 00000000 00:00 0 
7fee98300000-7fee98304000 ---p 00000000 00:00 0 
7fee98304000-7fee98400000 rw-p 00000000 00:00 0 
7fee98400000-7fee98404000 ---p 00000000 00:00 0 
7fee98404000-7fee98500000 rw-p 00000000 00:00 0 
7fee98500000-7fee98504000 ---p 00000000 00:00 0 
7fee98504000-7fee98600000 rw-p 00000000 00:00 0 
7fee98600000-7fee9a76a000 r-xp 00000000 00:17eb 4611686019135190040      /nix/store/gpxl5qgg8kicmcvivwmybwjlpf7wh20l-graalvm17-ce-22.3.0/lib/libjvmcicompiler.so
7fee9a76a000-7fee9a969000 ---p 0216a000 00:17eb 4611686019135190040      /nix/store/gpxl5qgg8kicmcvivwmybwjlpf7wh20l-graalvm17-ce-22.3.0/lib/libjvmcicompiler.so
7fee9a969000-7fee9a96a000 r--p 02169000 00:17eb 4611686019135190040      /nix/store/gpxl5qgg8kicmcvivwmybwjlpf7wh20l-graalvm17-ce-22.3.0/lib/libjvmcicompiler.so
7fee9a96a000-7fee9a96c000 rw-p 0216a000 00:17eb 4611686019135190040      /nix/store/gpxl5qgg8kicmcvivwmybwjlpf7wh20l-graalvm17-ce-22.3.0/lib/libjvmcicompiler.so
7fee9a96c000-7fee9a96d000 rw-p 00000000 00:00 0 
7fee9a96d000-7fee9a972000 rw-p 023c3000 00:17eb 4611686019135190040      /nix/store/gpxl5qgg8kicmcvivwmybwjlpf7wh20l-graalvm17-ce-22.3.0/lib/libjvmcicompiler.so
7fee9a9b1000-7fee9a9b2000 ---p 00000000 00:00 0 
7fee9a9b2000-7fee9aab3000 rw-p 00000000 00:00 0 
7fee9aab3000-7fee9aab7000 ---p 00000000 00:00 0 
7fee9aab7000-7fee9abb3000 rw-p 00000000 00:00 0 
7fee9abb3000-7fee9abb7000 ---p 00000000 00:00 0 
7fee9abb7000-7fee9acb3000 rw-p 00000000 00:00 0 
7fee9acb3000-7fee9acb7000 ---p 00000000 00:00 0 
7fee9acb7000-7fee9adb3000 rw-p 00000000 00:00 0 
7fee9adb3000-7fee9adb7000 ---p 00000000 00:00 0 
7fee9adb7000-7fee9afb3000 rw-p 00000000 00:00 0 
7fee9afb3000-7fee9afb7000 ---p 00000000 00:00 0 
7fee9afb7000-7fee9b1b3000 rw-p 00000000 00:00 0 
7fee9b1b3000-7fee9b1b7000 ---p 00000000 00:00 0 
7fee9b1b7000-7fee9b2b3000 rw-p 00000000 00:00 0 
7fee9b2b3000-7fee9b2b7000 ---p 00000000 00:00 0 
7fee9b2b7000-7fee9b3b3000 rw-p 00000000 00:00 0 
7fee9b3b3000-7fee9b3b7000 ---p 00000000 00:00 0 
7fee9b3b7000-7fee9b4b3000 rw-p 00000000 00:00 0 
7fee9b4b3000-7fee9b723000 rwxp 00000000 00:00 0 
7fee9b723000-7fee9ba42000 ---p 00000000 00:00 0 
7fee9ba42000-7fee9ccd2000 rwxp 00000000 00:00 0 
7fee9ccd2000-7feea2f7a000 ---p 00000000 00:00 0 
7feea2f7a000-7feea323a000 rwxp 00000000 00:00 0 
7feea323a000-7feeaa4b3000 ---p 00000000 00:00 0 
7feeaa4b3000-7feeb4000000 r--s 00000000 00:17eb 4611686019135192581      /nix/store/gpxl5qgg8kicmcvivwmybwjlpf7wh20l-graalvm17-ce-22.3.0/lib/modules
7feeb4000000-7feeb4405000 rw-p 00000000 00:00 0 
7feeb4405000-7feeb8000000 ---p 00000000 00:00 0 
7feeb801a000-7feeb8300000 r--p 00000000 00:1457 28444448                 /usr/lib/locale/locale-archive
7feeb8300000-7feeb8304000 ---p 00000000 00:00 0 
7feeb8304000-7feeb8800000 rw-p 00000000 00:00 0 
7feeb8800000-7feeb8b00000 rw-p 00000000 00:00 0 
7feeb8b00000-7feeb8c00000 rw-p 00000000 00:00 0 
7feeb8c76000-7feeb8c7a000 ---p 00000000 00:00 0 
7feeb8c7a000-7feeb8c98000 rw-p 00000000 00:00 0 
7feeb8c98000-7feeb8c9f000 r-xp 00000000 00:17eb 4611686019135192580      /nix/store/gpxl5qgg8kicmcvivwmybwjlpf7wh20l-graalvm17-ce-22.3.0/lib/libzip.so
7feeb8c9f000-7feeb8ca0000 ---p 00007000 00:17eb 4611686019135192580      /nix/store/gpxl5qgg8kicmcvivwmybwjlpf7wh20l-graalvm17-ce-22.3.0/lib/libzip.so
7feeb8ca0000-7feeb8ca1000 r--p 00007000 00:17eb 4611686019135192580      /nix/store/gpxl5qgg8kicmcvivwmybwjlpf7wh20l-graalvm17-ce-22.3.0/lib/libzip.so
7feeb8ca1000-7feeb8ca2000 rw-p 00008000 00:17eb 4611686019135192580      /nix/store/gpxl5qgg8kicmcvivwmybwjlpf7wh20l-graalvm17-ce-22.3.0/lib/libzip.so
7feeb8ca2000-7feeb8ca4000 rw-p 0000b000 00:17eb 4611686019135192580      /nix/store/gpxl5qgg8kicmcvivwmybwjlpf7wh20l-graalvm17-ce-22.3.0/lib/libzip.so
7feeb8ca4000-7feeb8cb9000 r-xp 00000000 00:17eb 4611686019135192570      /nix/store/gpxl5qgg8kicmcvivwmybwjlpf7wh20l-graalvm17-ce-22.3.0/lib/libnet.so
7feeb8cb9000-7feeb8cba000 ---p 00015000 00:17eb 4611686019135192570      /nix/store/gpxl5qgg8kicmcvivwmybwjlpf7wh20l-graalvm17-ce-22.3.0/lib/libnet.so
7feeb8cba000-7feeb8cbb000 r--p 00015000 00:17eb 4611686019135192570      /nix/store/gpxl5qgg8kicmcvivwmybwjlpf7wh20l-graalvm17-ce-22.3.0/lib/libnet.so
7feeb8cbb000-7feeb8cbc000 rw-p 00016000 00:17eb 4611686019135192570      /nix/store/gpxl5qgg8kicmcvivwmybwjlpf7wh20l-graalvm17-ce-22.3.0/lib/libnet.so
7feeb8cbc000-7feeb8cbf000 rw-p 0001b000 00:17eb 4611686019135192570      /nix/store/gpxl5qgg8kicmcvivwmybwjlpf7wh20l-graalvm17-ce-22.3.0/lib/libnet.so
7feeb8cbf000-7feeb8cd2000 r-xp 00000000 00:17eb 4611686019135192571      /nix/store/gpxl5qgg8kicmcvivwmybwjlpf7wh20l-graalvm17-ce-22.3.0/lib/libnio.so
7feeb8cd2000-7feeb8cd3000 r--p 00012000 00:17eb 4611686019135192571      /nix/store/gpxl5qgg8kicmcvivwmybwjlpf7wh20l-graalvm17-ce-22.3.0/lib/libnio.so
7feeb8cd3000-7feeb8cd4000 rw-p 00013000 00:17eb 4611686019135192571      /nix/store/gpxl5qgg8kicmcvivwmybwjlpf7wh20l-graalvm17-ce-22.3.0/lib/libnio.so
7feeb8cd4000-7feeb8cd9000 rw-p 00019000 00:17eb 4611686019135192571      /nix/store/gpxl5qgg8kicmcvivwmybwjlpf7wh20l-graalvm17-ce-22.3.0/lib/libnio.so
7feeb8cd9000-7feeb8cdd000 ---p 00000000 00:00 0 
7feeb8cdd000-7feeb8dd9000 rw-p 00000000 00:00 0 
7feeb8dd9000-7feeb8dda000 ---p 00000000 00:00 0 
7feeb8dda000-7feeb8edb000 rw-p 00000000 00:00 0 
7feeb8edb000-7feeb8fa9000 r-xp 00000000 00:17eb 4611686019135190036      /nix/store/gpxl5qgg8kicmcvivwmybwjlpf7wh20l-graalvm17-ce-22.3.0/lib/libjsvml.so
7feeb8fa9000-7feeb8faa000 r--p 000cd000 00:17eb 4611686019135190036      /nix/store/gpxl5qgg8kicmcvivwmybwjlpf7wh20l-graalvm17-ce-22.3.0/lib/libjsvml.so
7feeb8faa000-7feeb8fab000 rw-p 000ce000 00:17eb 4611686019135190036      /nix/store/gpxl5qgg8kicmcvivwmybwjlpf7wh20l-graalvm17-ce-22.3.0/lib/libjsvml.so
7feeb8fab000-7feeba883000 rw-p 00000000 00:00 0 
7feeba883000-7feeba884000 ---p 00000000 00:00 0 
7feeba884000-7feebaa2f000 rw-p 00000000 00:00 0 
7feebaa2f000-7feebaa4d000 rw-p 00000000 00:00 0 
7feebaa4d000-7feebaa85000 ---p 00000000 00:00 0 
7feebaa85000-7feebaa8c000 rw-p 00000000 00:00 0 
7feebaa8c000-7feebab71000 ---p 00000000 00:00 0 
7feebab71000-7feebab97000 rw-p 00000000 00:00 0 
7feebab97000-7feebac5c000 ---p 00000000 00:00 0 
7feebac5c000-7feebac61000 rw-p 00000000 00:00 0 
7feebac61000-7feebac68000 ---p 00000000 00:00 0 
7feebac68000-7feebac8c000 r-xp 00000000 00:17eb 4611686019135190028      /nix/store/gpxl5qgg8kicmcvivwmybwjlpf7wh20l-graalvm17-ce-22.3.0/lib/libjava.so
7feebac8c000-7feebac8d000 ---p 00024000 00:17eb 4611686019135190028      /nix/store/gpxl5qgg8kicmcvivwmybwjlpf7wh20l-graalvm17-ce-22.3.0/lib/libjava.so
7feebac8d000-7feebac8e000 r--p 00024000 00:17eb 4611686019135190028      /nix/store/gpxl5qgg8kicmcvivwmybwjlpf7wh20l-graalvm17-ce-22.3.0/lib/libjava.so
7feebac8e000-7feebac8f000 rw-p 00025000 00:17eb 4611686019135190028      /nix/store/gpxl5qgg8kicmcvivwmybwjlpf7wh20l-graalvm17-ce-22.3.0/lib/libjava.so
7feebac8f000-7feebac90000 rw-p 00000000 00:00 0 
7feebac90000-7feebac97000 rw-p 0002f000 00:17eb 4611686019135190028      /nix/store/gpxl5qgg8kicmcvivwmybwjlpf7wh20l-graalvm17-ce-22.3.0/lib/libjava.so
7feebac97000-7feebac9f000 rw-s 00000000 00:928 2080                      /tmp/hsperfdata_runner/23278
7feebac9f000-7feebaca0000 ---p 00000000 00:00 0 
7feebaca0000-7feebaca1000 r--p 00000000 00:00 0 
7feebaca1000-7feebaca2000 rwxp 00000000 00:00 0 
7feebaca2000-7feebacbd000 r-xp 00000000 00:17eb 4611686019135190032      /nix/store/gpxl5qgg8kicmcvivwmybwjlpf7wh20l-graalvm17-ce-22.3.0/lib/libjimage.so
7feebacbd000-7feebacbe000 ---p 0001b000 00:17eb 4611686019135190032      /nix/store/gpxl5qgg8kicmcvivwmybwjlpf7wh20l-graalvm17-ce-22.3.0/lib/libjimage.so
7feebacbe000-7feebacc0000 r--p 0001b000 00:17eb 4611686019135190032      /nix/store/gpxl5qgg8kicmcvivwmybwjlpf7wh20l-graalvm17-ce-22.3.0/lib/libjimage.so
7feebacc0000-7feebacc1000 rw-p 0001d000 00:17eb 4611686019135190032      /nix/store/gpxl5qgg8kicmcvivwmybwjlpf7wh20l-graalvm17-ce-22.3.0/lib/libjimage.so
7feebacc1000-7feebacc2000 rw-p 00024000 00:17eb 4611686019135190032      /nix/store/gpxl5qgg8kicmcvivwmybwjlpf7wh20l-graalvm17-ce-22.3.0/lib/libjimage.so
7feebacc2000-7feebacc6000 ---p 00000000 00:00 0 
7feebacc6000-7feebadc2000 rw-p 00000000 00:00 0 
7feebadc2000-7feebadd0000 r--p 00000000 00:17eb 4611686019027979927      /nix/store/4nlgxhb09sdr51nc9hdm8az5b08vzkgx-glibc-2.35-163/lib/libm.so.6
7feebadd0000-7feebae43000 r-xp 0000e000 00:17eb 4611686019027979927      /nix/store/4nlgxhb09sdr51nc9hdm8az5b08vzkgx-glibc-2.35-163/lib/libm.so.6
7feebae43000-7feebaea0000 r--p 00081000 00:17eb 4611686019027979927      /nix/store/4nlgxhb09sdr51nc9hdm8az5b08vzkgx-glibc-2.35-163/lib/libm.so.6
7feebaea0000-7feebaea1000 r--p 000dd000 00:17eb 4611686019027979927      /nix/store/4nlgxhb09sdr51nc9hdm8az5b08vzkgx-glibc-2.35-163/lib/libm.so.6
7feebaea1000-7feebaea2000 rw-p 000de000 00:17eb 4611686019027979927      /nix/store/4nlgxhb09sdr51nc9hdm8az5b08vzkgx-glibc-2.35-163/lib/libm.so.6
7feebaea2000-7feebaea3000 r--p 00000000 00:17eb 4611686019027979946      /nix/store/4nlgxhb09sdr51nc9hdm8az5b08vzkgx-glibc-2.35-163/lib/librt.so.1
7feebaea3000-7feebaea4000 r-xp 00001000 00:17eb 4611686019027979946      /nix/store/4nlgxhb09sdr51nc9hdm8az5b08vzkgx-glibc-2.35-163/lib/librt.so.1
7feebaea4000-7feebaea5000 r--p 00002000 00:17eb 4611686019027979946      /nix/store/4nlgxhb09sdr51nc9hdm8az5b08vzkgx-glibc-2.35-163/lib/librt.so.1
7feebaea5000-7feebaea6000 r--p 00002000 00:17eb 4611686019027979946      /nix/store/4nlgxhb09sdr51nc9hdm8az5b08vzkgx-glibc-2.35-163/lib/librt.so.1
7feebaea6000-7feebaea7000 rw-p 00003000 00:17eb 4611686019027979946      /nix/store/4nlgxhb09sdr51nc9hdm8az5b08vzkgx-glibc-2.35-163/lib/librt.so.1
7feebaea7000-7feebbfba000 r-xp 00000000 00:17eb 4611686019135360866      /nix/store/gpxl5qgg8kicmcvivwmybwjlpf7wh20l-graalvm17-ce-22.3.0/lib/server/libjvm.so
7feebbfba000-7feebbfbb000 ---p 01113000 00:17eb 4611686019135360866      /nix/store/gpxl5qgg8kicmcvivwmybwjlpf7wh20l-graalvm17-ce-22.3.0/lib/server/libjvm.so
7feebbfbb000-7feebc070000 r--p 01113000 00:17eb 4611686019135360866      /nix/store/gpxl5qgg8kicmcvivwmybwjlpf7wh20l-graalvm17-ce-22.3.0/lib/server/libjvm.so
7feebc070000-7feebc0a4000 rw-p 011c8000 00:17eb 4611686019135360866      /nix/store/gpxl5qgg8kicmcvivwmybwjlpf7wh20l-graalvm17-ce-22.3.0/lib/server/libjvm.so
7feebc0a4000-7feebc100000 rw-p 00000000 00:00 0 
7feebc100000-7feebc128000 r--p 00000000 00:17eb 4611686019027979918      /nix/store/4nlgxhb09sdr51nc9hdm8az5b08vzkgx-glibc-2.35-163/lib/libc.so.6
7feebc128000-7feebc29e000 r-xp 00028000 00:17eb 4611686019027979918      /nix/store/4nlgxhb09sdr51nc9hdm8az5b08vzkgx-glibc-2.35-163/lib/libc.so.6
7feebc29e000-7feebc2f6000 r--p 0019e000 00:17eb 4611686019027979918      /nix/store/4nlgxhb09sdr51nc9hdm8az5b08vzkgx-glibc-2.35-163/lib/libc.so.6
7feebc2f6000-7feebc2fa000 r--p 001f6000 00:17eb 4611686019027979918      /nix/store/4nlgxhb09sdr51nc9hdm8az5b08vzkgx-glibc-2.35-163/lib/libc.so.6
7feebc2fa000-7feebc2fc000 rw-p 001fa000 00:17eb 4611686019027979918      /nix/store/4nlgxhb09sdr51nc9hdm8az5b08vzkgx-glibc-2.35-163/lib/libc.so.6
7feebc2fc000-7feebc30b000 rw-p 00000000 00:00 0 
7feebc30b000-7feebc30c000 r--p 00000000 00:17eb 4611686019027979923      /nix/store/4nlgxhb09sdr51nc9hdm8az5b08vzkgx-glibc-2.35-163/lib/libdl.so.2
7feebc30c000-7feebc30d000 r-xp 00001000 00:17eb 4611686019027979923      /nix/store/4nlgxhb09sdr51nc9hdm8az5b08vzkgx-glibc-2.35-163/lib/libdl.so.2
7feebc30d000-7feebc30e000 r--p 00002000 00:17eb 4611686019027979923      /nix/store/4nlgxhb09sdr51nc9hdm8az5b08vzkgx-glibc-2.35-163/lib/libdl.so.2
7feebc30e000-7feebc30f000 r--p 00002000 00:17eb 4611686019027979923      /nix/store/4nlgxhb09sdr51nc9hdm8az5b08vzkgx-glibc-2.35-163/lib/libdl.so.2
7feebc30f000-7feebc310000 rw-p 00003000 00:17eb 4611686019027979923      /nix/store/4nlgxhb09sdr51nc9hdm8az5b08vzkgx-glibc-2.35-163/lib/libdl.so.2
7feebc310000-7feebc311000 r--p 00000000 00:17eb 4611686019027979942      /nix/store/4nlgxhb09sdr51nc9hdm8az5b08vzkgx-glibc-2.35-163/lib/libpthread.so.0
7feebc311000-7feebc312000 r-xp 00001000 00:17eb 4611686019027979942      /nix/store/4nlgxhb09sdr51nc9hdm8az5b08vzkgx-glibc-2.35-163/lib/libpthread.so.0
7feebc312000-7feebc313000 r--p 00002000 00:17eb 4611686019027979942      /nix/store/4nlgxhb09sdr51nc9hdm8az5b08vzkgx-glibc-2.35-163/lib/libpthread.so.0
7feebc313000-7feebc314000 r--p 00002000 00:17eb 4611686019027979942      /nix/store/4nlgxhb09sdr51nc9hdm8az5b08vzkgx-glibc-2.35-163/lib/libpthread.so.0
7feebc314000-7feebc315000 rw-p 00003000 00:17eb 4611686019027979942      /nix/store/4nlgxhb09sdr51nc9hdm8az5b08vzkgx-glibc-2.35-163/lib/libpthread.so.0
7feebc315000-7feebc323000 r-xp 00000000 00:17eb 4611686019135190033      /nix/store/gpxl5qgg8kicmcvivwmybwjlpf7wh20l-graalvm17-ce-22.3.0/lib/libjli.so
7feebc323000-7feebc324000 ---p 0000e000 00:17eb 4611686019135190033      /nix/store/gpxl5qgg8kicmcvivwmybwjlpf7wh20l-graalvm17-ce-22.3.0/lib/libjli.so
7feebc324000-7feebc325000 r--p 0000e000 00:17eb 4611686019135190033      /nix/store/gpxl5qgg8kicmcvivwmybwjlpf7wh20l-graalvm17-ce-22.3.0/lib/libjli.so
7feebc325000-7feebc326000 rw-p 0000f000 00:17eb 4611686019135190033      /nix/store/gpxl5qgg8kicmcvivwmybwjlpf7wh20l-graalvm17-ce-22.3.0/lib/libjli.so
7feebc326000-7feebc327000 rw-p 00012000 00:17eb 4611686019135190033      /nix/store/gpxl5qgg8kicmcvivwmybwjlpf7wh20l-graalvm17-ce-22.3.0/lib/libjli.so
7feebc327000-7feebc32a000 r--p 00000000 00:17eb 4611686019106210071      /nix/store/026hln0aq1hyshaxsdvhg0kmcm6yf45r-zlib-1.2.13/lib/libz.so.1.2.13
7feebc32a000-7feebc33c000 r-xp 00003000 00:17eb 4611686019106210071      /nix/store/026hln0aq1hyshaxsdvhg0kmcm6yf45r-zlib-1.2.13/lib/libz.so.1.2.13
7feebc33c000-7feebc343000 r--p 00015000 00:17eb 4611686019106210071      /nix/store/026hln0aq1hyshaxsdvhg0kmcm6yf45r-zlib-1.2.13/lib/libz.so.1.2.13
7feebc343000-7feebc344000 r--p 0001b000 00:17eb 4611686019106210071      /nix/store/026hln0aq1hyshaxsdvhg0kmcm6yf45r-zlib-1.2.13/lib/libz.so.1.2.13
7feebc344000-7feebc345000 rw-p 0001c000 00:17eb 4611686019106210071      /nix/store/026hln0aq1hyshaxsdvhg0kmcm6yf45r-zlib-1.2.13/lib/libz.so.1.2.13
7feebc345000-7feebc347000 rw-p 00000000 00:00 0 
7feebc347000-7feebc349000 r--p 00000000 00:17eb 4611686019027979912      /nix/store/4nlgxhb09sdr51nc9hdm8az5b08vzkgx-glibc-2.35-163/lib/ld-linux-x86-64.so.2
7feebc349000-7feebc370000 r-xp 00002000 00:17eb 4611686019027979912      /nix/store/4nlgxhb09sdr51nc9hdm8az5b08vzkgx-glibc-2.35-163/lib/ld-linux-x86-64.so.2
7feebc370000-7feebc37c000 r--p 00029000 00:17eb 4611686019027979912      /nix/store/4nlgxhb09sdr51nc9hdm8az5b08vzkgx-glibc-2.35-163/lib/ld-linux-x86-64.so.2
7feebc37c000-7feebc37e000 r--p 00034000 00:17eb 4611686019027979912      /nix/store/4nlgxhb09sdr51nc9hdm8az5b08vzkgx-glibc-2.35-163/lib/ld-linux-x86-64.so.2
7feebc37e000-7feebc380000 rw-p 00036000 00:17eb 4611686019027979912      /nix/store/4nlgxhb09sdr51nc9hdm8az5b08vzkgx-glibc-2.35-163/lib/ld-linux-x86-64.so.2
7ffc03302000-7ffc03327000 rw-p 00000000 00:00 0                          [stack]
7ffc03357000-7ffc0335b000 r--p 00000000 00:00 0                          [vvar]
7ffc0335b000-7ffc0335d000 r-xp 00000000 00:00 0                          [vdso]
ffffffffff600000-ffffffffff601000 --xp 00000000 00:00 0                  [vsyscall]


VM Arguments:
jvm_args: -XX:ThreadPriorityPolicy=1 -XX:+UnlockExperimentalVMOptions -XX:+EnableJVMCIProduct -XX:JVMCIThreadsPerNativeLibraryRuntime=1 -XX:-UnlockExperimentalVMOptions -Declipse.application=org.eclipse.jdt.ls.core.id1 -Dosgi.bundles.defaultStartLevel=4 -Declipse.product=org.eclipse.jdt.ls.core.product -Dlog.level=ALL -Xverify:none -XX:+UseParallelGC -XX:GCTimeRatio=4 -XX:AdaptiveSizePolicyWeight=90 -Dsun.zip.disableMemoryMapping=true -Xmx512m -Xms100m 
java_command: /nix/store/m6gcpi1ii6rghy04cjwjddcavv7i90df-jdt-language-server-1.9.0/share/java/plugins/org.eclipse.equinox.launcher_1.6.400.v20210924-0641.jar --add-modules=ALL-SYSTEM --add-opens java.base/java.util=ALL-UNNAMED --add-opens java.base/java.lang=ALL-UNNAMED -configuration /home/runner/.cache/jdt-language-server/config -data /home/runner/.cache/jdt-language-server/data/home/runner/ETL-Framework
java_class_path (initial): /nix/store/m6gcpi1ii6rghy04cjwjddcavv7i90df-jdt-language-server-1.9.0/share/java/plugins/org.eclipse.equinox.launcher_1.6.400.v20210924-0641.jar
Launcher Type: SUN_STANDARD

[Global flags]
    uintx AdaptiveSizePolicyWeight                 = 90                                        {product} {command line}
     intx CICompilerCount                          = 2                                         {product} {ergonomic}
     bool EnableJVMCIProduct                       = true                                {JVMCI product} {jimage}
    uintx GCTimeRatio                              = 4                                         {product} {command line}
   size_t InitialHeapSize                          = 104857600                                 {product} {command line}
     uint JVMCIThreadsPerNativeLibraryRuntime      = 1                                   {JVMCI product} {jimage}
   size_t MaxHeapSize                              = 536870912                                 {product} {command line}
   size_t MaxNewSize                               = 178782208                                 {product} {ergonomic}
   size_t MinHeapDeltaBytes                        = 524288                                    {product} {ergonomic}
   size_t MinHeapSize                              = 104857600                                 {product} {command line}
   size_t NewSize                                  = 34603008                                  {product} {ergonomic}
    uintx NonNMethodCodeHeapSize                   = 5826188                                {pd product} {ergonomic}
    uintx NonProfiledCodeHeapSize                  = 122916026                              {pd product} {ergonomic}
   size_t OldSize                                  = 70254592                                  {product} {ergonomic}
    uintx ProfiledCodeHeapSize                     = 122916026                              {pd product} {ergonomic}
    uintx ReservedCodeCacheSize                    = 251658240                              {pd product} {ergonomic}
     bool SegmentedCodeCache                       = true                                      {product} {ergonomic}
   size_t SoftMaxHeapSize                          = 536870912                              {manageable} {ergonomic}
     intx ThreadPriorityPolicy                     = 1                                         {product} {jimage}
     bool UseCompressedClassPointers               = true                           {product lp64_product} {ergonomic}
     bool UseCompressedOops                        = true                           {product lp64_product} {ergonomic}
     bool UseParallelGC                            = true                                      {product} {command line}

Logging:
Log output configuration:
 #0: stdout all=warning uptime,level,tags
 #1: stderr all=off uptime,level,tags

Environment Variables:
JAVA_HOME=/nix/store/gpxl5qgg8kicmcvivwmybwjlpf7wh20l-graalvm17-ce-22.3.0
PATH=/nix/store/1d6ian3r8kdzspw8hacjhl3xkp40g1lj-binutils-wrapper-2.39/bin:/nix/store/dq0xwmsk1g0i2ayg6pb7y87na2knzylh-gcc-wrapper-11.3.0/bin:/nix/store/bap4d0lpcrhpwmpb8ayjcgkmvfj62lnq-bash-interactive-5.1-p16/bin:/nix/store/pr5n59mb4jzmfx6kanwxly0l07p861fg-patchelf-0.15.0/bin:/nix/store/1gf2flfqnpqbr1b4p4qz2f72y42bs56r-gcc-11.3.0/bin:/nix/store/57xv61c5zi8pphjbcwxxjlgc34p61ic9-glibc-2.35-163-bin/bin:/nix/store/a7gvj343m05j2s32xcnwr35v31ynlypr-coreutils-9.1/bin:/nix/store/039g378vc3pc3dvi9dzdlrd0i4q93qwf-binutils-2.39/bin:/nix/store/gpxl5qgg8kicmcvivwmybwjlpf7wh20l-graalvm17-ce-22.3.0/bin:/nix/store/6z9ag3ihc8mq2hzsw48lhbznvzny65nz-apache-maven-3.8.6/bin:/nix/store/m6gcpi1ii6rghy04cjwjddcavv7i90df-jdt-language-server-1.9.0/bin:/nix/store/84xs5alhs01zrbr4ywm05kxbjbp5590l-java-debug/bin:/nix/store/mydc6f4k2z73xlcz7ilif3v2lcaiqvza-findutils-4.9.0/bin:/nix/store/j9p3g8472iijd50vhdprx0nmk2fqn5gv-diffutils-3.8/bin:/nix/store/89zs7rms6x00xfq4dq6m7mjnhkr8a6r4-gnused-4.8/bin:/nix/store/86bp03jkmsl6f92w0yzg4s59g5mhxwmy-gnugrep-3.7/bin:/nix/store/hwcdqw4jrjnd37wxqgsd47hd0j8bnj09-gawk-5.1.1/bin:/nix/store/cfbhw8r8ags41vwqaz47r583d0p4h4a1-gnutar-1.34/bin:/nix/store/p3m1ndl1lapwrlh698bnb5lvvxh67378-gzip-1.12/bin:/nix/store/a8mhcagrsly7c7mpjrpsnaahk4aax056-bzip2-1.0.8-bin/bin:/nix/store/mblgz65m3zv9x548a3d5m96fj2pbwr09-gnumake-4.3/bin:/nix/store/dsd5gz46hdbdk2rfdimqddhq6m8m8fqs-bash-5.1-p16/bin:/nix/store/v7ljksji50mg3w61dykaa3n3y79n6nil-patch-2.7.6/bin:/nix/store/zlcnmqq14jz5x9439jf937mvayyl63da-xz-5.2.7-bin/bin:/nix/store/y6aj732zm9m87c82fpvf103a1xb22blp-file-5.43/bin:/nix/store/i4kzir3m7mrisxmf5xvlnkw01x4qaqr4-prybar-elisp-0.0.0-e0d9a52/bin:/nix/store/lwwivxf6h7x3cvxp9zv8sj0mv7dak99r-prybar-lua-0.0.0-e0d9a52/bin:/nix/store/gxj28g1cg4hq3qanmjv07156h800qr58-prybar-python3-0.0.0-e0d9a52/bin:/nix/store/hshkjnxrgidigf8x75vg6lqng2xlx9i3-prybar-sqlite-0.0.0-e0d9a52/bin:/nix/store/c4w01bpjgyy5ixmwdk8m1pw87zq4sl26-prybar-tcl-0.0.0-e0d9a52/bin:/nix/store/hpbvrlwd5viqmvcaisb3x0118i913a9n-st
LD_LIBRARY_PATH=/nix/store/a4pff549sk2idnkpzk5nsfps3mdkdnvm-cups-2.4.2-lib/lib:/nix/store/72mqxxhh3cy5yifh92wh2yb8cl2hikyy-cairo-1.16.0/lib:/nix/store/2k366jrbsra97gjfxwvrhvixjfxdach5-glib-2.74.1/lib:/nix/store/2j2znigd8ak37rlwh9khz0ry3clqlw1l-gtk+3-3.24.34/lib:/nix/store/hisqvx32cd57apbpcsnkpx6k3549wql1-libglvnd-1.4.0/lib:/nix/store/p36pgcv991mq5srvg765b78yqpxvk3qs-mesa-21.3.3-drivers/lib:/nix/store/mav4251if1ahjq5vkpwycyyvnmy459c4-pulseaudio-14.2/lib
DISPLAY=:0
LANG=en_US.UTF-8

Signal Handlers:
   SIGSEGV: crash_handler in libjvm.so, mask=11100100010111111101111111111110, flags=SA_RESTART|SA_SIGINFO
    SIGBUS: crash_handler in libjvm.so, mask=11100100010111111101111111111110, flags=SA_RESTART|SA_SIGINFO
    SIGFPE: crash_handler in libjvm.so, mask=11100100010111111101111111111110, flags=SA_RESTART|SA_SIGINFO
   SIGPIPE: IsolateEnterStub_IgnoreSIGPIPEStartupHook_noopSignalHandler_8f19bff2f35b5f630d83b364d6b2339320d4ec70_216e8361c6bc87a8f89f58cc10d3b2fd4415bf87 in libjvmcicompiler.so, mask=00000000000000000000000000000000, flags=SA_RESTART
  *** Handler was modified!
  *** Expected: javaSignalHandler in libjvm.so, mask=11100100110111111111111111111110, flags=SA_RESTART|SA_SIGINFO
   SIGXFSZ: javaSignalHandler in libjvm.so, mask=11100100010111111101111111111110, flags=SA_RESTART|SA_SIGINFO
    SIGILL: crash_handler in libjvm.so, mask=11100100010111111101111111111110, flags=SA_RESTART|SA_SIGINFO
   SIGUSR2: SR_handler in libjvm.so, mask=00000000000000000000000000000000, flags=SA_RESTART|SA_SIGINFO
    SIGHUP: UserHandler in libjvm.so, mask=11100100010111111101111111111110, flags=SA_RESTART|SA_SIGINFO
    SIGINT: UserHandler in libjvm.so, mask=11100100010111111101111111111110, flags=SA_RESTART|SA_SIGINFO
   SIGTERM: UserHandler in libjvm.so, mask=11100100010111111101111111111110, flags=SA_RESTART|SA_SIGINFO
   SIGQUIT: UserHandler in libjvm.so, mask=11100100010111111101111111111110, flags=SA_RESTART|SA_SIGINFO
  *** Handler was modified!
  *** Expected: javaSignalHandler in libjvm.so, mask=11100100110111111111111111111110, flags=SA_RESTART|SA_SIGINFO
   SIGTRAP: crash_handler in libjvm.so, mask=11100100010111111101111111111110, flags=SA_RESTART|SA_SIGINFO


---------------  S Y S T E M  ---------------

OS:
DISTRIB_ID=Ubuntu
DISTRIB_RELEASE=20.04
DISTRIB_CODENAME=focal
DISTRIB_DESCRIPTION="Ubuntu 20.04.2 LTS"
uname: Linux 5.19.0-1022-gcp #24~22.04.1-Ubuntu SMP Sun Apr 23 09:51:08 UTC 2023 x86_64
OS uptime: 0 days 10:21 hours
libc: glibc 2.35 NPTL 2.35 
rlimit (soft/hard): STACK 8192k/infinity , CORE infinity/infinity , NPROC infinity/infinity , NOFILE 5242/5242 , AS infinity/infinity , CPU infinity/infinity , DATA infinity/infinity , FSIZE infinity/infinity , MEMLOCK 8192k/8192k
load average: 10.25 9.96 10.84

/proc/meminfo:
MemTotal:       65852256 kB
MemFree:        15040548 kB
MemAvailable:   42916200 kB
Buffers:         3214268 kB
Cached:         23132192 kB
SwapCached:            0 kB
Active:         12962700 kB
Inactive:       33350176 kB
Active(anon):      16940 kB
Inactive(anon): 19648912 kB
Active(file):   12945760 kB
Inactive(file): 13701264 kB
Unevictable:       55484 kB
Mlocked:           55484 kB
SwapTotal:             0 kB
SwapFree:              0 kB
Zswap:                 0 kB
Zswapped:              0 kB
Dirty:              7624 kB
Writeback:             0 kB
AnonPages:      18768436 kB
Mapped:          1778248 kB
Shmem:             26896 kB
KReclaimable:    1955228 kB
Slab:            3112684 kB
SReclaimable:    1955228 kB
SUnreclaim:      1157456 kB
KernelStack:      441152 kB
PageTables:       206552 kB
NFS_Unstable:          0 kB
Bounce:                0 kB
WritebackTmp:          0 kB
CommitLimit:    32926128 kB
Committed_AS:   68281868 kB
VmallocTotal:   34359738367 kB
VmallocUsed:      484712 kB
VmallocChunk:          0 kB
Percpu:            59584 kB
HardwareCorrupted:     0 kB
AnonHugePages:   2992128 kB
ShmemHugePages:        0 kB
ShmemPmdMapped:        0 kB
FileHugePages:         0 kB
FilePmdMapped:         0 kB
HugePages_Total:       0
HugePages_Free:        0
HugePages_Rsvd:        0
HugePages_Surp:        0
Hugepagesize:       2048 kB
Hugetlb:               0 kB
DirectMap4k:     5841720 kB
DirectMap2M:    47632384 kB
DirectMap1G:    15728640 kB

/sys/kernel/mm/transparent_hugepage/enabled: always [madvise] never
/sys/kernel/mm/transparent_hugepage/defrag (defrag/compaction efforts parameter): always defer defer+madvise [madvise] never

Process Memory:
Virtual Size: 4987976K (peak: 5023532K)
Resident Set Size: 746840K (peak: 785644K) (anon: 551036K, file: 195804K, shmem: 0K)
Swapped out: 0K
C-Heap outstanding allocations: 38385K, retained: 14306K
glibc malloc tunables: (default)

/proc/sys/kernel/threads-max (system-wide limit on the number of threads): 514406
/proc/sys/vm/max_map_count (maximum number of memory map areas a process may have): 65530
/proc/sys/kernel/pid_max (system-wide limit on number of process identifiers): 4194304

container (cgroup) information:
container_type: cgroupv1
cpu_cpuset_cpus: 2-7
cpu_memory_nodes: 0
active_processor_count: 1
cpu_quota: 50000
cpu_period: 100000
cpu_shares: 512
memory_limit_in_bytes: 1048576 k
memory_and_swap_limit_in_bytes: 1048576 k
memory_soft_limit_in_bytes: 524288 k
memory_usage_in_bytes: 614048 k
memory_max_usage_in_bytes: 1048576 k
maximum number of tasks: 1000
current number of tasks: 46

KVM virtualization detected
Steal ticks since vm start: 0
Steal ticks percentage since vm start:  0.000

CPU: total 8 (initial active 1) (8 cores per cpu, 2 threads per core) family 23 model 49 stepping 0 microcode 0xffffffff, cx8, cmov, fxsr, ht, mmx, 3dnowpref, sse, sse2, sse3, ssse3, sse4a, sse4.1, sse4.2, popcnt, lzcnt, tsc, tscinvbit, avx, avx2, aes, clmul, bmi1, bmi2, adx, sha, fma, vzeroupper, clflush, clflushopt, hv
CPU Model and flags from /proc/cpuinfo:
model name	: AMD EPYC 7B12
flags		: fpu vme de pse tsc msr pae mce cx8 apic sep mtrr pge mca cmov pat pse36 clflush mmx fxsr sse sse2 ht syscall nx mmxext fxsr_opt pdpe1gb rdtscp lm constant_tsc rep_good nopl nonstop_tsc cpuid extd_apicid tsc_known_freq pni pclmulqdq ssse3 fma cx16 sse4_1 sse4_2 movbe popcnt aes xsave avx f16c rdrand hypervisor lahf_lm cmp_legacy cr8_legacy abm sse4a misalignsse 3dnowprefetch osvw topoext ssbd ibrs ibpb stibp vmmcall fsgsbase tsc_adjust bmi1 avx2 smep bmi2 rdseed adx smap clflushopt clwb sha_ni xsaveopt xsavec xgetbv1 clzero xsaveerptr arat npt nrip_save umip rdpid

Online cpus: 0-7
Offline cpus: 
BIOS frequency limitation: <Not Available>
Frequency switch latency (ns): <Not Available>
Available cpu frequencies: <Not Available>
Current governor: <Not Available>
Core performance/turbo boost: <Not Available>

Memory: 4k page, physical 1048576k(434520k free), swap 0k(0k free)
Page Sizes: 4k

vm_info: OpenJDK 64-Bit Server VM (17.0.5+8-jvmci-22.3-b08) for linux-amd64 JRE (17.0.5+8-jvmci-22.3-b08), built on Oct 19 2022 09:01:27 by "buildslave" with gcc 10.3.0

END.
