#
# A fatal error has been detected by the Java Runtime Environment:
#
#  Internal Error (jvmciRuntime.cpp:1609), pid=18, tid=32
#  fatal error: Fatal exception in JVMCI: Error calling jdk.vm.ci.services.Services.serializeSavedProperties
#
# JRE version: OpenJDK Runtime Environment GraalVM CE 22.3.0 (17.0.5+8) (build 17.0.5+8-jvmci-22.3-b08)
# Java VM: OpenJDK 64-Bit Server VM GraalVM CE 22.3.0 (17.0.5+8-jvmci-22.3-b08, mixed mode, sharing, tiered, jvmci, jvmci compiler, compressed oops, compressed class ptrs, parallel gc, linux-amd64)
# Problematic frame:
# V  [libjvm.so+0x972714]  JVMCIRuntime::fatal_exception(JVMCIEnv*, char const*)+0x74
#
# Core dump will be written. Default location: Core dumps may be processed with "/usr/share/apport/apport -p%p -s%s -c%c -d%d -P%P -u%u -g%g -- %E" (or dumping to /home/runner/ETL-Framework/core.18)
#
# If you would like to submit a bug report, please visit:
#   https://github.com/oracle/graal/issues
#

---------------  S U M M A R Y ------------

Command Line: -XX:ThreadPriorityPolicy=1 -XX:+UnlockExperimentalVMOptions -XX:+EnableJVMCIProduct -XX:JVMCIThreadsPerNativeLibraryRuntime=1 -XX:-UnlockExperimentalVMOptions -Declipse.application=org.eclipse.jdt.ls.core.id1 -Dosgi.bundles.defaultStartLevel=4 -Declipse.product=org.eclipse.jdt.ls.core.product -Dlog.level=ALL -Xverify:none -XX:+UseParallelGC -XX:GCTimeRatio=4 -XX:AdaptiveSizePolicyWeight=90 -Dsun.zip.disableMemoryMapping=true -Xmx512m -Xms100m /nix/store/m6gcpi1ii6rghy04cjwjddcavv7i90df-jdt-language-server-1.9.0/share/java/plugins/org.eclipse.equinox.launcher_1.6.400.v20210924-0641.jar --add-modules=ALL-SYSTEM --add-opens java.base/java.util=ALL-UNNAMED --add-opens java.base/java.lang=ALL-UNNAMED -configuration /home/runner/.cache/jdt-language-server/config -data /home/runner/.cache/jdt-language-server/data/home/runner/ETL-Framework

Host: AMD EPYC 7B12, 8 cores, 1G, Ubuntu 20.04.2 LTS
Time: Wed May 10 14:47:37 2023 UTC elapsed time: 1755.840119 seconds (0d 0h 29m 15s)

---------------  T H R E A D  ---------------

Current thread (0x00007f30b00b2210):  JavaThread "JVMCI-native CompilerThread0" daemon [_thread_in_vm, id=32, stack(0x00007f309631a000,0x00007f309651a000)]


Current CompileTask:
JVMCI-native:1755840 11500       4       org.eclipse.jdt.internal.core.OverflowingLRUCache::updateTimestamp (43 bytes)

Stack: [0x00007f309631a000,0x00007f309651a000],  sp=0x00007f3096518380,  free space=2040k
Native frames: (J=compiled Java code, j=interpreted, Vv=VM code, C=native code)
V  [libjvm.so+0x972714]  JVMCIRuntime::fatal_exception(JVMCIEnv*, char const*)+0x74
V  [libjvm.so+0x93e2fe]  JVMCIEnv::copy_saved_properties()+0x14e
V  [libjvm.so+0x9732a9]  JVMCIRuntime::initialize(JVMCIEnv*)+0xb19
V  [libjvm.so+0x9738a2]  JVMCIRuntime::get_HotSpotJVMCIRuntime(JVMCIEnv*)+0x12
V  [libjvm.so+0x9749f2]  JVMCIRuntime::compile_method(JVMCIEnv*, JVMCICompiler*, methodHandle const&, int)+0xd2
V  [libjvm.so+0x5b0d20]  CompileBroker::invoke_compiler_on_method(CompileTask*)+0x1470
V  [libjvm.so+0x5b12e8]  CompileBroker::compiler_thread_loop()+0x528
V  [libjvm.so+0xd82460]  JavaThread::thread_main_inner()+0xd0
V  [libjvm.so+0xd85a40]  Thread::call_run()+0xc0
V  [libjvm.so+0xbdb1e1]  thread_native_entry(Thread*)+0xe1

Register to memory mapping:

RAX=0x00007f30b6072000 points into unknown readable memory: 0x0000000000000058 | 58 00 00 00 00 00 00 00
RBX=0x00007f30b716d398: <offset 0x0000000000ef5398> in /nix/store/gpxl5qgg8kicmcvivwmybwjlpf7wh20l-graalvm17-ce-22.3.0/lib/server/libjvm.so at 0x00007f30b6278000
RCX=0x00007f30b71251e8: <offset 0x0000000000ead1e8> in /nix/store/gpxl5qgg8kicmcvivwmybwjlpf7wh20l-graalvm17-ce-22.3.0/lib/server/libjvm.so at 0x00007f30b6278000
RDX=0x0000000000000649 is an unknown value
RSP=0x00007f3096518380 is pointing into the stack for thread: 0x00007f30b00b2210
RBP=0x00007f30965183a0 is pointing into the stack for thread: 0x00007f30b00b2210
RSI=0x00007f30b716dc48: <offset 0x0000000000ef5c48> in /nix/store/gpxl5qgg8kicmcvivwmybwjlpf7wh20l-graalvm17-ce-22.3.0/lib/server/libjvm.so at 0x00007f30b6278000
RDI=0x00000000e0000000 is an oop: [Ljava.security.cert.Certificate; 
{0x00000000e0000000} - klass: 'java/security/cert/Certificate'[]
 - length: 3
R8 =0x00007f30b716d398: <offset 0x0000000000ef5398> in /nix/store/gpxl5qgg8kicmcvivwmybwjlpf7wh20l-graalvm17-ce-22.3.0/lib/server/libjvm.so at 0x00007f30b6278000
R9 =0x00007f3096518330 is pointing into the stack for thread: 0x00007f30b00b2210
R10=0x00007f3096519948 is pointing into the stack for thread: 0x00007f30b00b2210
R11=0x0000000000000293 is an unknown value
R12=0x0 is NULL
R13=0x00007f30b00b2210 is a thread
R14=0x00007f30b0000b80 points into unknown readable memory: 0x00007f30b739ea38 | 38 ea 39 b7 30 7f 00 00
R15=0x00007f30b74ace40: <offset 0x0000000001234e40> in /nix/store/gpxl5qgg8kicmcvivwmybwjlpf7wh20l-graalvm17-ce-22.3.0/lib/server/libjvm.so at 0x00007f30b6278000


Registers:
RAX=0x00007f30b6072000, RBX=0x00007f30b716d398, RCX=0x00007f30b71251e8, RDX=0x0000000000000649
RSP=0x00007f3096518380, RBP=0x00007f30965183a0, RSI=0x00007f30b716dc48, RDI=0x00000000e0000000
R8 =0x00007f30b716d398, R9 =0x00007f3096518330, R10=0x00007f3096519948, R11=0x0000000000000293
R12=0x0000000000000000, R13=0x00007f30b00b2210, R14=0x00007f30b0000b80, R15=0x00007f30b74ace40
RIP=0x00007f30b6bea714, EFLAGS=0x0000000000010206, CSGSFS=0x002b000000000033, ERR=0x0000000000000006
  TRAPNO=0x000000000000000e

Top of Stack: (sp=0x00007f3096518380)
0x00007f3096518380:   00007f3096518940 00007f30b00b2210
0x00007f3096518390:   00007f30b4a038c8 0000000800c417a0
0x00007f30965183a0:   00007f3096518500 00007f30b6bb62fe
0x00007f30965183b0:   00007f30965183e0 00007f3096518440 

Instructions: (pc=0x00007f30b6bea714)
0x00007f30b6bea614:   30 e8 f6 cf e8 ff 4c 89 e7 e8 2e 48 d1 ff 84 db
0x00007f30b6bea624:   75 2a 4d 85 ed 74 04 4d 8b 6d 00 48 83 c4 08 44
0x00007f30b6bea634:   89 f9 4c 89 f2 4c 89 ee 5b 4c 89 e7 41 5c 41 5d
0x00007f30b6bea644:   41 5e 41 5f 5d e9 e2 47 d1 ff 66 90 48 83 c4 08
0x00007f30b6bea654:   5b 41 5c 41 5d 41 5e 41 5f 5d c3 90 31 d2 be 08
0x00007f30b6bea664:   00 00 00 4c 89 ff e8 b1 78 a3 ff 49 89 c5 e9 37
0x00007f30b6bea674:   ff ff ff 66 0f 1f 84 00 00 00 00 00 48 8b 7a 08
0x00007f30b6bea684:   e9 6d ff ff ff 0f 1f 80 00 00 00 00 e8 5b 48 0a
0x00007f30b6bea694:   00 84 c0 75 89 e9 6a ff ff ff 66 90 55 48 89 e5
0x00007f30b6bea6a4:   41 56 41 55 41 54 49 89 fc 53 48 89 f3 66 48 8d
0x00007f30b6bea6b4:   3d 27 5e 85 00 66 66 48 e8 df 43 8d ff 4c 8b 28
0x00007f30b6bea6c4:   8b 05 be 72 8a 00 85 c0 75 14 ba 01 00 00 00 48
0x00007f30b6bea6d4:   8d 0d ae 72 8a 00 f0 0f b1 11 85 c0 74 4e be c8
0x00007f30b6bea6e4:   00 00 00 4c 89 ef e8 01 0b 41 00 48 8d 05 12 ac
0x00007f30b6bea6f4:   85 00 49 89 d8 48 8d 0d e8 aa 53 00 ba 49 06 00
0x00007f30b6bea704:   00 48 8d 35 3c 35 58 00 bf 00 00 00 e0 48 8b 00
0x00007f30b6bea714:   c6 00 58 31 c0 e8 e2 91 c6 ff 5b 41 5c 41 5d 41
0x00007f30b6bea724:   5e 5d e9 55 34 26 00 0f 1f 44 00 00 48 8d 05 81
0x00007f30b6bea734:   a3 8b 00 48 89 df 4c 8b 30 e8 9e 43 8d ff 48 89
0x00007f30b6bea744:   de 48 89 c2 49 8b 06 4c 89 f7 ff 50 08 4c 89 f7
0x00007f30b6bea754:   e8 a7 5c 27 00 4d 85 e4 74 12 be 01 00 00 00 4c
0x00007f30b6bea764:   89 e7 e8 35 43 fc ff eb 82 0f 1f 00 be 01 00 00
0x00007f30b6bea774:   00 4c 89 ef e8 d3 fd ff ff e9 6d ff ff ff 66 66
0x00007f30b6bea784:   2e 0f 1f 84 00 00 00 00 00 0f 1f 00 55 48 89 e5
0x00007f30b6bea794:   41 57 41 56 41 55 41 54 53 48 81 ec 08 02 00 00
0x00007f30b6bea7a4:   64 48 8b 04 25 28 00 00 00 48 89 45 c8 8b 07 83
0x00007f30b6bea7b4:   f8 02 0f 84 11 04 00 00 4c 8b 6f 18 49 89 ff 49
0x00007f30b6bea7c4:   89 f4 4d 85 ed 74 14 4c 89 ef e8 5d 57 22 00 41
0x00007f30b6bea7d4:   8b 07 83 f8 02 0f 84 19 04 00 00 48 8d 1d 9a 06
0x00007f30b6bea7e4:   8a 00 4c 8d 35 0b 3c 58 00 eb 38 90 48 85 d2 7f
0x00007f30b6bea7f4:   0d 48 8d 05 b4 c0 85 00 48 83 38 00 7e 0e 41 8b
0x00007f30b6bea804:   77 2c 4c 89 f7 31 c0 e8 a0 b2 f7 ff 49 8b 7f 18 


Stack slot to memory mapping:
stack at sp + 0 slots: 0x00007f3096518940 is pointing into the stack for thread: 0x00007f30b00b2210
stack at sp + 1 slots: 0x00007f30b00b2210 is a thread
stack at sp + 2 slots: 0x00007f30b4a038c8 points into unknown readable memory: 0x65730018052dffff | ff ff 2d 05 18 00 73 65
stack at sp + 3 slots: 0x0000000800c417a0 is a pointer to class: 
jdk.vm.ci.services.Services {0x0000000800c417a0}
 - instance size:     2
 - klass size:        65
 - access:            public final synchronized 
 - state:             fully_initialized
 - name:              'jdk/vm/ci/services/Services'
 - super:             'java/lang/Object'
 - sub:               
 - arrays:            NULL
 - methods:           Array<T>(0x00007f3096c45660)
 - method ordering:   Array<T>(0x0000000800928960)
 - default_methods:   Array<T>(0x0000000000000000)
 - local interfaces:  Array<T>(0x00000008005ce810)
 - trans. interfaces: Array<T>(0x00000008005ce810)
 - constants:         constant pool [427] {0x00007f3096c44740} for 'jdk/vm/ci/services/Services' cache=0x00007f3096c46930
 - class loader data:  loader data: 0x00007f30b00283f0 of 'bootstrap'
 - source file:       'Services.java'
 - class annotations:       Array<T>(0x0000000000000000)
 - class type annotations:  Array<T>(0x0000000000000000)
 - field annotations:       Array<T>(0x0000000000000000)
 - field type annotations:  Array<T>(0x0000000000000000)
 - inner classes:     Array<T>(0x00007f3096c46900)
 - nest members:     Array<T>(0x00007f3096c46920)
 - permitted subclasses:     Array<T>(0x00000008005ce7a0)
 - java mirror:       a 'java/lang/Class'{0x00000000e0179fe8} = 'jdk/vm/ci/services/Services'
 - vtable length      5  (start addr: 0x0000000800c41970)
 - itable length      2 (start addr: 0x0000000800c41998)
 - ---- static fields (3 words):
 - public static final 'IS_BUILDING_NATIVE_IMAGE' 'Z' @128 
 - public static final 'IS_IN_NATIVE_IMAGE' 'Z' @129 
 - private static volatile 'savedProperties' 'Ljava/util/Map;' @112 
 - static final 'JVMCI_ENABLED' 'Z' @130 
 - private static final 'servicesCache' 'Ljava/util/Map;' @116 
 - private static final 'MAX_UNICODE_IN_UTF8_LENGTH' 'I' @120 
 - private static final 'MAX_UTF8_PROPERTY_STRING_LENGTH' 'I' @124 
 - ---- non-static fields (0 words):
 - non-static oop maps: 
stack at sp + 4 slots: 0x00007f3096518500 is pointing into the stack for thread: 0x00007f30b00b2210
stack at sp + 5 slots: 0x00007f30b6bb62fe: <offset 0x000000000093e2fe> in /nix/store/gpxl5qgg8kicmcvivwmybwjlpf7wh20l-graalvm17-ce-22.3.0/lib/server/libjvm.so at 0x00007f30b6278000
stack at sp + 6 slots: 0x00007f30965183e0 is pointing into the stack for thread: 0x00007f30b00b2210
stack at sp + 7 slots: 0x00007f3096518440 is pointing into the stack for thread: 0x00007f30b00b2210


---------------  P R O C E S S  ---------------

Threads class SMR info:
_java_thread_list=0x00007f3054010a40, length=36, elements={
0x00007f30b0026690, 0x00007f30b00a64d0, 0x00007f30b00a7910, 0x00007f30b00ae080,
0x00007f30b00af430, 0x00007f30b00b0820, 0x00007f30b00b2210, 0x00007f30b00b3720,
0x00007f30b00b4780, 0x00007f30b00d76a0, 0x00007f30b011ef10, 0x00007f30b031b540,
0x00007f30b01e6de0, 0x00007f30b01e84b0, 0x00007f30b0335ae0, 0x00007f304401a820,
0x00007f30442b94a0, 0x00007f304431c570, 0x00007f30340010d0, 0x00007f304409bb60,
0x00007f30446e6470, 0x00007f30b03c84b0, 0x00007f30b0618960, 0x00007f3018191000,
0x00007f3018192c40, 0x00007f30181aa060, 0x00007f30181ad980, 0x00007f30181939c0,
0x00007f30181ab530, 0x00007f3018194ea0, 0x00007f30181ae360, 0x00007f30181ae8e0,
0x00007f30181f9ba0, 0x00007f30181fa260, 0x00007f301822e6f0, 0x00007f301822ec70
}

Java Threads: ( => current thread )
  0x00007f30b0026690 JavaThread "main" [_thread_blocked, id=24, stack(0x00007f30b6093000,0x00007f30b6193000)]
  0x00007f30b00a64d0 JavaThread "Reference Handler" daemon [_thread_blocked, id=27, stack(0x00007f30b40aa000,0x00007f30b41aa000)]
  0x00007f30b00a7910 JavaThread "Finalizer" daemon [_thread_blocked, id=28, stack(0x00007f3096b00000,0x00007f3096c00000)]
  0x00007f30b00ae080 JavaThread "Signal Dispatcher" daemon [_thread_blocked, id=29, stack(0x00007f309671a000,0x00007f309681a000)]
  0x00007f30b00af430 JavaThread "Service Thread" daemon [_thread_blocked, id=30, stack(0x00007f309661a000,0x00007f309671a000)]
  0x00007f30b00b0820 JavaThread "Monitor Deflation Thread" daemon [_thread_blocked, id=31, stack(0x00007f309651a000,0x00007f309661a000)]
=>0x00007f30b00b2210 JavaThread "JVMCI-native CompilerThread0" daemon [_thread_in_vm, id=32, stack(0x00007f309631a000,0x00007f309651a000)]
  0x00007f30b00b3720 JavaThread "C1 CompilerThread0" daemon [_thread_blocked, id=34, stack(0x00007f309611a000,0x00007f309631a000)]
  0x00007f30b00b4780 JavaThread "Sweeper thread" daemon [_thread_blocked, id=35, stack(0x00007f309601a000,0x00007f309611a000)]
  0x00007f30b00d76a0 JavaThread "Common-Cleaner" daemon [_thread_blocked, id=36, stack(0x00007f3095f1a000,0x00007f309601a000)]
  0x00007f30b011ef10 JavaThread "Notification Thread" daemon [_thread_blocked, id=37, stack(0x00007f3095e1a000,0x00007f3095f1a000)]
  0x00007f30b031b540 JavaThread "Active Thread: Equinox Container: 3654fb55-6bfe-4499-9e8c-806677c69304" [_thread_blocked, id=42, stack(0x00007f3094a00000,0x00007f3094b00000)]
  0x00007f30b01e6de0 JavaThread "Framework Event Dispatcher: Equinox Container: 3654fb55-6bfe-4499-9e8c-806677c69304" daemon [_thread_blocked, id=43, stack(0x00007f3094800000,0x00007f3094900000)]
  0x00007f30b01e84b0 JavaThread "Start Level: Equinox Container: 3654fb55-6bfe-4499-9e8c-806677c69304" daemon [_thread_blocked, id=44, stack(0x00007f3094600000,0x00007f3094700000)]
  0x00007f30b0335ae0 JavaThread "Refresh Thread: Equinox Container: 3654fb55-6bfe-4499-9e8c-806677c69304" daemon [_thread_blocked, id=45, stack(0x00007f3094400000,0x00007f3094500000)]
  0x00007f304401a820 JavaThread "SCR Component Actor" daemon [_thread_blocked, id=46, stack(0x00007f3094200000,0x00007f3094300000)]
  0x00007f30442b94a0 JavaThread "Worker-JM" [_thread_blocked, id=48, stack(0x00007f3094000000,0x00007f3094100000)]
  0x00007f304431c570 JavaThread "Worker-0: Periodic workspace save." [_thread_blocked, id=49, stack(0x00007f305db00000,0x00007f305dc00000)]
  0x00007f30340010d0 JavaThread "Worker-1: Compacting resource model" [_thread_blocked, id=50, stack(0x00007f305d900000,0x00007f305da00000)]
  0x00007f304409bb60 JavaThread "Java indexing" daemon [_thread_blocked, id=51, stack(0x00007f305d800000,0x00007f305d900000)]
  0x00007f30446e6470 JavaThread "Bundle File Closer" daemon [_thread_blocked, id=52, stack(0x00007f305d700000,0x00007f305d800000)]
  0x00007f30b03c84b0 JavaThread "pool-3-thread-1" [_thread_blocked, id=54, stack(0x00007f305d500000,0x00007f305d600000)]
  0x00007f30b0618960 JavaThread "pool-2-thread-1" [_thread_blocked, id=55, stack(0x00007f305d300000,0x00007f305d400000)]
  0x00007f3018191000 JavaThread "Thread-2" [_thread_blocked, id=64, stack(0x00007f3094900000,0x00007f3094a00000)]
  0x00007f3018192c40 JavaThread "Thread-4" [_thread_blocked, id=66, stack(0x00007f305d200000,0x00007f305d300000)]
  0x00007f30181aa060 JavaThread "Thread-7" [_thread_blocked, id=69, stack(0x00007f305c500000,0x00007f305c600000)]
  0x00007f30181ad980 JavaThread "Thread-10" [_thread_blocked, id=73, stack(0x00007f305cf00000,0x00007f305d000000)]
  0x00007f30181939c0 JavaThread "Thread-14" [_thread_blocked, id=78, stack(0x00007f305d100000,0x00007f305d200000)]
  0x00007f30181ab530 JavaThread "Thread-15" [_thread_blocked, id=79, stack(0x00007f305cb00000,0x00007f305cc00000)]
  0x00007f3018194ea0 JavaThread "Thread-16" [_thread_blocked, id=80, stack(0x00007f305cd00000,0x00007f305ce00000)]
  0x00007f30181ae360 JavaThread "Thread-17" [_thread_blocked, id=81, stack(0x00007f3094300000,0x00007f3094400000)]
  0x00007f30181ae8e0 JavaThread "Thread-18" [_thread_blocked, id=82, stack(0x00007f305c300000,0x00007f305c400000)]
  0x00007f30181f9ba0 JavaThread "Thread-19" [_thread_blocked, id=83, stack(0x00007f305c700000,0x00007f305c800000)]
  0x00007f30181fa260 JavaThread "Thread-20" [_thread_blocked, id=84, stack(0x00007f305bf00000,0x00007f305c000000)]
  0x00007f301822e6f0 JavaThread "Thread-21" [_thread_blocked, id=86, stack(0x00007f305c100000,0x00007f305c200000)]
  0x00007f301822ec70 JavaThread "Thread-22" [_thread_blocked, id=87, stack(0x00007f305da00000,0x00007f305db00000)]

Other Threads:
  0x00007f30b00a1c10 VMThread "VM Thread" [stack: 0x00007f30b41ac000,0x00007f30b42ac000] [id=26] _threads_hazard_ptr=0x00007f3054010a40
  0x00007f30b0120ca0 WatcherThread [stack: 0x00007f3095d1a000,0x00007f3095e1a000] [id=38]
  0x00007f30b003df30 GCTaskThread "GC Thread#0" [stack: 0x00007f30b5c56000,0x00007f30b5d56000] [id=25]

Threads with active compile tasks:
JVMCI-native CompilerThread0  1755990 11500       4       org.eclipse.jdt.internal.core.OverflowingLRUCache::updateTimestamp (43 bytes)

VM state: synchronizing (normal execution)

VM Mutex/Monitor currently owned by a thread:  ([mutex/lock_event])
[0x00007f30b0023840] Threads_lock - owner thread: 0x00007f30b00a1c10
[0x00007f30b0023ff0] Heap_lock - owner thread: 0x00007f30181939c0

OutOfMemory and StackOverflow Exception counts:
OutOfMemoryError java_heap_errors=6
LinkageErrors=48

Heap address: 0x00000000e0000000, size: 512 MB, Compressed Oops mode: 32-bit

CDS archive(s) mapped at: [0x0000000800000000-0x0000000800bc8000-0x0000000800bc8000), size 12353536, SharedBaseAddress: 0x0000000800000000, ArchiveRelocationMode: 0.
Compressed class space mapped at: 0x0000000800c00000-0x0000000840c00000, reserved size: 1073741824
Narrow klass base: 0x0000000800000000, Narrow klass shift: 0, Narrow klass range: 0x100000000

GC Precious Log:
 CPUs: 8 total, 1 available
 Memory: 1024M
 Large Page Support: Disabled
 NUMA Support: Disabled
 Compressed Oops: Enabled (32-bit)
 Alignments: Space 512K, Generation 512K, Heap 2M
 Heap Min Capacity: 100M
 Heap Initial Capacity: 100M
 Heap Max Capacity: 512M
 Pre-touch: Disabled
 Parallel Workers: 1

Heap:
 PSYoungGen      total 48640K, used 30207K [0x00000000f5580000, 0x00000000f9980000, 0x0000000100000000)
  eden space 30208K, 99% used [0x00000000f5580000,0x00000000f72ffff0,0x00000000f7300000)
  from space 18432K, 0% used [0x00000000f8600000,0x00000000f8600000,0x00000000f9800000)
  to   space 18944K, 0% used [0x00000000f7300000,0x00000000f7300000,0x00000000f8580000)
 ParOldGen       total 349696K, used 349694K [0x00000000e0000000, 0x00000000f5580000, 0x00000000f5580000)
  object space 349696K, 99% used [0x00000000e0000000,0x00000000f557f990,0x00000000f5580000)
 Metaspace       used 60060K, committed 60864K, reserved 1105920K
  class space    used 5675K, committed 6016K, reserved 1048576K

Card table byte_map: [0x00007f30b5d56000,0x00007f30b5e57000] _byte_map_base: 0x00007f30b5656000

Marking Bits: (ParMarkBitMap*) 0x00007f30b74a64c0
 Begin Bits: [0x00007f30b4ba9000, 0x00007f30b53a9000)
 End Bits:   [0x00007f30b53a9000, 0x00007f30b5ba9000)

Polling page: 0x00007f30b6070000

Metaspace:

Usage:
  Non-class:     53.11 MB used.
      Class:      5.54 MB used.
       Both:     58.65 MB used.

Virtual space:
  Non-class space:       56.00 MB reserved,      53.56 MB ( 96%) committed,  7 nodes.
      Class space:        1.00 GB reserved,       5.88 MB ( <1%) committed,  1 nodes.
             Both:        1.05 GB reserved,      59.44 MB (  6%) committed. 

Chunk freelists:
   Non-Class:  2.06 MB
       Class:  2.16 MB
        Both:  4.22 MB

MaxMetaspaceSize: unlimited
CompressedClassSpaceSize: 1.00 GB
Initial GC threshold: 21.00 MB
Current GC threshold: 98.88 MB
CDS: on
MetaspaceReclaimPolicy: balanced
 - commit_granule_bytes: 65536.
 - commit_granule_words: 8192.
 - virtual_space_node_default_size: 1048576.
 - enlarge_chunks_in_place: 1.
 - new_chunks_are_fully_committed: 0.
 - uncommit_free_chunks: 1.
 - use_allocation_guard: 0.
 - handle_deallocations: 1.


Internal statistics:

num_allocs_failed_limit: 6.
num_arena_births: 378.
num_arena_deaths: 68.
num_vsnodes_births: 8.
num_vsnodes_deaths: 0.
num_space_committed: 950.
num_space_uncommitted: 0.
num_chunks_returned_to_freelist: 92.
num_chunks_taken_from_freelist: 2678.
num_chunk_merges: 36.
num_chunk_splits: 1748.
num_chunks_enlarged: 1096.
num_purges: 12.
num_inconsistent_stats: 0.

CodeHeap 'non-profiled nmethods': size=120036Kb used=2773Kb max_used=2784Kb free=117262Kb
 bounds [0x00007f309ef7a000, 0x00007f309f23a000, 0x00007f30a64b3000]
CodeHeap 'profiled nmethods': size=120032Kb used=19170Kb max_used=21758Kb free=100861Kb
 bounds [0x00007f3097a42000, 0x00007f3098f92000, 0x00007f309ef7a000]
CodeHeap 'non-nmethods': size=5692Kb used=1408Kb max_used=1408Kb free=4284Kb
 bounds [0x00007f30974b3000, 0x00007f3097723000, 0x00007f3097a42000]
 total_blobs=8547 nmethods=7801 adapters=626
 compilation: enabled
              stopped_count=0, restarted_count=0
 full_count=0

JVMCI Events (20 events):
Event: 1632.391 Thread 0x00007f30b00b2210 compacted oop handles in JVMCI runtime 0 from 82 to 82
Event: 1632.391 Thread 0x00007f30b00b2210 releasing handles for JVMCI runtime 0: oop handles=82, metadata handles={total=574, live=556, blocks=39}
Event: 1632.391 Thread 0x00007f30b00b2210 detached from JVMCI runtime 0
Event: 1640.655 Thread 0x00007f30b00b2210 attached to JVMCI runtime 0
Event: 1640.656 Thread 0x00007f30b00b2210 created JavaVM[7]@0x00007f304169e340 for JVMCI runtime 0
Event: 1642.046 Thread 0x00007f30b00b2210 initializing JVMCI runtime 0
Event: 1642.046 Thread 0x00007f30b00b2210 done waiting for JavaVM references initialization in JVMCI runtime 0
Event: 1703.018 Thread 0x00007f30b00b2210 initialized JVMCI runtime 0
Event: 1704.538 Thread 0x00007f30b00b2210 compacted oop handles in JVMCI runtime 0 from 69 to 67
Event: 1705.955 Thread 0x00007f30b00b2210 detaching from JVMCI runtime 0: releasing idle compiler thread (0 other threads still attached)
Event: 1705.955 Thread 0x00007f30b00b2210 shutting down HotSpotJVMCIRuntime for JVMCI runtime 0
Event: 1705.955 Thread 0x00007f30b00b2210 shut down JVMCI runtime 0
Event: 1705.956 Thread 0x00007f30b00b2210 destroyed JavaVM[7]@0x00007f304169e340 for JVMCI runtime 0
Event: 1705.956 Thread 0x00007f30b00b2210 compacted oop handles in JVMCI runtime 0 from 67 to 67
Event: 1705.956 Thread 0x00007f30b00b2210 releasing handles for JVMCI runtime 0: oop handles=67, metadata handles={total=126, live=113, blocks=39}
Event: 1705.956 Thread 0x00007f30b00b2210 detached from JVMCI runtime 0
Event: 1738.823 Thread 0x00007f30b00b2210 attached to JVMCI runtime 0
Event: 1738.824 Thread 0x00007f30b00b2210 created JavaVM[8]@0x00007f304169e340 for JVMCI runtime 0
Event: 1740.234 Thread 0x00007f30b00b2210 initializing JVMCI runtime 0
Event: 1740.234 Thread 0x00007f30b00b2210 done waiting for JavaVM references initialization in JVMCI runtime 0

Compilation events (20 events):
Event: 1627.605 Thread 0x00007f30b00b2210 nmethod 11483 0x00007f309f0fee10 code [0x00007f309f0ff0a0, 0x00007f309f100340]
Event: 1627.605 Thread 0x00007f30b00b2210 11496       4       java.util.ArrayList::isEmpty (13 bytes)
Event: 1627.606 Thread 0x00007f30b00b2210 nmethod 11496 0x00007f309f0feb10 code [0x00007f309f0fec80, 0x00007f309f0fecc8]
Event: 1627.606 Thread 0x00007f30b00b2210 11484       4       org.eclipse.jdt.internal.core.JarPackageFragmentRoot::resource (15 bytes)
Event: 1627.607 Thread 0x00007f30b00b2210 nmethod 11484 0x00007f309f0fe810 code [0x00007f309f0fe980, 0x00007f309f0fea00]
Event: 1627.607 Thread 0x00007f30b00b2210 11481       4       org.eclipse.jdt.internal.compiler.util.CharArrayMap::<init> (38 bytes)
Event: 1627.610 Thread 0x00007f30b00b2210 nmethod 11481 0x00007f309f0fe310 code [0x00007f309f0fe4a0, 0x00007f309f0fe710]
Event: 1627.610 Thread 0x00007f30b00b2210 11480       4       org.eclipse.jdt.internal.compiler.util.CharDelegateMap::<init> (37 bytes)
Event: 1627.613 Thread 0x00007f30b00b2210 nmethod 11480 0x00007f309f0fdd10 code [0x00007f309f0fdea0, 0x00007f309f0fe1a0]
Event: 1627.614 Thread 0x00007f30b00b2210 11495       4       org.eclipse.jdt.internal.compiler.ast.SingleTypeReference::<init> (29 bytes)
Event: 1627.615 Thread 0x00007f30b00b2210 nmethod 11495 0x00007f309f0fda10 code [0x00007f309f0fdb80, 0x00007f309f0fdbf8]
Event: 1627.615 Thread 0x00007f30b00b2210 11474       4       org.eclipse.jdt.internal.compiler.lookup.PackageBinding::<init> (101 bytes)
Event: 1629.118 Thread 0x00007f30b00b2210 nmethod 11474 0x00007f309f0fd210 code [0x00007f309f0fd3c0, 0x00007f309f0fd778]
Event: 1640.655 Thread 0x00007f30b00b2210 11498       4       java.util.stream.AbstractPipeline::wrapSink (37 bytes)
Event: 1689.644 Thread 0x00007f30b00b3720 11499       3       java.io.DataOutputStream::writeUTF (411 bytes)
Event: 1689.646 Thread 0x00007f30b00b3720 nmethod 11499 0x00007f3098c6af10 code [0x00007f3098c6b2a0, 0x00007f3098c6d640]
Event: 1704.538 Thread 0x00007f30b00b2210 nmethod 11498 0x00007f309f0fcd90 code [0x00007f309f0fcf00, 0x00007f309f0fd068]
Event: 1738.823 Thread 0x00007f30b00b2210 11500       4       org.eclipse.jdt.internal.core.OverflowingLRUCache::updateTimestamp (43 bytes)
Event: 1743.163 Thread 0x00007f30b00b3720 11501       3       java.lang.invoke.VarHandleGuards::guard_LLL_Z (86 bytes)
Event: 1744.811 Thread 0x00007f30b00b3720 nmethod 11501 0x00007f30982c9a10 code [0x00007f30982c9d40, 0x00007f30982cc260]

GC Heap History (20 events):
Event: 1740.235 GC heap before
{Heap before GC invocations=1284 (full 1101):
 PSYoungGen      total 48640K, used 30208K [0x00000000f5580000, 0x00000000f9980000, 0x0000000100000000)
  eden space 30208K, 100% used [0x00000000f5580000,0x00000000f7300000,0x00000000f7300000)
  from space 18432K, 0% used [0x00000000f8600000,0x00000000f8600000,0x00000000f9800000)
  to   space 18944K, 0% used [0x00000000f7300000,0x00000000f7300000,0x00000000f8580000)
 ParOldGen       total 349696K, used 349680K [0x00000000e0000000, 0x00000000f5580000, 0x00000000f5580000)
  object space 349696K, 99% used [0x00000000e0000000,0x00000000f557c2b0,0x00000000f5580000)
 Metaspace       used 60060K, committed 60864K, reserved 1105920K
  class space    used 5675K, committed 6016K, reserved 1048576K
}
Event: 1741.700 GC heap after
{Heap after GC invocations=1284 (full 1101):
 PSYoungGen      total 49152K, used 30207K [0x00000000f5580000, 0x00000000f9980000, 0x0000000100000000)
  eden space 30208K, 99% used [0x00000000f5580000,0x00000000f72fff20,0x00000000f7300000)
  from space 18944K, 0% used [0x00000000f7300000,0x00000000f7300000,0x00000000f8580000)
  to   space 18432K, 0% used [0x00000000f8600000,0x00000000f8600000,0x00000000f9800000)
 ParOldGen       total 349696K, used 349680K [0x00000000e0000000, 0x00000000f5580000, 0x00000000f5580000)
  object space 349696K, 99% used [0x00000000e0000000,0x00000000f557c290,0x00000000f5580000)
 Metaspace       used 60060K, committed 60864K, reserved 1105920K
  class space    used 5675K, committed 6016K, reserved 1048576K
}
Event: 1741.701 GC heap before
{Heap before GC invocations=1285 (full 1102):
 PSYoungGen      total 49152K, used 30207K [0x00000000f5580000, 0x00000000f9980000, 0x0000000100000000)
  eden space 30208K, 99% used [0x00000000f5580000,0x00000000f72ffff8,0x00000000f7300000)
  from space 18944K, 0% used [0x00000000f7300000,0x00000000f7300000,0x00000000f8580000)
  to   space 18432K, 0% used [0x00000000f8600000,0x00000000f8600000,0x00000000f9800000)
 ParOldGen       total 349696K, used 349680K [0x00000000e0000000, 0x00000000f5580000, 0x00000000f5580000)
  object space 349696K, 99% used [0x00000000e0000000,0x00000000f557c290,0x00000000f5580000)
 Metaspace       used 60060K, committed 60864K, reserved 1105920K
  class space    used 5675K, committed 6016K, reserved 1048576K
}
Event: 1743.163 GC heap after
{Heap after GC invocations=1285 (full 1102):
 PSYoungGen      total 48640K, used 30207K [0x00000000f5580000, 0x00000000f9980000, 0x0000000100000000)
  eden space 30208K, 99% used [0x00000000f5580000,0x00000000f72fffe8,0x00000000f7300000)
  from space 18432K, 0% used [0x00000000f8600000,0x00000000f8600000,0x00000000f9800000)
  to   space 18944K, 0% used [0x00000000f7300000,0x00000000f7300000,0x00000000f8580000)
 ParOldGen       total 349696K, used 349680K [0x00000000e0000000, 0x00000000f5580000, 0x00000000f5580000)
  object space 349696K, 99% used [0x00000000e0000000,0x00000000f557c290,0x00000000f5580000)
 Metaspace       used 60060K, committed 60864K, reserved 1105920K
  class space    used 5675K, committed 6016K, reserved 1048576K
}
Event: 1743.166 GC heap before
{Heap before GC invocations=1286 (full 1103):
 PSYoungGen      total 48640K, used 30207K [0x00000000f5580000, 0x00000000f9980000, 0x0000000100000000)
  eden space 30208K, 99% used [0x00000000f5580000,0x00000000f72ffff8,0x00000000f7300000)
  from space 18432K, 0% used [0x00000000f8600000,0x00000000f8600000,0x00000000f9800000)
  to   space 18944K, 0% used [0x00000000f7300000,0x00000000f7300000,0x00000000f8580000)
 ParOldGen       total 349696K, used 349682K [0x00000000e0000000, 0x00000000f5580000, 0x00000000f5580000)
  object space 349696K, 99% used [0x00000000e0000000,0x00000000f557ca68,0x00000000f5580000)
 Metaspace       used 60060K, committed 60864K, reserved 1105920K
  class space    used 5675K, committed 6016K, reserved 1048576K
}
Event: 1744.811 GC heap after
{Heap after GC invocations=1286 (full 1103):
 PSYoungGen      total 49152K, used 30207K [0x00000000f5580000, 0x00000000f9980000, 0x0000000100000000)
  eden space 30208K, 99% used [0x00000000f5580000,0x00000000f72fffd0,0x00000000f7300000)
  from space 18944K, 0% used [0x00000000f7300000,0x00000000f7300000,0x00000000f8580000)
  to   space 18432K, 0% used [0x00000000f8600000,0x00000000f8600000,0x00000000f9800000)
 ParOldGen       total 349696K, used 349682K [0x00000000e0000000, 0x00000000f5580000, 0x00000000f5580000)
  object space 349696K, 99% used [0x00000000e0000000,0x00000000f557c8f8,0x00000000f5580000)
 Metaspace       used 60060K, committed 60864K, reserved 1105920K
  class space    used 5675K, committed 6016K, reserved 1048576K
}
Event: 1744.811 GC heap before
{Heap before GC invocations=1287 (full 1104):
 PSYoungGen      total 49152K, used 30208K [0x00000000f5580000, 0x00000000f9980000, 0x0000000100000000)
  eden space 30208K, 100% used [0x00000000f5580000,0x00000000f7300000,0x00000000f7300000)
  from space 18944K, 0% used [0x00000000f7300000,0x00000000f7300000,0x00000000f8580000)
  to   space 18432K, 0% used [0x00000000f8600000,0x00000000f8600000,0x00000000f9800000)
 ParOldGen       total 349696K, used 349682K [0x00000000e0000000, 0x00000000f5580000, 0x00000000f5580000)
  object space 349696K, 99% used [0x00000000e0000000,0x00000000f557c8f8,0x00000000f5580000)
 Metaspace       used 60060K, committed 60864K, reserved 1105920K
  class space    used 5675K, committed 6016K, reserved 1048576K
}
Event: 1746.409 GC heap after
{Heap after GC invocations=1287 (full 1104):
 PSYoungGen      total 48640K, used 30208K [0x00000000f5580000, 0x00000000f9980000, 0x0000000100000000)
  eden space 30208K, 100% used [0x00000000f5580000,0x00000000f7300000,0x00000000f7300000)
  from space 18432K, 0% used [0x00000000f8600000,0x00000000f8600000,0x00000000f9800000)
  to   space 18944K, 0% used [0x00000000f7300000,0x00000000f7300000,0x00000000f8580000)
 ParOldGen       total 349696K, used 349682K [0x00000000e0000000, 0x00000000f5580000, 0x00000000f5580000)
  object space 349696K, 99% used [0x00000000e0000000,0x00000000f557c8f8,0x00000000f5580000)
 Metaspace       used 60060K, committed 60864K, reserved 1105920K
  class space    used 5675K, committed 6016K, reserved 1048576K
}
Event: 1746.412 GC heap before
{Heap before GC invocations=1288 (full 1105):
 PSYoungGen      total 48640K, used 30208K [0x00000000f5580000, 0x00000000f9980000, 0x0000000100000000)
  eden space 30208K, 100% used [0x00000000f5580000,0x00000000f7300000,0x00000000f7300000)
  from space 18432K, 0% used [0x00000000f8600000,0x00000000f8600000,0x00000000f9800000)
  to   space 18944K, 0% used [0x00000000f7300000,0x00000000f7300000,0x00000000f8580000)
 ParOldGen       total 349696K, used 349684K [0x00000000e0000000, 0x00000000f5580000, 0x00000000f5580000)
  object space 349696K, 99% used [0x00000000e0000000,0x00000000f557d1c8,0x00000000f5580000)
 Metaspace       used 60060K, committed 60864K, reserved 1105920K
  class space    used 5675K, committed 6016K, reserved 1048576K
}
Event: 1747.904 GC heap after
{Heap after GC invocations=1288 (full 1105):
 PSYoungGen      total 49152K, used 30208K [0x00000000f5580000, 0x00000000f9980000, 0x0000000100000000)
  eden space 30208K, 100% used [0x00000000f5580000,0x00000000f7300000,0x00000000f7300000)
  from space 18944K, 0% used [0x00000000f7300000,0x00000000f7300000,0x00000000f8580000)
  to   space 18432K, 0% used [0x00000000f8600000,0x00000000f8600000,0x00000000f9800000)
 ParOldGen       total 349696K, used 349684K [0x00000000e0000000, 0x00000000f5580000, 0x00000000f5580000)
  object space 349696K, 99% used [0x00000000e0000000,0x00000000f557d138,0x00000000f5580000)
 Metaspace       used 60060K, committed 60864K, reserved 1105920K
  class space    used 5675K, committed 6016K, reserved 1048576K
}
Event: 1747.904 GC heap before
{Heap before GC invocations=1289 (full 1106):
 PSYoungGen      total 49152K, used 30208K [0x00000000f5580000, 0x00000000f9980000, 0x0000000100000000)
  eden space 30208K, 100% used [0x00000000f5580000,0x00000000f7300000,0x00000000f7300000)
  from space 18944K, 0% used [0x00000000f7300000,0x00000000f7300000,0x00000000f8580000)
  to   space 18432K, 0% used [0x00000000f8600000,0x00000000f8600000,0x00000000f9800000)
 ParOldGen       total 349696K, used 349686K [0x00000000e0000000, 0x00000000f5580000, 0x00000000f5580000)
  object space 349696K, 99% used [0x00000000e0000000,0x00000000f557da10,0x00000000f5580000)
 Metaspace       used 60060K, committed 60864K, reserved 1105920K
  class space    used 5675K, committed 6016K, reserved 1048576K
}
Event: 1749.298 GC heap after
{Heap after GC invocations=1289 (full 1106):
 PSYoungGen      total 48640K, used 30208K [0x00000000f5580000, 0x00000000f9980000, 0x0000000100000000)
  eden space 30208K, 100% used [0x00000000f5580000,0x00000000f7300000,0x00000000f7300000)
  from space 18432K, 0% used [0x00000000f8600000,0x00000000f8600000,0x00000000f9800000)
  to   space 18944K, 0% used [0x00000000f7300000,0x00000000f7300000,0x00000000f8580000)
 ParOldGen       total 349696K, used 349686K [0x00000000e0000000, 0x00000000f5580000, 0x00000000f5580000)
  object space 349696K, 99% used [0x00000000e0000000,0x00000000f557d858,0x00000000f5580000)
 Metaspace       used 60060K, committed 60864K, reserved 1105920K
  class space    used 5675K, committed 6016K, reserved 1048576K
}
Event: 1749.300 GC heap before
{Heap before GC invocations=1290 (full 1107):
 PSYoungGen      total 48640K, used 30208K [0x00000000f5580000, 0x00000000f9980000, 0x0000000100000000)
  eden space 30208K, 100% used [0x00000000f5580000,0x00000000f7300000,0x00000000f7300000)
  from space 18432K, 0% used [0x00000000f8600000,0x00000000f8600000,0x00000000f9800000)
  to   space 18944K, 0% used [0x00000000f7300000,0x00000000f7300000,0x00000000f8580000)
 ParOldGen       total 349696K, used 349690K [0x00000000e0000000, 0x00000000f5580000, 0x00000000f5580000)
  object space 349696K, 99% used [0x00000000e0000000,0x00000000f557eaf0,0x00000000f5580000)
 Metaspace       used 60060K, committed 60864K, reserved 1105920K
  class space    used 5675K, committed 6016K, reserved 1048576K
}
Event: 1750.730 GC heap after
{Heap after GC invocations=1290 (full 1107):
 PSYoungGen      total 49152K, used 30206K [0x00000000f5580000, 0x00000000f9980000, 0x0000000100000000)
  eden space 30208K, 99% used [0x00000000f5580000,0x00000000f72ffaf0,0x00000000f7300000)
  from space 18944K, 0% used [0x00000000f7300000,0x00000000f7300000,0x00000000f8580000)
  to   space 18432K, 0% used [0x00000000f8600000,0x00000000f8600000,0x00000000f9800000)
 ParOldGen       total 349696K, used 349690K [0x00000000e0000000, 0x00000000f5580000, 0x00000000f5580000)
  object space 349696K, 99% used [0x00000000e0000000,0x00000000f557eaf0,0x00000000f5580000)
 Metaspace       used 60060K, committed 60864K, reserved 1105920K
  class space    used 5675K, committed 6016K, reserved 1048576K
}
Event: 1750.730 GC heap before
{Heap before GC invocations=1291 (full 1108):
 PSYoungGen      total 49152K, used 30207K [0x00000000f5580000, 0x00000000f9980000, 0x0000000100000000)
  eden space 30208K, 99% used [0x00000000f5580000,0x00000000f72ffff8,0x00000000f7300000)
  from space 18944K, 0% used [0x00000000f7300000,0x00000000f7300000,0x00000000f8580000)
  to   space 18432K, 0% used [0x00000000f8600000,0x00000000f8600000,0x00000000f9800000)
 ParOldGen       total 349696K, used 349690K [0x00000000e0000000, 0x00000000f5580000, 0x00000000f5580000)
  object space 349696K, 99% used [0x00000000e0000000,0x00000000f557eaf0,0x00000000f5580000)
 Metaspace       used 60060K, committed 60864K, reserved 1105920K
  class space    used 5675K, committed 6016K, reserved 1048576K
}
Event: 1752.330 GC heap after
{Heap after GC invocations=1291 (full 1108):
 PSYoungGen      total 48640K, used 30207K [0x00000000f5580000, 0x00000000f9980000, 0x0000000100000000)
  eden space 30208K, 99% used [0x00000000f5580000,0x00000000f72ffd00,0x00000000f7300000)
  from space 18432K, 0% used [0x00000000f8600000,0x00000000f8600000,0x00000000f9800000)
  to   space 18944K, 0% used [0x00000000f7300000,0x00000000f7300000,0x00000000f8580000)
 ParOldGen       total 349696K, used 349690K [0x00000000e0000000, 0x00000000f5580000, 0x00000000f5580000)
  object space 349696K, 99% used [0x00000000e0000000,0x00000000f557eaf0,0x00000000f5580000)
 Metaspace       used 60060K, committed 60864K, reserved 1105920K
  class space    used 5675K, committed 6016K, reserved 1048576K
}
Event: 1752.331 GC heap before
{Heap before GC invocations=1292 (full 1109):
 PSYoungGen      total 48640K, used 30207K [0x00000000f5580000, 0x00000000f9980000, 0x0000000100000000)
  eden space 30208K, 99% used [0x00000000f5580000,0x00000000f72ffff8,0x00000000f7300000)
  from space 18432K, 0% used [0x00000000f8600000,0x00000000f8600000,0x00000000f9800000)
  to   space 18944K, 0% used [0x00000000f7300000,0x00000000f7300000,0x00000000f8580000)
 ParOldGen       total 349696K, used 349695K [0x00000000e0000000, 0x00000000f5580000, 0x00000000f5580000)
  object space 349696K, 99% used [0x00000000e0000000,0x00000000f557ff08,0x00000000f5580000)
 Metaspace       used 60060K, committed 60864K, reserved 1105920K
  class space    used 5675K, committed 6016K, reserved 1048576K
}
Event: 1754.071 GC heap after
{Heap after GC invocations=1292 (full 1109):
 PSYoungGen      total 49152K, used 30207K [0x00000000f5580000, 0x00000000f9980000, 0x0000000100000000)
  eden space 30208K, 99% used [0x00000000f5580000,0x00000000f72fff00,0x00000000f7300000)
  from space 18944K, 0% used [0x00000000f7300000,0x00000000f7300000,0x00000000f8580000)
  to   space 18432K, 0% used [0x00000000f8600000,0x00000000f8600000,0x00000000f9800000)
 ParOldGen       total 349696K, used 349694K [0x00000000e0000000, 0x00000000f5580000, 0x00000000f5580000)
  object space 349696K, 99% used [0x00000000e0000000,0x00000000f557fa28,0x00000000f5580000)
 Metaspace       used 60060K, committed 60864K, reserved 1105920K
  class space    used 5675K, committed 6016K, reserved 1048576K
}
Event: 1754.071 GC heap before
{Heap before GC invocations=1293 (full 1110):
 PSYoungGen      total 49152K, used 30207K [0x00000000f5580000, 0x00000000f9980000, 0x0000000100000000)
  eden space 30208K, 99% used [0x00000000f5580000,0x00000000f72fff00,0x00000000f7300000)
  from space 18944K, 0% used [0x00000000f7300000,0x00000000f7300000,0x00000000f8580000)
  to   space 18432K, 0% used [0x00000000f8600000,0x00000000f8600000,0x00000000f9800000)
 ParOldGen       total 349696K, used 349694K [0x00000000e0000000, 0x00000000f5580000, 0x00000000f5580000)
  object space 349696K, 99% used [0x00000000e0000000,0x00000000f557fa28,0x00000000f5580000)
 Metaspace       used 60060K, committed 60864K, reserved 1105920K
  class space    used 5675K, committed 6016K, reserved 1048576K
}
Event: 1755.812 GC heap after
{Heap after GC invocations=1293 (full 1110):
 PSYoungGen      total 48640K, used 30207K [0x00000000f5580000, 0x00000000f9980000, 0x0000000100000000)
  eden space 30208K, 99% used [0x00000000f5580000,0x00000000f72ffda8,0x00000000f7300000)
  from space 18432K, 0% used [0x00000000f8600000,0x00000000f8600000,0x00000000f9800000)
  to   space 18944K, 0% used [0x00000000f7300000,0x00000000f7300000,0x00000000f8580000)
 ParOldGen       total 349696K, used 349694K [0x00000000e0000000, 0x00000000f5580000, 0x00000000f5580000)
  object space 349696K, 99% used [0x00000000e0000000,0x00000000f557f990,0x00000000f5580000)
 Metaspace       used 60060K, committed 60864K, reserved 1105920K
  class space    used 5675K, committed 6016K, reserved 1048576K
}

Dll operation events (9 events):
Event: 0.002 Loaded shared library /nix/store/gpxl5qgg8kicmcvivwmybwjlpf7wh20l-graalvm17-ce-22.3.0/lib/libjava.so
Event: 0.013 Loaded shared library /nix/store/gpxl5qgg8kicmcvivwmybwjlpf7wh20l-graalvm17-ce-22.3.0/lib/libjsvml.so
Event: 0.419 Loaded shared library /nix/store/gpxl5qgg8kicmcvivwmybwjlpf7wh20l-graalvm17-ce-22.3.0/lib/libnio.so
Event: 0.488 Loaded shared library /nix/store/gpxl5qgg8kicmcvivwmybwjlpf7wh20l-graalvm17-ce-22.3.0/lib/libzip.so
Event: 0.493 Loaded shared library /nix/store/gpxl5qgg8kicmcvivwmybwjlpf7wh20l-graalvm17-ce-22.3.0/lib/libjvmcicompiler.so
Event: 1.113 Loaded shared library /nix/store/gpxl5qgg8kicmcvivwmybwjlpf7wh20l-graalvm17-ce-22.3.0/lib/libjimage.so
Event: 2.114 Loaded shared library /nix/store/gpxl5qgg8kicmcvivwmybwjlpf7wh20l-graalvm17-ce-22.3.0/lib/libnet.so
Event: 8.092 Loaded shared library /home/runner/.cache/jdt-language-server/config/org.eclipse.equinox.launcher/org.eclipse.equinox.launcher.gtk.linux.x86_64_1.2.400.v20211117-0650/eclipse_11600.so
Event: 24.389 Loaded shared library /nix/store/gpxl5qgg8kicmcvivwmybwjlpf7wh20l-graalvm17-ce-22.3.0/lib/libextnet.so

Deoptimization events (20 events):
Event: 1375.128 Thread 0x00007f30181ae8e0 Uncommon trap: trap_request=0xffffff8f fr.pc=0x00007f309f182f6e relative=0x000000000000098e
Event: 1375.128 Thread 0x00007f30181ae8e0 Uncommon trap: reason=constraint action=none pc=0x00007f309f182f6e method=java.util.HashMap.putVal(ILjava/lang/Object;Ljava/lang/Object;ZZ)Ljava/lang/Object; @ 29 jvmci
Event: 1376.672 Thread 0x00007f30181ae8e0 DEOPT PACKING pc=0x00007f309f182f6e sp=0x00007f305c3fda20
Event: 1376.672 Thread 0x00007f30181ae8e0 DEOPT UNPACKING pc=0x00007f3097505325 sp=0x00007f305c3fcec0 mode 3
Event: 1392.807 Thread 0x00007f30181f9ba0 DEOPT PACKING pc=0x00007f309f13a294 sp=0x00007f305c7fde20
Event: 1392.807 Thread 0x00007f30181f9ba0 DEOPT UNPACKING pc=0x00007f3097505325 sp=0x00007f305c7fd2c8 mode 1
Event: 1436.322 Thread 0x00007f30181fa260 DEOPT PACKING pc=0x00007f3098a35c40 sp=0x00007f305bffde50
Event: 1436.322 Thread 0x00007f30181fa260 DEOPT UNPACKING pc=0x00007f3097505325 sp=0x00007f305bffd380 mode 0
Event: 1436.322 Thread 0x00007f30181fa260 Uncommon trap: trap_request=0xffffffcd fr.pc=0x00007f309f1e853d relative=0x000000000000059d
Event: 1436.322 Thread 0x00007f30181fa260 Uncommon trap: reason=intrinsic_or_type_checked_inlining action=reinterpret pc=0x00007f309f1e853d method=org.eclipse.jdt.internal.compiler.parser.Parser.fetchNextToken()I @ 0 jvmci
Event: 1436.322 Thread 0x00007f30181fa260 DEOPT PACKING pc=0x00007f309f1e853d sp=0x00007f305bffde40
Event: 1436.322 Thread 0x00007f30181fa260 DEOPT UNPACKING pc=0x00007f3097505325 sp=0x00007f305bffd308 mode 3
Event: 1688.008 Thread 0x00007f30b00b2210 Uncommon trap: trap_request=0xffffffcd fr.pc=0x00007f309f103c42 relative=0x0000000000000c02
Event: 1688.008 Thread 0x00007f30b00b2210 Uncommon trap: reason=intrinsic_or_type_checked_inlining action=reinterpret pc=0x00007f309f103c42 method=java.io.DataOutputStream.write([BII)V @ 0 jvmci
Event: 1688.008 Thread 0x00007f30b00b2210 DEOPT PACKING pc=0x00007f309f103c42 sp=0x00007f3096517f90
Event: 1688.008 Thread 0x00007f30b00b2210 DEOPT UNPACKING pc=0x00007f3097505325 sp=0x00007f30965173d0 mode 3
Event: 1689.641 Thread 0x00007f30b00b2210 Uncommon trap: trap_request=0xffffffcd fr.pc=0x00007f309f181557 relative=0x0000000000000e77
Event: 1689.641 Thread 0x00007f30b00b2210 Uncommon trap: reason=intrinsic_or_type_checked_inlining action=reinterpret pc=0x00007f309f181557 method=java.io.DataOutputStream.write([BII)V @ 0 jvmci
Event: 1689.642 Thread 0x00007f30b00b2210 DEOPT PACKING pc=0x00007f309f181557 sp=0x00007f3096517f90
Event: 1689.642 Thread 0x00007f30b00b2210 DEOPT UNPACKING pc=0x00007f3097505325 sp=0x00007f30965173d0 mode 3

Classes unloaded (20 events):
Event: 158.221 Thread 0x00007f30b00a1c10 Unloading class 0x0000000800d05000 'java/lang/invoke/LambdaForm$MH+0x0000000800d05000'
Event: 158.221 Thread 0x00007f30b00a1c10 Unloading class 0x0000000800d04c00 'java/lang/invoke/LambdaForm$MH+0x0000000800d04c00'
Event: 158.221 Thread 0x00007f30b00a1c10 Unloading class 0x0000000800d04800 'java/lang/invoke/LambdaForm$MH+0x0000000800d04800'
Event: 166.019 Thread 0x00007f30b00a1c10 Unloading class 0x0000000800f09000 'jdk/internal/reflect/GeneratedConstructorAccessor14'
Event: 166.019 Thread 0x00007f30b00a1c10 Unloading class 0x0000000800f08800 'jdk/internal/reflect/GeneratedConstructorAccessor12'
Event: 166.019 Thread 0x00007f30b00a1c10 Unloading class 0x0000000800f08400 'jdk/internal/reflect/GeneratedConstructorAccessor11'
Event: 166.019 Thread 0x00007f30b00a1c10 Unloading class 0x0000000800f08000 'jdk/internal/reflect/GeneratedConstructorAccessor10'
Event: 170.711 Thread 0x00007f30b00a1c10 Unloading class 0x0000000801049400 'java/lang/invoke/LambdaForm$MH+0x0000000801049400'
Event: 170.711 Thread 0x00007f30b00a1c10 Unloading class 0x0000000801049000 'java/lang/invoke/LambdaForm$MH+0x0000000801049000'
Event: 170.711 Thread 0x00007f30b00a1c10 Unloading class 0x0000000801048c00 'java/lang/invoke/LambdaForm$MH+0x0000000801048c00'
Event: 170.711 Thread 0x00007f30b00a1c10 Unloading class 0x0000000801048800 'java/lang/invoke/LambdaForm$MH+0x0000000801048800'
Event: 170.711 Thread 0x00007f30b00a1c10 Unloading class 0x0000000801048400 'java/lang/invoke/LambdaForm$MH+0x0000000801048400'
Event: 170.711 Thread 0x00007f30b00a1c10 Unloading class 0x0000000801048000 'java/lang/invoke/LambdaForm$MH+0x0000000801048000'
Event: 170.711 Thread 0x00007f30b00a1c10 Unloading class 0x0000000800d98400 'java/lang/invoke/LambdaForm$MH+0x0000000800d98400'
Event: 170.711 Thread 0x00007f30b00a1c10 Unloading class 0x0000000800d04000 'java/lang/invoke/LambdaForm$MH+0x0000000800d04000'
Event: 187.410 Thread 0x00007f30b00a1c10 Unloading class 0x0000000801089400 'jdk/internal/reflect/GeneratedSerializationConstructorAccessor4'
Event: 187.410 Thread 0x00007f30b00a1c10 Unloading class 0x0000000801089000 'jdk/internal/reflect/GeneratedSerializationConstructorAccessor3'
Event: 187.410 Thread 0x00007f30b00a1c10 Unloading class 0x0000000801088c00 'jdk/internal/reflect/GeneratedSerializationConstructorAccessor2'
Event: 187.410 Thread 0x00007f30b00a1c10 Unloading class 0x0000000801088800 'jdk/internal/reflect/GeneratedSerializationConstructorAccessor1'
Event: 221.593 Thread 0x00007f30b00a1c10 Unloading class 0x00000008011c8400 'jdk/internal/reflect/GeneratedConstructorAccessor34'

Classes redefined (0 events):
No events

Internal exceptions (20 events):
Event: 75.211 Thread 0x00007f30181939e0 Exception <a 'java/lang/NoSuchMethodError'{0x00000000f57d0c88}: 'int java.lang.invoke.DirectMethodHandle$Holder.invokeSpecialIFC(java.lang.Object, java.lang.Object, java.lang.Object, java.lang.Object)'> (0x00000000f57d0c88) 
thrown [src/hotspot/share/interpreter/linkResolver.cpp, line 758]
Event: 76.014 Thread 0x00007f3028001240 Exception <a 'sun/nio/fs/UnixException'{0x00000000f55d3d70}> (0x00000000f55d3d70) 
thrown [src/hotspot/share/prims/jni.cpp, line 516]
Event: 76.015 Thread 0x00007f3028001240 Exception <a 'sun/nio/fs/UnixException'{0x00000000f55dd1b0}> (0x00000000f55dd1b0) 
thrown [src/hotspot/share/prims/jni.cpp, line 516]
Event: 76.016 Thread 0x00007f3028001240 Exception <a 'sun/nio/fs/UnixException'{0x00000000f55e43d8}> (0x00000000f55e43d8) 
thrown [src/hotspot/share/prims/jni.cpp, line 516]
Event: 76.491 Thread 0x00007f3028001240 Exception <a 'sun/nio/fs/UnixException'{0x00000000f59ab888}> (0x00000000f59ab888) 
thrown [src/hotspot/share/prims/jni.cpp, line 516]
Event: 76.690 Thread 0x00007f30340010d0 Exception <a 'java/lang/NoSuchMethodError'{0x00000000f5dced78}: 'java.lang.Object java.lang.invoke.DirectMethodHandle$Holder.invokeStatic(java.lang.Object, java.lang.Object, java.lang.Object, long)'> (0x00000000f5dced78) 
thrown [src/hotspot/share/interpreter/linkResolver.cpp, line 758]
Event: 76.694 Thread 0x00007f30340010d0 Exception <a 'java/lang/NoSuchMethodError'{0x00000000f5e5fad8}: 'java.lang.Object java.lang.invoke.DirectMethodHandle$Holder.newInvokeSpecial(java.lang.Object, java.lang.Object, java.lang.Object, long)'> (0x00000000f5e5fad8) 
thrown [src/hotspot/share/interpreter/linkResolver.cpp, line 758]
Event: 76.695 Thread 0x00007f30340010d0 Exception <a 'java/lang/NoSuchMethodError'{0x00000000f5e81838}: 'java.lang.Object java.lang.invoke.DirectMethodHandle$Holder.invokeSpecial(java.lang.Object, java.lang.Object, java.lang.Object, java.lang.Object, long)'> (0x00000000f5e81838) 
thrown [src/hotspot/share/interpreter/linkResolver.cpp, line 758]
Event: 76.695 Thread 0x00007f30340010d0 Exception <a 'java/lang/NoSuchMethodError'{0x00000000f5e873b0}: 'java.lang.Object java.lang.invoke.Invokers$Holder.linkToTargetMethod(java.lang.Object, java.lang.Object, long, java.lang.Object)'> (0x00000000f5e873b0) 
thrown [src/hotspot/share/interpreter/linkResolver.cpp, line 758]
Event: 81.699 Thread 0x00007f301c000ff0 Implicit null exception at 0x00007f309f0c843f to 0x00007f309f0c8583
Event: 81.707 Thread 0x00007f301c000ff0 Implicit null exception at 0x00007f309f1214bc to 0x00007f3097504f68
Event: 81.708 Thread 0x00007f301c000ff0 Implicit null exception at 0x00007f309f120af4 to 0x00007f3097504f68
Event: 1372.288 Thread 0x00007f30181ab530 Exception <a 'java/lang/OutOfMemoryError'{0x00000000e0014aa8}> (0x00000000e0014aa8) 
thrown [src/hotspot/share/gc/shared/memAllocator.cpp, line 138]
Event: 1375.126 Thread 0x00007f30181ab530 Implicit null exception at 0x00007f309f0d8825 to 0x00007f309f0d8bcc
Event: 1375.128 Thread 0x00007f30181ae8e0 Exception <a 'java/lang/OutOfMemoryError'{0x00000000e0014aa8}> (0x00000000e0014aa8) 
thrown [src/hotspot/share/gc/shared/memAllocator.cpp, line 138]
Event: 1375.128 Thread 0x00007f30181ae8e0 Implicit null exception at 0x00007f309f182c9b to 0x00007f309f182f53
Event: 1385.504 Thread 0x00007f30181ad980 Exception <a 'java/lang/OutOfMemoryError'{0x00000000e0014288}> (0x00000000e0014288) 
thrown [src/hotspot/share/gc/shared/memAllocator.cpp, line 136]
Event: 1392.807 Thread 0x00007f30181f9ba0 Exception <a 'java/lang/OutOfMemoryError'{0x00000000e0014288}> (0x00000000e0014288) 
thrown [src/hotspot/share/gc/shared/memAllocator.cpp, line 136]
Event: 1420.846 Thread 0x00007f30181ab530 Exception <a 'java/lang/OutOfMemoryError'{0x00000000e0014288}> (0x00000000e0014288) 
thrown [src/hotspot/share/gc/shared/memAllocator.cpp, line 136]
Event: 1755.812 Thread 0x00007f30b00b2210 Exception <a 'java/lang/OutOfMemoryError'{0x00000000e0014288}> (0x00000000e0014288) 
thrown [src/hotspot/share/gc/shared/memAllocator.cpp, line 136]

VM Operations (20 events):
Event: 1738.823 Executing VM operation: ParallelGCFailedAllocation
Event: 1740.235 Executing VM operation: ParallelGCFailedAllocation done
Event: 1740.235 Executing VM operation: ParallelGCFailedAllocation
Event: 1741.700 Executing VM operation: ParallelGCFailedAllocation done
Event: 1741.700 Executing VM operation: ParallelGCFailedAllocation
Event: 1743.163 Executing VM operation: ParallelGCFailedAllocation done
Event: 1743.165 Executing VM operation: ParallelGCFailedAllocation
Event: 1744.811 Executing VM operation: ParallelGCFailedAllocation done
Event: 1744.811 Executing VM operation: ParallelGCFailedAllocation
Event: 1746.409 Executing VM operation: ParallelGCFailedAllocation done
Event: 1746.411 Executing VM operation: ParallelGCFailedAllocation
Event: 1747.904 Executing VM operation: ParallelGCFailedAllocation done
Event: 1747.904 Executing VM operation: ParallelGCFailedAllocation
Event: 1749.298 Executing VM operation: ParallelGCFailedAllocation done
Event: 1749.299 Executing VM operation: ParallelGCFailedAllocation
Event: 1750.730 Executing VM operation: ParallelGCFailedAllocation done
Event: 1750.730 Executing VM operation: ParallelGCFailedAllocation
Event: 1752.331 Executing VM operation: ParallelGCFailedAllocation done
Event: 1752.331 Executing VM operation: ParallelGCFailedAllocation
Event: 1755.812 Executing VM operation: ParallelGCFailedAllocation done

Events (20 events):
Event: 1451.515 loading class jdk/internal/logger/SimpleConsoleLogger$Formatting
Event: 1451.516 loading class jdk/internal/logger/SimpleConsoleLogger$Formatting done
Event: 1451.516 loading class java/util/logging/ErrorManager
Event: 1451.516 loading class java/util/logging/ErrorManager done
Event: 1500.811 Thread 0x00007f301822e6f0 Thread added: 0x00007f301822e6f0
Event: 1500.811 Protecting memory [0x00007f305c100000,0x00007f305c104000] with protection modes 0
Event: 1576.324 Thread 0x00007f301822ec70 Thread added: 0x00007f301822ec70
Event: 1576.324 Protecting memory [0x00007f305da00000,0x00007f305da04000] with protection modes 0
Event: 1635.757 loading class java/util/logging/Handler$1
Event: 1635.757 loading class java/util/logging/Handler$1 done
Event: 1635.757 loading class java/util/logging/StreamHandler$1
Event: 1635.757 loading class java/util/logging/StreamHandler$1 done
Event: 1639.042 loading class java/util/logging/LogManager$CloseOnReset
Event: 1639.042 loading class java/util/logging/LogManager$CloseOnReset done
Event: 1707.426 loading class java/time/ZonedDateTime
Event: 1707.426 loading class java/time/chrono/ChronoZonedDateTime
Event: 1707.427 loading class java/time/chrono/ChronoZonedDateTime done
Event: 1707.427 loading class java/time/ZonedDateTime done
Event: 1709.397 loading class java/util/logging/LogRecord$CallerFinder
Event: 1709.398 loading class java/util/logging/LogRecord$CallerFinder done


Dynamic libraries:
e0000000-f5580000 rw-p 00000000 00:00 0 
f5580000-f9980000 rw-p 00000000 00:00 0 
f9980000-100000000 ---p 00000000 00:00 0 
800000000-800449000 rw-p 00001000 00:1831 4611686019135357769            /nix/store/gpxl5qgg8kicmcvivwmybwjlpf7wh20l-graalvm17-ce-22.3.0/lib/server/classes.jsa
800449000-800bc8000 r--p 0044a000 00:1831 4611686019135357769            /nix/store/gpxl5qgg8kicmcvivwmybwjlpf7wh20l-graalvm17-ce-22.3.0/lib/server/classes.jsa
800bc8000-800c00000 ---p 00000000 00:00 0 
800c00000-800c20000 rw-p 00000000 00:00 0 
800c20000-800c40000 rw-p 00000000 00:00 0 
800c40000-800cc0000 rw-p 00000000 00:00 0 
800cc0000-800d00000 rw-p 00000000 00:00 0 
800d00000-800dc0000 rw-p 00000000 00:00 0 
800dc0000-800e00000 rw-p 00000000 00:00 0 
800e00000-800f40000 rw-p 00000000 00:00 0 
800f40000-800fc0000 rw-p 00000000 00:00 0 
800fc0000-801000000 rw-p 00000000 00:00 0 
801000000-8011e0000 rw-p 00000000 00:00 0 
8011e0000-840c00000 ---p 00000000 00:00 0 
5643de6cc000-5643de6cd000 r-xp 00000000 00:1831 4611686019099417844      /nix/store/gpxl5qgg8kicmcvivwmybwjlpf7wh20l-graalvm17-ce-22.3.0/bin/.java-wrapped
5643de6ce000-5643de6cf000 r--p 00001000 00:1831 4611686019099417844      /nix/store/gpxl5qgg8kicmcvivwmybwjlpf7wh20l-graalvm17-ce-22.3.0/bin/.java-wrapped
5643de6cf000-5643de6d0000 rw-p 00002000 00:1831 4611686019099417844      /nix/store/gpxl5qgg8kicmcvivwmybwjlpf7wh20l-graalvm17-ce-22.3.0/bin/.java-wrapped
5643de6d0000-5643de6d1000 rw-p 00004000 00:1831 4611686019099417844      /nix/store/gpxl5qgg8kicmcvivwmybwjlpf7wh20l-graalvm17-ce-22.3.0/bin/.java-wrapped
5643de6d1000-5643de6d2000 rw-p 00005000 00:1831 4611686019099417844      /nix/store/gpxl5qgg8kicmcvivwmybwjlpf7wh20l-graalvm17-ce-22.3.0/bin/.java-wrapped
5643de955000-5643de99d000 rw-p 00000000 00:00 0                          [heap]
7f2fe0000000-7f2fe0024000 rw-p 00000000 00:00 0 
7f2fe0024000-7f2fe4000000 ---p 00000000 00:00 0 
7f2fe4000000-7f2fe404f000 rw-p 00000000 00:00 0 
7f2fe404f000-7f2fe8000000 ---p 00000000 00:00 0 
7f2fe8000000-7f2fe8040000 rw-p 00000000 00:00 0 
7f2fe8040000-7f2fec000000 ---p 00000000 00:00 0 
7f2fec000000-7f2fec052000 rw-p 00000000 00:00 0 
7f2fec052000-7f2ff0000000 ---p 00000000 00:00 0 
7f2ff0000000-7f2ff0021000 rw-p 00000000 00:00 0 
7f2ff0021000-7f2ff4000000 ---p 00000000 00:00 0 
7f2ff4000000-7f2ff411e000 rw-p 00000000 00:00 0 
7f2ff411e000-7f2ff8000000 ---p 00000000 00:00 0 
7f2ff8000000-7f2ff8052000 rw-p 00000000 00:00 0 
7f2ff8052000-7f2ffc000000 ---p 00000000 00:00 0 
7f2ffe4b3000-7f3008000000 r--s 00000000 00:1831 4611686019135192581      /nix/store/gpxl5qgg8kicmcvivwmybwjlpf7wh20l-graalvm17-ce-22.3.0/lib/modules
7f3008000000-7f3008021000 rw-p 00000000 00:00 0 
7f3008021000-7f300c000000 ---p 00000000 00:00 0 
7f300c000000-7f300c03c000 rw-p 00000000 00:00 0 
7f300c03c000-7f3010000000 ---p 00000000 00:00 0 
7f3010000000-7f3010021000 rw-p 00000000 00:00 0 
7f3010021000-7f3014000000 ---p 00000000 00:00 0 
7f3014000000-7f3014021000 rw-p 00000000 00:00 0 
7f3014021000-7f3018000000 ---p 00000000 00:00 0 
7f3018000000-7f3018241000 rw-p 00000000 00:00 0 
7f3018241000-7f301c000000 ---p 00000000 00:00 0 
7f301c000000-7f301c0cb000 rw-p 00000000 00:00 0 
7f301c0cb000-7f3020000000 ---p 00000000 00:00 0 
7f3020000000-7f3020021000 rw-p 00000000 00:00 0 
7f3020021000-7f3024000000 ---p 00000000 00:00 0 
7f3024000000-7f3024021000 rw-p 00000000 00:00 0 
7f3024021000-7f3028000000 ---p 00000000 00:00 0 
7f3028000000-7f30282e8000 rw-p 00000000 00:00 0 
7f30282e8000-7f302c000000 ---p 00000000 00:00 0 
7f302c000000-7f302c069000 rw-p 00000000 00:00 0 
7f302c069000-7f3030000000 ---p 00000000 00:00 0 
7f3030000000-7f3030021000 rw-p 00000000 00:00 0 
7f3030021000-7f3034000000 ---p 00000000 00:00 0 
7f3034000000-7f3034091000 rw-p 00000000 00:00 0 
7f3034091000-7f3038000000 ---p 00000000 00:00 0 
7f3038000000-7f3038166000 rw-p 00000000 00:00 0 
7f3038166000-7f303c000000 ---p 00000000 00:00 0 
7f303c000000-7f303c021000 rw-p 00000000 00:00 0 
7f303c021000-7f3040000000 ---p 00000000 00:00 0 
7f3040a00000-7f3040b00000 ---p 00000000 00:00 0 
7f3040b00000-7f30410af000 r--p 01122000 00:1831 4611686019135190040      /nix/store/gpxl5qgg8kicmcvivwmybwjlpf7wh20l-graalvm17-ce-22.3.0/lib/libjvmcicompiler.so
7f30410af000-7f3041200000 r--p 00000000 00:00 0 
7f3041200000-7f304123d000 rw-p 00000000 00:00 0 
7f304123d000-7f304175d000 rw-p 0185f000 00:1831 4611686019135190040      /nix/store/gpxl5qgg8kicmcvivwmybwjlpf7wh20l-graalvm17-ce-22.3.0/lib/libjvmcicompiler.so
7f304175d000-7f3041b44000 r--p 01d7f000 00:1831 4611686019135190040      /nix/store/gpxl5qgg8kicmcvivwmybwjlpf7wh20l-graalvm17-ce-22.3.0/lib/libjvmcicompiler.so
7f3041c00000-7f3042190000 rw-p 00000000 00:00 0 
7f3042190000-7f3042400000 ---p 00000000 00:00 0 
7f3042400000-7f3042c00000 rw-p 00000000 00:00 0 
7f3042c00000-7f3043100000 rw-p 00000000 00:00 0 
7f3043100000-7f3043200000 rw-p 00000000 00:00 0 
7f3043200000-7f3043320000 rw-p 00000000 00:00 0 
7f3043320000-7f3043400000 rw-p 00000000 00:00 0 
7f3044000000-7f30448c1000 rw-p 00000000 00:00 0 
7f30448c1000-7f3048000000 ---p 00000000 00:00 0 
7f3048000000-7f3048022000 rw-p 00000000 00:00 0 
7f3048022000-7f304c000000 ---p 00000000 00:00 0 
7f304c000000-7f304c021000 rw-p 00000000 00:00 0 
7f304c021000-7f3050000000 ---p 00000000 00:00 0 
7f3050000000-7f3050021000 rw-p 00000000 00:00 0 
7f3050021000-7f3054000000 ---p 00000000 00:00 0 
7f3054000000-7f3054038000 rw-p 00000000 00:00 0 
7f3054038000-7f3058000000 ---p 00000000 00:00 0 
7f3058400000-7f3058500000 rw-p 00000000 00:00 0 
7f3058500000-7f30585a0000 rw-p 00000000 00:00 0 
7f30585a0000-7f30585c0000 rw-p 00000000 00:00 0 
7f30585c0000-7f3058700000 rw-p 00000000 00:00 0 
7f3058700000-7f3058800000 rw-p 00000000 00:00 0 
7f3058800000-7f3058900000 rw-p 00000000 00:00 0 
7f3058900000-7f3058a00000 rw-p 00000000 00:00 0 
7f3058a00000-7f3058b00000 rw-p 00000000 00:00 0 
7f3058b00000-7f3058c00000 rw-p 00000000 00:00 0 
7f3058c00000-7f3058d00000 rw-p 00000000 00:00 0 
7f3058d00000-7f3058e00000 rw-p 00000000 00:00 0 
7f3058e00000-7f3059400000 rw-p 00000000 00:00 0 
7f3059400000-7f3059500000 rw-p 00000000 00:00 0 
7f3059500000-7f3059600000 rw-p 00000000 00:00 0 
7f3059600000-7f3059900000 rw-p 00000000 00:00 0 
7f3059900000-7f3059a00000 rw-p 00000000 00:00 0 
7f3059a00000-7f3059c00000 rw-p 00000000 00:00 0 
7f305ae00000-7f305ae10000 r-xp 00000000 00:182b 356                      /home/runner/.cache/jdt-language-server/config/org.eclipse.equinox.launcher/org.eclipse.equinox.launcher.gtk.linux.x86_64_1.2.400.v20211117-0650/eclipse_11600.so
7f305ae10000-7f305b00f000 ---p 00010000 00:182b 356                      /home/runner/.cache/jdt-language-server/config/org.eclipse.equinox.launcher/org.eclipse.equinox.launcher.gtk.linux.x86_64_1.2.400.v20211117-0650/eclipse_11600.so
7f305b00f000-7f305b010000 r--p 0000f000 00:182b 356                      /home/runner/.cache/jdt-language-server/config/org.eclipse.equinox.launcher/org.eclipse.equinox.launcher.gtk.linux.x86_64_1.2.400.v20211117-0650/eclipse_11600.so
7f305b010000-7f305b011000 rw-p 00010000 00:182b 356                      /home/runner/.cache/jdt-language-server/config/org.eclipse.equinox.launcher/org.eclipse.equinox.launcher.gtk.linux.x86_64_1.2.400.v20211117-0650/eclipse_11600.so
7f305bf00000-7f305bf04000 ---p 00000000 00:00 0 
7f305bf04000-7f305c000000 rw-p 00000000 00:00 0 
7f305c100000-7f305c104000 ---p 00000000 00:00 0 
7f305c104000-7f305c200000 rw-p 00000000 00:00 0 
7f305c300000-7f305c304000 ---p 00000000 00:00 0 
7f305c304000-7f305c400000 rw-p 00000000 00:00 0 
7f305c500000-7f305c504000 ---p 00000000 00:00 0 
7f305c504000-7f305c600000 rw-p 00000000 00:00 0 
7f305c700000-7f305c704000 ---p 00000000 00:00 0 
7f305c704000-7f305c800000 rw-p 00000000 00:00 0 
7f305ca00000-7f305ca04000 ---p 00000000 00:00 0 
7f305ca04000-7f305cb00000 rw-p 00000000 00:00 0 
7f305cb00000-7f305cb04000 ---p 00000000 00:00 0 
7f305cb04000-7f305cc00000 rw-p 00000000 00:00 0 
7f305cd00000-7f305cd04000 ---p 00000000 00:00 0 
7f305cd04000-7f305ce00000 rw-p 00000000 00:00 0 
7f305cf00000-7f305cf04000 ---p 00000000 00:00 0 
7f305cf04000-7f305d000000 rw-p 00000000 00:00 0 
7f305d100000-7f305d104000 ---p 00000000 00:00 0 
7f305d104000-7f305d200000 rw-p 00000000 00:00 0 
7f305d200000-7f305d204000 ---p 00000000 00:00 0 
7f305d204000-7f305d300000 rw-p 00000000 00:00 0 
7f305d300000-7f305d304000 ---p 00000000 00:00 0 
7f305d304000-7f305d400000 rw-p 00000000 00:00 0 
7f305d500000-7f305d504000 ---p 00000000 00:00 0 
7f305d504000-7f305d600000 rw-p 00000000 00:00 0 
7f305d700000-7f305d704000 ---p 00000000 00:00 0 
7f305d704000-7f305d800000 rw-p 00000000 00:00 0 
7f305d800000-7f305d804000 ---p 00000000 00:00 0 
7f305d804000-7f305d900000 rw-p 00000000 00:00 0 
7f305d900000-7f305d904000 ---p 00000000 00:00 0 
7f305d904000-7f305da00000 rw-p 00000000 00:00 0 
7f305da00000-7f305da04000 ---p 00000000 00:00 0 
7f305da04000-7f305db00000 rw-p 00000000 00:00 0 
7f305db00000-7f305db04000 ---p 00000000 00:00 0 
7f305db04000-7f305dc00000 rw-p 00000000 00:00 0 
7f305dc00000-7f305fd6a000 r-xp 00000000 00:1831 4611686019135190040      /nix/store/gpxl5qgg8kicmcvivwmybwjlpf7wh20l-graalvm17-ce-22.3.0/lib/libjvmcicompiler.so
7f305fd6a000-7f305ff69000 ---p 0216a000 00:1831 4611686019135190040      /nix/store/gpxl5qgg8kicmcvivwmybwjlpf7wh20l-graalvm17-ce-22.3.0/lib/libjvmcicompiler.so
7f305ff69000-7f305ff6a000 r--p 02169000 00:1831 4611686019135190040      /nix/store/gpxl5qgg8kicmcvivwmybwjlpf7wh20l-graalvm17-ce-22.3.0/lib/libjvmcicompiler.so
7f305ff6a000-7f305ff6c000 rw-p 0216a000 00:1831 4611686019135190040      /nix/store/gpxl5qgg8kicmcvivwmybwjlpf7wh20l-graalvm17-ce-22.3.0/lib/libjvmcicompiler.so
7f305ff6c000-7f305ff6d000 rw-p 00000000 00:00 0 
7f305ff6d000-7f305ff72000 rw-p 023c3000 00:1831 4611686019135190040      /nix/store/gpxl5qgg8kicmcvivwmybwjlpf7wh20l-graalvm17-ce-22.3.0/lib/libjvmcicompiler.so
7f3060000000-7f3060021000 rw-p 00000000 00:00 0 
7f3060021000-7f3064000000 ---p 00000000 00:00 0 
7f3064000000-7f3064021000 rw-p 00000000 00:00 0 
7f3064021000-7f3068000000 ---p 00000000 00:00 0 
7f3068000000-7f3068079000 rw-p 00000000 00:00 0 
7f3068079000-7f306c000000 ---p 00000000 00:00 0 
7f306c000000-7f306c021000 rw-p 00000000 00:00 0 
7f306c021000-7f3070000000 ---p 00000000 00:00 0 
7f3070000000-7f30700e2000 rw-p 00000000 00:00 0 
7f30700e2000-7f3074000000 ---p 00000000 00:00 0 
7f3074000000-7f3074c25000 rw-p 00000000 00:00 0 
7f3074c25000-7f3078000000 ---p 00000000 00:00 0 
7f3078000000-7f3078021000 rw-p 00000000 00:00 0 
7f3078021000-7f307c000000 ---p 00000000 00:00 0 
7f307c000000-7f307c021000 rw-p 00000000 00:00 0 
7f307c021000-7f3080000000 ---p 00000000 00:00 0 
7f3080000000-7f3080021000 rw-p 00000000 00:00 0 
7f3080021000-7f3084000000 ---p 00000000 00:00 0 
7f3084000000-7f3084021000 rw-p 00000000 00:00 0 
7f3084021000-7f3088000000 ---p 00000000 00:00 0 
7f3088000000-7f3088021000 rw-p 00000000 00:00 0 
7f3088021000-7f308c000000 ---p 00000000 00:00 0 
7f308c000000-7f308c021000 rw-p 00000000 00:00 0 
7f308c021000-7f3090000000 ---p 00000000 00:00 0 
7f3090000000-7f30901e9000 rw-p 00000000 00:00 0 
7f30901e9000-7f3094000000 ---p 00000000 00:00 0 
7f3094000000-7f3094004000 ---p 00000000 00:00 0 
7f3094004000-7f3094100000 rw-p 00000000 00:00 0 
7f3094200000-7f3094204000 ---p 00000000 00:00 0 
7f3094204000-7f3094300000 rw-p 00000000 00:00 0 
7f3094300000-7f3094304000 ---p 00000000 00:00 0 
7f3094304000-7f3094400000 rw-p 00000000 00:00 0 
7f3094400000-7f3094404000 ---p 00000000 00:00 0 
7f3094404000-7f3094500000 rw-p 00000000 00:00 0 
7f3094600000-7f3094604000 ---p 00000000 00:00 0 
7f3094604000-7f3094700000 rw-p 00000000 00:00 0 
7f3094800000-7f3094804000 ---p 00000000 00:00 0 
7f3094804000-7f3094900000 rw-p 00000000 00:00 0 
7f3094900000-7f3094904000 ---p 00000000 00:00 0 
7f3094904000-7f3094a00000 rw-p 00000000 00:00 0 
7f3094a00000-7f3094a04000 ---p 00000000 00:00 0 
7f3094a04000-7f3094b00000 rw-p 00000000 00:00 0 
7f3095868000-7f3095d00000 rw-p 00000000 00:00 0 
7f3095d18000-7f3095d19000 ---p 00000000 00:00 0 
7f3095d19000-7f3095e1a000 rw-p 00000000 00:00 0 
7f3095e1a000-7f3095e1e000 ---p 00000000 00:00 0 
7f3095e1e000-7f3095f1a000 rw-p 00000000 00:00 0 
7f3095f1a000-7f3095f1e000 ---p 00000000 00:00 0 
7f3095f1e000-7f309601a000 rw-p 00000000 00:00 0 
7f309601a000-7f309601e000 ---p 00000000 00:00 0 
7f309601e000-7f309611a000 rw-p 00000000 00:00 0 
7f309611a000-7f309611e000 ---p 00000000 00:00 0 
7f309611e000-7f309631a000 rw-p 00000000 00:00 0 
7f309631a000-7f309631e000 ---p 00000000 00:00 0 
7f309631e000-7f309651a000 rw-p 00000000 00:00 0 
7f309651a000-7f309651e000 ---p 00000000 00:00 0 
7f309651e000-7f309661a000 rw-p 00000000 00:00 0 
7f309661a000-7f309661e000 ---p 00000000 00:00 0 
7f309661e000-7f309671a000 rw-p 00000000 00:00 0 
7f309671a000-7f309671e000 ---p 00000000 00:00 0 
7f309671e000-7f309681a000 rw-p 00000000 00:00 0 
7f309681a000-7f3096b00000 r--p 00000000 00:18f9 28444448                 /usr/lib/locale/locale-archive
7f3096b00000-7f3096b04000 ---p 00000000 00:00 0 
7f3096b04000-7f3097000000 rw-p 00000000 00:00 0 
7f3097000000-7f3097300000 rw-p 00000000 00:00 0 
7f3097300000-7f3097400000 rw-p 00000000 00:00 0 
7f30974b3000-7f3097723000 rwxp 00000000 00:00 0 
7f3097723000-7f3097a42000 ---p 00000000 00:00 0 
7f3097a42000-7f3098f92000 rwxp 00000000 00:00 0 
7f3098f92000-7f309ef7a000 ---p 00000000 00:00 0 
7f309ef7a000-7f309f23a000 rwxp 00000000 00:00 0 
7f309f23a000-7f30a64b3000 ---p 00000000 00:00 0 
7f30a64b3000-7f30b0000000 r--s 00000000 00:1831 4611686019135192581      /nix/store/gpxl5qgg8kicmcvivwmybwjlpf7wh20l-graalvm17-ce-22.3.0/lib/modules
7f30b0000000-7f30b061e000 rw-p 00000000 00:00 0 
7f30b061e000-7f30b4000000 ---p 00000000 00:00 0 
7f30b4042000-7f30b4044000 r-xp 00000000 00:1831 4611686019135190017      /nix/store/gpxl5qgg8kicmcvivwmybwjlpf7wh20l-graalvm17-ce-22.3.0/lib/libextnet.so
7f30b4044000-7f30b4045000 r--p 00001000 00:1831 4611686019135190017      /nix/store/gpxl5qgg8kicmcvivwmybwjlpf7wh20l-graalvm17-ce-22.3.0/lib/libextnet.so
7f30b4045000-7f30b4046000 rw-p 00002000 00:1831 4611686019135190017      /nix/store/gpxl5qgg8kicmcvivwmybwjlpf7wh20l-graalvm17-ce-22.3.0/lib/libextnet.so
7f30b4046000-7f30b4047000 rw-p 00004000 00:1831 4611686019135190017      /nix/store/gpxl5qgg8kicmcvivwmybwjlpf7wh20l-graalvm17-ce-22.3.0/lib/libextnet.so
7f30b4047000-7f30b404b000 ---p 00000000 00:00 0 
7f30b404b000-7f30b4069000 rw-p 00000000 00:00 0 
7f30b4069000-7f30b4070000 r-xp 00000000 00:1831 4611686019135192580      /nix/store/gpxl5qgg8kicmcvivwmybwjlpf7wh20l-graalvm17-ce-22.3.0/lib/libzip.so
7f30b4070000-7f30b4071000 ---p 00007000 00:1831 4611686019135192580      /nix/store/gpxl5qgg8kicmcvivwmybwjlpf7wh20l-graalvm17-ce-22.3.0/lib/libzip.so
7f30b4071000-7f30b4072000 r--p 00007000 00:1831 4611686019135192580      /nix/store/gpxl5qgg8kicmcvivwmybwjlpf7wh20l-graalvm17-ce-22.3.0/lib/libzip.so
7f30b4072000-7f30b4073000 rw-p 00008000 00:1831 4611686019135192580      /nix/store/gpxl5qgg8kicmcvivwmybwjlpf7wh20l-graalvm17-ce-22.3.0/lib/libzip.so
7f30b4073000-7f30b4075000 rw-p 0000b000 00:1831 4611686019135192580      /nix/store/gpxl5qgg8kicmcvivwmybwjlpf7wh20l-graalvm17-ce-22.3.0/lib/libzip.so
7f30b4075000-7f30b408a000 r-xp 00000000 00:1831 4611686019135192570      /nix/store/gpxl5qgg8kicmcvivwmybwjlpf7wh20l-graalvm17-ce-22.3.0/lib/libnet.so
7f30b408a000-7f30b408b000 ---p 00015000 00:1831 4611686019135192570      /nix/store/gpxl5qgg8kicmcvivwmybwjlpf7wh20l-graalvm17-ce-22.3.0/lib/libnet.so
7f30b408b000-7f30b408c000 r--p 00015000 00:1831 4611686019135192570      /nix/store/gpxl5qgg8kicmcvivwmybwjlpf7wh20l-graalvm17-ce-22.3.0/lib/libnet.so
7f30b408c000-7f30b408d000 rw-p 00016000 00:1831 4611686019135192570      /nix/store/gpxl5qgg8kicmcvivwmybwjlpf7wh20l-graalvm17-ce-22.3.0/lib/libnet.so
7f30b408d000-7f30b4090000 rw-p 0001b000 00:1831 4611686019135192570      /nix/store/gpxl5qgg8kicmcvivwmybwjlpf7wh20l-graalvm17-ce-22.3.0/lib/libnet.so
7f30b4090000-7f30b40a3000 r-xp 00000000 00:1831 4611686019135192571      /nix/store/gpxl5qgg8kicmcvivwmybwjlpf7wh20l-graalvm17-ce-22.3.0/lib/libnio.so
7f30b40a3000-7f30b40a4000 r--p 00012000 00:1831 4611686019135192571      /nix/store/gpxl5qgg8kicmcvivwmybwjlpf7wh20l-graalvm17-ce-22.3.0/lib/libnio.so
7f30b40a4000-7f30b40a5000 rw-p 00013000 00:1831 4611686019135192571      /nix/store/gpxl5qgg8kicmcvivwmybwjlpf7wh20l-graalvm17-ce-22.3.0/lib/libnio.so
7f30b40a5000-7f30b40aa000 rw-p 00019000 00:1831 4611686019135192571      /nix/store/gpxl5qgg8kicmcvivwmybwjlpf7wh20l-graalvm17-ce-22.3.0/lib/libnio.so
7f30b40aa000-7f30b40ae000 ---p 00000000 00:00 0 
7f30b40ae000-7f30b41aa000 rw-p 00000000 00:00 0 
7f30b41aa000-7f30b41ab000 ---p 00000000 00:00 0 
7f30b41ab000-7f30b42ac000 rw-p 00000000 00:00 0 
7f30b42ac000-7f30b437a000 r-xp 00000000 00:1831 4611686019135190036      /nix/store/gpxl5qgg8kicmcvivwmybwjlpf7wh20l-graalvm17-ce-22.3.0/lib/libjsvml.so
7f30b437a000-7f30b437b000 r--p 000cd000 00:1831 4611686019135190036      /nix/store/gpxl5qgg8kicmcvivwmybwjlpf7wh20l-graalvm17-ce-22.3.0/lib/libjsvml.so
7f30b437b000-7f30b437c000 rw-p 000ce000 00:1831 4611686019135190036      /nix/store/gpxl5qgg8kicmcvivwmybwjlpf7wh20l-graalvm17-ce-22.3.0/lib/libjsvml.so
7f30b437c000-7f30b5c54000 rw-p 00000000 00:00 0 
7f30b5c54000-7f30b5c55000 ---p 00000000 00:00 0 
7f30b5c55000-7f30b5e00000 rw-p 00000000 00:00 0 
7f30b5e00000-7f30b5e23000 rw-p 00000000 00:00 0 
7f30b5e23000-7f30b5e56000 ---p 00000000 00:00 0 
7f30b5e56000-7f30b5e5d000 rw-p 00000000 00:00 0 
7f30b5e5d000-7f30b5f42000 ---p 00000000 00:00 0 
7f30b5f42000-7f30b5f6d000 rw-p 00000000 00:00 0 
7f30b5f6d000-7f30b602d000 ---p 00000000 00:00 0 
7f30b602d000-7f30b6032000 rw-p 00000000 00:00 0 
7f30b6032000-7f30b6039000 ---p 00000000 00:00 0 
7f30b6039000-7f30b605d000 r-xp 00000000 00:1831 4611686019135190028      /nix/store/gpxl5qgg8kicmcvivwmybwjlpf7wh20l-graalvm17-ce-22.3.0/lib/libjava.so
7f30b605d000-7f30b605e000 ---p 00024000 00:1831 4611686019135190028      /nix/store/gpxl5qgg8kicmcvivwmybwjlpf7wh20l-graalvm17-ce-22.3.0/lib/libjava.so
7f30b605e000-7f30b605f000 r--p 00024000 00:1831 4611686019135190028      /nix/store/gpxl5qgg8kicmcvivwmybwjlpf7wh20l-graalvm17-ce-22.3.0/lib/libjava.so
7f30b605f000-7f30b6060000 rw-p 00025000 00:1831 4611686019135190028      /nix/store/gpxl5qgg8kicmcvivwmybwjlpf7wh20l-graalvm17-ce-22.3.0/lib/libjava.so
7f30b6060000-7f30b6061000 rw-p 00000000 00:00 0 
7f30b6061000-7f30b6068000 rw-p 0002f000 00:1831 4611686019135190028      /nix/store/gpxl5qgg8kicmcvivwmybwjlpf7wh20l-graalvm17-ce-22.3.0/lib/libjava.so
7f30b6068000-7f30b6070000 rw-s 00000000 00:1825 353                      /tmp/hsperfdata_runner/18
7f30b6070000-7f30b6071000 ---p 00000000 00:00 0 
7f30b6071000-7f30b6072000 r--p 00000000 00:00 0 
7f30b6072000-7f30b6073000 rwxp 00000000 00:00 0 
7f30b6073000-7f30b608e000 r-xp 00000000 00:1831 4611686019135190032      /nix/store/gpxl5qgg8kicmcvivwmybwjlpf7wh20l-graalvm17-ce-22.3.0/lib/libjimage.so
7f30b608e000-7f30b608f000 ---p 0001b000 00:1831 4611686019135190032      /nix/store/gpxl5qgg8kicmcvivwmybwjlpf7wh20l-graalvm17-ce-22.3.0/lib/libjimage.so
7f30b608f000-7f30b6091000 r--p 0001b000 00:1831 4611686019135190032      /nix/store/gpxl5qgg8kicmcvivwmybwjlpf7wh20l-graalvm17-ce-22.3.0/lib/libjimage.so
7f30b6091000-7f30b6092000 rw-p 0001d000 00:1831 4611686019135190032      /nix/store/gpxl5qgg8kicmcvivwmybwjlpf7wh20l-graalvm17-ce-22.3.0/lib/libjimage.so
7f30b6092000-7f30b6093000 rw-p 00024000 00:1831 4611686019135190032      /nix/store/gpxl5qgg8kicmcvivwmybwjlpf7wh20l-graalvm17-ce-22.3.0/lib/libjimage.so
7f30b6093000-7f30b6097000 ---p 00000000 00:00 0 
7f30b6097000-7f30b6193000 rw-p 00000000 00:00 0 
7f30b6193000-7f30b61a1000 r--p 00000000 00:1831 4611686019027979927      /nix/store/4nlgxhb09sdr51nc9hdm8az5b08vzkgx-glibc-2.35-163/lib/libm.so.6
7f30b61a1000-7f30b6214000 r-xp 0000e000 00:1831 4611686019027979927      /nix/store/4nlgxhb09sdr51nc9hdm8az5b08vzkgx-glibc-2.35-163/lib/libm.so.6
7f30b6214000-7f30b6271000 r--p 00081000 00:1831 4611686019027979927      /nix/store/4nlgxhb09sdr51nc9hdm8az5b08vzkgx-glibc-2.35-163/lib/libm.so.6
7f30b6271000-7f30b6272000 r--p 000dd000 00:1831 4611686019027979927      /nix/store/4nlgxhb09sdr51nc9hdm8az5b08vzkgx-glibc-2.35-163/lib/libm.so.6
7f30b6272000-7f30b6273000 rw-p 000de000 00:1831 4611686019027979927      /nix/store/4nlgxhb09sdr51nc9hdm8az5b08vzkgx-glibc-2.35-163/lib/libm.so.6
7f30b6273000-7f30b6274000 r--p 00000000 00:1831 4611686019027979946      /nix/store/4nlgxhb09sdr51nc9hdm8az5b08vzkgx-glibc-2.35-163/lib/librt.so.1
7f30b6274000-7f30b6275000 r-xp 00001000 00:1831 4611686019027979946      /nix/store/4nlgxhb09sdr51nc9hdm8az5b08vzkgx-glibc-2.35-163/lib/librt.so.1
7f30b6275000-7f30b6276000 r--p 00002000 00:1831 4611686019027979946      /nix/store/4nlgxhb09sdr51nc9hdm8az5b08vzkgx-glibc-2.35-163/lib/librt.so.1
7f30b6276000-7f30b6277000 r--p 00002000 00:1831 4611686019027979946      /nix/store/4nlgxhb09sdr51nc9hdm8az5b08vzkgx-glibc-2.35-163/lib/librt.so.1
7f30b6277000-7f30b6278000 rw-p 00003000 00:1831 4611686019027979946      /nix/store/4nlgxhb09sdr51nc9hdm8az5b08vzkgx-glibc-2.35-163/lib/librt.so.1
7f30b6278000-7f30b738b000 r-xp 00000000 00:1831 4611686019135360866      /nix/store/gpxl5qgg8kicmcvivwmybwjlpf7wh20l-graalvm17-ce-22.3.0/lib/server/libjvm.so
7f30b738b000-7f30b738c000 ---p 01113000 00:1831 4611686019135360866      /nix/store/gpxl5qgg8kicmcvivwmybwjlpf7wh20l-graalvm17-ce-22.3.0/lib/server/libjvm.so
7f30b738c000-7f30b7441000 r--p 01113000 00:1831 4611686019135360866      /nix/store/gpxl5qgg8kicmcvivwmybwjlpf7wh20l-graalvm17-ce-22.3.0/lib/server/libjvm.so
7f30b7441000-7f30b7475000 rw-p 011c8000 00:1831 4611686019135360866      /nix/store/gpxl5qgg8kicmcvivwmybwjlpf7wh20l-graalvm17-ce-22.3.0/lib/server/libjvm.so
7f30b7475000-7f30b74d1000 rw-p 00000000 00:00 0 
7f30b74d1000-7f30b74f9000 r--p 00000000 00:1831 4611686019027979918      /nix/store/4nlgxhb09sdr51nc9hdm8az5b08vzkgx-glibc-2.35-163/lib/libc.so.6
7f30b74f9000-7f30b766f000 r-xp 00028000 00:1831 4611686019027979918      /nix/store/4nlgxhb09sdr51nc9hdm8az5b08vzkgx-glibc-2.35-163/lib/libc.so.6
7f30b766f000-7f30b76c7000 r--p 0019e000 00:1831 4611686019027979918      /nix/store/4nlgxhb09sdr51nc9hdm8az5b08vzkgx-glibc-2.35-163/lib/libc.so.6
7f30b76c7000-7f30b76cb000 r--p 001f6000 00:1831 4611686019027979918      /nix/store/4nlgxhb09sdr51nc9hdm8az5b08vzkgx-glibc-2.35-163/lib/libc.so.6
7f30b76cb000-7f30b76cd000 rw-p 001fa000 00:1831 4611686019027979918      /nix/store/4nlgxhb09sdr51nc9hdm8az5b08vzkgx-glibc-2.35-163/lib/libc.so.6
7f30b76cd000-7f30b76dc000 rw-p 00000000 00:00 0 
7f30b76dc000-7f30b76dd000 r--p 00000000 00:1831 4611686019027979923      /nix/store/4nlgxhb09sdr51nc9hdm8az5b08vzkgx-glibc-2.35-163/lib/libdl.so.2
7f30b76dd000-7f30b76de000 r-xp 00001000 00:1831 4611686019027979923      /nix/store/4nlgxhb09sdr51nc9hdm8az5b08vzkgx-glibc-2.35-163/lib/libdl.so.2
7f30b76de000-7f30b76df000 r--p 00002000 00:1831 4611686019027979923      /nix/store/4nlgxhb09sdr51nc9hdm8az5b08vzkgx-glibc-2.35-163/lib/libdl.so.2
7f30b76df000-7f30b76e0000 r--p 00002000 00:1831 4611686019027979923      /nix/store/4nlgxhb09sdr51nc9hdm8az5b08vzkgx-glibc-2.35-163/lib/libdl.so.2
7f30b76e0000-7f30b76e1000 rw-p 00003000 00:1831 4611686019027979923      /nix/store/4nlgxhb09sdr51nc9hdm8az5b08vzkgx-glibc-2.35-163/lib/libdl.so.2
7f30b76e1000-7f30b76e2000 r--p 00000000 00:1831 4611686019027979942      /nix/store/4nlgxhb09sdr51nc9hdm8az5b08vzkgx-glibc-2.35-163/lib/libpthread.so.0
7f30b76e2000-7f30b76e3000 r-xp 00001000 00:1831 4611686019027979942      /nix/store/4nlgxhb09sdr51nc9hdm8az5b08vzkgx-glibc-2.35-163/lib/libpthread.so.0
7f30b76e3000-7f30b76e4000 r--p 00002000 00:1831 4611686019027979942      /nix/store/4nlgxhb09sdr51nc9hdm8az5b08vzkgx-glibc-2.35-163/lib/libpthread.so.0
7f30b76e4000-7f30b76e5000 r--p 00002000 00:1831 4611686019027979942      /nix/store/4nlgxhb09sdr51nc9hdm8az5b08vzkgx-glibc-2.35-163/lib/libpthread.so.0
7f30b76e5000-7f30b76e6000 rw-p 00003000 00:1831 4611686019027979942      /nix/store/4nlgxhb09sdr51nc9hdm8az5b08vzkgx-glibc-2.35-163/lib/libpthread.so.0
7f30b76e6000-7f30b76f4000 r-xp 00000000 00:1831 4611686019135190033      /nix/store/gpxl5qgg8kicmcvivwmybwjlpf7wh20l-graalvm17-ce-22.3.0/lib/libjli.so
7f30b76f4000-7f30b76f5000 ---p 0000e000 00:1831 4611686019135190033      /nix/store/gpxl5qgg8kicmcvivwmybwjlpf7wh20l-graalvm17-ce-22.3.0/lib/libjli.so
7f30b76f5000-7f30b76f6000 r--p 0000e000 00:1831 4611686019135190033      /nix/store/gpxl5qgg8kicmcvivwmybwjlpf7wh20l-graalvm17-ce-22.3.0/lib/libjli.so
7f30b76f6000-7f30b76f7000 rw-p 0000f000 00:1831 4611686019135190033      /nix/store/gpxl5qgg8kicmcvivwmybwjlpf7wh20l-graalvm17-ce-22.3.0/lib/libjli.so
7f30b76f7000-7f30b76f8000 rw-p 00012000 00:1831 4611686019135190033      /nix/store/gpxl5qgg8kicmcvivwmybwjlpf7wh20l-graalvm17-ce-22.3.0/lib/libjli.so
7f30b76f8000-7f30b76fb000 r--p 00000000 00:1831 4611686019106210071      /nix/store/026hln0aq1hyshaxsdvhg0kmcm6yf45r-zlib-1.2.13/lib/libz.so.1.2.13
7f30b76fb000-7f30b770d000 r-xp 00003000 00:1831 4611686019106210071      /nix/store/026hln0aq1hyshaxsdvhg0kmcm6yf45r-zlib-1.2.13/lib/libz.so.1.2.13
7f30b770d000-7f30b7714000 r--p 00015000 00:1831 4611686019106210071      /nix/store/026hln0aq1hyshaxsdvhg0kmcm6yf45r-zlib-1.2.13/lib/libz.so.1.2.13
7f30b7714000-7f30b7715000 r--p 0001b000 00:1831 4611686019106210071      /nix/store/026hln0aq1hyshaxsdvhg0kmcm6yf45r-zlib-1.2.13/lib/libz.so.1.2.13
7f30b7715000-7f30b7716000 rw-p 0001c000 00:1831 4611686019106210071      /nix/store/026hln0aq1hyshaxsdvhg0kmcm6yf45r-zlib-1.2.13/lib/libz.so.1.2.13
7f30b7716000-7f30b7718000 rw-p 00000000 00:00 0 
7f30b7718000-7f30b771a000 r--p 00000000 00:1831 4611686019027979912      /nix/store/4nlgxhb09sdr51nc9hdm8az5b08vzkgx-glibc-2.35-163/lib/ld-linux-x86-64.so.2
7f30b771a000-7f30b7741000 r-xp 00002000 00:1831 4611686019027979912      /nix/store/4nlgxhb09sdr51nc9hdm8az5b08vzkgx-glibc-2.35-163/lib/ld-linux-x86-64.so.2
7f30b7741000-7f30b774d000 r--p 00029000 00:1831 4611686019027979912      /nix/store/4nlgxhb09sdr51nc9hdm8az5b08vzkgx-glibc-2.35-163/lib/ld-linux-x86-64.so.2
7f30b774d000-7f30b774f000 r--p 00034000 00:1831 4611686019027979912      /nix/store/4nlgxhb09sdr51nc9hdm8az5b08vzkgx-glibc-2.35-163/lib/ld-linux-x86-64.so.2
7f30b774f000-7f30b7751000 rw-p 00036000 00:1831 4611686019027979912      /nix/store/4nlgxhb09sdr51nc9hdm8az5b08vzkgx-glibc-2.35-163/lib/ld-linux-x86-64.so.2
7fff56f07000-7fff56f2c000 rw-p 00000000 00:00 0                          [stack]
7fff56fd2000-7fff56fd6000 r--p 00000000 00:00 0                          [vvar]
7fff56fd6000-7fff56fd8000 r-xp 00000000 00:00 0                          [vdso]
ffffffffff600000-ffffffffff601000 --xp 00000000 00:00 0                  [vsyscall]


VM Arguments:
jvm_args: -XX:ThreadPriorityPolicy=1 -XX:+UnlockExperimentalVMOptions -XX:+EnableJVMCIProduct -XX:JVMCIThreadsPerNativeLibraryRuntime=1 -XX:-UnlockExperimentalVMOptions -Declipse.application=org.eclipse.jdt.ls.core.id1 -Dosgi.bundles.defaultStartLevel=4 -Declipse.product=org.eclipse.jdt.ls.core.product -Dlog.level=ALL -Xverify:none -XX:+UseParallelGC -XX:GCTimeRatio=4 -XX:AdaptiveSizePolicyWeight=90 -Dsun.zip.disableMemoryMapping=true -Xmx512m -Xms100m 
java_command: /nix/store/m6gcpi1ii6rghy04cjwjddcavv7i90df-jdt-language-server-1.9.0/share/java/plugins/org.eclipse.equinox.launcher_1.6.400.v20210924-0641.jar --add-modules=ALL-SYSTEM --add-opens java.base/java.util=ALL-UNNAMED --add-opens java.base/java.lang=ALL-UNNAMED -configuration /home/runner/.cache/jdt-language-server/config -data /home/runner/.cache/jdt-language-server/data/home/runner/ETL-Framework
java_class_path (initial): /nix/store/m6gcpi1ii6rghy04cjwjddcavv7i90df-jdt-language-server-1.9.0/share/java/plugins/org.eclipse.equinox.launcher_1.6.400.v20210924-0641.jar
Launcher Type: SUN_STANDARD

[Global flags]
    uintx AdaptiveSizePolicyWeight                 = 90                                        {product} {command line}
     intx CICompilerCount                          = 2                                         {product} {ergonomic}
     bool EnableJVMCIProduct                       = true                                {JVMCI product} {jimage}
    uintx GCTimeRatio                              = 4                                         {product} {command line}
   size_t InitialHeapSize                          = 104857600                                 {product} {command line}
     uint JVMCIThreadsPerNativeLibraryRuntime      = 1                                   {JVMCI product} {jimage}
   size_t MaxHeapSize                              = 536870912                                 {product} {command line}
   size_t MaxNewSize                               = 178782208                                 {product} {ergonomic}
   size_t MinHeapDeltaBytes                        = 524288                                    {product} {ergonomic}
   size_t MinHeapSize                              = 104857600                                 {product} {command line}
   size_t NewSize                                  = 34603008                                  {product} {ergonomic}
    uintx NonNMethodCodeHeapSize                   = 5826188                                {pd product} {ergonomic}
    uintx NonProfiledCodeHeapSize                  = 122916026                              {pd product} {ergonomic}
   size_t OldSize                                  = 70254592                                  {product} {ergonomic}
    uintx ProfiledCodeHeapSize                     = 122916026                              {pd product} {ergonomic}
    uintx ReservedCodeCacheSize                    = 251658240                              {pd product} {ergonomic}
     bool SegmentedCodeCache                       = true                                      {product} {ergonomic}
   size_t SoftMaxHeapSize                          = 536870912                              {manageable} {ergonomic}
     intx ThreadPriorityPolicy                     = 1                                         {product} {jimage}
     bool UseCompressedClassPointers               = true                           {product lp64_product} {ergonomic}
     bool UseCompressedOops                        = true                           {product lp64_product} {ergonomic}
     bool UseParallelGC                            = true                                      {product} {command line}

Logging:
Log output configuration:
 #0: stdout all=warning uptime,level,tags
 #1: stderr all=off uptime,level,tags

Environment Variables:
JAVA_HOME=/nix/store/gpxl5qgg8kicmcvivwmybwjlpf7wh20l-graalvm17-ce-22.3.0
PATH=/nix/store/1d6ian3r8kdzspw8hacjhl3xkp40g1lj-binutils-wrapper-2.39/bin:/nix/store/dq0xwmsk1g0i2ayg6pb7y87na2knzylh-gcc-wrapper-11.3.0/bin:/nix/store/bap4d0lpcrhpwmpb8ayjcgkmvfj62lnq-bash-interactive-5.1-p16/bin:/nix/store/pr5n59mb4jzmfx6kanwxly0l07p861fg-patchelf-0.15.0/bin:/nix/store/1gf2flfqnpqbr1b4p4qz2f72y42bs56r-gcc-11.3.0/bin:/nix/store/57xv61c5zi8pphjbcwxxjlgc34p61ic9-glibc-2.35-163-bin/bin:/nix/store/a7gvj343m05j2s32xcnwr35v31ynlypr-coreutils-9.1/bin:/nix/store/039g378vc3pc3dvi9dzdlrd0i4q93qwf-binutils-2.39/bin:/nix/store/gpxl5qgg8kicmcvivwmybwjlpf7wh20l-graalvm17-ce-22.3.0/bin:/nix/store/6z9ag3ihc8mq2hzsw48lhbznvzny65nz-apache-maven-3.8.6/bin:/nix/store/m6gcpi1ii6rghy04cjwjddcavv7i90df-jdt-language-server-1.9.0/bin:/nix/store/84xs5alhs01zrbr4ywm05kxbjbp5590l-java-debug/bin:/nix/store/mydc6f4k2z73xlcz7ilif3v2lcaiqvza-findutils-4.9.0/bin:/nix/store/j9p3g8472iijd50vhdprx0nmk2fqn5gv-diffutils-3.8/bin:/nix/store/89zs7rms6x00xfq4dq6m7mjnhkr8a6r4-gnused-4.8/bin:/nix/store/86bp03jkmsl6f92w0yzg4s59g5mhxwmy-gnugrep-3.7/bin:/nix/store/hwcdqw4jrjnd37wxqgsd47hd0j8bnj09-gawk-5.1.1/bin:/nix/store/cfbhw8r8ags41vwqaz47r583d0p4h4a1-gnutar-1.34/bin:/nix/store/p3m1ndl1lapwrlh698bnb5lvvxh67378-gzip-1.12/bin:/nix/store/a8mhcagrsly7c7mpjrpsnaahk4aax056-bzip2-1.0.8-bin/bin:/nix/store/mblgz65m3zv9x548a3d5m96fj2pbwr09-gnumake-4.3/bin:/nix/store/dsd5gz46hdbdk2rfdimqddhq6m8m8fqs-bash-5.1-p16/bin:/nix/store/v7ljksji50mg3w61dykaa3n3y79n6nil-patch-2.7.6/bin:/nix/store/zlcnmqq14jz5x9439jf937mvayyl63da-xz-5.2.7-bin/bin:/nix/store/y6aj732zm9m87c82fpvf103a1xb22blp-file-5.43/bin:/nix/store/i4kzir3m7mrisxmf5xvlnkw01x4qaqr4-prybar-elisp-0.0.0-e0d9a52/bin:/nix/store/lwwivxf6h7x3cvxp9zv8sj0mv7dak99r-prybar-lua-0.0.0-e0d9a52/bin:/nix/store/gxj28g1cg4hq3qanmjv07156h800qr58-prybar-python3-0.0.0-e0d9a52/bin:/nix/store/hshkjnxrgidigf8x75vg6lqng2xlx9i3-prybar-sqlite-0.0.0-e0d9a52/bin:/nix/store/c4w01bpjgyy5ixmwdk8m1pw87zq4sl26-prybar-tcl-0.0.0-e0d9a52/bin:/nix/store/hpbvrlwd5viqmvcaisb3x0118i913a9n-st
LD_LIBRARY_PATH=/nix/store/a4pff549sk2idnkpzk5nsfps3mdkdnvm-cups-2.4.2-lib/lib:/nix/store/72mqxxhh3cy5yifh92wh2yb8cl2hikyy-cairo-1.16.0/lib:/nix/store/2k366jrbsra97gjfxwvrhvixjfxdach5-glib-2.74.1/lib:/nix/store/2j2znigd8ak37rlwh9khz0ry3clqlw1l-gtk+3-3.24.34/lib:/nix/store/hisqvx32cd57apbpcsnkpx6k3549wql1-libglvnd-1.4.0/lib:/nix/store/p36pgcv991mq5srvg765b78yqpxvk3qs-mesa-21.3.3-drivers/lib:/nix/store/mav4251if1ahjq5vkpwycyyvnmy459c4-pulseaudio-14.2/lib
DISPLAY=:0
LANG=en_US.UTF-8

Signal Handlers:
   SIGSEGV: crash_handler in libjvm.so, mask=11100100010111111101111111111110, flags=SA_RESTART|SA_SIGINFO
    SIGBUS: crash_handler in libjvm.so, mask=11100100010111111101111111111110, flags=SA_RESTART|SA_SIGINFO
    SIGFPE: crash_handler in libjvm.so, mask=11100100010111111101111111111110, flags=SA_RESTART|SA_SIGINFO
   SIGPIPE: IsolateEnterStub_IgnoreSIGPIPEStartupHook_noopSignalHandler_8f19bff2f35b5f630d83b364d6b2339320d4ec70_216e8361c6bc87a8f89f58cc10d3b2fd4415bf87 in libjvmcicompiler.so, mask=00000000000000000000000000000000, flags=SA_RESTART
  *** Handler was modified!
  *** Expected: javaSignalHandler in libjvm.so, mask=11100100110111111111111111111110, flags=SA_RESTART|SA_SIGINFO
   SIGXFSZ: javaSignalHandler in libjvm.so, mask=11100100010111111101111111111110, flags=SA_RESTART|SA_SIGINFO
    SIGILL: crash_handler in libjvm.so, mask=11100100010111111101111111111110, flags=SA_RESTART|SA_SIGINFO
   SIGUSR2: SR_handler in libjvm.so, mask=00000000000000000000000000000000, flags=SA_RESTART|SA_SIGINFO
    SIGHUP: UserHandler in libjvm.so, mask=11100100010111111101111111111110, flags=SA_RESTART|SA_SIGINFO
    SIGINT: UserHandler in libjvm.so, mask=11100100010111111101111111111110, flags=SA_RESTART|SA_SIGINFO
   SIGTERM: UserHandler in libjvm.so, mask=11100100010111111101111111111110, flags=SA_RESTART|SA_SIGINFO
   SIGQUIT: UserHandler in libjvm.so, mask=11100100010111111101111111111110, flags=SA_RESTART|SA_SIGINFO
  *** Handler was modified!
  *** Expected: javaSignalHandler in libjvm.so, mask=11100100110111111111111111111110, flags=SA_RESTART|SA_SIGINFO
   SIGTRAP: crash_handler in libjvm.so, mask=11100100010111111101111111111110, flags=SA_RESTART|SA_SIGINFO


---------------  S Y S T E M  ---------------

OS:
DISTRIB_ID=Ubuntu
DISTRIB_RELEASE=20.04
DISTRIB_CODENAME=focal
DISTRIB_DESCRIPTION="Ubuntu 20.04.2 LTS"
uname: Linux 5.19.0-1022-gcp #24~22.04.1-Ubuntu SMP Sun Apr 23 09:51:08 UTC 2023 x86_64
OS uptime: 0 days 4:18 hours
libc: glibc 2.35 NPTL 2.35 
rlimit (soft/hard): STACK 8192k/infinity , CORE infinity/infinity , NPROC infinity/infinity , NOFILE 5242/5242 , AS infinity/infinity , CPU infinity/infinity , DATA infinity/infinity , FSIZE infinity/infinity , MEMLOCK 8192k/8192k
load average: 18.36 14.45 13.46

/proc/meminfo:
MemTotal:       65852256 kB
MemFree:        21481852 kB
MemAvailable:   44082468 kB
Buffers:         1976688 kB
Cached:         19450856 kB
SwapCached:            0 kB
Active:          9479616 kB
Inactive:       31145740 kB
Active(anon):      16984 kB
Inactive(anon): 18850000 kB
Active(file):    9462632 kB
Inactive(file): 12295740 kB
Unevictable:       55688 kB
Mlocked:           55688 kB
SwapTotal:             0 kB
SwapFree:              0 kB
Zswap:                 0 kB
Zswapped:              0 kB
Dirty:              2676 kB
Writeback:             0 kB
AnonPages:      18440824 kB
Mapped:          2070652 kB
Shmem:             43952 kB
KReclaimable:    1568844 kB
Slab:            2624880 kB
SReclaimable:    1568844 kB
SUnreclaim:      1056036 kB
KernelStack:      440988 kB
PageTables:       213084 kB
NFS_Unstable:          0 kB
Bounce:                0 kB
WritebackTmp:          0 kB
CommitLimit:    32926128 kB
Committed_AS:   68677916 kB
VmallocTotal:   34359738367 kB
VmallocUsed:      480456 kB
VmallocChunk:          0 kB
Percpu:            52064 kB
HardwareCorrupted:     0 kB
AnonHugePages:   1748992 kB
ShmemHugePages:        0 kB
ShmemPmdMapped:        0 kB
FileHugePages:         0 kB
FilePmdMapped:         0 kB
HugePages_Total:       0
HugePages_Free:        0
HugePages_Rsvd:        0
HugePages_Surp:        0
Hugepagesize:       2048 kB
Hugetlb:               0 kB
DirectMap4k:     4068152 kB
DirectMap2M:    42065920 kB
DirectMap1G:    23068672 kB

/sys/kernel/mm/transparent_hugepage/enabled: always [madvise] never
/sys/kernel/mm/transparent_hugepage/defrag (defrag/compaction efforts parameter): always defer defer+madvise [madvise] never

Process Memory:
Virtual Size: 4989020K (peak: 5026624K)
Resident Set Size: 767416K (peak: 810816K) (anon: 573240K, file: 194176K, shmem: 0K)
Swapped out: 0K
C-Heap outstanding allocations: 42326K, retained: 12277K
glibc malloc tunables: (default)

/proc/sys/kernel/threads-max (system-wide limit on the number of threads): 514406
/proc/sys/vm/max_map_count (maximum number of memory map areas a process may have): 65530
/proc/sys/kernel/pid_max (system-wide limit on number of process identifiers): 4194304

container (cgroup) information:
container_type: cgroupv1
cpu_cpuset_cpus: 2-7
cpu_memory_nodes: 0
active_processor_count: 1
cpu_quota: 50000
cpu_period: 100000
cpu_shares: 512
memory_limit_in_bytes: 1048576 k
memory_and_swap_limit_in_bytes: 1048576 k
memory_soft_limit_in_bytes: 524288 k
memory_usage_in_bytes: 625536 k
memory_max_usage_in_bytes: 690600 k
maximum number of tasks: 1000
current number of tasks: 54

KVM virtualization detected
Steal ticks since vm start: 0
Steal ticks percentage since vm start:  0.000

CPU: total 8 (initial active 1) (8 cores per cpu, 2 threads per core) family 23 model 49 stepping 0 microcode 0xffffffff, cx8, cmov, fxsr, ht, mmx, 3dnowpref, sse, sse2, sse3, ssse3, sse4a, sse4.1, sse4.2, popcnt, lzcnt, tsc, tscinvbit, avx, avx2, aes, clmul, bmi1, bmi2, adx, sha, fma, vzeroupper, clflush, clflushopt, hv
CPU Model and flags from /proc/cpuinfo:
model name	: AMD EPYC 7B12
flags		: fpu vme de pse tsc msr pae mce cx8 apic sep mtrr pge mca cmov pat pse36 clflush mmx fxsr sse sse2 ht syscall nx mmxext fxsr_opt pdpe1gb rdtscp lm constant_tsc rep_good nopl nonstop_tsc cpuid extd_apicid tsc_known_freq pni pclmulqdq ssse3 fma cx16 sse4_1 sse4_2 movbe popcnt aes xsave avx f16c rdrand hypervisor lahf_lm cmp_legacy cr8_legacy abm sse4a misalignsse 3dnowprefetch osvw topoext ssbd ibrs ibpb stibp vmmcall fsgsbase tsc_adjust bmi1 avx2 smep bmi2 rdseed adx smap clflushopt clwb sha_ni xsaveopt xsavec xgetbv1 clzero xsaveerptr arat npt nrip_save umip rdpid

Online cpus: 0-7
Offline cpus: 
BIOS frequency limitation: <Not Available>
Frequency switch latency (ns): <Not Available>
Available cpu frequencies: <Not Available>
Current governor: <Not Available>
Core performance/turbo boost: <Not Available>

Memory: 4k page, physical 1048576k(423032k free), swap 0k(0k free)
Page Sizes: 4k

vm_info: OpenJDK 64-Bit Server VM (17.0.5+8-jvmci-22.3-b08) for linux-amd64 JRE (17.0.5+8-jvmci-22.3-b08), built on Oct 19 2022 09:01:27 by "buildslave" with gcc 10.3.0

END.
